Executing workflow `uninstall` on deployment `aws` [timeout=900 seconds]
2019-08-08 15:08:21.963  CFY <aws> Starting 'uninstall' workflow execution
2019-08-08 15:08:25.525  CFY <aws> [ipdb_bm95ue] Stopping node instance
2019-08-08 15:08:25.713  CFY <aws> [config-database_bfmyfa] Stopping node instance
2019-08-08 15:08:26.318  CFY <aws> [config-wordpress1_oupypl] Stopping node instance
2019-08-08 15:08:26.458  CFY <aws> [config-wordpress2_lyi8gg] Stopping node instance
2019-08-08 15:08:26.566  CFY <aws> [route_public_subnet_internet_gateway_3cf7ts] Stopping node instance
2019-08-08 15:08:27.201  CFY <aws> [security_group_rules_3icb3q] Stopping node instance
2019-08-08 15:08:27.451  CFY <aws> [ip1_mwwzru] Stopping node instance
2019-08-08 15:08:28.076  CFY <aws> [ip2_tmgpin] Stopping node instance
2019-08-08 15:08:28.481  CFY <aws> [config-wordpress2_lyi8gg] Validating node instance after deletion: nothing to do
2019-08-08 15:08:28.550  CFY <aws> [ipdb_bm95ue] Validating node instance after deletion: nothing to do
2019-08-08 15:08:28.606  CFY <aws> [security_group_rules_3icb3q] Validating node instance after deletion: nothing to do
2019-08-08 15:08:28.679  CFY <aws> [route_public_subnet_internet_gateway_3cf7ts] Validating node instance after deletion: nothing to do
2019-08-08 15:08:28.828  CFY <aws> [ip1_mwwzru] Validating node instance after deletion: nothing to do
2019-08-08 15:08:28.857  CFY <aws> [ipdb_bm95ue.stop] Sending task 'cloudify_aws.ec2.resources.elasticip.detach'
2019-08-08 15:08:28.953  CFY <aws> [ip2_tmgpin] Validating node instance after deletion: nothing to do
2019-08-08 15:08:29.028  CFY <aws> [config-wordpress1_oupypl] Validating node instance after deletion: nothing to do
2019-08-08 15:08:29.080  CFY <aws> [config-database_bfmyfa] Validating node instance after deletion: nothing to do
2019-08-08 15:08:29.666  CFY <aws> [config-wordpress2_lyi8gg] Stopped node instance: nothing to do
2019-08-08 15:08:29.769  CFY <aws> [config-database_bfmyfa] Stopped node instance: nothing to do
2019-08-08 15:08:29.909  CFY <aws> [route_public_subnet_internet_gateway_3cf7ts] Stopped node instance: nothing to do
2019-08-08 15:08:29.951  CFY <aws> [security_group_rules_3icb3q.stop] Sending task 'cloudify_aws.ec2.resources.securitygroup.revoke_ingress_rules'
2019-08-08 15:08:30.880  CFY <aws> [config-wordpress1_oupypl] Stopped node instance: nothing to do
2019-08-08 15:08:30.985  CFY <aws> [ip2_tmgpin.stop] Sending task 'cloudify_aws.ec2.resources.elasticip.detach'
2019-08-08 15:08:32.095  CFY <aws> [ip1_mwwzru.stop] Sending task 'cloudify_aws.ec2.resources.elasticip.detach'
2019-08-08 15:08:36.474  CFY <aws> [config-database_bfmyfa] Unlinking relationships
2019-08-08 15:08:36.871  CFY <aws> [config-wordpress1_oupypl] Unlinking relationships
2019-08-08 15:08:37.181  CFY <aws> [config-wordpress2_lyi8gg] Unlinking relationships
2019-08-08 15:08:37.221  CFY <aws> [ipdb_bm95ue.stop] Task succeeded 'cloudify_aws.ec2.resources.elasticip.detach'
2019-08-08 15:08:37.270  CFY <aws> [config-database_bfmyfa->vm-database_8upmn0|unlink] Sending task 'cloudify_ansible.tasks.ansible_remove_host'
2019-08-08 15:08:37.579  CFY <aws> [route_public_subnet_internet_gateway_3cf7ts] Unlinking relationships
2019-08-08 15:08:39.772  CFY <aws> [ipdb_bm95ue] Stopped node instance
2019-08-08 15:08:40.011  CFY <aws> [config-wordpress2_lyi8gg->vm-app2_zro1s0|unlink] Sending task 'cloudify_ansible.tasks.ansible_remove_host'
2019-08-08 15:08:40.785  CFY <aws> [security_group_rules_3icb3q.stop] Task succeeded 'cloudify_aws.ec2.resources.securitygroup.revoke_ingress_rules'
2019-08-08 15:08:41.675  CFY <aws> [config-wordpress1_oupypl->vm-app1_10lh6d|unlink] Sending task 'cloudify_ansible.tasks.ansible_remove_host'
2019-08-08 15:08:43.100  CFY <aws> [route_public_subnet_internet_gateway_3cf7ts] Relationships unlinked
2019-08-08 15:08:43.520  CFY <aws> [security_group_rules_3icb3q] Stopped node instance
2019-08-08 15:08:43.845  CFY <aws> [ip2_tmgpin.stop] Task succeeded 'cloudify_aws.ec2.resources.elasticip.detach'
2019-08-08 15:08:45.994  CFY <aws> [route_public_subnet_internet_gateway_3cf7ts] Deleting node instance
2019-08-08 15:08:46.702  CFY <aws> [ip1_mwwzru.stop] Task succeeded 'cloudify_aws.ec2.resources.elasticip.detach'
2019-08-08 15:08:47.252  CFY <aws> [ip2_tmgpin] Stopped node instance
2019-08-08 15:08:47.472  CFY <aws> [route_public_subnet_internet_gateway_3cf7ts.delete] Sending task 'cloudify_aws.ec2.resources.route.delete'
2019-08-08 15:08:47.954  CFY <aws> [config-database_bfmyfa->vm-database_8upmn0|unlink] Task succeeded 'cloudify_ansible.tasks.ansible_remove_host'
2019-08-08 15:08:48.409  CFY <aws> [ipdb_bm95ue] Unlinking relationships
2019-08-08 15:08:48.630  CFY <aws> [ip1_mwwzru] Stopped node instance
2019-08-08 15:08:49.590  CFY <aws> [config-wordpress2_lyi8gg->vm-app2_zro1s0|unlink] Task succeeded 'cloudify_ansible.tasks.ansible_remove_host'
2019-08-08 15:08:50.104  CFY <aws> [config-database_bfmyfa] Relationships unlinked
2019-08-08 15:08:50.608  CFY <aws> [security_group_rules_3icb3q] Unlinking relationships
2019-08-08 15:08:50.897  CFY <aws> [ipdb_bm95ue] Relationships unlinked
2019-08-08 15:08:51.602  CFY <aws> [config-wordpress2_lyi8gg] Relationships unlinked
2019-08-08 15:08:51.648  CFY <aws> [config-wordpress1_oupypl->vm-app1_10lh6d|unlink] Task succeeded 'cloudify_ansible.tasks.ansible_remove_host'
2019-08-08 15:08:51.883  CFY <aws> [ip2_tmgpin] Unlinking relationships
2019-08-08 15:08:52.148  CFY <aws> [config-database_bfmyfa] Deleting node instance: nothing to do
2019-08-08 15:08:52.282  CFY <aws> [ipdb_bm95ue] Deleting node instance
2019-08-08 15:08:53.035  CFY <aws> [security_group_rules_3icb3q] Relationships unlinked
2019-08-08 15:08:53.190  CFY <aws> [ip1_mwwzru] Unlinking relationships
2019-08-08 15:08:53.391  CFY <aws> [config-wordpress1_oupypl] Relationships unlinked
2019-08-08 15:08:53.454  CFY <aws> [ipdb_bm95ue.delete] Sending task 'cloudify_aws.ec2.resources.elasticip.delete'
2019-08-08 15:08:54.121  CFY <aws> [config-wordpress2_lyi8gg] Deleting node instance: nothing to do
2019-08-08 15:08:54.421  CFY <aws> [config-database_bfmyfa] Deleted node instance
2019-08-08 15:08:55.419  CFY <aws> [ip2_tmgpin] Relationships unlinked
2019-08-08 15:08:55.572  CFY <aws> [config-wordpress1_oupypl] Deleting node instance: nothing to do
2019-08-08 15:08:55.792  CFY <aws> [config-wordpress2_lyi8gg] Deleted node instance
2019-08-08 15:08:56.788  CFY <aws> [security_group_rules_3icb3q] Deleting node instance: nothing to do
2019-08-08 15:08:57.128  CFY <aws> [ip1_mwwzru] Relationships unlinked
2019-08-08 15:08:57.937  CFY <aws> [vm-database_8upmn0] Stopping node instance
2019-08-08 15:08:58.760  CFY <aws> [ip2_tmgpin] Deleting node instance
2019-08-08 15:08:59.035  CFY <aws> [config-wordpress1_oupypl] Deleted node instance
2019-08-08 15:08:59.528  CFY <aws> [ip2_tmgpin.delete] Sending task 'cloudify_aws.ec2.resources.elasticip.delete'
2019-08-08 15:08:59.658  CFY <aws> [route_public_subnet_internet_gateway_3cf7ts.delete] Task succeeded 'cloudify_aws.ec2.resources.route.delete'
2019-08-08 15:09:00.199  CFY <aws> [vm-app2_zro1s0] Stopping node instance
2019-08-08 15:09:00.398  CFY <aws> [security_group_rules_3icb3q] Deleted node instance
2019-08-08 15:09:01.835  CFY <aws> [ip1_mwwzru] Deleting node instance
2019-08-08 15:09:02.513  CFY <aws> [vm-database_8upmn0] Validating node instance after deletion: nothing to do
2019-08-08 15:09:02.741  CFY <aws> [vm-app1_10lh6d] Stopping node instance
2019-08-08 15:09:02.917  CFY <aws> [ip1_mwwzru.delete] Sending task 'cloudify_aws.ec2.resources.elasticip.delete'
2019-08-08 15:09:03.624  CFY <aws> [route_public_subnet_internet_gateway_3cf7ts] Deleted node instance
2019-08-08 15:09:04.342  CFY <aws> [vm-app2_zro1s0] Validating node instance after deletion: nothing to do
2019-08-08 15:09:04.432  CFY <aws> [ipdb_bm95ue.delete] Task succeeded 'cloudify_aws.ec2.resources.elasticip.delete'
2019-08-08 15:09:04.505  CFY <aws> [vm-app1_10lh6d] Validating node instance after deletion: nothing to do
2019-08-08 15:09:04.714  CFY <aws> [internet_gateway_p8avdr] Stopping node instance
2019-08-08 15:09:05.390  CFY <aws> [vm-database_8upmn0.stop] Sending task 'cloudify_aws.ec2.resources.instances.stop'
2019-08-08 15:09:05.740  CFY <aws> [routetable_ujj17z] Stopping node instance
2019-08-08 15:09:06.380  CFY <aws> [ipdb_bm95ue] Deleted node instance
2019-08-08 15:09:07.357  CFY <aws> [vm-app1_10lh6d.stop] Sending task 'cloudify_aws.ec2.resources.instances.stop'
2019-08-08 15:09:07.385  CFY <aws> [internet_gateway_p8avdr] Validating node instance after deletion: nothing to do
2019-08-08 15:09:08.796  CFY <aws> [vm-app2_zro1s0.stop] Sending task 'cloudify_aws.ec2.resources.instances.stop'
2019-08-08 15:09:09.611  CFY <aws> [ip2_tmgpin.delete] Task succeeded 'cloudify_aws.ec2.resources.elasticip.delete'
2019-08-08 15:09:10.021  CFY <aws> [routetable_ujj17z] Validating node instance after deletion: nothing to do
2019-08-08 15:09:10.255  CFY <aws> [ip2_tmgpin] Deleted node instance
2019-08-08 15:09:10.405  CFY <aws> [internet_gateway_p8avdr.stop] Sending task 'cloudify_aws.ec2.resources.internet_gateway.detach'
2019-08-08 15:09:11.991  CFY <aws> [routetable_ujj17z.stop] Sending task 'cloudify_aws.ec2.resources.routetable.detach'
2019-08-08 15:09:13.422  CFY <aws> [ip1_mwwzru.delete] Task succeeded 'cloudify_aws.ec2.resources.elasticip.delete'
2019-08-08 15:09:15.054  CFY <aws> [ip1_mwwzru] Deleted node instance
2019-08-08 15:09:16.884  CFY <aws> [vm-database_8upmn0.stop] Task rescheduled 'cloudify_aws.ec2.resources.instances.stop' -> EC2 Instances ID# "i-05fd0f33537ffba68" is still in a pending state.
Traceback (most recent call last):
  File "/opt/mgmtworker/env/lib/python2.7/site-packages/cloudify/dispatch.py", line 813, in main
    payload = handler.handle()
  File "/opt/mgmtworker/env/lib/python2.7/site-packages/cloudify/dispatch.py", line 461, in handle
    result = self._run_operation_func(ctx, kwargs)
  File "/opt/mgmtworker/env/lib/python2.7/site-packages/cloudify/dispatch.py", line 519, in _run_operation_func
    return self.func(*self.args, **kwargs)
  File "/opt/mgmtworker/env/plugins/default_tenant/cloudify-aws-plugin-2.3.0/lib/python2.7/site-packages/cloudify_aws/common/decorators.py", line 303, in wrapper_inner
    result = function(**kwargs)
  File "/opt/mgmtworker/env/plugins/default_tenant/cloudify-aws-plugin-2.3.0/lib/python2.7/site-packages/cloudify_aws/common/decorators.py", line 330, in wrapper_inner
    fail_on_missing)
  File "/opt/mgmtworker/env/plugins/default_tenant/cloudify-aws-plugin-2.3.0/lib/python2.7/site-packages/cloudify_aws/common/decorators.py", line 76, in _wait_for_status
    % (resource_type, iface.resource_id))
OperationRetry: EC2 Instances ID# "i-05fd0f33537ffba68" is still in a pending state.

2019-08-08 15:09:20.003  CFY <aws> [vm-app1_10lh6d.stop] Task rescheduled 'cloudify_aws.ec2.resources.instances.stop' -> EC2 Instances ID# "i-01cdd465bb29ca90e" is still in a pending state.
Traceback (most recent call last):
  File "/opt/mgmtworker/env/lib/python2.7/site-packages/cloudify/dispatch.py", line 813, in main
    payload = handler.handle()
  File "/opt/mgmtworker/env/lib/python2.7/site-packages/cloudify/dispatch.py", line 461, in handle
    result = self._run_operation_func(ctx, kwargs)
  File "/opt/mgmtworker/env/lib/python2.7/site-packages/cloudify/dispatch.py", line 519, in _run_operation_func
    return self.func(*self.args, **kwargs)
  File "/opt/mgmtworker/env/plugins/default_tenant/cloudify-aws-plugin-2.3.0/lib/python2.7/site-packages/cloudify_aws/common/decorators.py", line 303, in wrapper_inner
    result = function(**kwargs)
  File "/opt/mgmtworker/env/plugins/default_tenant/cloudify-aws-plugin-2.3.0/lib/python2.7/site-packages/cloudify_aws/common/decorators.py", line 330, in wrapper_inner
    fail_on_missing)
  File "/opt/mgmtworker/env/plugins/default_tenant/cloudify-aws-plugin-2.3.0/lib/python2.7/site-packages/cloudify_aws/common/decorators.py", line 76, in _wait_for_status
    % (resource_type, iface.resource_id))
OperationRetry: EC2 Instances ID# "i-01cdd465bb29ca90e" is still in a pending state.

2019-08-08 15:09:20.635  CFY <aws> [vm-app2_zro1s0.stop] Task rescheduled 'cloudify_aws.ec2.resources.instances.stop' -> EC2 Instances ID# "i-02741f0511a5d2bc5" is still in a pending state.
Traceback (most recent call last):
  File "/opt/mgmtworker/env/lib/python2.7/site-packages/cloudify/dispatch.py", line 813, in main
    payload = handler.handle()
  File "/opt/mgmtworker/env/lib/python2.7/site-packages/cloudify/dispatch.py", line 461, in handle
    result = self._run_operation_func(ctx, kwargs)
  File "/opt/mgmtworker/env/lib/python2.7/site-packages/cloudify/dispatch.py", line 519, in _run_operation_func
    return self.func(*self.args, **kwargs)
  File "/opt/mgmtworker/env/plugins/default_tenant/cloudify-aws-plugin-2.3.0/lib/python2.7/site-packages/cloudify_aws/common/decorators.py", line 303, in wrapper_inner
    result = function(**kwargs)
  File "/opt/mgmtworker/env/plugins/default_tenant/cloudify-aws-plugin-2.3.0/lib/python2.7/site-packages/cloudify_aws/common/decorators.py", line 330, in wrapper_inner
    fail_on_missing)
  File "/opt/mgmtworker/env/plugins/default_tenant/cloudify-aws-plugin-2.3.0/lib/python2.7/site-packages/cloudify_aws/common/decorators.py", line 76, in _wait_for_status
    % (resource_type, iface.resource_id))
OperationRetry: EC2 Instances ID# "i-02741f0511a5d2bc5" is still in a pending state.

2019-08-08 15:09:21.815  CFY <aws> [internet_gateway_p8avdr.stop] Task succeeded 'cloudify_aws.ec2.resources.internet_gateway.detach'
2019-08-08 15:09:21.873  CFY <aws> [internet_gateway_p8avdr] Stopped node instance
2019-08-08 15:09:22.595  CFY <aws> [internet_gateway_p8avdr] Unlinking relationships
2019-08-08 15:09:23.050  CFY <aws> [internet_gateway_p8avdr] Relationships unlinked
2019-08-08 15:09:23.248  CFY <aws> [routetable_ujj17z.stop] Task succeeded 'cloudify_aws.ec2.resources.routetable.detach'
2019-08-08 15:09:23.278  CFY <aws> [internet_gateway_p8avdr] Deleting node instance
2019-08-08 15:09:23.809  CFY <aws> [routetable_ujj17z] Stopped node instance
2019-08-08 15:09:24.045  CFY <aws> [internet_gateway_p8avdr.delete] Sending task 'cloudify_aws.ec2.resources.internet_gateway.delete'
2019-08-08 15:09:25.430  CFY <aws> [routetable_ujj17z] Unlinking relationships
2019-08-08 15:09:25.865  CFY <aws> [routetable_ujj17z] Relationships unlinked
2019-08-08 15:09:26.067  CFY <aws> [routetable_ujj17z] Deleting node instance
2019-08-08 15:09:26.830  CFY <aws> [routetable_ujj17z.delete] Sending task 'cloudify_aws.ec2.resources.routetable.delete'
2019-08-08 15:09:31.278  CFY <aws> [internet_gateway_p8avdr.delete] Task succeeded 'cloudify_aws.ec2.resources.internet_gateway.delete'
2019-08-08 15:09:31.371  CFY <aws> [internet_gateway_p8avdr] Deleted node instance
2019-08-08 15:09:32.201  CFY <aws> [vm-database_8upmn0.stop] Sending task 'cloudify_aws.ec2.resources.instances.stop' [retry 1/60]
2019-08-08 15:09:33.615  CFY <aws> [routetable_ujj17z.delete] Task succeeded 'cloudify_aws.ec2.resources.routetable.delete'
2019-08-08 15:09:33.716  CFY <aws> [routetable_ujj17z] Deleted node instance
2019-08-08 15:09:35.228  CFY <aws> [vm-app1_10lh6d.stop] Sending task 'cloudify_aws.ec2.resources.instances.stop' [retry 1/60]
2019-08-08 15:09:36.406  CFY <aws> [vm-app2_zro1s0.stop] Sending task 'cloudify_aws.ec2.resources.instances.stop' [retry 1/60]
2019-08-08 15:09:36.521  CFY <aws> [vm-database_8upmn0.stop] Task succeeded 'cloudify_aws.ec2.resources.instances.stop' [retry 1/60]
2019-08-08 15:09:37.427  CFY <aws> [vm-database_8upmn0] Stopped node instance
2019-08-08 15:09:39.977  CFY <aws> [vm-database_8upmn0] Unlinking relationships
2019-08-08 15:09:42.350  CFY <aws> [vm-database_8upmn0] Relationships unlinked
2019-08-08 15:09:42.946  CFY <aws> [vm-database_8upmn0] Deleting node instance
2019-08-08 15:09:45.314  CFY <aws> [vm-database_8upmn0.delete] Sending task 'cloudify_aws.ec2.resources.instances.delete'
2019-08-08 15:09:47.450  CFY <aws> [vm-app1_10lh6d.stop] Task failed 'cloudify_aws.ec2.resources.instances.stop' -> EC2 Instances ID# "i-01cdd465bb29ca90e" no longer exists but "fail_on_missing" set [retry 1/60]
Traceback (most recent call last):
  File "/opt/mgmtworker/env/lib/python2.7/site-packages/cloudify/dispatch.py", line 813, in main
    payload = handler.handle()
  File "/opt/mgmtworker/env/lib/python2.7/site-packages/cloudify/dispatch.py", line 461, in handle
    result = self._run_operation_func(ctx, kwargs)
  File "/opt/mgmtworker/env/lib/python2.7/site-packages/cloudify/dispatch.py", line 519, in _run_operation_func
    return self.func(*self.args, **kwargs)
  File "/opt/mgmtworker/env/plugins/default_tenant/cloudify-aws-plugin-2.3.0/lib/python2.7/site-packages/cloudify_aws/common/decorators.py", line 303, in wrapper_inner
    result = function(**kwargs)
  File "/opt/mgmtworker/env/plugins/default_tenant/cloudify-aws-plugin-2.3.0/lib/python2.7/site-packages/cloudify_aws/common/decorators.py", line 330, in wrapper_inner
    fail_on_missing)
  File "/opt/mgmtworker/env/plugins/default_tenant/cloudify-aws-plugin-2.3.0/lib/python2.7/site-packages/cloudify_aws/common/decorators.py", line 86, in _wait_for_status
    % (resource_type, iface.resource_id))
NonRecoverableError: EC2 Instances ID# "i-01cdd465bb29ca90e" no longer exists but "fail_on_missing" set

2019-08-08 15:09:47.462  CFY <aws> [vm-app1_10lh6d] Stopped node instance
2019-08-08 15:09:48.075  CFY <aws> [vm-app1_10lh6d] Unlinking relationships
2019-08-08 15:09:48.516  CFY <aws> [vm-app1_10lh6d] Relationships unlinked
2019-08-08 15:09:49.241  CFY <aws> [vm-app1_10lh6d] Deleting node instance
2019-08-08 15:09:49.773  CFY <aws> [vm-app1_10lh6d.delete] Sending task 'cloudify_aws.ec2.resources.instances.delete'
2019-08-08 15:09:51.076  CFY <aws> [vm-app2_zro1s0.stop] Task failed 'cloudify_aws.ec2.resources.instances.stop' -> EC2 Instances ID# "i-02741f0511a5d2bc5" no longer exists but "fail_on_missing" set [retry 1/60]
Traceback (most recent call last):
  File "/opt/mgmtworker/env/lib/python2.7/site-packages/cloudify/dispatch.py", line 813, in main
    payload = handler.handle()
  File "/opt/mgmtworker/env/lib/python2.7/site-packages/cloudify/dispatch.py", line 461, in handle
    result = self._run_operation_func(ctx, kwargs)
  File "/opt/mgmtworker/env/lib/python2.7/site-packages/cloudify/dispatch.py", line 519, in _run_operation_func
    return self.func(*self.args, **kwargs)
  File "/opt/mgmtworker/env/plugins/default_tenant/cloudify-aws-plugin-2.3.0/lib/python2.7/site-packages/cloudify_aws/common/decorators.py", line 303, in wrapper_inner
    result = function(**kwargs)
  File "/opt/mgmtworker/env/plugins/default_tenant/cloudify-aws-plugin-2.3.0/lib/python2.7/site-packages/cloudify_aws/common/decorators.py", line 330, in wrapper_inner
    fail_on_missing)
  File "/opt/mgmtworker/env/plugins/default_tenant/cloudify-aws-plugin-2.3.0/lib/python2.7/site-packages/cloudify_aws/common/decorators.py", line 86, in _wait_for_status
    % (resource_type, iface.resource_id))
NonRecoverableError: EC2 Instances ID# "i-02741f0511a5d2bc5" no longer exists but "fail_on_missing" set

2019-08-08 15:09:51.116  CFY <aws> [vm-app2_zro1s0] Stopped node instance
2019-08-08 15:09:52.031  CFY <aws> [vm-app2_zro1s0] Unlinking relationships
2019-08-08 15:09:52.575  CFY <aws> [vm-database_8upmn0.delete] Task failed 'cloudify_aws.ec2.resources.instances.delete' -> An error occurred (AuthFailure) when calling the TerminateInstances operation: AWS was not able to validate the provided access credentials
Traceback (most recent call last):
  File "/opt/mgmtworker/env/lib/python2.7/site-packages/cloudify/dispatch.py", line 813, in main
    payload = handler.handle()
  File "/opt/mgmtworker/env/lib/python2.7/site-packages/cloudify/dispatch.py", line 461, in handle
    result = self._run_operation_func(ctx, kwargs)
  File "/opt/mgmtworker/env/lib/python2.7/site-packages/cloudify/dispatch.py", line 519, in _run_operation_func
    return self.func(*self.args, **kwargs)
  File "/opt/mgmtworker/env/plugins/default_tenant/cloudify-aws-plugin-2.3.0/lib/python2.7/site-packages/cloudify_aws/common/decorators.py", line 303, in wrapper_inner
    result = function(**kwargs)
  File "/opt/mgmtworker/env/plugins/default_tenant/cloudify-aws-plugin-2.3.0/lib/python2.7/site-packages/cloudify_aws/common/decorators.py", line 367, in wrapper_inner
    function(**kwargs)
  File "/opt/mgmtworker/env/plugins/default_tenant/cloudify-aws-plugin-2.3.0/lib/python2.7/site-packages/cloudify_aws/common/decorators.py", line 491, in wrapper
    return fn(**kwargs)
  File "/opt/mgmtworker/env/plugins/default_tenant/cloudify-aws-plugin-2.3.0/lib/python2.7/site-packages/cloudify_aws/ec2/resources/instances.py", line 367, in delete
    iface.delete({INSTANCE_IDS: params.get(INSTANCE_IDS, [iface.resource_id])})
  File "/opt/mgmtworker/env/plugins/default_tenant/cloudify-aws-plugin-2.3.0/lib/python2.7/site-packages/cloudify_aws/ec2/resources/instances.py", line 132, in delete
    res = self.client.terminate_instances(**params)
  File "/opt/mgmtworker/env/plugins/default_tenant/cloudify-aws-plugin-2.3.0/lib/python2.7/site-packages/botocore/client.py", line 357, in _api_call
    return self._make_api_call(operation_name, kwargs)
  File "/opt/mgmtworker/env/plugins/default_tenant/cloudify-aws-plugin-2.3.0/lib/python2.7/site-packages/botocore/client.py", line 661, in _make_api_call
    raise error_class(parsed_response, operation_name)
ClientError: An error occurred (AuthFailure) when calling the TerminateInstances operation: AWS was not able to validate the provided access credentials

2019-08-08 15:09:52.626  CFY <aws> [vm-app2_zro1s0] Relationships unlinked
2019-08-08 15:09:53.321  CFY <aws> [vm-database_8upmn0] Deleted node instance
2019-08-08 15:09:53.435  CFY <aws> [vm-app2_zro1s0] Deleting node instance
2019-08-08 15:09:54.028  CFY <aws> [cloud_initdb_lkkln6] Stopping node instance
2019-08-08 15:09:54.197  CFY <aws> [nicdb_ih07it] Stopping node instance
2019-08-08 15:09:54.591  CFY <aws> [vm-app2_zro1s0.delete] Sending task 'cloudify_aws.ec2.resources.instances.delete'
2019-08-08 15:09:55.860  CFY <aws> [cloud_initdb_lkkln6] Validating node instance after deletion: nothing to do
2019-08-08 15:09:56.047  CFY <aws> [nicdb_ih07it] Validating node instance after deletion: nothing to do
2019-08-08 15:09:56.368  CFY <aws> [cloud_initdb_lkkln6.stop] Sending task 'cloudify_cloudinit.tasks.update'
2019-08-08 15:09:57.735  CFY <aws> [nicdb_ih07it.stop] Sending task 'cloudify_aws.ec2.resources.eni.detach'
2019-08-08 15:10:02.610  CFY <aws> [vm-app1_10lh6d.delete] Task failed 'cloudify_aws.ec2.resources.instances.delete' -> An error occurred (AuthFailure) when calling the TerminateInstances operation: AWS was not able to validate the provided access credentials
Traceback (most recent call last):
  File "/opt/mgmtworker/env/lib/python2.7/site-packages/cloudify/dispatch.py", line 813, in main
    payload = handler.handle()
  File "/opt/mgmtworker/env/lib/python2.7/site-packages/cloudify/dispatch.py", line 461, in handle
    result = self._run_operation_func(ctx, kwargs)
  File "/opt/mgmtworker/env/lib/python2.7/site-packages/cloudify/dispatch.py", line 519, in _run_operation_func
    return self.func(*self.args, **kwargs)
  File "/opt/mgmtworker/env/plugins/default_tenant/cloudify-aws-plugin-2.3.0/lib/python2.7/site-packages/cloudify_aws/common/decorators.py", line 303, in wrapper_inner
    result = function(**kwargs)
  File "/opt/mgmtworker/env/plugins/default_tenant/cloudify-aws-plugin-2.3.0/lib/python2.7/site-packages/cloudify_aws/common/decorators.py", line 367, in wrapper_inner
    function(**kwargs)
  File "/opt/mgmtworker/env/plugins/default_tenant/cloudify-aws-plugin-2.3.0/lib/python2.7/site-packages/cloudify_aws/common/decorators.py", line 491, in wrapper
    return fn(**kwargs)
  File "/opt/mgmtworker/env/plugins/default_tenant/cloudify-aws-plugin-2.3.0/lib/python2.7/site-packages/cloudify_aws/ec2/resources/instances.py", line 367, in delete
    iface.delete({INSTANCE_IDS: params.get(INSTANCE_IDS, [iface.resource_id])})
  File "/opt/mgmtworker/env/plugins/default_tenant/cloudify-aws-plugin-2.3.0/lib/python2.7/site-packages/cloudify_aws/ec2/resources/instances.py", line 132, in delete
    res = self.client.terminate_instances(**params)
  File "/opt/mgmtworker/env/plugins/default_tenant/cloudify-aws-plugin-2.3.0/lib/python2.7/site-packages/botocore/client.py", line 357, in _api_call
    return self._make_api_call(operation_name, kwargs)
  File "/opt/mgmtworker/env/plugins/default_tenant/cloudify-aws-plugin-2.3.0/lib/python2.7/site-packages/botocore/client.py", line 661, in _make_api_call
    raise error_class(parsed_response, operation_name)
ClientError: An error occurred (AuthFailure) when calling the TerminateInstances operation: AWS was not able to validate the provided access credentials

2019-08-08 15:10:02.633  CFY <aws> [vm-app1_10lh6d] Deleted node instance
2019-08-08 15:10:04.378  CFY <aws> [cloud_initdb_lkkln6.stop] Task succeeded 'cloudify_cloudinit.tasks.update'
2019-08-08 15:10:05.284  CFY <aws> [cloud_initdb_lkkln6] Stopped node instance
2019-08-08 15:10:05.385  CFY <aws> [nic1_4d1jes] Stopping node instance
2019-08-08 15:10:05.459  CFY <aws> [cloud_init_4ihgas] Stopping node instance
2019-08-08 15:10:06.534  CFY <aws> [nic1_4d1jes] Validating node instance after deletion: nothing to do
2019-08-08 15:10:06.819  CFY <aws> [cloud_init_4ihgas] Validating node instance after deletion: nothing to do
2019-08-08 15:10:07.065  CFY <aws> [cloud_initdb_lkkln6] Unlinking relationships
2019-08-08 15:10:07.069  CFY <aws> [nic1_4d1jes.stop] Sending task 'cloudify_aws.ec2.resources.eni.detach'
2019-08-08 15:10:08.294  CFY <aws> [vm-app2_zro1s0.delete] Task failed 'cloudify_aws.ec2.resources.instances.delete' -> An error occurred (AuthFailure) when calling the TerminateInstances operation: AWS was not able to validate the provided access credentials
Traceback (most recent call last):
  File "/opt/mgmtworker/env/lib/python2.7/site-packages/cloudify/dispatch.py", line 813, in main
    payload = handler.handle()
  File "/opt/mgmtworker/env/lib/python2.7/site-packages/cloudify/dispatch.py", line 461, in handle
    result = self._run_operation_func(ctx, kwargs)
  File "/opt/mgmtworker/env/lib/python2.7/site-packages/cloudify/dispatch.py", line 519, in _run_operation_func
    return self.func(*self.args, **kwargs)
  File "/opt/mgmtworker/env/plugins/default_tenant/cloudify-aws-plugin-2.3.0/lib/python2.7/site-packages/cloudify_aws/common/decorators.py", line 303, in wrapper_inner
    result = function(**kwargs)
  File "/opt/mgmtworker/env/plugins/default_tenant/cloudify-aws-plugin-2.3.0/lib/python2.7/site-packages/cloudify_aws/common/decorators.py", line 367, in wrapper_inner
    function(**kwargs)
  File "/opt/mgmtworker/env/plugins/default_tenant/cloudify-aws-plugin-2.3.0/lib/python2.7/site-packages/cloudify_aws/common/decorators.py", line 491, in wrapper
    return fn(**kwargs)
  File "/opt/mgmtworker/env/plugins/default_tenant/cloudify-aws-plugin-2.3.0/lib/python2.7/site-packages/cloudify_aws/ec2/resources/instances.py", line 367, in delete
    iface.delete({INSTANCE_IDS: params.get(INSTANCE_IDS, [iface.resource_id])})
  File "/opt/mgmtworker/env/plugins/default_tenant/cloudify-aws-plugin-2.3.0/lib/python2.7/site-packages/cloudify_aws/ec2/resources/instances.py", line 132, in delete
    res = self.client.terminate_instances(**params)
  File "/opt/mgmtworker/env/plugins/default_tenant/cloudify-aws-plugin-2.3.0/lib/python2.7/site-packages/botocore/client.py", line 357, in _api_call
    return self._make_api_call(operation_name, kwargs)
  File "/opt/mgmtworker/env/plugins/default_tenant/cloudify-aws-plugin-2.3.0/lib/python2.7/site-packages/botocore/client.py", line 661, in _make_api_call
    raise error_class(parsed_response, operation_name)
ClientError: An error occurred (AuthFailure) when calling the TerminateInstances operation: AWS was not able to validate the provided access credentials

2019-08-08 15:10:08.654  CFY <aws> [cloud_init_4ihgas.stop] Sending task 'cloudify_cloudinit.tasks.update'
2019-08-08 15:10:09.277  CFY <aws> [nicdb_ih07it.stop] Task succeeded 'cloudify_aws.ec2.resources.eni.detach'
2019-08-08 15:10:11.046  CFY <aws> [vm-app2_zro1s0] Deleted node instance
2019-08-08 15:10:11.232  CFY <aws> [cloud_initdb_lkkln6] Relationships unlinked
2019-08-08 15:10:11.474  CFY <aws> [nicdb_ih07it] Stopped node instance
2019-08-08 15:10:12.523  CFY <aws> [nic2_k0cyvh] Stopping node instance
2019-08-08 15:10:13.160  CFY <aws> [ami_bvty1u] Stopping node instance
2019-08-08 15:10:14.563  CFY <aws> [cloud_init2_2ke156] Stopping node instance
2019-08-08 15:10:14.732  CFY <aws> [cloud_initdb_lkkln6] Deleting node instance
2019-08-08 15:10:15.384  CFY <aws> [nic2_k0cyvh] Validating node instance after deletion: nothing to do
2019-08-08 15:10:15.540  CFY <aws> [ami_bvty1u] Validating node instance after deletion: nothing to do
2019-08-08 15:10:15.646  CFY <aws> [cloud_init2_2ke156] Validating node instance after deletion: nothing to do
2019-08-08 15:10:15.948  CFY <aws> [nic1_4d1jes.stop] Task succeeded 'cloudify_aws.ec2.resources.eni.detach'
2019-08-08 15:10:16.142  CFY <aws> [cloud_init_4ihgas.stop] Task succeeded 'cloudify_cloudinit.tasks.update'
2019-08-08 15:10:20.092  CFY <aws> [cloud_initdb_lkkln6.delete] Sending task 'cloudify_cloudinit.tasks.update'
2019-08-08 15:10:21.085  CFY <aws> [ami_bvty1u] Stopped node instance: nothing to do
2019-08-08 15:10:21.289  CFY <aws> [cloud_init_4ihgas] Stopped node instance
2019-08-08 15:10:21.310  CFY <aws> [nic2_k0cyvh.stop] Sending task 'cloudify_aws.ec2.resources.eni.detach'
2019-08-08 15:10:21.445  CFY <aws> [nicdb_ih07it] Unlinking relationships
2019-08-08 15:10:22.539  CFY <aws> [cloud_init2_2ke156.stop] Sending task 'cloudify_cloudinit.tasks.update'
2019-08-08 15:10:23.407  CFY <aws> [cloud_initdb_lkkln6.delete] Task succeeded 'cloudify_cloudinit.tasks.update'
2019-08-08 15:10:23.587  CFY <aws> [nic1_4d1jes] Stopped node instance
2019-08-08 15:10:26.005  CFY <aws> [cloud_initdb_lkkln6] Deleted node instance
2019-08-08 15:10:26.173  CFY <aws> [nicdb_ih07it] Relationships unlinked
2019-08-08 15:10:26.970  CFY <aws> [ami_bvty1u] Unlinking relationships
2019-08-08 15:10:27.182  CFY <aws> [cloud_init_4ihgas] Unlinking relationships
2019-08-08 15:10:27.402  CFY <aws> [nicdb_ih07it] Deleting node instance
2019-08-08 15:10:28.092  CFY <aws> [nic2_k0cyvh.stop] Task succeeded 'cloudify_aws.ec2.resources.eni.detach'
2019-08-08 15:10:28.359  CFY <aws> [nic1_4d1jes] Unlinking relationships
2019-08-08 15:10:28.522  CFY <aws> [ami_bvty1u] Relationships unlinked
2019-08-08 15:10:28.642  CFY <aws> [nicdb_ih07it.delete] Sending task 'cloudify_aws.ec2.resources.eni.delete'
2019-08-08 15:10:28.682  CFY <aws> [cloud_init_4ihgas] Relationships unlinked
2019-08-08 15:10:28.940  CFY <aws> [nic2_k0cyvh] Stopped node instance
2019-08-08 15:10:29.339  CFY <aws> [cloud_init2_2ke156.stop] Task succeeded 'cloudify_cloudinit.tasks.update'
2019-08-08 15:10:30.002  CFY <aws> [cloud_init_4ihgas] Deleting node instance
2019-08-08 15:10:30.489  CFY <aws> [cloud_init2_2ke156] Stopped node instance
2019-08-08 15:10:31.310  CFY <aws> [ami_bvty1u] Deleting node instance: nothing to do
2019-08-08 15:10:31.582  CFY <aws> [cloud_init_4ihgas.delete] Sending task 'cloudify_cloudinit.tasks.update'
2019-08-08 15:10:31.827  CFY <aws> [nic1_4d1jes] Relationships unlinked
2019-08-08 15:10:32.732  CFY <aws> [ami_bvty1u] Deleted node instance
2019-08-08 15:10:33.613  CFY <aws> [nic2_k0cyvh] Unlinking relationships
2019-08-08 15:10:34.527  CFY <aws> [cloud_init2_2ke156] Unlinking relationships
2019-08-08 15:10:34.721  CFY <aws> [nic1_4d1jes] Deleting node instance
2019-08-08 15:10:34.970  CFY <aws> [nic2_k0cyvh] Relationships unlinked
2019-08-08 15:10:35.438  CFY <aws> [cloud_init2_2ke156] Relationships unlinked
2019-08-08 15:10:35.444  CFY <aws> [nic1_4d1jes.delete] Sending task 'cloudify_aws.ec2.resources.eni.delete'
2019-08-08 15:10:36.810  CFY <aws> [nic2_k0cyvh] Deleting node instance
2019-08-08 15:10:36.834  CFY <aws> [cloud_init_4ihgas.delete] Task succeeded 'cloudify_cloudinit.tasks.update'
2019-08-08 15:10:37.406  CFY <aws> [cloud_init2_2ke156] Deleting node instance
2019-08-08 15:10:37.650  CFY <aws> [nic2_k0cyvh.delete] Sending task 'cloudify_aws.ec2.resources.eni.delete'
2019-08-08 15:10:39.022  CFY <aws> [cloud_init_4ihgas] Deleted node instance
2019-08-08 15:10:39.173  CFY <aws> [cloud_init2_2ke156.delete] Sending task 'cloudify_cloudinit.tasks.update'
2019-08-08 15:10:40.613  CFY <aws> [nicdb_ih07it.delete] Task failed 'cloudify_aws.ec2.resources.eni.delete' -> An error occurred (AuthFailure) when calling the DeleteNetworkInterface operation: AWS was not able to validate the provided access credentials
Traceback (most recent call last):
  File "/opt/mgmtworker/env/lib/python2.7/site-packages/cloudify/dispatch.py", line 813, in main
    payload = handler.handle()
  File "/opt/mgmtworker/env/lib/python2.7/site-packages/cloudify/dispatch.py", line 461, in handle
    result = self._run_operation_func(ctx, kwargs)
  File "/opt/mgmtworker/env/lib/python2.7/site-packages/cloudify/dispatch.py", line 519, in _run_operation_func
    return self.func(*self.args, **kwargs)
  File "/opt/mgmtworker/env/plugins/default_tenant/cloudify-aws-plugin-2.3.0/lib/python2.7/site-packages/cloudify_aws/common/decorators.py", line 303, in wrapper_inner
    result = function(**kwargs)
  File "/opt/mgmtworker/env/plugins/default_tenant/cloudify-aws-plugin-2.3.0/lib/python2.7/site-packages/cloudify_aws/common/decorators.py", line 491, in wrapper
    return fn(**kwargs)
  File "/opt/mgmtworker/env/plugins/default_tenant/cloudify-aws-plugin-2.3.0/lib/python2.7/site-packages/cloudify_aws/ec2/resources/eni.py", line 203, in delete
    iface.delete(params)
  File "/opt/mgmtworker/env/plugins/default_tenant/cloudify-aws-plugin-2.3.0/lib/python2.7/site-packages/cloudify_aws/ec2/resources/eni.py", line 89, in delete
    res = self.client.delete_network_interface(**params)
  File "/opt/mgmtworker/env/plugins/default_tenant/cloudify-aws-plugin-2.3.0/lib/python2.7/site-packages/botocore/client.py", line 357, in _api_call
    return self._make_api_call(operation_name, kwargs)
  File "/opt/mgmtworker/env/plugins/default_tenant/cloudify-aws-plugin-2.3.0/lib/python2.7/site-packages/botocore/client.py", line 661, in _make_api_call
    raise error_class(parsed_response, operation_name)
ClientError: An error occurred (AuthFailure) when calling the DeleteNetworkInterface operation: AWS was not able to validate the provided access credentials

2019-08-08 15:10:42.223  CFY <aws> [nicdb_ih07it] Deleted node instance
2019-08-08 15:10:47.919  CFY <aws> [cloud_init2_2ke156.delete] Task succeeded 'cloudify_cloudinit.tasks.update'
2019-08-08 15:10:47.972  CFY <aws> [cloud_init2_2ke156] Deleted node instance
2019-08-08 15:10:48.155  CFY <aws> [nic1_4d1jes.delete] Task failed 'cloudify_aws.ec2.resources.eni.delete' -> An error occurred (AuthFailure) when calling the DeleteNetworkInterface operation: AWS was not able to validate the provided access credentials
Traceback (most recent call last):
  File "/opt/mgmtworker/env/lib/python2.7/site-packages/cloudify/dispatch.py", line 813, in main
    payload = handler.handle()
  File "/opt/mgmtworker/env/lib/python2.7/site-packages/cloudify/dispatch.py", line 461, in handle
    result = self._run_operation_func(ctx, kwargs)
  File "/opt/mgmtworker/env/lib/python2.7/site-packages/cloudify/dispatch.py", line 519, in _run_operation_func
    return self.func(*self.args, **kwargs)
  File "/opt/mgmtworker/env/plugins/default_tenant/cloudify-aws-plugin-2.3.0/lib/python2.7/site-packages/cloudify_aws/common/decorators.py", line 303, in wrapper_inner
    result = function(**kwargs)
  File "/opt/mgmtworker/env/plugins/default_tenant/cloudify-aws-plugin-2.3.0/lib/python2.7/site-packages/cloudify_aws/common/decorators.py", line 491, in wrapper
    return fn(**kwargs)
  File "/opt/mgmtworker/env/plugins/default_tenant/cloudify-aws-plugin-2.3.0/lib/python2.7/site-packages/cloudify_aws/ec2/resources/eni.py", line 203, in delete
    iface.delete(params)
  File "/opt/mgmtworker/env/plugins/default_tenant/cloudify-aws-plugin-2.3.0/lib/python2.7/site-packages/cloudify_aws/ec2/resources/eni.py", line 89, in delete
    res = self.client.delete_network_interface(**params)
  File "/opt/mgmtworker/env/plugins/default_tenant/cloudify-aws-plugin-2.3.0/lib/python2.7/site-packages/botocore/client.py", line 357, in _api_call
    return self._make_api_call(operation_name, kwargs)
  File "/opt/mgmtworker/env/plugins/default_tenant/cloudify-aws-plugin-2.3.0/lib/python2.7/site-packages/botocore/client.py", line 661, in _make_api_call
    raise error_class(parsed_response, operation_name)
ClientError: An error occurred (AuthFailure) when calling the DeleteNetworkInterface operation: AWS was not able to validate the provided access credentials

2019-08-08 15:10:49.632  CFY <aws> [nic1_4d1jes] Deleted node instance
2019-08-08 15:10:50.799  CFY <aws> [nic2_k0cyvh.delete] Task failed 'cloudify_aws.ec2.resources.eni.delete' -> An error occurred (AuthFailure) when calling the DeleteNetworkInterface operation: AWS was not able to validate the provided access credentials
Traceback (most recent call last):
  File "/opt/mgmtworker/env/lib/python2.7/site-packages/cloudify/dispatch.py", line 813, in main
    payload = handler.handle()
  File "/opt/mgmtworker/env/lib/python2.7/site-packages/cloudify/dispatch.py", line 461, in handle
    result = self._run_operation_func(ctx, kwargs)
  File "/opt/mgmtworker/env/lib/python2.7/site-packages/cloudify/dispatch.py", line 519, in _run_operation_func
    return self.func(*self.args, **kwargs)
  File "/opt/mgmtworker/env/plugins/default_tenant/cloudify-aws-plugin-2.3.0/lib/python2.7/site-packages/cloudify_aws/common/decorators.py", line 303, in wrapper_inner
    result = function(**kwargs)
  File "/opt/mgmtworker/env/plugins/default_tenant/cloudify-aws-plugin-2.3.0/lib/python2.7/site-packages/cloudify_aws/common/decorators.py", line 491, in wrapper
    return fn(**kwargs)
  File "/opt/mgmtworker/env/plugins/default_tenant/cloudify-aws-plugin-2.3.0/lib/python2.7/site-packages/cloudify_aws/ec2/resources/eni.py", line 203, in delete
    iface.delete(params)
  File "/opt/mgmtworker/env/plugins/default_tenant/cloudify-aws-plugin-2.3.0/lib/python2.7/site-packages/cloudify_aws/ec2/resources/eni.py", line 89, in delete
    res = self.client.delete_network_interface(**params)
  File "/opt/mgmtworker/env/plugins/default_tenant/cloudify-aws-plugin-2.3.0/lib/python2.7/site-packages/botocore/client.py", line 357, in _api_call
    return self._make_api_call(operation_name, kwargs)
  File "/opt/mgmtworker/env/plugins/default_tenant/cloudify-aws-plugin-2.3.0/lib/python2.7/site-packages/botocore/client.py", line 661, in _make_api_call
    raise error_class(parsed_response, operation_name)
ClientError: An error occurred (AuthFailure) when calling the DeleteNetworkInterface operation: AWS was not able to validate the provided access credentials

2019-08-08 15:10:51.713  CFY <aws> [nic2_k0cyvh] Deleted node instance
2019-08-08 15:10:52.234  CFY <aws> [security_group_939kv1] Stopping node instance
2019-08-08 15:10:53.108  CFY <aws> [subnet_mxe22k] Stopping node instance
2019-08-08 15:10:53.197  CFY <aws> [security_group_939kv1] Validating node instance after deletion: nothing to do
2019-08-08 15:10:53.287  CFY <aws> [subnet_mxe22k] Validating node instance after deletion: nothing to do
2019-08-08 15:10:53.381  CFY <aws> [subnet_mxe22k] Stopped node instance: nothing to do
2019-08-08 15:10:53.466  CFY <aws> [security_group_939kv1] Stopped node instance: nothing to do
2019-08-08 15:10:54.098  CFY <aws> [subnet_mxe22k] Unlinking relationships
2019-08-08 15:10:54.182  CFY <aws> [security_group_939kv1] Unlinking relationships
2019-08-08 15:10:54.567  CFY <aws> [subnet_mxe22k] Relationships unlinked
2019-08-08 15:10:54.672  CFY <aws> [subnet_mxe22k] Deleting node instance
2019-08-08 15:10:55.011  CFY <aws> [security_group_939kv1] Relationships unlinked
2019-08-08 15:10:55.791  CFY <aws> [subnet_mxe22k.delete] Sending task 'cloudify_aws.ec2.resources.subnet.delete'
2019-08-08 15:10:55.974  CFY <aws> [security_group_939kv1] Deleting node instance
2019-08-08 15:10:56.888  CFY <aws> [security_group_939kv1.delete] Sending task 'cloudify_aws.ec2.resources.securitygroup.delete'
2019-08-08 15:11:06.484  CFY <aws> [subnet_mxe22k.delete] Task failed 'cloudify_aws.ec2.resources.subnet.delete' -> An error occurred (AuthFailure) when calling the DeleteSubnet operation: AWS was not able to validate the provided access credentials
Traceback (most recent call last):
  File "/opt/mgmtworker/env/lib/python2.7/site-packages/cloudify/dispatch.py", line 813, in main
    payload = handler.handle()
  File "/opt/mgmtworker/env/lib/python2.7/site-packages/cloudify/dispatch.py", line 461, in handle
    result = self._run_operation_func(ctx, kwargs)
  File "/opt/mgmtworker/env/lib/python2.7/site-packages/cloudify/dispatch.py", line 519, in _run_operation_func
    return self.func(*self.args, **kwargs)
  File "/opt/mgmtworker/env/plugins/default_tenant/cloudify-aws-plugin-2.3.0/lib/python2.7/site-packages/cloudify_aws/common/decorators.py", line 303, in wrapper_inner
    result = function(**kwargs)
  File "/opt/mgmtworker/env/plugins/default_tenant/cloudify-aws-plugin-2.3.0/lib/python2.7/site-packages/cloudify_aws/common/decorators.py", line 491, in wrapper
    return fn(**kwargs)
  File "/opt/mgmtworker/env/plugins/default_tenant/cloudify-aws-plugin-2.3.0/lib/python2.7/site-packages/cloudify_aws/ec2/resources/subnet.py", line 176, in delete
    iface.delete(params)
  File "/opt/mgmtworker/env/plugins/default_tenant/cloudify-aws-plugin-2.3.0/lib/python2.7/site-packages/cloudify_aws/ec2/resources/subnet.py", line 80, in delete
    res = self.client.delete_subnet(**params)
  File "/opt/mgmtworker/env/plugins/default_tenant/cloudify-aws-plugin-2.3.0/lib/python2.7/site-packages/botocore/client.py", line 357, in _api_call
    return self._make_api_call(operation_name, kwargs)
  File "/opt/mgmtworker/env/plugins/default_tenant/cloudify-aws-plugin-2.3.0/lib/python2.7/site-packages/botocore/client.py", line 661, in _make_api_call
    raise error_class(parsed_response, operation_name)
ClientError: An error occurred (AuthFailure) when calling the DeleteSubnet operation: AWS was not able to validate the provided access credentials

2019-08-08 15:11:06.506  CFY <aws> [subnet_mxe22k] Deleted node instance
2019-08-08 15:11:07.576  CFY <aws> [security_group_939kv1.delete] Task failed 'cloudify_aws.ec2.resources.securitygroup.delete' -> An error occurred (AuthFailure) when calling the DeleteSecurityGroup operation: AWS was not able to validate the provided access credentials
Traceback (most recent call last):
  File "/opt/mgmtworker/env/lib/python2.7/site-packages/cloudify/dispatch.py", line 813, in main
    payload = handler.handle()
  File "/opt/mgmtworker/env/lib/python2.7/site-packages/cloudify/dispatch.py", line 461, in handle
    result = self._run_operation_func(ctx, kwargs)
  File "/opt/mgmtworker/env/lib/python2.7/site-packages/cloudify/dispatch.py", line 519, in _run_operation_func
    return self.func(*self.args, **kwargs)
  File "/opt/mgmtworker/env/plugins/default_tenant/cloudify-aws-plugin-2.3.0/lib/python2.7/site-packages/cloudify_aws/common/decorators.py", line 303, in wrapper_inner
    result = function(**kwargs)
  File "/opt/mgmtworker/env/plugins/default_tenant/cloudify-aws-plugin-2.3.0/lib/python2.7/site-packages/cloudify_aws/common/decorators.py", line 491, in wrapper
    return fn(**kwargs)
  File "/opt/mgmtworker/env/plugins/default_tenant/cloudify-aws-plugin-2.3.0/lib/python2.7/site-packages/cloudify_aws/ec2/resources/securitygroup.py", line 184, in delete
    iface.delete({GROUPID: group_id})
  File "/opt/mgmtworker/env/plugins/default_tenant/cloudify-aws-plugin-2.3.0/lib/python2.7/site-packages/cloudify_aws/ec2/resources/securitygroup.py", line 82, in delete
    res = self.client.delete_security_group(**params)
  File "/opt/mgmtworker/env/plugins/default_tenant/cloudify-aws-plugin-2.3.0/lib/python2.7/site-packages/botocore/client.py", line 357, in _api_call
    return self._make_api_call(operation_name, kwargs)
  File "/opt/mgmtworker/env/plugins/default_tenant/cloudify-aws-plugin-2.3.0/lib/python2.7/site-packages/botocore/client.py", line 661, in _make_api_call
    raise error_class(parsed_response, operation_name)
ClientError: An error occurred (AuthFailure) when calling the DeleteSecurityGroup operation: AWS was not able to validate the provided access credentials

2019-08-08 15:11:07.796  CFY <aws> [security_group_939kv1] Deleted node instance
2019-08-08 15:11:08.501  CFY <aws> [vpc_6u5frn] Stopping node instance
2019-08-08 15:11:08.682  CFY <aws> [vpc_6u5frn] Validating node instance after deletion: nothing to do
2019-08-08 15:11:08.778  CFY <aws> [vpc_6u5frn] Stopped node instance: nothing to do
2019-08-08 15:11:09.204  CFY <aws> [vpc_6u5frn] Unlinking relationships
2019-08-08 15:11:09.620  CFY <aws> [vpc_6u5frn] Relationships unlinked
2019-08-08 15:11:09.828  CFY <aws> [vpc_6u5frn] Deleting node instance
2019-08-08 15:11:10.408  CFY <aws> [vpc_6u5frn.delete] Sending task 'cloudify_aws.ec2.resources.vpc.delete'
2019-08-08 15:11:20.455  CFY <aws> [vpc_6u5frn.delete] Task failed 'cloudify_aws.ec2.resources.vpc.delete' -> An error occurred (AuthFailure) when calling the DeleteVpc operation: AWS was not able to validate the provided access credentials
Traceback (most recent call last):
  File "/opt/mgmtworker/env/lib/python2.7/site-packages/cloudify/dispatch.py", line 813, in main
    payload = handler.handle()
  File "/opt/mgmtworker/env/lib/python2.7/site-packages/cloudify/dispatch.py", line 461, in handle
    result = self._run_operation_func(ctx, kwargs)
  File "/opt/mgmtworker/env/lib/python2.7/site-packages/cloudify/dispatch.py", line 519, in _run_operation_func
    return self.func(*self.args, **kwargs)
  File "/opt/mgmtworker/env/plugins/default_tenant/cloudify-aws-plugin-2.3.0/lib/python2.7/site-packages/cloudify_aws/common/decorators.py", line 303, in wrapper_inner
    result = function(**kwargs)
  File "/opt/mgmtworker/env/plugins/default_tenant/cloudify-aws-plugin-2.3.0/lib/python2.7/site-packages/cloudify_aws/common/decorators.py", line 491, in wrapper
    return fn(**kwargs)
  File "/opt/mgmtworker/env/plugins/default_tenant/cloudify-aws-plugin-2.3.0/lib/python2.7/site-packages/cloudify_aws/ec2/resources/vpc.py", line 138, in delete
    iface.delete(params)
  File "/opt/mgmtworker/env/plugins/default_tenant/cloudify-aws-plugin-2.3.0/lib/python2.7/site-packages/cloudify_aws/ec2/resources/vpc.py", line 75, in delete
    res = self.client.delete_vpc(**params)
  File "/opt/mgmtworker/env/plugins/default_tenant/cloudify-aws-plugin-2.3.0/lib/python2.7/site-packages/botocore/client.py", line 357, in _api_call
    return self._make_api_call(operation_name, kwargs)
  File "/opt/mgmtworker/env/plugins/default_tenant/cloudify-aws-plugin-2.3.0/lib/python2.7/site-packages/botocore/client.py", line 661, in _make_api_call
    raise error_class(parsed_response, operation_name)
ClientError: An error occurred (AuthFailure) when calling the DeleteVpc operation: AWS was not able to validate the provided access credentials

2019-08-08 15:11:20.505  CFY <aws> [vpc_6u5frn] Deleted node instance
2019-08-08 15:11:21.814  CFY <aws> 'uninstall' workflow execution succeeded
Finished executing workflow uninstall on deployment aws
* Run 'cfy events list 9b0673cd-0421-43de-8ca7-541ff319c90b' to retrieve the execution's events/logs
Trying to delete deployment aws...
Deployment deleted
Deleting blueprint cloudify-wordpress-blueprint-aws...
Blueprint deleted
