Executing workflow `uninstall` on deployment `gcp` [timeout=900 seconds]
2019-08-11 02:33:52.823  CFY <gcp> Starting 'uninstall' workflow execution
2019-08-11 02:33:53.811  CFY <gcp> [config-wordpress_di0wjz->vm-app2_iiaq8u|unlink] Sending task 'cloudify_ansible.tasks.ansible_remove_host'
2019-08-11 02:33:54.834  CFY <gcp> [config-database_zygj3t] Validating node instance after deletion: nothing to do
2019-08-11 02:33:55.421  CFY <gcp> [config-wordpress_di0wjz] Validating node instance after deletion: nothing to do
2019-08-11 02:33:55.541  CFY <gcp> [firewall_axj3eg] Validating node instance after deletion: nothing to do
2019-08-11 02:33:55.573  CFY <gcp> [config-database_zygj3t->vm-database_qlfcnh|unlink] Sending task 'cloudify_ansible.tasks.ansible_remove_host'
2019-08-11 02:33:56.539  CFY <gcp> [config-database_zygj3t] Stop: instance already uninitialized
2019-08-11 02:33:56.671  CFY <gcp> [config-wordpress_di0wjz] Stop: instance already uninitialized
2019-08-11 02:33:56.784  CFY <gcp> [firewall_axj3eg] Stop: instance already uninitialized
2019-08-11 02:33:57.052  CFY <gcp> [config-wordpress_di0wjz->vm-app2_iiaq8u|unlink] Task succeeded 'cloudify_ansible.tasks.ansible_remove_host'
2019-08-11 02:33:57.232  CFY <gcp> [config-wordpress_di0wjz->vm-app1_wn4zra|unlink] Sending task 'cloudify_ansible.tasks.ansible_remove_host'
2019-08-11 02:33:58.501  CFY <gcp> [firewall_axj3eg] Delete: instance already uninitialized
2019-08-11 02:33:58.676  CFY <gcp> [config-database_zygj3t] Delete: instance already uninitialized
2019-08-11 02:33:58.816  CFY <gcp> [config-wordpress_di0wjz] Delete: instance already uninitialized
2019-08-11 02:33:59.541  CFY <gcp> [firewall_axj3eg] Deleted node instance
2019-08-11 02:34:01.107  CFY <gcp> [config-database_zygj3t] Deleted node instance
2019-08-11 02:34:01.286  CFY <gcp> [config-database_zygj3t->vm-database_qlfcnh|unlink] Task succeeded 'cloudify_ansible.tasks.ansible_remove_host'
2019-08-11 02:34:01.702  CFY <gcp> [config-wordpress_di0wjz] Deleted node instance
2019-08-11 02:34:02.318  CFY <gcp> [config-wordpress_di0wjz->vm-app1_wn4zra|unlink] Task succeeded 'cloudify_ansible.tasks.ansible_remove_host'
2019-08-11 02:34:02.843  CFY <gcp> [vm-app2_iiaq8u] Validating node instance after deletion: nothing to do
2019-08-11 02:34:02.979  CFY <gcp> [vm-app1_wn4zra] Validating node instance after deletion: nothing to do
2019-08-11 02:34:03.279  CFY <gcp> [vm-app2_iiaq8u] Stop: instance already uninitialized
2019-08-11 02:34:03.331  CFY <gcp> [vm-app1_wn4zra] Stop: instance already uninitialized
2019-08-11 02:34:03.769  CFY <gcp> [vm-app2_iiaq8u] Delete: instance already uninitialized
2019-08-11 02:34:03.836  CFY <gcp> [vm-app1_wn4zra] Delete: instance already uninitialized
2019-08-11 02:34:04.075  CFY <gcp> [vm-app2_iiaq8u] Deleted node instance
2019-08-11 02:34:04.357  CFY <gcp> [vm-app1_wn4zra] Deleted node instance
2019-08-11 02:34:04.543  CFY <gcp> [vm-database_qlfcnh] Validating node instance after deletion: nothing to do
2019-08-11 02:34:04.878  CFY <gcp> [vm-database_qlfcnh] Stop: instance already uninitialized
2019-08-11 02:34:05.358  CFY <gcp> [vm-database_qlfcnh] Delete: instance already uninitialized
2019-08-11 02:34:05.574  CFY <gcp> [vm-database_qlfcnh] Deleted node instance
2019-08-11 02:34:06.091  CFY <gcp> [subnet_02svue] Validating node instance after deletion: nothing to do
2019-08-11 02:34:06.445  CFY <gcp> [subnet_02svue] Stop: instance already uninitialized
2019-08-11 02:34:06.816  CFY <gcp> [subnet_02svue] Delete: instance already uninitialized
2019-08-11 02:34:07.142  CFY <gcp> [subnet_02svue] Deleted node instance
2019-08-11 02:34:07.463  CFY <gcp> [network_8lhtuo] Stopping node instance
2019-08-11 02:34:07.752  CFY <gcp> [network_8lhtuo] Validating node instance after deletion: nothing to do
2019-08-11 02:34:07.867  CFY <gcp> [network_8lhtuo] Stopped node instance: nothing to do
2019-08-11 02:34:08.385  CFY <gcp> [network_8lhtuo] Unlinking relationships
2019-08-11 02:34:08.666  CFY <gcp> [network_8lhtuo] Relationships unlinked
2019-08-11 02:34:09.041  CFY <gcp> [network_8lhtuo] Deleting node instance
2019-08-11 02:34:09.188  CFY <gcp> [network_8lhtuo.delete] Sending task 'cloudify_gcp.compute.network.delete'
2019-08-11 02:34:11.166  LOG <gcp> [network_8lhtuo.delete] INFO: Delete network network-8lhtuo
2019-08-11 02:34:13.031  LOG <gcp> [network_8lhtuo.delete] ERROR: Error traceback Traceback (most recent call last):
  File "/opt/mgmtworker/env/plugins/default_tenant/cloudify-gcp-plugin-1.4.4/lib/python2.7/site-packages/cloudify_gcp/utils.py", line 262, in _decorator
    return func(*args, **kwargs)
  File "/opt/mgmtworker/env/plugins/default_tenant/cloudify-gcp-plugin-1.4.4/lib/python2.7/site-packages/cloudify_gcp/compute/network.py", line 215, in delete
    utils.delete_if_not_external(network)
  File "/opt/mgmtworker/env/plugins/default_tenant/cloudify-gcp-plugin-1.4.4/lib/python2.7/site-packages/cloudify_gcp/utils.py", line 175, in delete_if_not_external
    return resource.delete()
  File "/opt/mgmtworker/env/plugins/default_tenant/cloudify-gcp-plugin-1.4.4/lib/python2.7/site-packages/cloudify_gcp/utils.py", line 233, in wrapper
    response = func(self, *args, **kwargs)
  File "/opt/mgmtworker/env/plugins/default_tenant/cloudify-gcp-plugin-1.4.4/lib/python2.7/site-packages/cloudify_gcp/gcp.py", line 34, in _decorator
    response = func(self, *args, **kwargs)
  File "/opt/mgmtworker/env/plugins/default_tenant/cloudify-gcp-plugin-1.4.4/lib/python2.7/site-packages/cloudify_gcp/compute/network.py", line 80, in delete
    network=self.name).execute()
  File "/opt/mgmtworker/env/plugins/default_tenant/cloudify-gcp-plugin-1.4.4/lib/python2.7/site-packages/oauth2client/util.py", line 137, in positional_wrapper
    return wrapped(*args, **kwargs)
  File "/opt/mgmtworker/env/plugins/default_tenant/cloudify-gcp-plugin-1.4.4/lib/python2.7/site-packages/googleapiclient/http.py", line 832, in execute
    raise HttpError(resp, content, uri=self.uri)
HttpError: <HttpError 403 when requesting https://www.googleapis.com/compute/v1/projects/orquestrators-test/global/networks/network-8lhtuo?alt=json returned "Access Not Configured. Compute Engine API has not been used in project 261970287683 before or it is disabled. Enable it by visiting https://console.developers.google.com/apis/api/compute.googleapis.com/overview?project=261970287683 then retry. If you enabled this API recently, wait a few minutes for the action to propagate to our systems and retry.">
 with message <HttpError 403 when requesting https://www.googleapis.com/compute/v1/projects/orquestrators-test/global/networks/network-8lhtuo?alt=json returned "Access Not Configured. Compute Engine API has not been used in project 261970287683 before or it is disabled. Enable it by visiting https://console.developers.google.com/apis/api/compute.googleapis.com/overview?project=261970287683 then retry. If you enabled this API recently, wait a few minutes for the action to propagate to our systems and retry.">
2019-08-11 02:34:13.031  LOG <gcp> [network_8lhtuo.delete] ERROR: Error Message 
2019-08-11 02:34:13.625  CFY <gcp> [network_8lhtuo.delete] Task failed 'cloudify_gcp.compute.network.delete'
Traceback (most recent call last):
  File "/opt/mgmtworker/env/lib/python2.7/site-packages/cloudify/dispatch.py", line 813, in main
    payload = handler.handle()
  File "/opt/mgmtworker/env/lib/python2.7/site-packages/cloudify/dispatch.py", line 461, in handle
    result = self._run_operation_func(ctx, kwargs)
  File "/opt/mgmtworker/env/lib/python2.7/site-packages/cloudify/dispatch.py", line 519, in _run_operation_func
    return self.func(*self.args, **kwargs)
  File "/opt/mgmtworker/env/plugins/default_tenant/cloudify-gcp-plugin-1.4.4/lib/python2.7/site-packages/cloudify_gcp/utils.py", line 277, in _decorator
    raise NonRecoverableError(error.message)
NonRecoverableError

2019-08-11 02:34:13.650  CFY <gcp> [network_8lhtuo] Deleted node instance
2019-08-11 02:34:14.349  CFY <gcp> 'uninstall' workflow execution succeeded
Finished executing workflow uninstall on deployment gcp
* Run 'cfy events list e21278bb-14a7-4183-8cf7-0c615e018506' to retrieve the execution's events/logs
Trying to delete deployment gcp...
Deployment deleted
Deleting blueprint cloudify-1565490729-wp-gcp...
Blueprint deleted
