[0m[1mdata.template_file.config_database: Refreshing state...[0m
[0m[1maws_key_pair.wordpress: Refreshing state... [id=wordpress][0m
[0m[1maws_vpc.default: Refreshing state... [id=vpc-0b8da6ff67a00f6bd][0m
[0m[1mdata.aws_ami.ubuntu: Refreshing state...[0m
[0m[1maws_subnet.default: Refreshing state... [id=subnet-08ef3f9f842b9d182][0m
[0m[1maws_internet_gateway.internet_gateway: Refreshing state... [id=igw-0dca5dee4c756c77e][0m
[0m[1maws_security_group.wordpress-security-group: Refreshing state... [id=sg-0b82e37fc6ef0f57f][0m
[0m[1maws_route_table.internet_route: Refreshing state... [id=rtb-0779b2d5eecc81e57][0m
[0m[1maws_network_interface.wordpress-database-network_interface: Refreshing state... [id=eni-07cfabb8a0fe2214f][0m
[0m[1maws_network_interface.wordpress-2-network_interface: Refreshing state... [id=eni-02d06d6c5725d7488][0m
[0m[1maws_network_interface.wordpress-1-network_interface: Refreshing state... [id=eni-0f5b84f7b27913413][0m
[0m[1maws_main_route_table_association.a: Refreshing state... [id=rtbassoc-0f792e92cc910644f][0m
[0m[1maws_instance.wordpress-database: Refreshing state... [id=i-0915f619efb115047][0m
[0m[1mdata.template_file.config: Refreshing state...[0m
[0m[1maws_instance.wordpress-app1: Refreshing state... [id=i-0ed6863f4013184a6][0m
[0m[1maws_instance.wordpress-app2: Refreshing state... [id=i-07042a6f2cf327710][0m
[0m[1maws_main_route_table_association.a: Destroying... [id=rtbassoc-0f792e92cc910644f][0m[0m
[0m[1maws_key_pair.wordpress: Destroying... [id=wordpress][0m[0m
[0m[1maws_instance.wordpress-app2: Destroying... [id=i-07042a6f2cf327710][0m[0m
[0m[1maws_instance.wordpress-app1: Destroying... [id=i-0ed6863f4013184a6][0m[0m
[0m[1maws_main_route_table_association.a: Destruction complete after 0s[0m[0m
[0m[1maws_key_pair.wordpress: Destruction complete after 1s[0m[0m
[0m[1maws_route_table.internet_route: Destroying... [id=rtb-0779b2d5eecc81e57][0m[0m
[0m[1maws_route_table.internet_route: Destruction complete after 2s[0m[0m
[0m[1maws_internet_gateway.internet_gateway: Destroying... [id=igw-0dca5dee4c756c77e][0m[0m
[0m[1maws_instance.wordpress-app2: Still destroying... [id=i-07042a6f2cf327710, 10s elapsed][0m[0m
[0m[1maws_instance.wordpress-app1: Still destroying... [id=i-0ed6863f4013184a6, 10s elapsed][0m[0m
[0m[1maws_internet_gateway.internet_gateway: Still destroying... [id=igw-0dca5dee4c756c77e, 10s elapsed][0m[0m
[0m[1maws_instance.wordpress-app2: Still destroying... [id=i-07042a6f2cf327710, 20s elapsed][0m[0m
[0m[1maws_instance.wordpress-app1: Still destroying... [id=i-0ed6863f4013184a6, 20s elapsed][0m[0m
[0m[1maws_instance.wordpress-app1: Destruction complete after 22s[0m[0m
[0m[1maws_instance.wordpress-app2: Destruction complete after 22s[0m[0m
[0m[1maws_network_interface.wordpress-1-network_interface: Destroying... [id=eni-0f5b84f7b27913413][0m[0m
[0m[1maws_network_interface.wordpress-2-network_interface: Destroying... [id=eni-02d06d6c5725d7488][0m[0m
[0m[1maws_instance.wordpress-database: Destroying... [id=i-0915f619efb115047][0m[0m
[0m[1maws_internet_gateway.internet_gateway: Still destroying... [id=igw-0dca5dee4c756c77e, 20s elapsed][0m[0m
[0m[1maws_network_interface.wordpress-2-network_interface: Destruction complete after 3s[0m[0m
[0m[1maws_network_interface.wordpress-1-network_interface: Destruction complete after 3s[0m[0m
[0m[1maws_instance.wordpress-database: Still destroying... [id=i-0915f619efb115047, 10s elapsed][0m[0m
[0m[1maws_internet_gateway.internet_gateway: Still destroying... [id=igw-0dca5dee4c756c77e, 30s elapsed][0m[0m
[0m[1maws_instance.wordpress-database: Still destroying... [id=i-0915f619efb115047, 20s elapsed][0m[0m
[0m[1maws_internet_gateway.internet_gateway: Still destroying... [id=igw-0dca5dee4c756c77e, 40s elapsed][0m[0m
[0m[1maws_internet_gateway.internet_gateway: Destruction complete after 45s[0m[0m
[0m[1maws_instance.wordpress-database: Still destroying... [id=i-0915f619efb115047, 30s elapsed][0m[0m
[0m[1maws_instance.wordpress-database: Destruction complete after 33s[0m[0m
[0m[1maws_network_interface.wordpress-database-network_interface: Destroying... [id=eni-07cfabb8a0fe2214f][0m[0m
[0m[1maws_network_interface.wordpress-database-network_interface: Destruction complete after 3s[0m[0m
[0m[1maws_subnet.default: Destroying... [id=subnet-08ef3f9f842b9d182][0m[0m
[0m[1maws_security_group.wordpress-security-group: Destroying... [id=sg-0b82e37fc6ef0f57f][0m[0m
[0m[1maws_security_group.wordpress-security-group: Destruction complete after 2s[0m[0m
[0m[1maws_subnet.default: Destruction complete after 2s[0m[0m
[0m[1maws_vpc.default: Destroying... [id=vpc-0b8da6ff67a00f6bd][0m[0m
[0m[1maws_vpc.default: Destruction complete after 1s[0m[0m
[0m[1m[32m
Destroy complete! Resources: 13 destroyed.[0m
