Uploading blueprint cloudify/gcp.yaml...
 gcp.yaml |############################################################| 100.0%
Blueprint uploaded. The blueprint's id is cloudify-wordpress-blueprint-gcp
Creating new deployment from blueprint cloudify-wordpress-blueprint-gcp...
Deployment created. The deployment's id is gcp
Executing workflow `install` on deployment `gcp` [timeout=900 seconds]
Deployment environment creation is pending...
2019-08-10 16:59:41.109  CFY <gcp> Starting 'create_deployment_environment' workflow execution
2019-08-10 16:59:41.114  CFY <gcp> Installing deployment and workflow plugins
2019-08-10 16:59:41.215  CFY <gcp> Sending task 'cloudify_agent.operations.install_plugins'
2019-08-10 16:59:41.230  CFY <gcp> Task started 'cloudify_agent.operations.install_plugins'
2019-08-10 16:59:41.657  LOG <gcp> INFO: Installing plugin: gcp_plugin
2019-08-10 16:59:42.865  LOG <gcp> INFO: Using existing installation of managed plugin: e0a99ba4-54d6-4741-a773-4ec378dc8634 [package_name: cloudify-gcp-plugin, package_version: 1.4.4, supported_platform: linux_x86_64, distribution: centos, distribution_release: core]
2019-08-10 16:59:42.866  LOG <gcp> INFO: Installing plugin: ansible
2019-08-10 16:59:44.623  LOG <gcp> INFO: Using existing installation of managed plugin: 7142c593-6e52-429a-8a71-55266c022e02 [package_name: cloudify-ansible-plugin, package_version: 2.4.0, supported_platform: linux_x86_64, distribution: centos, distribution_release: core]
2019-08-10 16:59:44.624  LOG <gcp> INFO: Installing plugin: suspend
2019-08-10 16:59:45.848  LOG <gcp> INFO: Using existing installation of managed plugin: 62c3cd35-5a18-49fd-a670-48f9ad207b05 [package_name: cloudify-utilities-plugin, package_version: 1.14.0, supported_platform: linux_x86_64, distribution: centos, distribution_release: core]
2019-08-10 16:59:45.848  LOG <gcp> INFO: Installing plugin: scalelist
2019-08-10 16:59:46.992  LOG <gcp> INFO: Using existing installation of managed plugin: 62c3cd35-5a18-49fd-a670-48f9ad207b05 [package_name: cloudify-utilities-plugin, package_version: 1.14.0, supported_platform: linux_x86_64, distribution: centos, distribution_release: core]
2019-08-10 16:59:46.992  LOG <gcp> INFO: Installing plugin: configuration
2019-08-10 16:59:48.308  LOG <gcp> INFO: Using existing installation of managed plugin: 62c3cd35-5a18-49fd-a670-48f9ad207b05 [package_name: cloudify-utilities-plugin, package_version: 1.14.0, supported_platform: linux_x86_64, distribution: centos, distribution_release: core]
2019-08-10 16:59:48.309  CFY <gcp> Task succeeded 'cloudify_agent.operations.install_plugins'
2019-08-10 16:59:48.374  CFY <gcp> Creating deployment work directory
2019-08-10 16:59:48.676  CFY <gcp> 'create_deployment_environment' workflow execution succeeded
2019-08-10 16:59:52.851  CFY <gcp> Starting 'install' workflow execution
2019-08-10 16:59:54.378  CFY <gcp> [network_db7mkq] Validating node instance before creation: nothing to do
2019-08-10 16:59:54.460  CFY <gcp> [network_db7mkq] Precreating node instance: nothing to do
2019-08-10 16:59:54.747  CFY <gcp> [network_db7mkq] Creating node instance
2019-08-10 16:59:55.031  CFY <gcp> [network_db7mkq.create] Sending task 'cloudify_gcp.compute.network.create'
2019-08-10 16:59:56.931  LOG <gcp> [network_db7mkq.create] INFO: Create network network-db7mkq
2019-08-10 16:59:59.550  CFY <gcp> [network_db7mkq.create] Task rescheduled 'cloudify_gcp.compute.network.create' -> Operation started
Traceback (most recent call last):
  File "/opt/mgmtworker/env/lib/python2.7/site-packages/cloudify/dispatch.py", line 813, in main
    payload = handler.handle()
  File "/opt/mgmtworker/env/lib/python2.7/site-packages/cloudify/dispatch.py", line 464, in handle
    raise ctx.operation._operation_retry
OperationRetry: Operation started

2019-08-10 17:00:14.790  CFY <gcp> [network_db7mkq.create] Sending task 'cloudify_gcp.compute.network.create' [retry 1/60]
2019-08-10 17:00:18.360  LOG <gcp> [network_db7mkq.create] INFO: Get network network-db7mkq details
2019-08-10 17:00:20.289  CFY <gcp> [network_db7mkq.create] Task succeeded 'cloudify_gcp.compute.network.create' [retry 1/60]
2019-08-10 17:00:20.526  CFY <gcp> [network_db7mkq] Node instance created
2019-08-10 17:00:20.652  CFY <gcp> [network_db7mkq] Configuring node instance: nothing to do
2019-08-10 17:00:20.737  CFY <gcp> [network_db7mkq] Starting node instance: nothing to do
2019-08-10 17:00:20.838  CFY <gcp> [network_db7mkq] Poststarting node instance: nothing to do
2019-08-10 17:00:20.938  CFY <gcp> [network_db7mkq] Node instance started
2019-08-10 17:00:22.547  CFY <gcp> [subnet_8ufeli] Validating node instance before creation
2019-08-10 17:00:22.614  CFY <gcp> [firewall_o0eqse] Validating node instance before creation: nothing to do
2019-08-10 17:00:22.754  CFY <gcp> [subnet_8ufeli.create] Sending task 'cloudify_gcp.compute.subnetwork.creation_validation'
2019-08-10 17:00:23.708  CFY <gcp> [firewall_o0eqse] Precreating node instance: nothing to do
2019-08-10 17:00:23.893  CFY <gcp> [firewall_o0eqse] Creating node instance
2019-08-10 17:00:24.493  CFY <gcp> [firewall_o0eqse.create] Sending task 'cloudify_gcp.compute.firewall.create'
2019-08-10 17:00:27.255  CFY <gcp> [subnet_8ufeli.create] Task succeeded 'cloudify_gcp.compute.subnetwork.creation_validation'
2019-08-10 17:00:27.328  CFY <gcp> [subnet_8ufeli] Node instance validated before creation
2019-08-10 17:00:27.541  CFY <gcp> [subnet_8ufeli] Precreating node instance: nothing to do
2019-08-10 17:00:27.748  CFY <gcp> [subnet_8ufeli] Creating node instance
2019-08-10 17:00:28.682  CFY <gcp> [subnet_8ufeli.create] Sending task 'cloudify_gcp.compute.subnetwork.create'
2019-08-10 17:00:29.149  LOG <gcp> [firewall_o0eqse.create] INFO: Create firewall rule firewall-o0eqse in network https://www.googleapis.com/compute/v1/projects/node2faas-248113/global/networks/network-db7mkq
2019-08-10 17:00:31.992  CFY <gcp> [firewall_o0eqse.create] Task succeeded 'cloudify_gcp.compute.firewall.create'
2019-08-10 17:00:32.245  LOG <gcp> [subnet_8ufeli.create] INFO: Create subnetwork subnet-8ufeli
2019-08-10 17:00:32.570  CFY <gcp> [firewall_o0eqse] Node instance created
2019-08-10 17:00:32.804  CFY <gcp> [firewall_o0eqse] Configuring node instance: nothing to do
2019-08-10 17:00:33.016  CFY <gcp> [firewall_o0eqse] Starting node instance: nothing to do
2019-08-10 17:00:33.111  CFY <gcp> [firewall_o0eqse] Poststarting node instance: nothing to do
2019-08-10 17:00:33.218  CFY <gcp> [firewall_o0eqse] Node instance started
2019-08-10 17:00:35.515  CFY <gcp> [subnet_8ufeli.create] Task rescheduled 'cloudify_gcp.compute.subnetwork.create' -> Operation started
Traceback (most recent call last):
  File "/opt/mgmtworker/env/lib/python2.7/site-packages/cloudify/dispatch.py", line 813, in main
    payload = handler.handle()
  File "/opt/mgmtworker/env/lib/python2.7/site-packages/cloudify/dispatch.py", line 464, in handle
    raise ctx.operation._operation_retry
OperationRetry: Operation started

2019-08-10 17:00:50.695  CFY <gcp> [subnet_8ufeli.create] Sending task 'cloudify_gcp.compute.subnetwork.create' [retry 1/60]
2019-08-10 17:00:55.125  LOG <gcp> [subnet_8ufeli.create] INFO: Get subnetwork subnet-8ufeli details
2019-08-10 17:00:56.958  CFY <gcp> [subnet_8ufeli.create] Task succeeded 'cloudify_gcp.compute.subnetwork.create' [retry 1/60]
2019-08-10 17:00:57.028  CFY <gcp> [subnet_8ufeli] Node instance created
2019-08-10 17:00:57.317  CFY <gcp> [subnet_8ufeli] Configuring node instance: nothing to do
2019-08-10 17:00:57.409  CFY <gcp> [subnet_8ufeli] Starting node instance: nothing to do
2019-08-10 17:00:57.540  CFY <gcp> [subnet_8ufeli] Poststarting node instance: nothing to do
2019-08-10 17:00:57.610  CFY <gcp> [subnet_8ufeli] Node instance started
2019-08-10 17:00:58.355  CFY <gcp> [vm-database_a3i2h9] Validating node instance before creation: nothing to do
2019-08-10 17:00:58.568  CFY <gcp> [vm-database_a3i2h9] Precreating node instance: nothing to do
2019-08-10 17:00:58.785  CFY <gcp> [vm-database_a3i2h9] Creating node instance
2019-08-10 17:00:59.520  CFY <gcp> [vm-database_a3i2h9.create] Sending task 'script_runner.tasks.run'
2019-08-10 17:01:02.624  LOG <gcp> [vm-database_a3i2h9.create] INFO: Downloaded scripts/gcp/key.py to /tmp/33OM3/key.py
2019-08-10 17:01:03.563  CFY <gcp> [vm-database_a3i2h9.create] Task succeeded 'script_runner.tasks.run'
2019-08-10 17:01:03.609  CFY <gcp> [vm-database_a3i2h9] Node instance created
2019-08-10 17:01:04.278  CFY <gcp> [vm-database_a3i2h9] Configuring node instance
2019-08-10 17:01:04.466  CFY <gcp> [vm-database_a3i2h9.configure] Sending task 'cloudify_gcp.compute.instance.create'
2019-08-10 17:01:06.915  LOG <gcp> [vm-database_a3i2h9.configure] INFO: The script is 
2019-08-10 17:01:07.235  LOG <gcp> [vm-database_a3i2h9.configure] INFO: Adding bucket to metadata
2019-08-10 17:01:07.235  LOG <gcp> [vm-database_a3i2h9.configure] INFO: Adding sshKeys to metadata
2019-08-10 17:01:10.242  CFY <gcp> [vm-database_a3i2h9.configure] Task rescheduled 'cloudify_gcp.compute.instance.create' -> Operation started
Traceback (most recent call last):
  File "/opt/mgmtworker/env/lib/python2.7/site-packages/cloudify/dispatch.py", line 813, in main
    payload = handler.handle()
  File "/opt/mgmtworker/env/lib/python2.7/site-packages/cloudify/dispatch.py", line 464, in handle
    raise ctx.operation._operation_retry
OperationRetry: Operation started

2019-08-10 17:01:25.302  CFY <gcp> [vm-database_a3i2h9.configure] Sending task 'cloudify_gcp.compute.instance.create' [retry 1/60]
2019-08-10 17:01:28.093  LOG <gcp> [vm-database_a3i2h9.configure] INFO: The script is 
2019-08-10 17:01:29.640  LOG <gcp> [vm-database_a3i2h9.configure] ERROR: Response with error {u'errors': [{u'message': u"The resource '482761649285-compute@developer.gserviceaccount.com' of type 'serviceAccount' was not found.", u'code': u'EXTERNAL_RESOURCE_NOT_FOUND'}]}
2019-08-10 17:01:29.640  LOG <gcp> [vm-database_a3i2h9.configure] ERROR: Error Message {u'errors': [{u'message': u"The resource '482761649285-compute@developer.gserviceaccount.com' of type 'serviceAccount' was not found.", u'code': u'EXTERNAL_RESOURCE_NOT_FOUND'}]}
2019-08-10 17:01:30.833  CFY <gcp> [vm-database_a3i2h9.configure] Task failed 'cloudify_gcp.compute.instance.create' -> {u'errors': [{u'message': u"The resource '482761649285-compute@developer.gserviceaccount.com' of type 'serviceAccount' was not found.", u'code': u'EXTERNAL_RESOURCE_NOT_FOUND'}]} [retry 1/60]
Traceback (most recent call last):
  File "/opt/mgmtworker/env/lib/python2.7/site-packages/cloudify/dispatch.py", line 813, in main
    payload = handler.handle()
  File "/opt/mgmtworker/env/lib/python2.7/site-packages/cloudify/dispatch.py", line 461, in handle
    result = self._run_operation_func(ctx, kwargs)
  File "/opt/mgmtworker/env/lib/python2.7/site-packages/cloudify/dispatch.py", line 519, in _run_operation_func
    return self.func(*self.args, **kwargs)
  File "/opt/mgmtworker/env/plugins/default_tenant/cloudify-gcp-plugin-1.4.4/lib/python2.7/site-packages/cloudify_gcp/utils.py", line 267, in _decorator
    raise NonRecoverableError(e.message)
NonRecoverableError: {u'errors': [{u'message': u"The resource '482761649285-compute@developer.gserviceaccount.com' of type 'serviceAccount' was not found.", u'code': u'EXTERNAL_RESOURCE_NOT_FOUND'}]}

2019-08-10 17:01:31.317  CFY <gcp> 'install' workflow execution failed: RuntimeError: Workflow failed: Task failed 'cloudify_gcp.compute.instance.create' -> {u'errors': [{u'message': u"The resource '482761649285-compute@developer.gserviceaccount.com' of type 'serviceAccount' was not found.", u'code': u'EXTERNAL_RESOURCE_NOT_FOUND'}]}
Execution of workflow install for deployment gcp failed. [error=Traceback (most recent call last):
  File "/opt/mgmtworker/env/lib/python2.7/site-packages/cloudify/dispatch.py", line 664, in _remote_workflow_child_thread
    workflow_result = self._execute_workflow_function()
  File "/opt/mgmtworker/env/lib/python2.7/site-packages/cloudify/dispatch.py", line 693, in _execute_workflow_function
    result = self.func(*self.args, **self.kwargs)
  File "/opt/mgmtworker/env/lib/python2.7/site-packages/cloudify/plugins/workflows.py", line 31, in install
    node_instances=set(ctx.node_instances))
  File "/opt/mgmtworker/env/lib/python2.7/site-packages/cloudify/plugins/lifecycle.py", line 29, in install_node_instances
    processor.install()
  File "/opt/mgmtworker/env/lib/python2.7/site-packages/cloudify/plugins/lifecycle.py", line 102, in install
    graph.execute()
  File "/opt/mgmtworker/env/lib/python2.7/site-packages/cloudify/workflows/tasks_graph.py", line 237, in execute
    raise self._error
RuntimeError: Workflow failed: Task failed 'cloudify_gcp.compute.instance.create' -> {u'errors': [{u'message': u"The resource '482761649285-compute@developer.gserviceaccount.com' of type 'serviceAccount' was not found.", u'code': u'EXTERNAL_RESOURCE_NOT_FOUND'}]}
]
* Run 'cfy events list cfccf705-9d7c-47b2-937e-bce3c46ed2d4' to retrieve the execution's events/logs
