Executing workflow `uninstall` on deployment `gcp` [timeout=900 seconds]
2019-08-11 09:51:26.821  CFY <gcp> Starting 'uninstall' workflow execution
2019-08-11 09:51:28.043  CFY <gcp> [config-database_lql4lw->vm-database_x10ix7|unlink] Sending task 'cloudify_ansible.tasks.ansible_remove_host'
2019-08-11 09:51:28.870  CFY <gcp> [config-wordpress_gc20wj] Validating node instance after deletion: nothing to do
2019-08-11 09:51:29.072  CFY <gcp> [firewall_azacbq] Validating node instance after deletion: nothing to do
2019-08-11 09:51:29.275  CFY <gcp> [config-database_lql4lw] Validating node instance after deletion: nothing to do
2019-08-11 09:51:29.476  CFY <gcp> [config-wordpress_gc20wj->vm-app2_a102b5|unlink] Sending task 'cloudify_ansible.tasks.ansible_remove_host'
2019-08-11 09:51:31.248  CFY <gcp> [config-wordpress_gc20wj] Stop: instance already uninitialized
2019-08-11 09:51:31.335  CFY <gcp> [config-database_lql4lw] Stop: instance already uninitialized
2019-08-11 09:51:31.440  CFY <gcp> [firewall_azacbq] Stop: instance already uninitialized
2019-08-11 09:51:31.807  CFY <gcp> [config-database_lql4lw->vm-database_x10ix7|unlink] Task succeeded 'cloudify_ansible.tasks.ansible_remove_host'
2019-08-11 09:51:33.028  CFY <gcp> [config-wordpress_gc20wj] Delete: instance already uninitialized
2019-08-11 09:51:33.231  CFY <gcp> [config-database_lql4lw] Delete: instance already uninitialized
2019-08-11 09:51:33.422  CFY <gcp> [firewall_azacbq] Delete: instance already uninitialized
2019-08-11 09:51:33.573  CFY <gcp> [config-wordpress_gc20wj] Deleted node instance
2019-08-11 09:51:34.036  CFY <gcp> [config-database_lql4lw] Deleted node instance
2019-08-11 09:51:35.002  CFY <gcp> [firewall_azacbq] Deleted node instance
2019-08-11 09:51:35.060  CFY <gcp> [config-wordpress_gc20wj->vm-app2_a102b5|unlink] Task succeeded 'cloudify_ansible.tasks.ansible_remove_host'
2019-08-11 09:51:35.262  CFY <gcp> [config-wordpress_gc20wj->vm-app1_6mha9v|unlink] Sending task 'cloudify_ansible.tasks.ansible_remove_host'
2019-08-11 09:51:38.109  CFY <gcp> [config-wordpress_gc20wj->vm-app1_6mha9v|unlink] Task succeeded 'cloudify_ansible.tasks.ansible_remove_host'
2019-08-11 09:51:38.453  CFY <gcp> [vm-app1_6mha9v] Validating node instance after deletion: nothing to do
2019-08-11 09:51:38.580  CFY <gcp> [vm-app2_a102b5] Validating node instance after deletion: nothing to do
2019-08-11 09:51:38.896  CFY <gcp> [vm-app2_a102b5] Stop: instance already uninitialized
2019-08-11 09:51:38.966  CFY <gcp> [vm-app1_6mha9v] Stop: instance already uninitialized
2019-08-11 09:51:39.457  CFY <gcp> [vm-app2_a102b5] Delete: instance already uninitialized
2019-08-11 09:51:39.648  CFY <gcp> [vm-app1_6mha9v] Delete: instance already uninitialized
2019-08-11 09:51:39.806  CFY <gcp> [vm-app2_a102b5] Deleted node instance
2019-08-11 09:51:40.785  CFY <gcp> [vm-app1_6mha9v] Deleted node instance
2019-08-11 09:51:41.225  CFY <gcp> [vm-database_x10ix7] Validating node instance after deletion: nothing to do
2019-08-11 09:51:41.288  CFY <gcp> [vm-database_x10ix7] Stop: instance already uninitialized
2019-08-11 09:51:41.596  CFY <gcp> [vm-database_x10ix7] Delete: instance already uninitialized
2019-08-11 09:51:41.721  CFY <gcp> [vm-database_x10ix7] Deleted node instance
2019-08-11 09:51:42.161  CFY <gcp> [subnet_k1n4s4] Validating node instance after deletion: nothing to do
2019-08-11 09:51:42.456  CFY <gcp> [subnet_k1n4s4] Stop: instance already uninitialized
2019-08-11 09:51:42.765  CFY <gcp> [subnet_k1n4s4] Delete: instance already uninitialized
2019-08-11 09:51:42.837  CFY <gcp> [subnet_k1n4s4] Deleted node instance
2019-08-11 09:51:43.532  CFY <gcp> [network_8lkqso] Stopping node instance
2019-08-11 09:51:43.708  CFY <gcp> [network_8lkqso] Validating node instance after deletion: nothing to do
2019-08-11 09:51:43.905  CFY <gcp> [network_8lkqso] Stopped node instance: nothing to do
2019-08-11 09:51:44.415  CFY <gcp> [network_8lkqso] Unlinking relationships
2019-08-11 09:51:44.764  CFY <gcp> [network_8lkqso] Relationships unlinked
2019-08-11 09:51:44.960  CFY <gcp> [network_8lkqso] Deleting node instance
2019-08-11 09:51:45.380  CFY <gcp> [network_8lkqso.delete] Sending task 'cloudify_gcp.compute.network.delete'
2019-08-11 09:51:47.633  LOG <gcp> [network_8lkqso.delete] INFO: Delete network network-8lkqso
2019-08-11 09:51:48.759  LOG <gcp> [network_8lkqso.delete] ERROR: Error traceback Traceback (most recent call last):
  File "/opt/mgmtworker/env/plugins/default_tenant/cloudify-gcp-plugin-1.4.4/lib/python2.7/site-packages/cloudify_gcp/utils.py", line 262, in _decorator
    return func(*args, **kwargs)
  File "/opt/mgmtworker/env/plugins/default_tenant/cloudify-gcp-plugin-1.4.4/lib/python2.7/site-packages/cloudify_gcp/compute/network.py", line 215, in delete
    utils.delete_if_not_external(network)
  File "/opt/mgmtworker/env/plugins/default_tenant/cloudify-gcp-plugin-1.4.4/lib/python2.7/site-packages/cloudify_gcp/utils.py", line 175, in delete_if_not_external
    return resource.delete()
  File "/opt/mgmtworker/env/plugins/default_tenant/cloudify-gcp-plugin-1.4.4/lib/python2.7/site-packages/cloudify_gcp/utils.py", line 233, in wrapper
    response = func(self, *args, **kwargs)
  File "/opt/mgmtworker/env/plugins/default_tenant/cloudify-gcp-plugin-1.4.4/lib/python2.7/site-packages/cloudify_gcp/gcp.py", line 34, in _decorator
    response = func(self, *args, **kwargs)
  File "/opt/mgmtworker/env/plugins/default_tenant/cloudify-gcp-plugin-1.4.4/lib/python2.7/site-packages/cloudify_gcp/compute/network.py", line 80, in delete
    network=self.name).execute()
  File "/opt/mgmtworker/env/plugins/default_tenant/cloudify-gcp-plugin-1.4.4/lib/python2.7/site-packages/oauth2client/util.py", line 137, in positional_wrapper
    return wrapped(*args, **kwargs)
  File "/opt/mgmtworker/env/plugins/default_tenant/cloudify-gcp-plugin-1.4.4/lib/python2.7/site-packages/googleapiclient/http.py", line 832, in execute
    raise HttpError(resp, content, uri=self.uri)
HttpError: <HttpError 403 when requesting https://www.googleapis.com/compute/v1/projects/orquestrators-test/global/networks/network-8lkqso?alt=json returned "Access Not Configured. Compute Engine API has not been used in project 261970287683 before or it is disabled. Enable it by visiting https://console.developers.google.com/apis/api/compute.googleapis.com/overview?project=261970287683 then retry. If you enabled this API recently, wait a few minutes for the action to propagate to our systems and retry.">
 with message <HttpError 403 when requesting https://www.googleapis.com/compute/v1/projects/orquestrators-test/global/networks/network-8lkqso?alt=json returned "Access Not Configured. Compute Engine API has not been used in project 261970287683 before or it is disabled. Enable it by visiting https://console.developers.google.com/apis/api/compute.googleapis.com/overview?project=261970287683 then retry. If you enabled this API recently, wait a few minutes for the action to propagate to our systems and retry.">
2019-08-11 09:51:48.759  LOG <gcp> [network_8lkqso.delete] ERROR: Error Message 
2019-08-11 09:51:49.137  CFY <gcp> [network_8lkqso.delete] Task failed 'cloudify_gcp.compute.network.delete'
Traceback (most recent call last):
  File "/opt/mgmtworker/env/lib/python2.7/site-packages/cloudify/dispatch.py", line 813, in main
    payload = handler.handle()
  File "/opt/mgmtworker/env/lib/python2.7/site-packages/cloudify/dispatch.py", line 461, in handle
    result = self._run_operation_func(ctx, kwargs)
  File "/opt/mgmtworker/env/lib/python2.7/site-packages/cloudify/dispatch.py", line 519, in _run_operation_func
    return self.func(*self.args, **kwargs)
  File "/opt/mgmtworker/env/plugins/default_tenant/cloudify-gcp-plugin-1.4.4/lib/python2.7/site-packages/cloudify_gcp/utils.py", line 277, in _decorator
    raise NonRecoverableError(error.message)
NonRecoverableError

2019-08-11 09:51:49.329  CFY <gcp> [network_8lkqso] Deleted node instance
2019-08-11 09:51:49.703  CFY <gcp> 'uninstall' workflow execution succeeded
Finished executing workflow uninstall on deployment gcp
* Run 'cfy events list fd8932d1-7345-450d-9572-dacd65dee85a' to retrieve the execution's events/logs
Trying to delete deployment gcp...
Deployment deleted
Deleting blueprint cloudify-1565516973-wp-gcp...
Blueprint deleted
