Executing workflow `uninstall` on deployment `azure` [timeout=900 seconds]
2019-08-08 14:28:24.495  CFY <azure> Starting 'uninstall' workflow execution
2019-08-08 14:28:26.124  CFY <azure> [config-wordpress_ffg2ua] Validating node instance after deletion: nothing to do
2019-08-08 14:28:26.275  CFY <azure> [config-database_5a4lgr] Validating node instance after deletion: nothing to do
2019-08-08 14:28:26.438  CFY <azure> [config-wordpress_ffg2ua->vm-app2_jo6jgs|unlink] Sending task 'cloudify_ansible.tasks.ansible_remove_host'
2019-08-08 14:28:27.871  CFY <azure> [config-database_5a4lgr->vm-database_7l9o5n|unlink] Sending task 'cloudify_ansible.tasks.ansible_remove_host'
2019-08-08 14:28:28.919  CFY <azure> [config-wordpress_ffg2ua] Stop: instance already deleted
2019-08-08 14:28:29.188  CFY <azure> [config-database_5a4lgr] Stop: instance already deleted
2019-08-08 14:28:29.458  CFY <azure> [config-wordpress_ffg2ua] Delete: instance already deleted
2019-08-08 14:28:29.772  CFY <azure> [config-database_5a4lgr] Delete: instance already deleted
2019-08-08 14:28:31.393  CFY <azure> [config-wordpress_ffg2ua->vm-app2_jo6jgs|unlink] Task succeeded 'cloudify_ansible.tasks.ansible_remove_host'
2019-08-08 14:28:31.638  CFY <azure> [config-wordpress_ffg2ua->vm-app1_mjivl2|unlink] Sending task 'cloudify_ansible.tasks.ansible_remove_host'
2019-08-08 14:28:33.849  CFY <azure> [config-database_5a4lgr->vm-database_7l9o5n|unlink] Task succeeded 'cloudify_ansible.tasks.ansible_remove_host'
2019-08-08 14:28:34.475  CFY <azure> [vm-database_7l9o5n] Validating node instance after deletion: nothing to do
2019-08-08 14:28:35.176  CFY <azure> [vm-database_7l9o5n] Stop: instance already deleted
2019-08-08 14:28:35.481  CFY <azure> [vm-database_7l9o5n] Delete: instance already deleted
2019-08-08 14:28:36.056  CFY <azure> [nic-db_7hg2tl] Validating node instance after deletion: nothing to do
2019-08-08 14:28:36.127  CFY <azure> [nic-db_7hg2tl] Stop: instance already deleted
2019-08-08 14:28:36.326  CFY <azure> [config-wordpress_ffg2ua->vm-app1_mjivl2|unlink] Task succeeded 'cloudify_ansible.tasks.ansible_remove_host'
2019-08-08 14:28:36.506  CFY <azure> [nic-db_7hg2tl] Delete: instance already deleted
2019-08-08 14:28:36.755  CFY <azure> [vm-app1_mjivl2] Validating node instance after deletion: nothing to do
2019-08-08 14:28:36.952  CFY <azure> [vm-app2_jo6jgs] Validating node instance after deletion: nothing to do
2019-08-08 14:28:37.041  CFY <azure> [ip_config-db_smuxu3] Validating node instance after deletion: nothing to do
2019-08-08 14:28:37.288  CFY <azure> [vm-app1_mjivl2] Stop: instance already deleted
2019-08-08 14:28:37.358  CFY <azure> [vm-app2_jo6jgs] Stop: instance already deleted
2019-08-08 14:28:37.439  CFY <azure> [ip_config-db_smuxu3] Stop: instance already deleted
2019-08-08 14:28:37.505  CFY <azure> [vm-app1_mjivl2] Delete: instance already deleted
2019-08-08 14:28:37.561  CFY <azure> [vm-app2_jo6jgs] Delete: instance already deleted
2019-08-08 14:28:37.691  CFY <azure> [nic1_eu5grb] Validating node instance after deletion: nothing to do
2019-08-08 14:28:37.943  CFY <azure> [ip_config-db_smuxu3] Delete: instance already deleted
2019-08-08 14:28:38.630  CFY <azure> [storage_account_cjq2uk] Validating node instance after deletion: nothing to do
2019-08-08 14:28:38.783  CFY <azure> [nic1_eu5grb] Stop: instance already deleted
2019-08-08 14:28:39.026  CFY <azure> [availability_set_6qh7lc] Validating node instance after deletion: nothing to do
2019-08-08 14:28:39.137  CFY <azure> [nic2_2d6yyj] Validating node instance after deletion: nothing to do
2019-08-08 14:28:39.287  CFY <azure> [nic1_eu5grb] Delete: instance already deleted
2019-08-08 14:28:39.409  CFY <azure> [nic2_2d6yyj] Stop: instance already deleted
2019-08-08 14:28:39.521  CFY <azure> [ip-db_y8akld] Validating node instance after deletion: nothing to do
2019-08-08 14:28:39.587  CFY <azure> [storage_account_cjq2uk] Stop: instance already deleted
2019-08-08 14:28:39.697  CFY <azure> [availability_set_6qh7lc] Stop: instance already deleted
2019-08-08 14:28:39.888  CFY <azure> [ip_config1_pmcf18] Validating node instance after deletion: nothing to do
2019-08-08 14:28:40.029  CFY <azure> [ip-db_y8akld] Stop: instance already deleted
2019-08-08 14:28:40.082  CFY <azure> [availability_set_6qh7lc] Delete: instance already deleted
2019-08-08 14:28:40.133  CFY <azure> [storage_account_cjq2uk] Delete: instance already deleted
2019-08-08 14:28:40.197  CFY <azure> [nic2_2d6yyj] Delete: instance already deleted
2019-08-08 14:28:40.291  CFY <azure> [ip-db_y8akld] Delete: instance already deleted
2019-08-08 14:28:40.439  CFY <azure> [ip_config1_pmcf18] Stop: instance already deleted
2019-08-08 14:28:40.739  CFY <azure> [network_security_group_yd5rk3] Validating node instance after deletion: nothing to do
2019-08-08 14:28:41.130  CFY <azure> [ip_config1_pmcf18] Delete: instance already deleted
2019-08-08 14:28:41.461  CFY <azure> [ip_config2_f26wdy] Validating node instance after deletion: nothing to do
2019-08-08 14:28:41.898  CFY <azure> [network_security_group_yd5rk3] Stop: instance already deleted
2019-08-08 14:28:42.313  CFY <azure> [ip_config2_f26wdy] Stop: instance already deleted
2019-08-08 14:28:42.478  CFY <azure> [ip1_ne1nc3] Validating node instance after deletion: nothing to do
2019-08-08 14:28:42.610  CFY <azure> [ip_config2_f26wdy] Delete: instance already deleted
2019-08-08 14:28:42.724  CFY <azure> [network_security_group_yd5rk3] Delete: instance already deleted
2019-08-08 14:28:42.899  CFY <azure> [ip1_ne1nc3] Stop: instance already deleted
2019-08-08 14:28:43.108  CFY <azure> [ip2_bzrzid] Validating node instance after deletion: nothing to do
2019-08-08 14:28:43.626  CFY <azure> [subnet_k2eqpx] Validating node instance after deletion: nothing to do
2019-08-08 14:28:43.728  CFY <azure> [ip1_ne1nc3] Delete: instance already deleted
2019-08-08 14:28:43.830  CFY <azure> [ip2_bzrzid] Stop: instance already deleted
2019-08-08 14:28:43.967  CFY <azure> [subnet_k2eqpx] Stop: instance already deleted
2019-08-08 14:28:44.138  CFY <azure> [ip2_bzrzid] Delete: instance already deleted
2019-08-08 14:28:44.262  CFY <azure> [subnet_k2eqpx] Delete: instance already deleted
2019-08-08 14:28:45.041  CFY <azure> [network_2amhww] Validating node instance after deletion: nothing to do
2019-08-08 14:28:45.217  CFY <azure> [network_2amhww] Stop: instance already deleted
2019-08-08 14:28:45.434  CFY <azure> [network_2amhww] Delete: instance already deleted
2019-08-08 14:28:46.188  CFY <azure> [resource_group_yeedjm] Validating node instance after deletion: nothing to do
2019-08-08 14:28:46.465  CFY <azure> [resource_group_yeedjm] Stop: instance already deleted
2019-08-08 14:28:46.676  CFY <azure> [resource_group_yeedjm] Delete: instance already deleted
2019-08-08 14:28:47.167  CFY <azure> 'uninstall' workflow execution succeeded
Finished executing workflow uninstall on deployment azure
* Run 'cfy events list e8459045-cd21-4c14-8c5d-e27b227f8d70' to retrieve the execution's events/logs
Trying to delete deployment azure...
An error occurred on the server: 400: Can't delete deployment azure - There are running or queued executions for this deployment. Running executions ids: 3ad9c03a-0ed7-4293-b1bb-adbc30354a84
