Executing workflow `uninstall` on deployment `gcp` [timeout=900 seconds]
2019-08-11 01:25:01.923  CFY <gcp> Starting 'uninstall' workflow execution
2019-08-11 01:25:03.597  CFY <gcp> [config-wordpress_ixmwqm->vm-app2_js48h1|unlink] Sending task 'cloudify_ansible.tasks.ansible_remove_host'
2019-08-11 01:25:03.822  CFY <gcp> [firewall_8i2a3i] Stopping node instance
2019-08-11 01:25:03.891  CFY <gcp> [config-wordpress_ixmwqm] Validating node instance after deletion: nothing to do
2019-08-11 01:25:04.057  CFY <gcp> [config-database_9rhmoa] Validating node instance after deletion: nothing to do
2019-08-11 01:25:05.335  CFY <gcp> [config-database_9rhmoa->vm-database_lkj0rx|unlink] Sending task 'cloudify_ansible.tasks.ansible_remove_host'
2019-08-11 01:25:06.800  CFY <gcp> [config-database_9rhmoa] Stop: instance already uninitialized
2019-08-11 01:25:07.102  CFY <gcp> [firewall_8i2a3i] Validating node instance after deletion: nothing to do
2019-08-11 01:25:07.347  CFY <gcp> [config-wordpress_ixmwqm] Stop: instance already uninitialized
2019-08-11 01:25:08.447  CFY <gcp> [firewall_8i2a3i] Stopped node instance: nothing to do
2019-08-11 01:25:09.106  CFY <gcp> [config-database_9rhmoa] Delete: instance already uninitialized
2019-08-11 01:25:09.450  CFY <gcp> [config-wordpress_ixmwqm->vm-app2_js48h1|unlink] Task succeeded 'cloudify_ansible.tasks.ansible_remove_host'
2019-08-11 01:25:09.552  CFY <gcp> [config-wordpress_ixmwqm] Delete: instance already uninitialized
2019-08-11 01:25:09.617  CFY <gcp> [config-wordpress_ixmwqm->vm-app1_k39u8v|unlink] Sending task 'cloudify_ansible.tasks.ansible_remove_host'
2019-08-11 01:25:10.014  CFY <gcp> [config-database_9rhmoa] Deleted node instance
2019-08-11 01:25:10.865  CFY <gcp> [config-database_9rhmoa->vm-database_lkj0rx|unlink] Task succeeded 'cloudify_ansible.tasks.ansible_remove_host'
2019-08-11 01:25:11.293  CFY <gcp> [firewall_8i2a3i] Unlinking relationships
2019-08-11 01:25:11.380  CFY <gcp> [config-wordpress_ixmwqm] Deleted node instance
2019-08-11 01:25:11.662  CFY <gcp> [firewall_8i2a3i] Relationships unlinked
2019-08-11 01:25:12.162  CFY <gcp> [firewall_8i2a3i] Deleting node instance
2019-08-11 01:25:12.376  CFY <gcp> [firewall_8i2a3i.delete] Sending task 'cloudify_gcp.compute.firewall.delete'
2019-08-11 01:25:13.231  CFY <gcp> [config-wordpress_ixmwqm->vm-app1_k39u8v|unlink] Task succeeded 'cloudify_ansible.tasks.ansible_remove_host'
2019-08-11 01:25:13.656  CFY <gcp> [vm-app2_js48h1] Validating node instance after deletion: nothing to do
2019-08-11 01:25:13.812  CFY <gcp> [vm-app1_k39u8v] Validating node instance after deletion: nothing to do
2019-08-11 01:25:14.282  CFY <gcp> [vm-app1_k39u8v] Stop: instance already uninitialized
2019-08-11 01:25:14.367  CFY <gcp> [vm-app2_js48h1] Stop: instance already uninitialized
2019-08-11 01:25:14.910  CFY <gcp> [vm-app1_k39u8v] Delete: instance already uninitialized
2019-08-11 01:25:15.128  CFY <gcp> [vm-app2_js48h1] Delete: instance already uninitialized
2019-08-11 01:25:15.367  CFY <gcp> [vm-app1_k39u8v] Deleted node instance
2019-08-11 01:25:15.949  LOG <gcp> [firewall_8i2a3i.delete] INFO: Delete firewall rule firewall-8i2a3i from network https://www.googleapis.com/compute/v1/projects/node2faas-248113/global/networks/network-3di4wn
2019-08-11 01:25:16.087  CFY <gcp> [vm-app2_js48h1] Deleted node instance
2019-08-11 01:25:16.991  CFY <gcp> [vm-database_lkj0rx] Stopping node instance
2019-08-11 01:25:17.161  CFY <gcp> [vm-database_lkj0rx] Validating node instance after deletion: nothing to do
2019-08-11 01:25:17.450  CFY <gcp> [vm-database_lkj0rx] Stopped node instance: nothing to do
2019-08-11 01:25:17.772  CFY <gcp> [vm-database_lkj0rx] Unlinking relationships
2019-08-11 01:25:17.991  CFY <gcp> [vm-database_lkj0rx] Relationships unlinked
2019-08-11 01:25:18.254  CFY <gcp> [vm-database_lkj0rx] Deleting node instance
2019-08-11 01:25:18.452  CFY <gcp> [vm-database_lkj0rx.delete] Sending task 'cloudify_gcp.compute.instance.delete'
2019-08-11 01:25:19.307  CFY <gcp> [firewall_8i2a3i.delete] Task succeeded 'cloudify_gcp.compute.firewall.delete'
2019-08-11 01:25:19.739  CFY <gcp> [firewall_8i2a3i] Deleted node instance
2019-08-11 01:25:20.773  LOG <gcp> [vm-database_lkj0rx.delete] INFO: Delete instance wordpressdatabase
2019-08-11 01:25:22.978  LOG <gcp> [vm-database_lkj0rx.delete] ERROR: Error traceback Traceback (most recent call last):
  File "/opt/mgmtworker/env/plugins/default_tenant/cloudify-gcp-plugin-1.4.4/lib/python2.7/site-packages/cloudify_gcp/utils.py", line 262, in _decorator
    return func(*args, **kwargs)
  File "/opt/mgmtworker/env/plugins/default_tenant/cloudify-gcp-plugin-1.4.4/lib/python2.7/site-packages/cloudify_gcp/compute/instance.py", line 457, in delete
    utils.delete_if_not_external(instance)
  File "/opt/mgmtworker/env/plugins/default_tenant/cloudify-gcp-plugin-1.4.4/lib/python2.7/site-packages/cloudify_gcp/utils.py", line 175, in delete_if_not_external
    return resource.delete()
  File "/opt/mgmtworker/env/plugins/default_tenant/cloudify-gcp-plugin-1.4.4/lib/python2.7/site-packages/cloudify_gcp/utils.py", line 233, in wrapper
    response = func(self, *args, **kwargs)
  File "/opt/mgmtworker/env/plugins/default_tenant/cloudify-gcp-plugin-1.4.4/lib/python2.7/site-packages/cloudify_gcp/gcp.py", line 34, in _decorator
    response = func(self, *args, **kwargs)
  File "/opt/mgmtworker/env/plugins/default_tenant/cloudify-gcp-plugin-1.4.4/lib/python2.7/site-packages/cloudify_gcp/compute/instance.py", line 133, in delete
    instance=self.name).execute()
  File "/opt/mgmtworker/env/plugins/default_tenant/cloudify-gcp-plugin-1.4.4/lib/python2.7/site-packages/oauth2client/util.py", line 137, in positional_wrapper
    return wrapped(*args, **kwargs)
  File "/opt/mgmtworker/env/plugins/default_tenant/cloudify-gcp-plugin-1.4.4/lib/python2.7/site-packages/googleapiclient/http.py", line 832, in execute
    raise HttpError(resp, content, uri=self.uri)
HttpError: <HttpError 404 when requesting https://www.googleapis.com/compute/v1/projects/node2faas-248113/zones/us-east4-c/instances/wordpressdatabase?alt=json returned "The resource 'projects/node2faas-248113/zones/us-east4-c/instances/wordpressdatabase' was not found">
 with message <HttpError 404 when requesting https://www.googleapis.com/compute/v1/projects/node2faas-248113/zones/us-east4-c/instances/wordpressdatabase?alt=json returned "The resource 'projects/node2faas-248113/zones/us-east4-c/instances/wordpressdatabase' was not found">
2019-08-11 01:25:22.978  LOG <gcp> [vm-database_lkj0rx.delete] ERROR: Error Message 
2019-08-11 01:25:23.439  CFY <gcp> [vm-database_lkj0rx.delete] Task failed 'cloudify_gcp.compute.instance.delete'
Traceback (most recent call last):
  File "/opt/mgmtworker/env/lib/python2.7/site-packages/cloudify/dispatch.py", line 813, in main
    payload = handler.handle()
  File "/opt/mgmtworker/env/lib/python2.7/site-packages/cloudify/dispatch.py", line 461, in handle
    result = self._run_operation_func(ctx, kwargs)
  File "/opt/mgmtworker/env/lib/python2.7/site-packages/cloudify/dispatch.py", line 519, in _run_operation_func
    return self.func(*self.args, **kwargs)
  File "/opt/mgmtworker/env/plugins/default_tenant/cloudify-gcp-plugin-1.4.4/lib/python2.7/site-packages/cloudify_gcp/utils.py", line 277, in _decorator
    raise NonRecoverableError(error.message)
NonRecoverableError

2019-08-11 01:25:23.595  CFY <gcp> [vm-database_lkj0rx] Deleted node instance
2019-08-11 01:25:23.865  CFY <gcp> [subnet_bf0ne9] Stopping node instance
2019-08-11 01:25:24.189  CFY <gcp> [subnet_bf0ne9] Validating node instance after deletion: nothing to do
2019-08-11 01:25:24.408  CFY <gcp> [subnet_bf0ne9] Stopped node instance: nothing to do
2019-08-11 01:25:24.790  CFY <gcp> [subnet_bf0ne9] Unlinking relationships
2019-08-11 01:25:25.185  CFY <gcp> [subnet_bf0ne9] Relationships unlinked
2019-08-11 01:25:25.307  CFY <gcp> [subnet_bf0ne9] Deleting node instance
2019-08-11 01:25:25.637  CFY <gcp> [subnet_bf0ne9.delete] Sending task 'cloudify_gcp.compute.subnetwork.delete'
2019-08-11 01:25:27.486  LOG <gcp> [subnet_bf0ne9.delete] INFO: Delete subnetwork subnet-bf0ne9
2019-08-11 01:25:29.975  CFY <gcp> [subnet_bf0ne9.delete] Task rescheduled 'cloudify_gcp.compute.subnetwork.delete' -> Operation started
Traceback (most recent call last):
  File "/opt/mgmtworker/env/lib/python2.7/site-packages/cloudify/dispatch.py", line 813, in main
    payload = handler.handle()
  File "/opt/mgmtworker/env/lib/python2.7/site-packages/cloudify/dispatch.py", line 464, in handle
    raise ctx.operation._operation_retry
OperationRetry: Operation started

2019-08-11 01:25:45.090  CFY <gcp> [subnet_bf0ne9.delete] Sending task 'cloudify_gcp.compute.subnetwork.delete' [retry 1/60]
2019-08-11 01:25:49.772  CFY <gcp> [subnet_bf0ne9.delete] Task succeeded 'cloudify_gcp.compute.subnetwork.delete' [retry 1/60]
2019-08-11 01:25:49.874  CFY <gcp> [subnet_bf0ne9] Deleted node instance
2019-08-11 01:25:50.540  CFY <gcp> [network_3di4wn] Stopping node instance
2019-08-11 01:25:50.611  CFY <gcp> [network_3di4wn] Validating node instance after deletion: nothing to do
2019-08-11 01:25:50.735  CFY <gcp> [network_3di4wn] Stopped node instance: nothing to do
2019-08-11 01:25:51.154  CFY <gcp> [network_3di4wn] Unlinking relationships
2019-08-11 01:25:51.950  CFY <gcp> [network_3di4wn] Relationships unlinked
2019-08-11 01:25:52.368  CFY <gcp> [network_3di4wn] Deleting node instance
2019-08-11 01:25:52.620  CFY <gcp> [network_3di4wn.delete] Sending task 'cloudify_gcp.compute.network.delete'
2019-08-11 01:25:56.410  LOG <gcp> [network_3di4wn.delete] INFO: Delete network network-3di4wn
2019-08-11 01:25:58.678  CFY <gcp> [network_3di4wn.delete] Task rescheduled 'cloudify_gcp.compute.network.delete' -> Operation started
Traceback (most recent call last):
  File "/opt/mgmtworker/env/lib/python2.7/site-packages/cloudify/dispatch.py", line 813, in main
    payload = handler.handle()
  File "/opt/mgmtworker/env/lib/python2.7/site-packages/cloudify/dispatch.py", line 464, in handle
    raise ctx.operation._operation_retry
OperationRetry: Operation started

2019-08-11 01:26:18.814  CFY <gcp> [network_3di4wn.delete] Sending task 'cloudify_gcp.compute.network.delete' [retry 1/60]
2019-08-11 01:26:23.274  CFY <gcp> [network_3di4wn.delete] Task rescheduled 'cloudify_gcp.compute.network.delete' -> Operation not completed yet: RUNNING [retry_after=30] [retry 1/60]
Traceback (most recent call last):
  File "/opt/mgmtworker/env/lib/python2.7/site-packages/cloudify/dispatch.py", line 813, in main
    payload = handler.handle()
  File "/opt/mgmtworker/env/lib/python2.7/site-packages/cloudify/dispatch.py", line 464, in handle
    raise ctx.operation._operation_retry
OperationRetry: Operation not completed yet: RUNNING [retry_after=30]

2019-08-11 01:26:54.094  CFY <gcp> [network_3di4wn.delete] Sending task 'cloudify_gcp.compute.network.delete' [retry 2/60]
2019-08-11 01:27:01.673  CFY <gcp> [network_3di4wn.delete] Task succeeded 'cloudify_gcp.compute.network.delete' [retry 2/60]
2019-08-11 01:27:01.734  CFY <gcp> [network_3di4wn] Deleted node instance
2019-08-11 01:27:03.215  CFY <gcp> 'uninstall' workflow execution succeeded
Finished executing workflow uninstall on deployment gcp
* Run 'cfy events list affba1ec-52ec-4a7d-bc22-7e03d1aae0d6' to retrieve the execution's events/logs
Trying to delete deployment gcp...
Deployment deleted
Deleting blueprint cloudify-1565486454-wp-gcp...
Blueprint deleted
