Executing workflow `uninstall` on deployment `gcp` [timeout=900 seconds]
2019-08-10 22:37:45.702  CFY <gcp> Starting 'uninstall' workflow execution
2019-08-10 22:37:46.540  CFY <gcp> [config-wordpress_gl2m1y] Validating node instance after deletion: nothing to do
2019-08-10 22:37:46.985  CFY <gcp> [config-database_tjjipi] Validating node instance after deletion: nothing to do
2019-08-10 22:37:47.044  CFY <gcp> [config-wordpress_gl2m1y->vm-app2_6nj9t4|unlink] Sending task 'cloudify_ansible.tasks.ansible_remove_host'
2019-08-10 22:37:47.099  CFY <gcp> [firewall_r8fmq9] Validating node instance after deletion: nothing to do
2019-08-10 22:37:48.025  CFY <gcp> [config-database_tjjipi->vm-database_7vob74|unlink] Sending task 'cloudify_ansible.tasks.ansible_remove_host'
2019-08-10 22:37:49.021  CFY <gcp> [config-wordpress_gl2m1y] Stop: instance already uninitialized
2019-08-10 22:37:49.135  CFY <gcp> [firewall_r8fmq9] Stop: instance already uninitialized
2019-08-10 22:37:49.264  CFY <gcp> [config-database_tjjipi] Stop: instance already uninitialized
2019-08-10 22:37:51.028  CFY <gcp> [config-wordpress_gl2m1y] Delete: instance already uninitialized
2019-08-10 22:37:51.176  CFY <gcp> [firewall_r8fmq9] Delete: instance already uninitialized
2019-08-10 22:37:51.256  CFY <gcp> [config-database_tjjipi] Delete: instance already uninitialized
2019-08-10 22:37:51.339  CFY <gcp> [config-wordpress_gl2m1y] Deleted node instance
2019-08-10 22:37:51.930  CFY <gcp> [config-wordpress_gl2m1y->vm-app2_6nj9t4|unlink] Task succeeded 'cloudify_ansible.tasks.ansible_remove_host'
2019-08-10 22:37:52.176  CFY <gcp> [config-wordpress_gl2m1y->vm-app1_yh49bs|unlink] Sending task 'cloudify_ansible.tasks.ansible_remove_host'
2019-08-10 22:37:52.289  CFY <gcp> [config-database_tjjipi] Deleted node instance
2019-08-10 22:37:53.202  CFY <gcp> [firewall_r8fmq9] Deleted node instance
2019-08-10 22:37:53.716  CFY <gcp> [config-database_tjjipi->vm-database_7vob74|unlink] Task succeeded 'cloudify_ansible.tasks.ansible_remove_host'
2019-08-10 22:37:55.375  CFY <gcp> [config-wordpress_gl2m1y->vm-app1_yh49bs|unlink] Task succeeded 'cloudify_ansible.tasks.ansible_remove_host'
2019-08-10 22:37:55.660  CFY <gcp> [vm-app2_6nj9t4] Validating node instance after deletion: nothing to do
2019-08-10 22:37:56.154  CFY <gcp> [vm-app1_yh49bs] Validating node instance after deletion: nothing to do
2019-08-10 22:37:56.377  CFY <gcp> [vm-app2_6nj9t4] Stop: instance already uninitialized
2019-08-10 22:37:56.453  CFY <gcp> [vm-app1_yh49bs] Stop: instance already uninitialized
2019-08-10 22:37:56.869  CFY <gcp> [vm-app2_6nj9t4] Delete: instance already uninitialized
2019-08-10 22:37:56.995  CFY <gcp> [vm-app1_yh49bs] Delete: instance already uninitialized
2019-08-10 22:37:57.049  CFY <gcp> [vm-app2_6nj9t4] Deleted node instance
2019-08-10 22:37:57.268  CFY <gcp> [vm-app1_yh49bs] Deleted node instance
2019-08-10 22:37:57.674  CFY <gcp> [vm-database_7vob74] Validating node instance after deletion: nothing to do
2019-08-10 22:37:57.958  CFY <gcp> [vm-database_7vob74] Stop: instance already uninitialized
2019-08-10 22:37:58.235  CFY <gcp> [vm-database_7vob74] Delete: instance already uninitialized
2019-08-10 22:37:58.329  CFY <gcp> [vm-database_7vob74] Deleted node instance
2019-08-10 22:37:58.775  CFY <gcp> [subnet_3xd8tb] Validating node instance after deletion: nothing to do
2019-08-10 22:37:58.932  CFY <gcp> [subnet_3xd8tb] Stop: instance already uninitialized
2019-08-10 22:37:59.367  CFY <gcp> [subnet_3xd8tb] Delete: instance already uninitialized
2019-08-10 22:37:59.583  CFY <gcp> [subnet_3xd8tb] Deleted node instance
2019-08-10 22:38:00.064  CFY <gcp> [network_d4dpmp] Stopping node instance
2019-08-10 22:38:00.520  CFY <gcp> [network_d4dpmp] Validating node instance after deletion: nothing to do
2019-08-10 22:38:00.847  CFY <gcp> [network_d4dpmp] Stopped node instance: nothing to do
2019-08-10 22:38:01.115  CFY <gcp> [network_d4dpmp] Unlinking relationships
2019-08-10 22:38:01.382  CFY <gcp> [network_d4dpmp] Relationships unlinked
2019-08-10 22:38:01.515  CFY <gcp> [network_d4dpmp] Deleting node instance
2019-08-10 22:38:01.947  CFY <gcp> [network_d4dpmp.delete] Sending task 'cloudify_gcp.compute.network.delete'
2019-08-10 22:38:04.415  LOG <gcp> [network_d4dpmp.delete] INFO: Delete network network-d4dpmp
2019-08-10 22:38:05.733  LOG <gcp> [network_d4dpmp.delete] ERROR: Error traceback Traceback (most recent call last):
  File "/opt/mgmtworker/env/plugins/default_tenant/cloudify-gcp-plugin-1.4.4/lib/python2.7/site-packages/cloudify_gcp/utils.py", line 262, in _decorator
    return func(*args, **kwargs)
  File "/opt/mgmtworker/env/plugins/default_tenant/cloudify-gcp-plugin-1.4.4/lib/python2.7/site-packages/cloudify_gcp/compute/network.py", line 215, in delete
    utils.delete_if_not_external(network)
  File "/opt/mgmtworker/env/plugins/default_tenant/cloudify-gcp-plugin-1.4.4/lib/python2.7/site-packages/cloudify_gcp/utils.py", line 175, in delete_if_not_external
    return resource.delete()
  File "/opt/mgmtworker/env/plugins/default_tenant/cloudify-gcp-plugin-1.4.4/lib/python2.7/site-packages/cloudify_gcp/utils.py", line 233, in wrapper
    response = func(self, *args, **kwargs)
  File "/opt/mgmtworker/env/plugins/default_tenant/cloudify-gcp-plugin-1.4.4/lib/python2.7/site-packages/cloudify_gcp/gcp.py", line 34, in _decorator
    response = func(self, *args, **kwargs)
  File "/opt/mgmtworker/env/plugins/default_tenant/cloudify-gcp-plugin-1.4.4/lib/python2.7/site-packages/cloudify_gcp/compute/network.py", line 80, in delete
    network=self.name).execute()
  File "/opt/mgmtworker/env/plugins/default_tenant/cloudify-gcp-plugin-1.4.4/lib/python2.7/site-packages/oauth2client/util.py", line 137, in positional_wrapper
    return wrapped(*args, **kwargs)
  File "/opt/mgmtworker/env/plugins/default_tenant/cloudify-gcp-plugin-1.4.4/lib/python2.7/site-packages/googleapiclient/http.py", line 832, in execute
    raise HttpError(resp, content, uri=self.uri)
HttpError: <HttpError 404 when requesting https://www.googleapis.com/compute/v1/projects/node2faas-248113/global/networks/network-d4dpmp?alt=json returned "The resource 'projects/node2faas-248113/global/networks/network-d4dpmp' was not found">
 with message <HttpError 404 when requesting https://www.googleapis.com/compute/v1/projects/node2faas-248113/global/networks/network-d4dpmp?alt=json returned "The resource 'projects/node2faas-248113/global/networks/network-d4dpmp' was not found">
2019-08-10 22:38:05.733  LOG <gcp> [network_d4dpmp.delete] ERROR: Error Message 
2019-08-10 22:38:06.379  CFY <gcp> [network_d4dpmp.delete] Task failed 'cloudify_gcp.compute.network.delete'
Traceback (most recent call last):
  File "/opt/mgmtworker/env/lib/python2.7/site-packages/cloudify/dispatch.py", line 813, in main
    payload = handler.handle()
  File "/opt/mgmtworker/env/lib/python2.7/site-packages/cloudify/dispatch.py", line 461, in handle
    result = self._run_operation_func(ctx, kwargs)
  File "/opt/mgmtworker/env/lib/python2.7/site-packages/cloudify/dispatch.py", line 519, in _run_operation_func
    return self.func(*self.args, **kwargs)
  File "/opt/mgmtworker/env/plugins/default_tenant/cloudify-gcp-plugin-1.4.4/lib/python2.7/site-packages/cloudify_gcp/utils.py", line 277, in _decorator
    raise NonRecoverableError(error.message)
NonRecoverableError

2019-08-10 22:38:06.538  CFY <gcp> [network_d4dpmp] Deleted node instance
2019-08-10 22:38:06.865  CFY <gcp> 'uninstall' workflow execution succeeded
Finished executing workflow uninstall on deployment gcp
* Run 'cfy events list fb16b327-3ee3-4d84-949b-31e625f6a72e' to retrieve the execution's events/logs
Trying to delete deployment gcp...
Deployment deleted
Deleting blueprint cloudify-wordpress-blueprint-gcp...
Blueprint deleted
