Uploading blueprint cloudify/gcp.yaml...
 gcp.yaml |############################################################| 100.0%
Blueprint uploaded. The blueprint's id is cloudify-wordpress-blueprint-gcp
Creating new deployment from blueprint cloudify-wordpress-blueprint-gcp...
Deployment created. The deployment's id is gcp
Executing workflow `install` on deployment `gcp` [timeout=900 seconds]
Deployment environment creation is pending...
2019-08-10 16:25:44.689  CFY <gcp> Starting 'create_deployment_environment' workflow execution
2019-08-10 16:25:44.693  CFY <gcp> Installing deployment and workflow plugins
2019-08-10 16:25:44.794  CFY <gcp> Sending task 'cloudify_agent.operations.install_plugins'
2019-08-10 16:25:44.810  CFY <gcp> Task started 'cloudify_agent.operations.install_plugins'
2019-08-10 16:25:45.167  LOG <gcp> INFO: Installing plugin: gcp_plugin
2019-08-10 16:25:45.990  LOG <gcp> INFO: Using existing installation of managed plugin: e0a99ba4-54d6-4741-a773-4ec378dc8634 [package_name: cloudify-gcp-plugin, package_version: 1.4.4, supported_platform: linux_x86_64, distribution: centos, distribution_release: core]
2019-08-10 16:25:45.990  LOG <gcp> INFO: Installing plugin: ansible
2019-08-10 16:25:47.061  LOG <gcp> INFO: Using existing installation of managed plugin: 7142c593-6e52-429a-8a71-55266c022e02 [package_name: cloudify-ansible-plugin, package_version: 2.4.0, supported_platform: linux_x86_64, distribution: centos, distribution_release: core]
2019-08-10 16:25:47.061  LOG <gcp> INFO: Installing plugin: suspend
2019-08-10 16:25:48.065  LOG <gcp> INFO: Using existing installation of managed plugin: 62c3cd35-5a18-49fd-a670-48f9ad207b05 [package_name: cloudify-utilities-plugin, package_version: 1.14.0, supported_platform: linux_x86_64, distribution: centos, distribution_release: core]
2019-08-10 16:25:48.065  LOG <gcp> INFO: Installing plugin: scalelist
2019-08-10 16:25:48.931  LOG <gcp> INFO: Using existing installation of managed plugin: 62c3cd35-5a18-49fd-a670-48f9ad207b05 [package_name: cloudify-utilities-plugin, package_version: 1.14.0, supported_platform: linux_x86_64, distribution: centos, distribution_release: core]
2019-08-10 16:25:48.931  LOG <gcp> INFO: Installing plugin: configuration
2019-08-10 16:25:49.783  CFY <gcp> Task succeeded 'cloudify_agent.operations.install_plugins'
2019-08-10 16:25:49.783  LOG <gcp> INFO: Using existing installation of managed plugin: 62c3cd35-5a18-49fd-a670-48f9ad207b05 [package_name: cloudify-utilities-plugin, package_version: 1.14.0, supported_platform: linux_x86_64, distribution: centos, distribution_release: core]
2019-08-10 16:25:49.849  CFY <gcp> Creating deployment work directory
2019-08-10 16:25:50.117  CFY <gcp> 'create_deployment_environment' workflow execution succeeded
2019-08-10 16:25:53.032  CFY <gcp> Starting 'install' workflow execution
2019-08-10 16:25:54.517  CFY <gcp> [network_k0z4wp] Validating node instance before creation: nothing to do
2019-08-10 16:25:54.646  CFY <gcp> [network_k0z4wp] Precreating node instance: nothing to do
2019-08-10 16:25:54.917  CFY <gcp> [network_k0z4wp] Creating node instance
2019-08-10 16:25:55.088  CFY <gcp> [network_k0z4wp.create] Sending task 'cloudify_gcp.compute.network.create'
2019-08-10 16:25:57.408  LOG <gcp> [network_k0z4wp.create] INFO: Create network network-k0z4wp
2019-08-10 16:25:59.859  CFY <gcp> [network_k0z4wp.create] Task rescheduled 'cloudify_gcp.compute.network.create' -> Operation started
Traceback (most recent call last):
  File "/opt/mgmtworker/env/lib/python2.7/site-packages/cloudify/dispatch.py", line 813, in main
    payload = handler.handle()
  File "/opt/mgmtworker/env/lib/python2.7/site-packages/cloudify/dispatch.py", line 464, in handle
    raise ctx.operation._operation_retry
OperationRetry: Operation started

2019-08-10 16:26:15.055  CFY <gcp> [network_k0z4wp.create] Sending task 'cloudify_gcp.compute.network.create' [retry 1/60]
2019-08-10 16:26:18.885  LOG <gcp> [network_k0z4wp.create] INFO: Get network network-k0z4wp details
2019-08-10 16:26:20.481  CFY <gcp> [network_k0z4wp.create] Task succeeded 'cloudify_gcp.compute.network.create' [retry 1/60]
2019-08-10 16:26:20.769  CFY <gcp> [network_k0z4wp] Node instance created
2019-08-10 16:26:20.969  CFY <gcp> [network_k0z4wp] Configuring node instance: nothing to do
2019-08-10 16:26:21.043  CFY <gcp> [network_k0z4wp] Starting node instance: nothing to do
2019-08-10 16:26:21.143  CFY <gcp> [network_k0z4wp] Poststarting node instance: nothing to do
2019-08-10 16:26:21.355  CFY <gcp> [network_k0z4wp] Node instance started
2019-08-10 16:26:22.805  CFY <gcp> [firewall_nhd0nu] Validating node instance before creation: nothing to do
2019-08-10 16:26:22.930  CFY <gcp> [subnet_422o3x] Validating node instance before creation
2019-08-10 16:26:23.074  CFY <gcp> [firewall_nhd0nu] Precreating node instance: nothing to do
2019-08-10 16:26:23.207  CFY <gcp> [subnet_422o3x.create] Sending task 'cloudify_gcp.compute.subnetwork.creation_validation'
2019-08-10 16:26:24.158  CFY <gcp> [firewall_nhd0nu] Creating node instance
2019-08-10 16:26:25.034  CFY <gcp> [firewall_nhd0nu.create] Sending task 'cloudify_gcp.compute.firewall.create'
2019-08-10 16:26:28.297  CFY <gcp> [subnet_422o3x.create] Task succeeded 'cloudify_gcp.compute.subnetwork.creation_validation'
2019-08-10 16:26:28.373  CFY <gcp> [subnet_422o3x] Node instance validated before creation
2019-08-10 16:26:28.570  CFY <gcp> [subnet_422o3x] Precreating node instance: nothing to do
2019-08-10 16:26:28.877  CFY <gcp> [subnet_422o3x] Creating node instance
2019-08-10 16:26:28.976  LOG <gcp> [firewall_nhd0nu.create] INFO: Create firewall rule firewall-nhd0nu in network https://www.googleapis.com/compute/v1/projects/node2faas-248113/global/networks/network-k0z4wp
2019-08-10 16:26:29.613  CFY <gcp> [subnet_422o3x.create] Sending task 'cloudify_gcp.compute.subnetwork.create'
2019-08-10 16:26:32.069  LOG <gcp> [subnet_422o3x.create] INFO: Create subnetwork subnet-422o3x
2019-08-10 16:26:32.475  CFY <gcp> [firewall_nhd0nu.create] Task succeeded 'cloudify_gcp.compute.firewall.create'
2019-08-10 16:26:32.520  CFY <gcp> [firewall_nhd0nu] Node instance created
2019-08-10 16:26:33.364  CFY <gcp> [firewall_nhd0nu] Configuring node instance: nothing to do
2019-08-10 16:26:33.566  CFY <gcp> [firewall_nhd0nu] Starting node instance: nothing to do
2019-08-10 16:26:33.648  CFY <gcp> [firewall_nhd0nu] Poststarting node instance: nothing to do
2019-08-10 16:26:34.133  CFY <gcp> [firewall_nhd0nu] Node instance started
2019-08-10 16:26:35.337  CFY <gcp> [subnet_422o3x.create] Task rescheduled 'cloudify_gcp.compute.subnetwork.create' -> Operation started
Traceback (most recent call last):
  File "/opt/mgmtworker/env/lib/python2.7/site-packages/cloudify/dispatch.py", line 813, in main
    payload = handler.handle()
  File "/opt/mgmtworker/env/lib/python2.7/site-packages/cloudify/dispatch.py", line 464, in handle
    raise ctx.operation._operation_retry
OperationRetry: Operation started

2019-08-10 16:26:50.426  CFY <gcp> [subnet_422o3x.create] Sending task 'cloudify_gcp.compute.subnetwork.create' [retry 1/60]
2019-08-10 16:26:54.627  LOG <gcp> [subnet_422o3x.create] INFO: Get subnetwork subnet-422o3x details
2019-08-10 16:26:56.312  CFY <gcp> [subnet_422o3x.create] Task succeeded 'cloudify_gcp.compute.subnetwork.create' [retry 1/60]
2019-08-10 16:26:56.833  CFY <gcp> [subnet_422o3x] Node instance created
2019-08-10 16:26:57.047  CFY <gcp> [subnet_422o3x] Configuring node instance: nothing to do
2019-08-10 16:26:57.245  CFY <gcp> [subnet_422o3x] Starting node instance: nothing to do
2019-08-10 16:26:57.437  CFY <gcp> [subnet_422o3x] Poststarting node instance: nothing to do
2019-08-10 16:26:57.533  CFY <gcp> [subnet_422o3x] Node instance started
2019-08-10 16:26:58.383  CFY <gcp> [vm-database_rh9sm7] Validating node instance before creation: nothing to do
2019-08-10 16:26:58.645  CFY <gcp> [vm-database_rh9sm7] Precreating node instance: nothing to do
2019-08-10 16:26:59.033  CFY <gcp> [vm-database_rh9sm7] Creating node instance
2019-08-10 16:26:59.172  CFY <gcp> [vm-database_rh9sm7.create] Sending task 'script_runner.tasks.run'
2019-08-10 16:27:01.299  LOG <gcp> [vm-database_rh9sm7.create] INFO: Downloaded scripts/gcp/key.py to /tmp/22DJY/key.py
2019-08-10 16:27:02.042  CFY <gcp> [vm-database_rh9sm7.create] Task succeeded 'script_runner.tasks.run'
2019-08-10 16:27:02.322  CFY <gcp> [vm-database_rh9sm7] Node instance created
2019-08-10 16:27:02.596  CFY <gcp> [vm-database_rh9sm7] Configuring node instance
2019-08-10 16:27:02.770  CFY <gcp> [vm-database_rh9sm7.configure] Sending task 'cloudify_gcp.compute.instance.create'
2019-08-10 16:27:05.208  LOG <gcp> [vm-database_rh9sm7.configure] INFO: The script is 
2019-08-10 16:27:05.540  LOG <gcp> [vm-database_rh9sm7.configure] INFO: Adding bucket to metadata
2019-08-10 16:27:05.540  LOG <gcp> [vm-database_rh9sm7.configure] INFO: Adding sshKeys to metadata
2019-08-10 16:27:08.206  CFY <gcp> [vm-database_rh9sm7.configure] Task rescheduled 'cloudify_gcp.compute.instance.create' -> Operation started
Traceback (most recent call last):
  File "/opt/mgmtworker/env/lib/python2.7/site-packages/cloudify/dispatch.py", line 813, in main
    payload = handler.handle()
  File "/opt/mgmtworker/env/lib/python2.7/site-packages/cloudify/dispatch.py", line 464, in handle
    raise ctx.operation._operation_retry
OperationRetry: Operation started

2019-08-10 16:27:23.267  CFY <gcp> [vm-database_rh9sm7.configure] Sending task 'cloudify_gcp.compute.instance.create' [retry 1/60]
2019-08-10 16:27:25.645  LOG <gcp> [vm-database_rh9sm7.configure] INFO: The script is 
2019-08-10 16:27:27.088  LOG <gcp> [vm-database_rh9sm7.configure] ERROR: Response with error {u'errors': [{u'message': u"The resource '482761649285-compute@developer.gserviceaccount.com' of type 'serviceAccount' was not found.", u'code': u'EXTERNAL_RESOURCE_NOT_FOUND'}]}
2019-08-10 16:27:27.088  LOG <gcp> [vm-database_rh9sm7.configure] ERROR: Error Message {u'errors': [{u'message': u"The resource '482761649285-compute@developer.gserviceaccount.com' of type 'serviceAccount' was not found.", u'code': u'EXTERNAL_RESOURCE_NOT_FOUND'}]}
2019-08-10 16:27:27.847  CFY <gcp> [vm-database_rh9sm7.configure] Task failed 'cloudify_gcp.compute.instance.create' -> {u'errors': [{u'message': u"The resource '482761649285-compute@developer.gserviceaccount.com' of type 'serviceAccount' was not found.", u'code': u'EXTERNAL_RESOURCE_NOT_FOUND'}]} [retry 1/60]
Traceback (most recent call last):
  File "/opt/mgmtworker/env/lib/python2.7/site-packages/cloudify/dispatch.py", line 813, in main
    payload = handler.handle()
  File "/opt/mgmtworker/env/lib/python2.7/site-packages/cloudify/dispatch.py", line 461, in handle
    result = self._run_operation_func(ctx, kwargs)
  File "/opt/mgmtworker/env/lib/python2.7/site-packages/cloudify/dispatch.py", line 519, in _run_operation_func
    return self.func(*self.args, **kwargs)
  File "/opt/mgmtworker/env/plugins/default_tenant/cloudify-gcp-plugin-1.4.4/lib/python2.7/site-packages/cloudify_gcp/utils.py", line 267, in _decorator
    raise NonRecoverableError(e.message)
NonRecoverableError: {u'errors': [{u'message': u"The resource '482761649285-compute@developer.gserviceaccount.com' of type 'serviceAccount' was not found.", u'code': u'EXTERNAL_RESOURCE_NOT_FOUND'}]}

2019-08-10 16:27:28.270  CFY <gcp> 'install' workflow execution failed: RuntimeError: Workflow failed: Task failed 'cloudify_gcp.compute.instance.create' -> {u'errors': [{u'message': u"The resource '482761649285-compute@developer.gserviceaccount.com' of type 'serviceAccount' was not found.", u'code': u'EXTERNAL_RESOURCE_NOT_FOUND'}]}
Execution of workflow install for deployment gcp failed. [error=Traceback (most recent call last):
  File "/opt/mgmtworker/env/lib/python2.7/site-packages/cloudify/dispatch.py", line 664, in _remote_workflow_child_thread
    workflow_result = self._execute_workflow_function()
  File "/opt/mgmtworker/env/lib/python2.7/site-packages/cloudify/dispatch.py", line 693, in _execute_workflow_function
    result = self.func(*self.args, **self.kwargs)
  File "/opt/mgmtworker/env/lib/python2.7/site-packages/cloudify/plugins/workflows.py", line 31, in install
    node_instances=set(ctx.node_instances))
  File "/opt/mgmtworker/env/lib/python2.7/site-packages/cloudify/plugins/lifecycle.py", line 29, in install_node_instances
    processor.install()
  File "/opt/mgmtworker/env/lib/python2.7/site-packages/cloudify/plugins/lifecycle.py", line 102, in install
    graph.execute()
  File "/opt/mgmtworker/env/lib/python2.7/site-packages/cloudify/workflows/tasks_graph.py", line 237, in execute
    raise self._error
RuntimeError: Workflow failed: Task failed 'cloudify_gcp.compute.instance.create' -> {u'errors': [{u'message': u"The resource '482761649285-compute@developer.gserviceaccount.com' of type 'serviceAccount' was not found.", u'code': u'EXTERNAL_RESOURCE_NOT_FOUND'}]}
]
* Run 'cfy events list a18d6ef7-bd42-4264-9631-fca6f56187e7' to retrieve the execution's events/logs
