Executing workflow `uninstall` on deployment `gcp` [timeout=900 seconds]
2019-08-10 17:11:17.285  CFY <gcp> Starting 'uninstall' workflow execution
2019-08-10 17:11:18.508  CFY <gcp> [config-wordpress_16ezd9->vm-app2_emjwsz|unlink] Sending task 'cloudify_ansible.tasks.ansible_remove_host'
2019-08-10 17:11:19.334  CFY <gcp> [config-database_8b0i9z] Validating node instance after deletion: nothing to do
2019-08-10 17:11:19.573  CFY <gcp> [firewall_wvthhe] Stopping node instance
2019-08-10 17:11:19.806  CFY <gcp> [config-wordpress_16ezd9] Validating node instance after deletion: nothing to do
2019-08-10 17:11:19.824  CFY <gcp> [config-database_8b0i9z->vm-database_wjvznt|unlink] Sending task 'cloudify_ansible.tasks.ansible_remove_host'
2019-08-10 17:11:21.156  CFY <gcp> [config-database_8b0i9z] Stop: instance already uninitialized
2019-08-10 17:11:21.386  CFY <gcp> [firewall_wvthhe] Validating node instance after deletion: nothing to do
2019-08-10 17:11:21.606  CFY <gcp> [config-wordpress_16ezd9] Stop: instance already uninitialized
2019-08-10 17:11:22.812  CFY <gcp> [firewall_wvthhe] Stopped node instance: nothing to do
2019-08-10 17:11:23.723  CFY <gcp> [config-database_8b0i9z] Delete: instance already uninitialized
2019-08-10 17:11:23.790  CFY <gcp> [config-wordpress_16ezd9->vm-app2_emjwsz|unlink] Task succeeded 'cloudify_ansible.tasks.ansible_remove_host'
2019-08-10 17:11:24.032  CFY <gcp> [config-wordpress_16ezd9->vm-app1_nl4cvs|unlink] Sending task 'cloudify_ansible.tasks.ansible_remove_host'
2019-08-10 17:11:24.760  CFY <gcp> [config-wordpress_16ezd9] Delete: instance already uninitialized
2019-08-10 17:11:25.272  CFY <gcp> [config-database_8b0i9z] Deleted node instance
2019-08-10 17:11:25.458  CFY <gcp> [config-wordpress_16ezd9] Deleted node instance
2019-08-10 17:11:26.019  CFY <gcp> [firewall_wvthhe] Unlinking relationships
2019-08-10 17:11:26.606  CFY <gcp> [config-database_8b0i9z->vm-database_wjvznt|unlink] Task succeeded 'cloudify_ansible.tasks.ansible_remove_host'
2019-08-10 17:11:26.977  CFY <gcp> [firewall_wvthhe] Relationships unlinked
2019-08-10 17:11:27.330  CFY <gcp> [firewall_wvthhe] Deleting node instance
2019-08-10 17:11:28.628  CFY <gcp> [firewall_wvthhe.delete] Sending task 'cloudify_gcp.compute.firewall.delete'
2019-08-10 17:11:29.443  CFY <gcp> [config-wordpress_16ezd9->vm-app1_nl4cvs|unlink] Task succeeded 'cloudify_ansible.tasks.ansible_remove_host'
2019-08-10 17:11:30.505  CFY <gcp> [vm-app2_emjwsz] Validating node instance after deletion: nothing to do
2019-08-10 17:11:30.696  CFY <gcp> [vm-app1_nl4cvs] Validating node instance after deletion: nothing to do
2019-08-10 17:11:30.824  CFY <gcp> [vm-app2_emjwsz] Stop: instance already uninitialized
2019-08-10 17:11:30.942  CFY <gcp> [vm-app1_nl4cvs] Stop: instance already uninitialized
2019-08-10 17:11:32.284  CFY <gcp> [vm-app2_emjwsz] Delete: instance already uninitialized
2019-08-10 17:11:32.812  CFY <gcp> [vm-app1_nl4cvs] Delete: instance already uninitialized
2019-08-10 17:11:33.052  LOG <gcp> [firewall_wvthhe.delete] INFO: Delete firewall rule firewall-wvthhe from network https://www.googleapis.com/compute/v1/projects/node2faas-248113/global/networks/network-88atub
2019-08-10 17:11:33.413  CFY <gcp> [vm-app2_emjwsz] Deleted node instance
2019-08-10 17:11:33.897  CFY <gcp> [vm-app1_nl4cvs] Deleted node instance
2019-08-10 17:11:34.571  CFY <gcp> [vm-database_wjvznt] Stopping node instance
2019-08-10 17:11:34.766  CFY <gcp> [vm-database_wjvznt] Validating node instance after deletion: nothing to do
2019-08-10 17:11:35.284  CFY <gcp> [vm-database_wjvznt] Stopped node instance: nothing to do
2019-08-10 17:11:35.863  CFY <gcp> [vm-database_wjvznt] Unlinking relationships
2019-08-10 17:11:36.324  CFY <gcp> [vm-database_wjvznt] Relationships unlinked
2019-08-10 17:11:36.335  CFY <gcp> [firewall_wvthhe.delete] Task succeeded 'cloudify_gcp.compute.firewall.delete'
2019-08-10 17:11:36.567  CFY <gcp> [firewall_wvthhe] Deleted node instance
2019-08-10 17:11:37.248  CFY <gcp> [vm-database_wjvznt] Deleting node instance
2019-08-10 17:11:37.470  CFY <gcp> [vm-database_wjvznt.delete] Sending task 'cloudify_gcp.compute.instance.delete'
2019-08-10 17:11:39.844  LOG <gcp> [vm-database_wjvznt.delete] INFO: Delete instance wordpressdatabase
2019-08-10 17:11:42.746  LOG <gcp> [vm-database_wjvznt.delete] ERROR: Error traceback Traceback (most recent call last):
  File "/opt/mgmtworker/env/plugins/default_tenant/cloudify-gcp-plugin-1.4.4/lib/python2.7/site-packages/cloudify_gcp/utils.py", line 262, in _decorator
    return func(*args, **kwargs)
  File "/opt/mgmtworker/env/plugins/default_tenant/cloudify-gcp-plugin-1.4.4/lib/python2.7/site-packages/cloudify_gcp/compute/instance.py", line 457, in delete
    utils.delete_if_not_external(instance)
  File "/opt/mgmtworker/env/plugins/default_tenant/cloudify-gcp-plugin-1.4.4/lib/python2.7/site-packages/cloudify_gcp/utils.py", line 175, in delete_if_not_external
    return resource.delete()
  File "/opt/mgmtworker/env/plugins/default_tenant/cloudify-gcp-plugin-1.4.4/lib/python2.7/site-packages/cloudify_gcp/utils.py", line 233, in wrapper
    response = func(self, *args, **kwargs)
  File "/opt/mgmtworker/env/plugins/default_tenant/cloudify-gcp-plugin-1.4.4/lib/python2.7/site-packages/cloudify_gcp/gcp.py", line 34, in _decorator
    response = func(self, *args, **kwargs)
  File "/opt/mgmtworker/env/plugins/default_tenant/cloudify-gcp-plugin-1.4.4/lib/python2.7/site-packages/cloudify_gcp/compute/instance.py", line 133, in delete
    instance=self.name).execute()
  File "/opt/mgmtworker/env/plugins/default_tenant/cloudify-gcp-plugin-1.4.4/lib/python2.7/site-packages/oauth2client/util.py", line 137, in positional_wrapper
    return wrapped(*args, **kwargs)
  File "/opt/mgmtworker/env/plugins/default_tenant/cloudify-gcp-plugin-1.4.4/lib/python2.7/site-packages/googleapiclient/http.py", line 832, in execute
    raise HttpError(resp, content, uri=self.uri)
HttpError: <HttpError 404 when requesting https://www.googleapis.com/compute/v1/projects/node2faas-248113/zones/europe-west2-c/instances/wordpressdatabase?alt=json returned "The resource 'projects/node2faas-248113/zones/europe-west2-c/instances/wordpressdatabase' was not found">
 with message <HttpError 404 when requesting https://www.googleapis.com/compute/v1/projects/node2faas-248113/zones/europe-west2-c/instances/wordpressdatabase?alt=json returned "The resource 'projects/node2faas-248113/zones/europe-west2-c/instances/wordpressdatabase' was not found">
2019-08-10 17:11:42.746  LOG <gcp> [vm-database_wjvznt.delete] ERROR: Error Message 
2019-08-10 17:11:43.884  CFY <gcp> [vm-database_wjvznt.delete] Task failed 'cloudify_gcp.compute.instance.delete'
Traceback (most recent call last):
  File "/opt/mgmtworker/env/lib/python2.7/site-packages/cloudify/dispatch.py", line 813, in main
    payload = handler.handle()
  File "/opt/mgmtworker/env/lib/python2.7/site-packages/cloudify/dispatch.py", line 461, in handle
    result = self._run_operation_func(ctx, kwargs)
  File "/opt/mgmtworker/env/lib/python2.7/site-packages/cloudify/dispatch.py", line 519, in _run_operation_func
    return self.func(*self.args, **kwargs)
  File "/opt/mgmtworker/env/plugins/default_tenant/cloudify-gcp-plugin-1.4.4/lib/python2.7/site-packages/cloudify_gcp/utils.py", line 277, in _decorator
    raise NonRecoverableError(error.message)
NonRecoverableError

2019-08-10 17:11:44.129  CFY <gcp> [vm-database_wjvznt] Deleted node instance
2019-08-10 17:11:44.677  CFY <gcp> [subnet_kamdan] Stopping node instance
2019-08-10 17:11:44.815  CFY <gcp> [subnet_kamdan] Validating node instance after deletion: nothing to do
2019-08-10 17:11:44.942  CFY <gcp> [subnet_kamdan] Stopped node instance: nothing to do
2019-08-10 17:11:45.442  CFY <gcp> [subnet_kamdan] Unlinking relationships
2019-08-10 17:11:45.753  CFY <gcp> [subnet_kamdan] Relationships unlinked
2019-08-10 17:11:45.938  CFY <gcp> [subnet_kamdan] Deleting node instance
2019-08-10 17:11:46.321  CFY <gcp> [subnet_kamdan.delete] Sending task 'cloudify_gcp.compute.subnetwork.delete'
2019-08-10 17:11:48.718  LOG <gcp> [subnet_kamdan.delete] INFO: Delete subnetwork subnet-kamdan
2019-08-10 17:11:51.435  CFY <gcp> [subnet_kamdan.delete] Task rescheduled 'cloudify_gcp.compute.subnetwork.delete' -> Operation started
Traceback (most recent call last):
  File "/opt/mgmtworker/env/lib/python2.7/site-packages/cloudify/dispatch.py", line 813, in main
    payload = handler.handle()
  File "/opt/mgmtworker/env/lib/python2.7/site-packages/cloudify/dispatch.py", line 464, in handle
    raise ctx.operation._operation_retry
OperationRetry: Operation started

2019-08-10 17:12:06.733  CFY <gcp> [subnet_kamdan.delete] Sending task 'cloudify_gcp.compute.subnetwork.delete' [retry 1/60]
2019-08-10 17:12:12.055  CFY <gcp> [subnet_kamdan.delete] Task succeeded 'cloudify_gcp.compute.subnetwork.delete' [retry 1/60]
2019-08-10 17:12:12.414  CFY <gcp> [subnet_kamdan] Deleted node instance
2019-08-10 17:12:13.035  CFY <gcp> [network_88atub] Stopping node instance
2019-08-10 17:12:13.165  CFY <gcp> [network_88atub] Validating node instance after deletion: nothing to do
2019-08-10 17:12:13.258  CFY <gcp> [network_88atub] Stopped node instance: nothing to do
2019-08-10 17:12:13.698  CFY <gcp> [network_88atub] Unlinking relationships
2019-08-10 17:12:14.219  CFY <gcp> [network_88atub] Relationships unlinked
2019-08-10 17:12:14.636  CFY <gcp> [network_88atub] Deleting node instance
2019-08-10 17:12:15.159  CFY <gcp> [network_88atub.delete] Sending task 'cloudify_gcp.compute.network.delete'
2019-08-10 17:12:17.357  LOG <gcp> [network_88atub.delete] INFO: Delete network network-88atub
2019-08-10 17:12:20.142  CFY <gcp> [network_88atub.delete] Task rescheduled 'cloudify_gcp.compute.network.delete' -> Operation started
Traceback (most recent call last):
  File "/opt/mgmtworker/env/lib/python2.7/site-packages/cloudify/dispatch.py", line 813, in main
    payload = handler.handle()
  File "/opt/mgmtworker/env/lib/python2.7/site-packages/cloudify/dispatch.py", line 464, in handle
    raise ctx.operation._operation_retry
OperationRetry: Operation started

2019-08-10 17:12:35.315  CFY <gcp> [network_88atub.delete] Sending task 'cloudify_gcp.compute.network.delete' [retry 1/60]
2019-08-10 17:12:39.422  CFY <gcp> [network_88atub.delete] Task rescheduled 'cloudify_gcp.compute.network.delete' -> Operation not completed yet: RUNNING [retry_after=30] [retry 1/60]
Traceback (most recent call last):
  File "/opt/mgmtworker/env/lib/python2.7/site-packages/cloudify/dispatch.py", line 813, in main
    payload = handler.handle()
  File "/opt/mgmtworker/env/lib/python2.7/site-packages/cloudify/dispatch.py", line 464, in handle
    raise ctx.operation._operation_retry
OperationRetry: Operation not completed yet: RUNNING [retry_after=30]

2019-08-10 17:13:09.532  CFY <gcp> [network_88atub.delete] Sending task 'cloudify_gcp.compute.network.delete' [retry 2/60]
2019-08-10 17:13:14.024  CFY <gcp> [network_88atub.delete] Task succeeded 'cloudify_gcp.compute.network.delete' [retry 2/60]
2019-08-10 17:13:14.090  CFY <gcp> [network_88atub] Deleted node instance
2019-08-10 17:13:14.723  CFY <gcp> 'uninstall' workflow execution succeeded
Finished executing workflow uninstall on deployment gcp
* Run 'cfy events list 4d47d2a2-7bd7-466e-ad8d-2701fdd85ed1' to retrieve the execution's events/logs
Trying to delete deployment gcp...
Deployment deleted
Deleting blueprint cloudify-wordpress-blueprint-gcp...
Blueprint deleted
