Executing workflow `uninstall` on deployment `aws` [timeout=900 seconds]
2019-08-08 12:09:29.988  CFY <aws> Starting 'uninstall' workflow execution
2019-08-08 12:09:33.234  CFY <aws> [ipdb_7s81if] Stopping node instance
2019-08-08 12:09:33.348  CFY <aws> [route_public_subnet_internet_gateway_6pk7g7] Stopping node instance
2019-08-08 12:09:33.465  CFY <aws> [config-wordpress1_atdxeg] Stopping node instance
2019-08-08 12:09:34.298  CFY <aws> [ip1_rkat4w] Stopping node instance
2019-08-08 12:09:34.348  CFY <aws> [security_group_rules_aih58k] Stopping node instance
2019-08-08 12:09:34.708  CFY <aws> [config-wordpress2_kbkqa8] Stopping node instance
2019-08-08 12:09:35.267  CFY <aws> [config-database_0gal6p] Stopping node instance
2019-08-08 12:09:35.321  CFY <aws> [ip2_e9xp72] Stopping node instance
2019-08-08 12:09:35.377  CFY <aws> [route_public_subnet_internet_gateway_6pk7g7] Validating node instance after deletion: nothing to do
2019-08-08 12:09:35.427  CFY <aws> [config-wordpress1_atdxeg] Validating node instance after deletion: nothing to do
2019-08-08 12:09:35.474  CFY <aws> [ipdb_7s81if] Validating node instance after deletion: nothing to do
2019-08-08 12:09:35.534  CFY <aws> [security_group_rules_aih58k] Validating node instance after deletion: nothing to do
2019-08-08 12:09:35.646  CFY <aws> [config-wordpress2_kbkqa8] Validating node instance after deletion: nothing to do
2019-08-08 12:09:35.768  CFY <aws> [ip1_rkat4w] Validating node instance after deletion: nothing to do
2019-08-08 12:09:35.783  CFY <aws> [ipdb_7s81if.stop] Sending task 'cloudify_aws.ec2.resources.elasticip.detach'
2019-08-08 12:09:35.958  CFY <aws> [ip2_e9xp72] Validating node instance after deletion: nothing to do
2019-08-08 12:09:36.175  CFY <aws> [config-database_0gal6p] Validating node instance after deletion: nothing to do
2019-08-08 12:09:36.298  CFY <aws> [route_public_subnet_internet_gateway_6pk7g7] Stopped node instance: nothing to do
2019-08-08 12:09:36.412  CFY <aws> [config-wordpress1_atdxeg] Stopped node instance: nothing to do
2019-08-08 12:09:36.938  CFY <aws> [config-wordpress2_kbkqa8] Stopped node instance: nothing to do
2019-08-08 12:09:37.036  CFY <aws> [config-database_0gal6p] Stopped node instance: nothing to do
2019-08-08 12:09:37.090  CFY <aws> [ip2_e9xp72.stop] Sending task 'cloudify_aws.ec2.resources.elasticip.detach'
2019-08-08 12:09:38.191  CFY <aws> [security_group_rules_aih58k.stop] Sending task 'cloudify_aws.ec2.resources.securitygroup.revoke_ingress_rules'
2019-08-08 12:09:39.485  CFY <aws> [ip1_rkat4w.stop] Sending task 'cloudify_aws.ec2.resources.elasticip.detach'
2019-08-08 12:09:41.751  CFY <aws> [config-wordpress1_atdxeg] Unlinking relationships
2019-08-08 12:09:41.947  CFY <aws> [route_public_subnet_internet_gateway_6pk7g7] Unlinking relationships
2019-08-08 12:09:42.114  CFY <aws> [ipdb_7s81if.stop] Task succeeded 'cloudify_aws.ec2.resources.elasticip.detach'
2019-08-08 12:09:42.197  CFY <aws> [config-database_0gal6p] Unlinking relationships
2019-08-08 12:09:42.403  CFY <aws> [config-wordpress2_kbkqa8] Unlinking relationships
2019-08-08 12:09:44.021  CFY <aws> [config-wordpress2_kbkqa8->vm-app2_5nixr2|unlink] Sending task 'cloudify_ansible.tasks.ansible_remove_host'
2019-08-08 12:09:45.051  CFY <aws> [ip2_e9xp72.stop] Task succeeded 'cloudify_aws.ec2.resources.elasticip.detach'
2019-08-08 12:09:45.391  CFY <aws> [ipdb_7s81if] Stopped node instance
2019-08-08 12:09:45.954  CFY <aws> [config-database_0gal6p->vm-database_cbazx8|unlink] Sending task 'cloudify_ansible.tasks.ansible_remove_host'
2019-08-08 12:09:46.350  CFY <aws> [security_group_rules_aih58k.stop] Task succeeded 'cloudify_aws.ec2.resources.securitygroup.revoke_ingress_rules'
2019-08-08 12:09:47.153  CFY <aws> [security_group_rules_aih58k] Stopped node instance
2019-08-08 12:09:48.065  CFY <aws> [ip2_e9xp72] Stopped node instance
2019-08-08 12:09:48.335  CFY <aws> [route_public_subnet_internet_gateway_6pk7g7] Relationships unlinked
2019-08-08 12:09:48.654  CFY <aws> [ip1_rkat4w.stop] Task succeeded 'cloudify_aws.ec2.resources.elasticip.detach'
2019-08-08 12:09:48.893  CFY <aws> [config-wordpress1_atdxeg->vm-app1_q6waqd|unlink] Task succeeded 'cloudify_ansible.tasks.ansible_remove_host'
2019-08-08 12:09:49.085  CFY <aws> [ipdb_7s81if] Unlinking relationships
2019-08-08 12:09:50.053  CFY <aws> [route_public_subnet_internet_gateway_6pk7g7] Deleting node instance
2019-08-08 12:09:50.154  CFY <aws> [ip1_rkat4w] Stopped node instance
2019-08-08 12:09:50.279  CFY <aws> [security_group_rules_aih58k] Unlinking relationships
2019-08-08 12:09:50.427  CFY <aws> [config-wordpress2_kbkqa8->vm-app2_5nixr2|unlink] Task succeeded 'cloudify_ansible.tasks.ansible_remove_host'
2019-08-08 12:09:50.452  CFY <aws> [config-wordpress1_atdxeg] Relationships unlinked
2019-08-08 12:09:50.515  CFY <aws> [route_public_subnet_internet_gateway_6pk7g7.delete] Sending task 'cloudify_aws.ec2.resources.route.delete'
2019-08-08 12:09:50.633  CFY <aws> [ipdb_7s81if] Relationships unlinked
2019-08-08 12:09:50.801  CFY <aws> [ip2_e9xp72] Unlinking relationships
2019-08-08 12:09:51.965  CFY <aws> [config-database_0gal6p->vm-database_cbazx8|unlink] Task succeeded 'cloudify_ansible.tasks.ansible_remove_host'
2019-08-08 12:09:52.034  CFY <aws> [ipdb_7s81if] Deleting node instance
2019-08-08 12:09:52.182  CFY <aws> [config-wordpress2_kbkqa8] Relationships unlinked
2019-08-08 12:09:52.519  CFY <aws> [config-wordpress1_atdxeg] Deleting node instance: nothing to do
2019-08-08 12:09:52.628  CFY <aws> [security_group_rules_aih58k] Relationships unlinked
2019-08-08 12:09:52.675  CFY <aws> [ipdb_7s81if.delete] Sending task 'cloudify_aws.ec2.resources.elasticip.delete'
2019-08-08 12:09:52.741  CFY <aws> [ip2_e9xp72] Relationships unlinked
2019-08-08 12:09:52.850  CFY <aws> [ip1_rkat4w] Unlinking relationships
2019-08-08 12:09:52.942  CFY <aws> [config-wordpress2_kbkqa8] Deleting node instance: nothing to do
2019-08-08 12:09:53.036  CFY <aws> [config-database_0gal6p] Relationships unlinked
2019-08-08 12:09:53.681  CFY <aws> [ip2_e9xp72] Deleting node instance
2019-08-08 12:09:53.829  CFY <aws> [security_group_rules_aih58k] Deleting node instance: nothing to do
2019-08-08 12:09:54.460  CFY <aws> [config-database_0gal6p] Deleting node instance: nothing to do
2019-08-08 12:09:55.323  CFY <aws> [config-wordpress2_kbkqa8] Deleted node instance
2019-08-08 12:09:55.534  CFY <aws> [config-wordpress1_atdxeg] Deleted node instance
2019-08-08 12:09:55.635  CFY <aws> [ip2_e9xp72.delete] Sending task 'cloudify_aws.ec2.resources.elasticip.delete'
2019-08-08 12:09:55.972  CFY <aws> [ip1_rkat4w] Relationships unlinked
2019-08-08 12:09:56.390  CFY <aws> [security_group_rules_aih58k] Deleted node instance
2019-08-08 12:09:57.084  CFY <aws> [config-database_0gal6p] Deleted node instance
2019-08-08 12:09:57.540  CFY <aws> [route_public_subnet_internet_gateway_6pk7g7.delete] Task succeeded 'cloudify_aws.ec2.resources.route.delete'
2019-08-08 12:09:58.017  CFY <aws> [ip1_rkat4w] Deleting node instance
2019-08-08 12:09:58.162  CFY <aws> [vm-app2_5nixr2] Stopping node instance
2019-08-08 12:09:58.715  CFY <aws> [ip1_rkat4w.delete] Sending task 'cloudify_aws.ec2.resources.elasticip.delete'
2019-08-08 12:09:59.319  CFY <aws> [vm-database_cbazx8] Stopping node instance
2019-08-08 12:09:59.716  CFY <aws> [route_public_subnet_internet_gateway_6pk7g7] Deleted node instance
2019-08-08 12:09:59.828  CFY <aws> [vm-app1_q6waqd] Stopping node instance
2019-08-08 12:10:00.529  CFY <aws> [vm-app2_5nixr2] Validating node instance after deletion: nothing to do
2019-08-08 12:10:00.756  CFY <aws> [vm-database_cbazx8] Validating node instance after deletion: nothing to do
2019-08-08 12:10:01.038  CFY <aws> [vm-app1_q6waqd] Validating node instance after deletion: nothing to do
2019-08-08 12:10:01.744  CFY <aws> [ipdb_7s81if.delete] Task succeeded 'cloudify_aws.ec2.resources.elasticip.delete'
2019-08-08 12:10:01.873  CFY <aws> [routetable_37y1xj] Stopping node instance
2019-08-08 12:10:01.883  CFY <aws> [vm-database_cbazx8.stop] Sending task 'cloudify_aws.ec2.resources.instances.stop'
2019-08-08 12:10:02.728  CFY <aws> [internet_gateway_dpcqqv] Stopping node instance
2019-08-08 12:10:03.138  CFY <aws> [vm-app1_q6waqd.stop] Sending task 'cloudify_aws.ec2.resources.instances.stop'
2019-08-08 12:10:04.326  CFY <aws> [vm-app2_5nixr2.stop] Sending task 'cloudify_aws.ec2.resources.instances.stop'
2019-08-08 12:10:04.870  CFY <aws> [ip2_e9xp72.delete] Task succeeded 'cloudify_aws.ec2.resources.elasticip.delete'
2019-08-08 12:10:05.987  CFY <aws> [ipdb_7s81if] Deleted node instance
2019-08-08 12:10:06.204  CFY <aws> [routetable_37y1xj] Validating node instance after deletion: nothing to do
2019-08-08 12:10:06.453  CFY <aws> [ip2_e9xp72] Deleted node instance
2019-08-08 12:10:06.837  CFY <aws> [internet_gateway_dpcqqv] Validating node instance after deletion: nothing to do
2019-08-08 12:10:07.028  CFY <aws> [routetable_37y1xj.stop] Sending task 'cloudify_aws.ec2.resources.routetable.detach'
2019-08-08 12:10:08.235  CFY <aws> [ip1_rkat4w.delete] Task succeeded 'cloudify_aws.ec2.resources.elasticip.delete'
2019-08-08 12:10:08.712  CFY <aws> [ip1_rkat4w] Deleted node instance
2019-08-08 12:10:08.886  CFY <aws> [internet_gateway_dpcqqv.stop] Sending task 'cloudify_aws.ec2.resources.internet_gateway.detach'
2019-08-08 12:10:11.890  CFY <aws> [vm-database_cbazx8.stop] Task rescheduled 'cloudify_aws.ec2.resources.instances.stop' -> EC2 Instances ID# "i-0dfab83c147e4fea0" is still in a pending state.
Traceback (most recent call last):
  File "/opt/mgmtworker/env/lib/python2.7/site-packages/cloudify/dispatch.py", line 813, in main
    payload = handler.handle()
  File "/opt/mgmtworker/env/lib/python2.7/site-packages/cloudify/dispatch.py", line 461, in handle
    result = self._run_operation_func(ctx, kwargs)
  File "/opt/mgmtworker/env/lib/python2.7/site-packages/cloudify/dispatch.py", line 519, in _run_operation_func
    return self.func(*self.args, **kwargs)
  File "/opt/mgmtworker/env/plugins/default_tenant/cloudify-aws-plugin-2.3.0/lib/python2.7/site-packages/cloudify_aws/common/decorators.py", line 303, in wrapper_inner
    result = function(**kwargs)
  File "/opt/mgmtworker/env/plugins/default_tenant/cloudify-aws-plugin-2.3.0/lib/python2.7/site-packages/cloudify_aws/common/decorators.py", line 330, in wrapper_inner
    fail_on_missing)
  File "/opt/mgmtworker/env/plugins/default_tenant/cloudify-aws-plugin-2.3.0/lib/python2.7/site-packages/cloudify_aws/common/decorators.py", line 76, in _wait_for_status
    % (resource_type, iface.resource_id))
OperationRetry: EC2 Instances ID# "i-0dfab83c147e4fea0" is still in a pending state.

2019-08-08 12:10:13.915  CFY <aws> [vm-app1_q6waqd.stop] Task rescheduled 'cloudify_aws.ec2.resources.instances.stop' -> EC2 Instances ID# "i-02b61a00bf0a609eb" is still in a pending state.
Traceback (most recent call last):
  File "/opt/mgmtworker/env/lib/python2.7/site-packages/cloudify/dispatch.py", line 813, in main
    payload = handler.handle()
  File "/opt/mgmtworker/env/lib/python2.7/site-packages/cloudify/dispatch.py", line 461, in handle
    result = self._run_operation_func(ctx, kwargs)
  File "/opt/mgmtworker/env/lib/python2.7/site-packages/cloudify/dispatch.py", line 519, in _run_operation_func
    return self.func(*self.args, **kwargs)
  File "/opt/mgmtworker/env/plugins/default_tenant/cloudify-aws-plugin-2.3.0/lib/python2.7/site-packages/cloudify_aws/common/decorators.py", line 303, in wrapper_inner
    result = function(**kwargs)
  File "/opt/mgmtworker/env/plugins/default_tenant/cloudify-aws-plugin-2.3.0/lib/python2.7/site-packages/cloudify_aws/common/decorators.py", line 330, in wrapper_inner
    fail_on_missing)
  File "/opt/mgmtworker/env/plugins/default_tenant/cloudify-aws-plugin-2.3.0/lib/python2.7/site-packages/cloudify_aws/common/decorators.py", line 76, in _wait_for_status
    % (resource_type, iface.resource_id))
OperationRetry: EC2 Instances ID# "i-02b61a00bf0a609eb" is still in a pending state.

2019-08-08 12:10:14.555  CFY <aws> [vm-app2_5nixr2.stop] Task rescheduled 'cloudify_aws.ec2.resources.instances.stop' -> EC2 Instances ID# "i-0fb6c8faf920328be" is still in a pending state.
Traceback (most recent call last):
  File "/opt/mgmtworker/env/lib/python2.7/site-packages/cloudify/dispatch.py", line 813, in main
    payload = handler.handle()
  File "/opt/mgmtworker/env/lib/python2.7/site-packages/cloudify/dispatch.py", line 461, in handle
    result = self._run_operation_func(ctx, kwargs)
  File "/opt/mgmtworker/env/lib/python2.7/site-packages/cloudify/dispatch.py", line 519, in _run_operation_func
    return self.func(*self.args, **kwargs)
  File "/opt/mgmtworker/env/plugins/default_tenant/cloudify-aws-plugin-2.3.0/lib/python2.7/site-packages/cloudify_aws/common/decorators.py", line 303, in wrapper_inner
    result = function(**kwargs)
  File "/opt/mgmtworker/env/plugins/default_tenant/cloudify-aws-plugin-2.3.0/lib/python2.7/site-packages/cloudify_aws/common/decorators.py", line 330, in wrapper_inner
    fail_on_missing)
  File "/opt/mgmtworker/env/plugins/default_tenant/cloudify-aws-plugin-2.3.0/lib/python2.7/site-packages/cloudify_aws/common/decorators.py", line 76, in _wait_for_status
    % (resource_type, iface.resource_id))
OperationRetry: EC2 Instances ID# "i-0fb6c8faf920328be" is still in a pending state.

2019-08-08 12:10:15.084  CFY <aws> [routetable_37y1xj.stop] Task succeeded 'cloudify_aws.ec2.resources.routetable.detach'
2019-08-08 12:10:15.167  CFY <aws> [routetable_37y1xj] Stopped node instance
2019-08-08 12:10:15.597  CFY <aws> [routetable_37y1xj] Unlinking relationships
2019-08-08 12:10:15.900  CFY <aws> [internet_gateway_dpcqqv.stop] Task succeeded 'cloudify_aws.ec2.resources.internet_gateway.detach'
2019-08-08 12:10:15.979  CFY <aws> [internet_gateway_dpcqqv] Stopped node instance
2019-08-08 12:10:16.035  CFY <aws> [routetable_37y1xj] Relationships unlinked
2019-08-08 12:10:16.396  CFY <aws> [routetable_37y1xj] Deleting node instance
2019-08-08 12:10:16.444  CFY <aws> [internet_gateway_dpcqqv] Unlinking relationships
2019-08-08 12:10:16.558  CFY <aws> [routetable_37y1xj.delete] Sending task 'cloudify_aws.ec2.resources.routetable.delete'
2019-08-08 12:10:17.679  CFY <aws> [internet_gateway_dpcqqv] Relationships unlinked
2019-08-08 12:10:18.211  CFY <aws> [internet_gateway_dpcqqv] Deleting node instance
2019-08-08 12:10:18.666  CFY <aws> [internet_gateway_dpcqqv.delete] Sending task 'cloudify_aws.ec2.resources.internet_gateway.delete'
2019-08-08 12:10:20.960  CFY <aws> [routetable_37y1xj.delete] Task succeeded 'cloudify_aws.ec2.resources.routetable.delete'
2019-08-08 12:10:21.282  CFY <aws> [routetable_37y1xj] Deleted node instance
2019-08-08 12:10:22.394  CFY <aws> [internet_gateway_dpcqqv.delete] Task succeeded 'cloudify_aws.ec2.resources.internet_gateway.delete'
2019-08-08 12:10:22.453  CFY <aws> [internet_gateway_dpcqqv] Deleted node instance
2019-08-08 12:10:27.010  CFY <aws> [vm-database_cbazx8.stop] Sending task 'cloudify_aws.ec2.resources.instances.stop' [retry 1/60]
2019-08-08 12:10:29.119  CFY <aws> [vm-app1_q6waqd.stop] Sending task 'cloudify_aws.ec2.resources.instances.stop' [retry 1/60]
2019-08-08 12:10:30.216  CFY <aws> [vm-app2_5nixr2.stop] Sending task 'cloudify_aws.ec2.resources.instances.stop' [retry 1/60]
2019-08-08 12:10:30.816  CFY <aws> [vm-database_cbazx8.stop] Task succeeded 'cloudify_aws.ec2.resources.instances.stop' [retry 1/60]
2019-08-08 12:10:31.237  CFY <aws> [vm-database_cbazx8] Stopped node instance
2019-08-08 12:10:31.966  CFY <aws> [vm-database_cbazx8] Unlinking relationships
2019-08-08 12:10:32.454  CFY <aws> [vm-database_cbazx8] Relationships unlinked
2019-08-08 12:10:32.973  CFY <aws> [vm-database_cbazx8] Deleting node instance
2019-08-08 12:10:33.286  CFY <aws> [vm-database_cbazx8.delete] Sending task 'cloudify_aws.ec2.resources.instances.delete'
2019-08-08 12:10:34.759  CFY <aws> [vm-app1_q6waqd.stop] Task succeeded 'cloudify_aws.ec2.resources.instances.stop' [retry 1/60]
2019-08-08 12:10:34.826  CFY <aws> [vm-app1_q6waqd] Stopped node instance
2019-08-08 12:10:35.511  CFY <aws> [vm-app1_q6waqd] Unlinking relationships
2019-08-08 12:10:36.015  CFY <aws> [vm-app2_5nixr2.stop] Task succeeded 'cloudify_aws.ec2.resources.instances.stop' [retry 1/60]
2019-08-08 12:10:36.017  CFY <aws> [vm-app1_q6waqd] Relationships unlinked
2019-08-08 12:10:36.122  CFY <aws> [vm-app2_5nixr2] Stopped node instance
2019-08-08 12:10:36.280  CFY <aws> [vm-app1_q6waqd] Deleting node instance
2019-08-08 12:10:36.922  CFY <aws> [vm-app1_q6waqd.delete] Sending task 'cloudify_aws.ec2.resources.instances.delete'
2019-08-08 12:10:37.948  CFY <aws> [vm-app2_5nixr2] Unlinking relationships
2019-08-08 12:10:38.361  CFY <aws> [vm-app2_5nixr2] Relationships unlinked
2019-08-08 12:10:38.928  CFY <aws> [vm-app2_5nixr2] Deleting node instance
2019-08-08 12:10:39.317  CFY <aws> [vm-app2_5nixr2.delete] Sending task 'cloudify_aws.ec2.resources.instances.delete'
2019-08-08 12:10:40.248  CFY <aws> [vm-database_cbazx8.delete] Task rescheduled 'cloudify_aws.ec2.resources.instances.delete' -> EC2 Instances ID# "i-0dfab83c147e4fea0" is still in a pending state.
Traceback (most recent call last):
  File "/opt/mgmtworker/env/lib/python2.7/site-packages/cloudify/dispatch.py", line 813, in main
    payload = handler.handle()
  File "/opt/mgmtworker/env/lib/python2.7/site-packages/cloudify/dispatch.py", line 461, in handle
    result = self._run_operation_func(ctx, kwargs)
  File "/opt/mgmtworker/env/lib/python2.7/site-packages/cloudify/dispatch.py", line 519, in _run_operation_func
    return self.func(*self.args, **kwargs)
  File "/opt/mgmtworker/env/plugins/default_tenant/cloudify-aws-plugin-2.3.0/lib/python2.7/site-packages/cloudify_aws/common/decorators.py", line 303, in wrapper_inner
    result = function(**kwargs)
  File "/opt/mgmtworker/env/plugins/default_tenant/cloudify-aws-plugin-2.3.0/lib/python2.7/site-packages/cloudify_aws/common/decorators.py", line 382, in wrapper_inner
    % (resource_type, iface.resource_id))
OperationRetry: EC2 Instances ID# "i-0dfab83c147e4fea0" is still in a pending state.

2019-08-08 12:10:41.979  CFY <aws> [vm-app1_q6waqd.delete] Task rescheduled 'cloudify_aws.ec2.resources.instances.delete' -> EC2 Instances ID# "i-02b61a00bf0a609eb" is still in a pending state.
Traceback (most recent call last):
  File "/opt/mgmtworker/env/lib/python2.7/site-packages/cloudify/dispatch.py", line 813, in main
    payload = handler.handle()
  File "/opt/mgmtworker/env/lib/python2.7/site-packages/cloudify/dispatch.py", line 461, in handle
    result = self._run_operation_func(ctx, kwargs)
  File "/opt/mgmtworker/env/lib/python2.7/site-packages/cloudify/dispatch.py", line 519, in _run_operation_func
    return self.func(*self.args, **kwargs)
  File "/opt/mgmtworker/env/plugins/default_tenant/cloudify-aws-plugin-2.3.0/lib/python2.7/site-packages/cloudify_aws/common/decorators.py", line 303, in wrapper_inner
    result = function(**kwargs)
  File "/opt/mgmtworker/env/plugins/default_tenant/cloudify-aws-plugin-2.3.0/lib/python2.7/site-packages/cloudify_aws/common/decorators.py", line 382, in wrapper_inner
    % (resource_type, iface.resource_id))
OperationRetry: EC2 Instances ID# "i-02b61a00bf0a609eb" is still in a pending state.

2019-08-08 12:10:43.398  CFY <aws> [vm-app2_5nixr2.delete] Task rescheduled 'cloudify_aws.ec2.resources.instances.delete' -> EC2 Instances ID# "i-0fb6c8faf920328be" is still in a pending state.
Traceback (most recent call last):
  File "/opt/mgmtworker/env/lib/python2.7/site-packages/cloudify/dispatch.py", line 813, in main
    payload = handler.handle()
  File "/opt/mgmtworker/env/lib/python2.7/site-packages/cloudify/dispatch.py", line 461, in handle
    result = self._run_operation_func(ctx, kwargs)
  File "/opt/mgmtworker/env/lib/python2.7/site-packages/cloudify/dispatch.py", line 519, in _run_operation_func
    return self.func(*self.args, **kwargs)
  File "/opt/mgmtworker/env/plugins/default_tenant/cloudify-aws-plugin-2.3.0/lib/python2.7/site-packages/cloudify_aws/common/decorators.py", line 303, in wrapper_inner
    result = function(**kwargs)
  File "/opt/mgmtworker/env/plugins/default_tenant/cloudify-aws-plugin-2.3.0/lib/python2.7/site-packages/cloudify_aws/common/decorators.py", line 382, in wrapper_inner
    % (resource_type, iface.resource_id))
OperationRetry: EC2 Instances ID# "i-0fb6c8faf920328be" is still in a pending state.

2019-08-08 12:10:55.411  CFY <aws> [vm-database_cbazx8.delete] Sending task 'cloudify_aws.ec2.resources.instances.delete' [retry 1/60]
2019-08-08 12:10:57.248  CFY <aws> [vm-app1_q6waqd.delete] Sending task 'cloudify_aws.ec2.resources.instances.delete' [retry 1/60]
2019-08-08 12:10:58.565  CFY <aws> [vm-app2_5nixr2.delete] Sending task 'cloudify_aws.ec2.resources.instances.delete' [retry 1/60]
2019-08-08 12:10:59.286  CFY <aws> [vm-database_cbazx8.delete] Task succeeded 'cloudify_aws.ec2.resources.instances.delete' [retry 1/60]
2019-08-08 12:10:59.747  CFY <aws> [vm-database_cbazx8] Deleted node instance
2019-08-08 12:11:00.543  CFY <aws> [nicdb_ecj7tv] Stopping node instance
2019-08-08 12:11:00.702  CFY <aws> [cloud_initdb_u05zlx] Stopping node instance
2019-08-08 12:11:01.757  CFY <aws> [nicdb_ecj7tv] Validating node instance after deletion: nothing to do
2019-08-08 12:11:01.886  CFY <aws> [cloud_initdb_u05zlx] Validating node instance after deletion: nothing to do
2019-08-08 12:11:02.302  CFY <aws> [nicdb_ecj7tv.stop] Sending task 'cloudify_aws.ec2.resources.eni.detach'
2019-08-08 12:11:02.906  CFY <aws> [vm-app1_q6waqd.delete] Task succeeded 'cloudify_aws.ec2.resources.instances.delete' [retry 1/60]
2019-08-08 12:11:03.561  CFY <aws> [cloud_initdb_u05zlx.stop] Sending task 'cloudify_cloudinit.tasks.update'
2019-08-08 12:11:03.745  CFY <aws> [vm-app1_q6waqd] Deleted node instance
2019-08-08 12:11:04.740  CFY <aws> [cloud_init_yt7gwn] Stopping node instance
2019-08-08 12:11:04.879  CFY <aws> [nic1_tqy14p] Stopping node instance
2019-08-08 12:11:05.035  CFY <aws> [vm-app2_5nixr2.delete] Task succeeded 'cloudify_aws.ec2.resources.instances.delete' [retry 1/60]
2019-08-08 12:11:06.500  CFY <aws> [vm-app2_5nixr2] Deleted node instance
2019-08-08 12:11:07.047  CFY <aws> [nic1_tqy14p] Validating node instance after deletion: nothing to do
2019-08-08 12:11:07.255  CFY <aws> [cloud_init_yt7gwn] Validating node instance after deletion: nothing to do
2019-08-08 12:11:07.485  CFY <aws> [ami_1jzbp1] Stopping node instance
2019-08-08 12:11:08.092  CFY <aws> [cloud_init2_ub46q7] Stopping node instance
2019-08-08 12:11:08.095  CFY <aws> [cloud_init_yt7gwn.stop] Sending task 'cloudify_cloudinit.tasks.update'
2019-08-08 12:11:08.488  CFY <aws> [nicdb_ecj7tv.stop] Task succeeded 'cloudify_aws.ec2.resources.eni.detach'
2019-08-08 12:11:08.782  CFY <aws> [nic2_a49vfr] Stopping node instance
2019-08-08 12:11:08.969  CFY <aws> [cloud_initdb_u05zlx.stop] Task succeeded 'cloudify_cloudinit.tasks.update'
2019-08-08 12:11:09.133  CFY <aws> [nic1_tqy14p.stop] Sending task 'cloudify_aws.ec2.resources.eni.detach'
2019-08-08 12:11:10.192  CFY <aws> [cloud_init2_ub46q7] Validating node instance after deletion: nothing to do
2019-08-08 12:11:10.336  CFY <aws> [ami_1jzbp1] Validating node instance after deletion: nothing to do
2019-08-08 12:11:10.470  CFY <aws> [nicdb_ecj7tv] Stopped node instance
2019-08-08 12:11:10.573  CFY <aws> [nic2_a49vfr] Validating node instance after deletion: nothing to do
2019-08-08 12:11:10.611  CFY <aws> [cloud_init2_ub46q7.stop] Sending task 'cloudify_cloudinit.tasks.update'
2019-08-08 12:11:10.747  CFY <aws> [cloud_initdb_u05zlx] Stopped node instance
2019-08-08 12:11:12.091  CFY <aws> [nic2_a49vfr.stop] Sending task 'cloudify_aws.ec2.resources.eni.detach'
2019-08-08 12:11:12.230  CFY <aws> [cloud_init_yt7gwn.stop] Task succeeded 'cloudify_cloudinit.tasks.update'
2019-08-08 12:11:13.725  CFY <aws> [ami_1jzbp1] Stopped node instance: nothing to do
2019-08-08 12:11:13.908  CFY <aws> [cloud_initdb_u05zlx] Unlinking relationships
2019-08-08 12:11:14.169  CFY <aws> [cloud_init_yt7gwn] Stopped node instance
2019-08-08 12:11:14.330  CFY <aws> [nicdb_ecj7tv] Unlinking relationships
2019-08-08 12:11:15.043  CFY <aws> [nic1_tqy14p.stop] Task succeeded 'cloudify_aws.ec2.resources.eni.detach'
2019-08-08 12:11:15.454  CFY <aws> [cloud_init2_ub46q7.stop] Task succeeded 'cloudify_cloudinit.tasks.update'
2019-08-08 12:11:15.597  CFY <aws> [cloud_initdb_u05zlx] Relationships unlinked
2019-08-08 12:11:15.702  CFY <aws> [nicdb_ecj7tv] Relationships unlinked
2019-08-08 12:11:15.784  CFY <aws> [ami_1jzbp1] Unlinking relationships
2019-08-08 12:11:15.904  CFY <aws> [nic1_tqy14p] Stopped node instance
2019-08-08 12:11:16.016  CFY <aws> [cloud_init2_ub46q7] Stopped node instance
2019-08-08 12:11:16.125  CFY <aws> [cloud_init_yt7gwn] Unlinking relationships
2019-08-08 12:11:16.248  CFY <aws> [cloud_initdb_u05zlx] Deleting node instance
2019-08-08 12:11:16.710  CFY <aws> [nicdb_ecj7tv] Deleting node instance
2019-08-08 12:11:16.938  CFY <aws> [cloud_initdb_u05zlx.delete] Sending task 'cloudify_cloudinit.tasks.update'
2019-08-08 12:11:17.330  CFY <aws> [ami_1jzbp1] Relationships unlinked
2019-08-08 12:11:18.152  CFY <aws> [nicdb_ecj7tv.delete] Sending task 'cloudify_aws.ec2.resources.eni.delete'
2019-08-08 12:11:18.506  CFY <aws> [cloud_init_yt7gwn] Relationships unlinked
2019-08-08 12:11:19.015  CFY <aws> [nic2_a49vfr.stop] Task succeeded 'cloudify_aws.ec2.resources.eni.detach'
2019-08-08 12:11:19.063  CFY <aws> [ami_1jzbp1] Deleting node instance: nothing to do
2019-08-08 12:11:19.518  CFY <aws> [cloud_init2_ub46q7] Unlinking relationships
2019-08-08 12:11:19.634  CFY <aws> [nic1_tqy14p] Unlinking relationships
2019-08-08 12:11:19.813  CFY <aws> [cloud_init_yt7gwn] Deleting node instance
2019-08-08 12:11:19.889  CFY <aws> [nic2_a49vfr] Stopped node instance
2019-08-08 12:11:20.031  CFY <aws> [ami_1jzbp1] Deleted node instance
2019-08-08 12:11:20.387  CFY <aws> [cloud_init_yt7gwn.delete] Sending task 'cloudify_cloudinit.tasks.update'
2019-08-08 12:11:21.275  CFY <aws> [cloud_initdb_u05zlx.delete] Task succeeded 'cloudify_cloudinit.tasks.update'
2019-08-08 12:11:21.307  CFY <aws> [cloud_init2_ub46q7] Relationships unlinked
2019-08-08 12:11:22.060  CFY <aws> [nic1_tqy14p] Relationships unlinked
2019-08-08 12:11:22.193  CFY <aws> [cloud_initdb_u05zlx] Deleted node instance
2019-08-08 12:11:22.346  CFY <aws> [cloud_init2_ub46q7] Deleting node instance
2019-08-08 12:11:23.246  CFY <aws> [cloud_init2_ub46q7.delete] Sending task 'cloudify_cloudinit.tasks.update'
2019-08-08 12:11:23.691  CFY <aws> [nic1_tqy14p] Deleting node instance
2019-08-08 12:11:24.453  CFY <aws> [nic2_a49vfr] Unlinking relationships
2019-08-08 12:11:24.565  CFY <aws> [nic1_tqy14p.delete] Sending task 'cloudify_aws.ec2.resources.eni.delete'
2019-08-08 12:11:24.707  CFY <aws> [cloud_init_yt7gwn.delete] Task succeeded 'cloudify_cloudinit.tasks.update'
2019-08-08 12:11:26.059  CFY <aws> [nicdb_ecj7tv.delete] Task succeeded 'cloudify_aws.ec2.resources.eni.delete'
2019-08-08 12:11:26.131  CFY <aws> [cloud_init_yt7gwn] Deleted node instance
2019-08-08 12:11:26.298  CFY <aws> [nic2_a49vfr] Relationships unlinked
2019-08-08 12:11:27.130  CFY <aws> [nicdb_ecj7tv] Deleted node instance
2019-08-08 12:11:27.502  CFY <aws> [cloud_init2_ub46q7.delete] Task succeeded 'cloudify_cloudinit.tasks.update'
2019-08-08 12:11:27.652  CFY <aws> [nic2_a49vfr] Deleting node instance
2019-08-08 12:11:27.749  CFY <aws> [cloud_init2_ub46q7] Deleted node instance
2019-08-08 12:11:27.919  CFY <aws> [nic2_a49vfr.delete] Sending task 'cloudify_aws.ec2.resources.eni.delete'
2019-08-08 12:11:31.020  CFY <aws> [nic1_tqy14p.delete] Task succeeded 'cloudify_aws.ec2.resources.eni.delete'
2019-08-08 12:11:31.086  CFY <aws> [nic1_tqy14p] Deleted node instance
2019-08-08 12:11:31.831  CFY <aws> [nic2_a49vfr.delete] Task succeeded 'cloudify_aws.ec2.resources.eni.delete'
2019-08-08 12:11:31.855  CFY <aws> [nic2_a49vfr] Deleted node instance
2019-08-08 12:11:32.533  CFY <aws> [subnet_j302zr] Stopping node instance
2019-08-08 12:11:32.642  CFY <aws> [security_group_bhnd9t] Stopping node instance
2019-08-08 12:11:33.113  CFY <aws> [subnet_j302zr] Validating node instance after deletion: nothing to do
2019-08-08 12:11:33.168  CFY <aws> [security_group_bhnd9t] Validating node instance after deletion: nothing to do
2019-08-08 12:11:33.284  CFY <aws> [security_group_bhnd9t] Stopped node instance: nothing to do
2019-08-08 12:11:33.335  CFY <aws> [subnet_j302zr] Stopped node instance: nothing to do
2019-08-08 12:11:33.695  CFY <aws> [security_group_bhnd9t] Unlinking relationships
2019-08-08 12:11:33.791  CFY <aws> [subnet_j302zr] Unlinking relationships
2019-08-08 12:11:34.064  CFY <aws> [security_group_bhnd9t] Relationships unlinked
2019-08-08 12:11:34.334  CFY <aws> [subnet_j302zr] Relationships unlinked
2019-08-08 12:11:34.381  CFY <aws> [security_group_bhnd9t] Deleting node instance
2019-08-08 12:11:34.521  CFY <aws> [security_group_bhnd9t.delete] Sending task 'cloudify_aws.ec2.resources.securitygroup.delete'
2019-08-08 12:11:35.375  CFY <aws> [subnet_j302zr] Deleting node instance
2019-08-08 12:11:36.211  CFY <aws> [subnet_j302zr.delete] Sending task 'cloudify_aws.ec2.resources.subnet.delete'
2019-08-08 12:11:39.519  CFY <aws> [security_group_bhnd9t.delete] Task succeeded 'cloudify_aws.ec2.resources.securitygroup.delete'
2019-08-08 12:11:39.758  CFY <aws> [security_group_bhnd9t] Deleted node instance
2019-08-08 12:11:40.330  CFY <aws> [subnet_j302zr.delete] Task succeeded 'cloudify_aws.ec2.resources.subnet.delete'
2019-08-08 12:11:40.564  CFY <aws> [subnet_j302zr] Deleted node instance
2019-08-08 12:11:41.063  CFY <aws> [vpc_ostefi] Stopping node instance
2019-08-08 12:11:41.158  CFY <aws> [vpc_ostefi] Validating node instance after deletion: nothing to do
2019-08-08 12:11:41.255  CFY <aws> [vpc_ostefi] Stopped node instance: nothing to do
2019-08-08 12:11:41.570  CFY <aws> [vpc_ostefi] Unlinking relationships
2019-08-08 12:11:41.839  CFY <aws> [vpc_ostefi] Relationships unlinked
2019-08-08 12:11:42.077  CFY <aws> [vpc_ostefi] Deleting node instance
2019-08-08 12:11:42.283  CFY <aws> [vpc_ostefi.delete] Sending task 'cloudify_aws.ec2.resources.vpc.delete'
2019-08-08 12:11:46.180  CFY <aws> [vpc_ostefi.delete] Task succeeded 'cloudify_aws.ec2.resources.vpc.delete'
2019-08-08 12:11:46.222  CFY <aws> [vpc_ostefi] Deleted node instance
2019-08-08 12:11:46.668  CFY <aws> 'uninstall' workflow execution succeeded
Finished executing workflow uninstall on deployment aws
* Run 'cfy events list 94679f4f-31e1-4988-aee0-d67a71e593e9' to retrieve the execution's events/logs
Trying to delete deployment aws...
Deployment deleted
Deleting blueprint cloudify-wordpress-blueprint-aws...
Blueprint deleted
