Executing workflow `uninstall` on deployment `aws` [timeout=900 seconds]
2019-08-08 13:52:38.920  CFY <aws> Starting 'uninstall' workflow execution
2019-08-08 13:52:43.284  CFY <aws> [ipdb_s2b9wc] Stopping node instance
2019-08-08 13:52:43.344  CFY <aws> [config-wordpress2_okirsr] Stopping node instance
2019-08-08 13:52:43.572  CFY <aws> [security_group_rules_6wgkhh] Stopping node instance
2019-08-08 13:52:44.341  CFY <aws> [config-wordpress1_yn6a27] Stopping node instance
2019-08-08 13:52:44.398  CFY <aws> [ip1_l16zlw] Stopping node instance
2019-08-08 13:52:44.453  CFY <aws> [route_public_subnet_internet_gateway_m3qy70] Stopping node instance
2019-08-08 13:52:44.583  CFY <aws> [ip2_2fntsm] Stopping node instance
2019-08-08 13:52:45.236  CFY <aws> [config-database_mx5zgw] Stopping node instance
2019-08-08 13:52:45.327  CFY <aws> [ipdb_s2b9wc] Validating node instance after deletion: nothing to do
2019-08-08 13:52:45.431  CFY <aws> [config-wordpress2_okirsr] Validating node instance after deletion: nothing to do
2019-08-08 13:52:45.526  CFY <aws> [security_group_rules_6wgkhh] Validating node instance after deletion: nothing to do
2019-08-08 13:52:45.638  CFY <aws> [ipdb_s2b9wc.stop] Sending task 'cloudify_aws.ec2.resources.elasticip.detach'
2019-08-08 13:52:45.692  CFY <aws> [ip1_l16zlw] Validating node instance after deletion: nothing to do
2019-08-08 13:52:45.781  CFY <aws> [route_public_subnet_internet_gateway_m3qy70] Validating node instance after deletion: nothing to do
2019-08-08 13:52:45.840  CFY <aws> [ip2_2fntsm] Validating node instance after deletion: nothing to do
2019-08-08 13:52:45.898  CFY <aws> [config-wordpress1_yn6a27] Validating node instance after deletion: nothing to do
2019-08-08 13:52:45.949  CFY <aws> [config-database_mx5zgw] Validating node instance after deletion: nothing to do
2019-08-08 13:52:46.599  CFY <aws> [config-wordpress2_okirsr] Stopped node instance: nothing to do
2019-08-08 13:52:46.723  CFY <aws> [config-wordpress1_yn6a27] Stopped node instance: nothing to do
2019-08-08 13:52:46.769  CFY <aws> [ip1_l16zlw.stop] Sending task 'cloudify_aws.ec2.resources.elasticip.detach'
2019-08-08 13:52:46.863  CFY <aws> [route_public_subnet_internet_gateway_m3qy70] Stopped node instance: nothing to do
2019-08-08 13:52:47.639  CFY <aws> [config-database_mx5zgw] Stopped node instance: nothing to do
2019-08-08 13:52:47.918  CFY <aws> [security_group_rules_6wgkhh.stop] Sending task 'cloudify_aws.ec2.resources.securitygroup.revoke_ingress_rules'
2019-08-08 13:52:49.067  CFY <aws> [ip2_2fntsm.stop] Sending task 'cloudify_aws.ec2.resources.elasticip.detach'
2019-08-08 13:52:51.947  CFY <aws> [ipdb_s2b9wc.stop] Task succeeded 'cloudify_aws.ec2.resources.elasticip.detach'
2019-08-08 13:52:52.977  CFY <aws> [config-wordpress2_okirsr] Unlinking relationships
2019-08-08 13:52:53.325  CFY <aws> [config-wordpress1_yn6a27] Unlinking relationships
2019-08-08 13:52:53.532  CFY <aws> [ipdb_s2b9wc] Stopped node instance
2019-08-08 13:52:53.797  CFY <aws> [route_public_subnet_internet_gateway_m3qy70] Unlinking relationships
2019-08-08 13:52:54.051  CFY <aws> [config-wordpress2_okirsr->vm-app2_r09c6v|unlink] Sending task 'cloudify_ansible.tasks.ansible_remove_host'
2019-08-08 13:52:54.087  CFY <aws> [config-database_mx5zgw] Unlinking relationships
2019-08-08 13:52:55.947  CFY <aws> [config-wordpress1_yn6a27->vm-app1_6objvy|unlink] Sending task 'cloudify_ansible.tasks.ansible_remove_host'
2019-08-08 13:52:56.265  CFY <aws> [ip1_l16zlw.stop] Task succeeded 'cloudify_aws.ec2.resources.elasticip.detach'
2019-08-08 13:52:57.420  CFY <aws> [security_group_rules_6wgkhh.stop] Task succeeded 'cloudify_aws.ec2.resources.securitygroup.revoke_ingress_rules'
2019-08-08 13:52:57.504  CFY <aws> [config-database_mx5zgw->vm-database_yb8cv9|unlink] Sending task 'cloudify_ansible.tasks.ansible_remove_host'
2019-08-08 13:52:58.816  CFY <aws> [ip1_l16zlw] Stopped node instance
2019-08-08 13:52:59.025  CFY <aws> [ipdb_s2b9wc] Unlinking relationships
2019-08-08 13:52:59.267  CFY <aws> [route_public_subnet_internet_gateway_m3qy70] Relationships unlinked
2019-08-08 13:52:59.563  CFY <aws> [security_group_rules_6wgkhh] Stopped node instance
2019-08-08 13:52:59.777  CFY <aws> [ip2_2fntsm.stop] Task succeeded 'cloudify_aws.ec2.resources.elasticip.detach'
2019-08-08 13:53:00.593  CFY <aws> [route_public_subnet_internet_gateway_m3qy70] Deleting node instance
2019-08-08 13:53:01.063  CFY <aws> [ipdb_s2b9wc] Relationships unlinked
2019-08-08 13:53:01.254  CFY <aws> [config-wordpress2_okirsr->vm-app2_r09c6v|unlink] Task succeeded 'cloudify_ansible.tasks.ansible_remove_host'
2019-08-08 13:53:01.758  CFY <aws> [ip2_2fntsm] Stopped node instance
2019-08-08 13:53:02.144  CFY <aws> [route_public_subnet_internet_gateway_m3qy70.delete] Sending task 'cloudify_aws.ec2.resources.route.delete'
2019-08-08 13:53:02.853  CFY <aws> [ip1_l16zlw] Unlinking relationships
2019-08-08 13:53:03.295  CFY <aws> [config-wordpress1_yn6a27->vm-app1_6objvy|unlink] Task succeeded 'cloudify_ansible.tasks.ansible_remove_host'
2019-08-08 13:53:03.564  CFY <aws> [ipdb_s2b9wc] Deleting node instance
2019-08-08 13:53:03.779  CFY <aws> [config-wordpress2_okirsr] Relationships unlinked
2019-08-08 13:53:04.078  CFY <aws> [ipdb_s2b9wc.delete] Sending task 'cloudify_aws.ec2.resources.elasticip.delete'
2019-08-08 13:53:04.921  CFY <aws> [config-database_mx5zgw->vm-database_yb8cv9|unlink] Task succeeded 'cloudify_ansible.tasks.ansible_remove_host'
2019-08-08 13:53:05.177  CFY <aws> [config-wordpress1_yn6a27] Relationships unlinked
2019-08-08 13:53:05.720  CFY <aws> [security_group_rules_6wgkhh] Unlinking relationships
2019-08-08 13:53:05.901  CFY <aws> [ip1_l16zlw] Relationships unlinked
2019-08-08 13:53:06.110  CFY <aws> [config-wordpress2_okirsr] Deleting node instance: nothing to do
2019-08-08 13:53:06.396  CFY <aws> [config-database_mx5zgw] Relationships unlinked
2019-08-08 13:53:06.612  CFY <aws> [config-wordpress1_yn6a27] Deleting node instance: nothing to do
2019-08-08 13:53:06.779  CFY <aws> [ip2_2fntsm] Unlinking relationships
2019-08-08 13:53:06.984  CFY <aws> [ip1_l16zlw] Deleting node instance
2019-08-08 13:53:07.599  CFY <aws> [security_group_rules_6wgkhh] Relationships unlinked
2019-08-08 13:53:07.725  CFY <aws> [config-wordpress2_okirsr] Deleted node instance
2019-08-08 13:53:08.046  CFY <aws> [ip1_l16zlw.delete] Sending task 'cloudify_aws.ec2.resources.elasticip.delete'
2019-08-08 13:53:08.535  CFY <aws> [config-database_mx5zgw] Deleting node instance: nothing to do
2019-08-08 13:53:09.072  CFY <aws> [config-wordpress1_yn6a27] Deleted node instance
2019-08-08 13:53:09.258  CFY <aws> [ip2_2fntsm] Relationships unlinked
2019-08-08 13:53:09.858  CFY <aws> [security_group_rules_6wgkhh] Deleting node instance: nothing to do
2019-08-08 13:53:10.805  CFY <aws> [config-database_mx5zgw] Deleted node instance
2019-08-08 13:53:11.583  CFY <aws> [ip2_2fntsm] Deleting node instance
2019-08-08 13:53:11.641  CFY <aws> [route_public_subnet_internet_gateway_m3qy70.delete] Task succeeded 'cloudify_aws.ec2.resources.route.delete'
2019-08-08 13:53:12.422  CFY <aws> [ip2_2fntsm.delete] Sending task 'cloudify_aws.ec2.resources.elasticip.delete'
2019-08-08 13:53:13.668  CFY <aws> [vm-app1_6objvy] Stopping node instance
2019-08-08 13:53:13.898  CFY <aws> [vm-app2_r09c6v] Stopping node instance
2019-08-08 13:53:14.373  CFY <aws> [ipdb_s2b9wc.delete] Task succeeded 'cloudify_aws.ec2.resources.elasticip.delete'
2019-08-08 13:53:14.635  CFY <aws> [security_group_rules_6wgkhh] Deleted node instance
2019-08-08 13:53:14.777  CFY <aws> [vm-database_yb8cv9] Stopping node instance
2019-08-08 13:53:15.905  CFY <aws> [route_public_subnet_internet_gateway_m3qy70] Deleted node instance
2019-08-08 13:53:16.041  CFY <aws> [vm-app1_6objvy] Validating node instance after deletion: nothing to do
2019-08-08 13:53:16.254  CFY <aws> [vm-app2_r09c6v] Validating node instance after deletion: nothing to do
2019-08-08 13:53:16.487  CFY <aws> [ipdb_s2b9wc] Deleted node instance
2019-08-08 13:53:17.171  CFY <aws> [vm-app1_6objvy.stop] Sending task 'cloudify_aws.ec2.resources.instances.stop'
2019-08-08 13:53:17.196  CFY <aws> [vm-database_yb8cv9] Validating node instance after deletion: nothing to do
2019-08-08 13:53:17.411  CFY <aws> [routetable_j78k39] Stopping node instance
2019-08-08 13:53:17.863  CFY <aws> [ip1_l16zlw.delete] Task succeeded 'cloudify_aws.ec2.resources.elasticip.delete'
2019-08-08 13:53:19.562  CFY <aws> [vm-app2_r09c6v.stop] Sending task 'cloudify_aws.ec2.resources.instances.stop'
2019-08-08 13:53:19.693  CFY <aws> [internet_gateway_1n80bt] Stopping node instance
2019-08-08 13:53:20.297  CFY <aws> [ip1_l16zlw] Deleted node instance
2019-08-08 13:53:21.100  CFY <aws> [vm-database_yb8cv9.stop] Sending task 'cloudify_aws.ec2.resources.instances.stop'
2019-08-08 13:53:21.695  CFY <aws> [ip2_2fntsm.delete] Task succeeded 'cloudify_aws.ec2.resources.elasticip.delete'
2019-08-08 13:53:22.058  CFY <aws> [routetable_j78k39] Validating node instance after deletion: nothing to do
2019-08-08 13:53:22.211  CFY <aws> [internet_gateway_1n80bt] Validating node instance after deletion: nothing to do
2019-08-08 13:53:22.485  CFY <aws> [routetable_j78k39.stop] Sending task 'cloudify_aws.ec2.resources.routetable.detach'
2019-08-08 13:53:23.076  CFY <aws> [ip2_2fntsm] Deleted node instance
2019-08-08 13:53:24.365  CFY <aws> [internet_gateway_1n80bt.stop] Sending task 'cloudify_aws.ec2.resources.internet_gateway.detach'
2019-08-08 13:53:26.149  CFY <aws> [vm-app1_6objvy.stop] Task rescheduled 'cloudify_aws.ec2.resources.instances.stop' -> EC2 Instances ID# "i-0fc1f6c1b052fc9a3" is still in a pending state.
Traceback (most recent call last):
  File "/opt/mgmtworker/env/lib/python2.7/site-packages/cloudify/dispatch.py", line 813, in main
    payload = handler.handle()
  File "/opt/mgmtworker/env/lib/python2.7/site-packages/cloudify/dispatch.py", line 461, in handle
    result = self._run_operation_func(ctx, kwargs)
  File "/opt/mgmtworker/env/lib/python2.7/site-packages/cloudify/dispatch.py", line 519, in _run_operation_func
    return self.func(*self.args, **kwargs)
  File "/opt/mgmtworker/env/plugins/default_tenant/cloudify-aws-plugin-2.3.0/lib/python2.7/site-packages/cloudify_aws/common/decorators.py", line 303, in wrapper_inner
    result = function(**kwargs)
  File "/opt/mgmtworker/env/plugins/default_tenant/cloudify-aws-plugin-2.3.0/lib/python2.7/site-packages/cloudify_aws/common/decorators.py", line 330, in wrapper_inner
    fail_on_missing)
  File "/opt/mgmtworker/env/plugins/default_tenant/cloudify-aws-plugin-2.3.0/lib/python2.7/site-packages/cloudify_aws/common/decorators.py", line 76, in _wait_for_status
    % (resource_type, iface.resource_id))
OperationRetry: EC2 Instances ID# "i-0fc1f6c1b052fc9a3" is still in a pending state.

2019-08-08 13:53:29.215  CFY <aws> [vm-app2_r09c6v.stop] Task rescheduled 'cloudify_aws.ec2.resources.instances.stop' -> EC2 Instances ID# "i-09c5ca9f629754164" is still in a pending state.
Traceback (most recent call last):
  File "/opt/mgmtworker/env/lib/python2.7/site-packages/cloudify/dispatch.py", line 813, in main
    payload = handler.handle()
  File "/opt/mgmtworker/env/lib/python2.7/site-packages/cloudify/dispatch.py", line 461, in handle
    result = self._run_operation_func(ctx, kwargs)
  File "/opt/mgmtworker/env/lib/python2.7/site-packages/cloudify/dispatch.py", line 519, in _run_operation_func
    return self.func(*self.args, **kwargs)
  File "/opt/mgmtworker/env/plugins/default_tenant/cloudify-aws-plugin-2.3.0/lib/python2.7/site-packages/cloudify_aws/common/decorators.py", line 303, in wrapper_inner
    result = function(**kwargs)
  File "/opt/mgmtworker/env/plugins/default_tenant/cloudify-aws-plugin-2.3.0/lib/python2.7/site-packages/cloudify_aws/common/decorators.py", line 330, in wrapper_inner
    fail_on_missing)
  File "/opt/mgmtworker/env/plugins/default_tenant/cloudify-aws-plugin-2.3.0/lib/python2.7/site-packages/cloudify_aws/common/decorators.py", line 76, in _wait_for_status
    % (resource_type, iface.resource_id))
OperationRetry: EC2 Instances ID# "i-09c5ca9f629754164" is still in a pending state.

2019-08-08 13:53:30.762  CFY <aws> [vm-database_yb8cv9.stop] Task rescheduled 'cloudify_aws.ec2.resources.instances.stop' -> EC2 Instances ID# "i-0897cf55853cf7df4" is still in a pending state.
Traceback (most recent call last):
  File "/opt/mgmtworker/env/lib/python2.7/site-packages/cloudify/dispatch.py", line 813, in main
    payload = handler.handle()
  File "/opt/mgmtworker/env/lib/python2.7/site-packages/cloudify/dispatch.py", line 461, in handle
    result = self._run_operation_func(ctx, kwargs)
  File "/opt/mgmtworker/env/lib/python2.7/site-packages/cloudify/dispatch.py", line 519, in _run_operation_func
    return self.func(*self.args, **kwargs)
  File "/opt/mgmtworker/env/plugins/default_tenant/cloudify-aws-plugin-2.3.0/lib/python2.7/site-packages/cloudify_aws/common/decorators.py", line 303, in wrapper_inner
    result = function(**kwargs)
  File "/opt/mgmtworker/env/plugins/default_tenant/cloudify-aws-plugin-2.3.0/lib/python2.7/site-packages/cloudify_aws/common/decorators.py", line 330, in wrapper_inner
    fail_on_missing)
  File "/opt/mgmtworker/env/plugins/default_tenant/cloudify-aws-plugin-2.3.0/lib/python2.7/site-packages/cloudify_aws/common/decorators.py", line 76, in _wait_for_status
    % (resource_type, iface.resource_id))
OperationRetry: EC2 Instances ID# "i-0897cf55853cf7df4" is still in a pending state.

2019-08-08 13:53:31.299  CFY <aws> [routetable_j78k39.stop] Task succeeded 'cloudify_aws.ec2.resources.routetable.detach'
2019-08-08 13:53:31.302  CFY <aws> [routetable_j78k39] Stopped node instance
2019-08-08 13:53:31.711  CFY <aws> [routetable_j78k39] Unlinking relationships
2019-08-08 13:53:32.091  CFY <aws> [routetable_j78k39] Relationships unlinked
2019-08-08 13:53:32.140  CFY <aws> [internet_gateway_1n80bt.stop] Task succeeded 'cloudify_aws.ec2.resources.internet_gateway.detach'
2019-08-08 13:53:32.232  CFY <aws> [internet_gateway_1n80bt] Stopped node instance
2019-08-08 13:53:32.852  CFY <aws> [routetable_j78k39] Deleting node instance
2019-08-08 13:53:33.130  CFY <aws> [routetable_j78k39.delete] Sending task 'cloudify_aws.ec2.resources.routetable.delete'
2019-08-08 13:53:34.109  CFY <aws> [internet_gateway_1n80bt] Unlinking relationships
2019-08-08 13:53:34.517  CFY <aws> [internet_gateway_1n80bt] Relationships unlinked
2019-08-08 13:53:34.738  CFY <aws> [internet_gateway_1n80bt] Deleting node instance
2019-08-08 13:53:35.279  CFY <aws> [internet_gateway_1n80bt.delete] Sending task 'cloudify_aws.ec2.resources.internet_gateway.delete'
2019-08-08 13:53:37.350  CFY <aws> [routetable_j78k39.delete] Task succeeded 'cloudify_aws.ec2.resources.routetable.delete'
2019-08-08 13:53:37.746  CFY <aws> [routetable_j78k39] Deleted node instance
2019-08-08 13:53:39.186  CFY <aws> [internet_gateway_1n80bt.delete] Task succeeded 'cloudify_aws.ec2.resources.internet_gateway.delete'
2019-08-08 13:53:39.441  CFY <aws> [internet_gateway_1n80bt] Deleted node instance
2019-08-08 13:53:41.266  CFY <aws> [vm-app1_6objvy.stop] Sending task 'cloudify_aws.ec2.resources.instances.stop' [retry 1/60]
2019-08-08 13:53:44.391  CFY <aws> [vm-app2_r09c6v.stop] Sending task 'cloudify_aws.ec2.resources.instances.stop' [retry 1/60]
2019-08-08 13:53:44.938  CFY <aws> [vm-app1_6objvy.stop] Task succeeded 'cloudify_aws.ec2.resources.instances.stop' [retry 1/60]
2019-08-08 13:53:45.337  CFY <aws> [vm-app1_6objvy] Stopped node instance
2019-08-08 13:53:46.218  CFY <aws> [vm-database_yb8cv9.stop] Sending task 'cloudify_aws.ec2.resources.instances.stop' [retry 1/60]
2019-08-08 13:53:47.189  CFY <aws> [vm-app1_6objvy] Unlinking relationships
2019-08-08 13:53:47.706  CFY <aws> [vm-app1_6objvy] Relationships unlinked
2019-08-08 13:53:47.872  CFY <aws> [vm-app1_6objvy] Deleting node instance
2019-08-08 13:53:48.620  CFY <aws> [vm-app1_6objvy.delete] Sending task 'cloudify_aws.ec2.resources.instances.delete'
2019-08-08 13:53:50.300  CFY <aws> [vm-app2_r09c6v.stop] Task succeeded 'cloudify_aws.ec2.resources.instances.stop' [retry 1/60]
2019-08-08 13:53:50.352  CFY <aws> [vm-app2_r09c6v] Stopped node instance
2019-08-08 13:53:51.094  CFY <aws> [vm-app2_r09c6v] Unlinking relationships
2019-08-08 13:53:51.576  CFY <aws> [vm-app2_r09c6v] Relationships unlinked
2019-08-08 13:53:51.988  CFY <aws> [vm-database_yb8cv9.stop] Task succeeded 'cloudify_aws.ec2.resources.instances.stop' [retry 1/60]
2019-08-08 13:53:52.141  CFY <aws> [vm-app2_r09c6v] Deleting node instance
2019-08-08 13:53:52.246  CFY <aws> [vm-database_yb8cv9] Stopped node instance
2019-08-08 13:53:52.422  CFY <aws> [vm-app2_r09c6v.delete] Sending task 'cloudify_aws.ec2.resources.instances.delete'
2019-08-08 13:53:54.014  CFY <aws> [vm-database_yb8cv9] Unlinking relationships
2019-08-08 13:53:54.504  CFY <aws> [vm-database_yb8cv9] Relationships unlinked
2019-08-08 13:53:54.761  CFY <aws> [vm-app1_6objvy.delete] Task rescheduled 'cloudify_aws.ec2.resources.instances.delete' -> EC2 Instances ID# "i-0fc1f6c1b052fc9a3" is still in a pending state.
Traceback (most recent call last):
  File "/opt/mgmtworker/env/lib/python2.7/site-packages/cloudify/dispatch.py", line 813, in main
    payload = handler.handle()
  File "/opt/mgmtworker/env/lib/python2.7/site-packages/cloudify/dispatch.py", line 461, in handle
    result = self._run_operation_func(ctx, kwargs)
  File "/opt/mgmtworker/env/lib/python2.7/site-packages/cloudify/dispatch.py", line 519, in _run_operation_func
    return self.func(*self.args, **kwargs)
  File "/opt/mgmtworker/env/plugins/default_tenant/cloudify-aws-plugin-2.3.0/lib/python2.7/site-packages/cloudify_aws/common/decorators.py", line 303, in wrapper_inner
    result = function(**kwargs)
  File "/opt/mgmtworker/env/plugins/default_tenant/cloudify-aws-plugin-2.3.0/lib/python2.7/site-packages/cloudify_aws/common/decorators.py", line 382, in wrapper_inner
    % (resource_type, iface.resource_id))
OperationRetry: EC2 Instances ID# "i-0fc1f6c1b052fc9a3" is still in a pending state.

2019-08-08 13:53:55.420  CFY <aws> [vm-database_yb8cv9] Deleting node instance
2019-08-08 13:53:55.864  CFY <aws> [vm-database_yb8cv9.delete] Sending task 'cloudify_aws.ec2.resources.instances.delete'
2019-08-08 13:53:58.212  CFY <aws> [vm-app2_r09c6v.delete] Task rescheduled 'cloudify_aws.ec2.resources.instances.delete' -> EC2 Instances ID# "i-09c5ca9f629754164" is still in a pending state.
Traceback (most recent call last):
  File "/opt/mgmtworker/env/lib/python2.7/site-packages/cloudify/dispatch.py", line 813, in main
    payload = handler.handle()
  File "/opt/mgmtworker/env/lib/python2.7/site-packages/cloudify/dispatch.py", line 461, in handle
    result = self._run_operation_func(ctx, kwargs)
  File "/opt/mgmtworker/env/lib/python2.7/site-packages/cloudify/dispatch.py", line 519, in _run_operation_func
    return self.func(*self.args, **kwargs)
  File "/opt/mgmtworker/env/plugins/default_tenant/cloudify-aws-plugin-2.3.0/lib/python2.7/site-packages/cloudify_aws/common/decorators.py", line 303, in wrapper_inner
    result = function(**kwargs)
  File "/opt/mgmtworker/env/plugins/default_tenant/cloudify-aws-plugin-2.3.0/lib/python2.7/site-packages/cloudify_aws/common/decorators.py", line 382, in wrapper_inner
    % (resource_type, iface.resource_id))
OperationRetry: EC2 Instances ID# "i-09c5ca9f629754164" is still in a pending state.

2019-08-08 13:54:00.262  CFY <aws> [vm-database_yb8cv9.delete] Task rescheduled 'cloudify_aws.ec2.resources.instances.delete' -> EC2 Instances ID# "i-0897cf55853cf7df4" is still in a pending state.
Traceback (most recent call last):
  File "/opt/mgmtworker/env/lib/python2.7/site-packages/cloudify/dispatch.py", line 813, in main
    payload = handler.handle()
  File "/opt/mgmtworker/env/lib/python2.7/site-packages/cloudify/dispatch.py", line 461, in handle
    result = self._run_operation_func(ctx, kwargs)
  File "/opt/mgmtworker/env/lib/python2.7/site-packages/cloudify/dispatch.py", line 519, in _run_operation_func
    return self.func(*self.args, **kwargs)
  File "/opt/mgmtworker/env/plugins/default_tenant/cloudify-aws-plugin-2.3.0/lib/python2.7/site-packages/cloudify_aws/common/decorators.py", line 303, in wrapper_inner
    result = function(**kwargs)
  File "/opt/mgmtworker/env/plugins/default_tenant/cloudify-aws-plugin-2.3.0/lib/python2.7/site-packages/cloudify_aws/common/decorators.py", line 382, in wrapper_inner
    % (resource_type, iface.resource_id))
OperationRetry: EC2 Instances ID# "i-0897cf55853cf7df4" is still in a pending state.

2019-08-08 13:54:09.884  CFY <aws> [vm-app1_6objvy.delete] Sending task 'cloudify_aws.ec2.resources.instances.delete' [retry 1/60]
2019-08-08 13:54:13.511  CFY <aws> [vm-app2_r09c6v.delete] Sending task 'cloudify_aws.ec2.resources.instances.delete' [retry 1/60]
2019-08-08 13:54:14.216  CFY <aws> [vm-app1_6objvy.delete] Task succeeded 'cloudify_aws.ec2.resources.instances.delete' [retry 1/60]
2019-08-08 13:54:14.887  CFY <aws> [vm-app1_6objvy] Deleted node instance
2019-08-08 13:54:15.565  CFY <aws> [nic1_lbbgem] Stopping node instance
2019-08-08 13:54:15.727  CFY <aws> [cloud_init_o4hy3l] Stopping node instance
2019-08-08 13:54:15.742  CFY <aws> [vm-database_yb8cv9.delete] Sending task 'cloudify_aws.ec2.resources.instances.delete' [retry 1/60]
2019-08-08 13:54:16.936  CFY <aws> [cloud_init_o4hy3l] Validating node instance after deletion: nothing to do
2019-08-08 13:54:17.164  CFY <aws> [nic1_lbbgem] Validating node instance after deletion: nothing to do
2019-08-08 13:54:17.537  CFY <aws> [cloud_init_o4hy3l.stop] Sending task 'cloudify_cloudinit.tasks.update'
2019-08-08 13:54:18.897  CFY <aws> [nic1_lbbgem.stop] Sending task 'cloudify_aws.ec2.resources.eni.detach'
2019-08-08 13:54:19.648  CFY <aws> [vm-app2_r09c6v.delete] Task succeeded 'cloudify_aws.ec2.resources.instances.delete' [retry 1/60]
2019-08-08 13:54:20.610  CFY <aws> [vm-app2_r09c6v] Deleted node instance
2019-08-08 13:54:22.462  CFY <aws> [cloud_init2_cwnhdq] Stopping node instance
2019-08-08 13:54:23.335  CFY <aws> [nic2_i7657d] Stopping node instance
2019-08-08 13:54:23.503  CFY <aws> [cloud_init2_cwnhdq] Validating node instance after deletion: nothing to do
2019-08-08 13:54:23.598  CFY <aws> [nic2_i7657d] Validating node instance after deletion: nothing to do
2019-08-08 13:54:23.918  CFY <aws> [cloud_init2_cwnhdq.stop] Sending task 'cloudify_cloudinit.tasks.update'
2019-08-08 13:54:24.255  CFY <aws> [cloud_init_o4hy3l.stop] Task succeeded 'cloudify_cloudinit.tasks.update'
2019-08-08 13:54:24.473  CFY <aws> [vm-database_yb8cv9.delete] Task succeeded 'cloudify_aws.ec2.resources.instances.delete' [retry 1/60]
2019-08-08 13:54:25.325  CFY <aws> [nic2_i7657d.stop] Sending task 'cloudify_aws.ec2.resources.eni.detach'
2019-08-08 13:54:26.043  CFY <aws> [vm-database_yb8cv9] Deleted node instance
2019-08-08 13:54:26.050  CFY <aws> [nic1_lbbgem.stop] Task succeeded 'cloudify_aws.ec2.resources.eni.detach'
2019-08-08 13:54:26.690  CFY <aws> [cloud_init_o4hy3l] Stopped node instance
2019-08-08 13:54:26.968  CFY <aws> [cloud_initdb_vydvxk] Stopping node instance
2019-08-08 13:54:27.197  CFY <aws> [nicdb_3itl38] Stopping node instance
2019-08-08 13:54:27.975  CFY <aws> [nic1_lbbgem] Stopped node instance
2019-08-08 13:54:28.447  CFY <aws> [ami_poe4ov] Stopping node instance
2019-08-08 13:54:28.485  CFY <aws> [cloud_init2_cwnhdq.stop] Task succeeded 'cloudify_cloudinit.tasks.update'
2019-08-08 13:54:29.140  CFY <aws> [cloud_initdb_vydvxk] Validating node instance after deletion: nothing to do
2019-08-08 13:54:29.646  CFY <aws> [cloud_initdb_vydvxk.stop] Sending task 'cloudify_cloudinit.tasks.update'
2019-08-08 13:54:30.156  CFY <aws> [cloud_init2_cwnhdq] Stopped node instance
2019-08-08 13:54:30.346  CFY <aws> [ami_poe4ov] Validating node instance after deletion: nothing to do
2019-08-08 13:54:30.534  CFY <aws> [nicdb_3itl38] Validating node instance after deletion: nothing to do
2019-08-08 13:54:30.670  CFY <aws> [cloud_init_o4hy3l] Unlinking relationships
2019-08-08 13:54:31.070  CFY <aws> [nicdb_3itl38.stop] Sending task 'cloudify_aws.ec2.resources.eni.detach'
2019-08-08 13:54:32.127  CFY <aws> [ami_poe4ov] Stopped node instance: nothing to do
2019-08-08 13:54:32.312  CFY <aws> [nic1_lbbgem] Unlinking relationships
2019-08-08 13:54:33.187  CFY <aws> [nic2_i7657d.stop] Task succeeded 'cloudify_aws.ec2.resources.eni.detach'
2019-08-08 13:54:33.300  CFY <aws> [cloud_init_o4hy3l] Relationships unlinked
2019-08-08 13:54:33.551  CFY <aws> [cloud_init2_cwnhdq] Unlinking relationships
2019-08-08 13:54:33.763  CFY <aws> [nic1_lbbgem] Relationships unlinked
2019-08-08 13:54:33.983  CFY <aws> [nic2_i7657d] Stopped node instance
2019-08-08 13:54:34.197  CFY <aws> [ami_poe4ov] Unlinking relationships
2019-08-08 13:54:34.427  CFY <aws> [cloud_init_o4hy3l] Deleting node instance
2019-08-08 13:54:35.327  CFY <aws> [cloud_init_o4hy3l.delete] Sending task 'cloudify_cloudinit.tasks.update'
2019-08-08 13:54:35.653  CFY <aws> [cloud_initdb_vydvxk.stop] Task succeeded 'cloudify_cloudinit.tasks.update'
2019-08-08 13:54:35.883  CFY <aws> [cloud_init2_cwnhdq] Relationships unlinked
2019-08-08 13:54:36.010  CFY <aws> [nic1_lbbgem] Deleting node instance
2019-08-08 13:54:36.131  CFY <aws> [ami_poe4ov] Relationships unlinked
2019-08-08 13:54:36.670  CFY <aws> [nic1_lbbgem.delete] Sending task 'cloudify_aws.ec2.resources.eni.delete'
2019-08-08 13:54:37.515  CFY <aws> [cloud_init2_cwnhdq] Deleting node instance
2019-08-08 13:54:37.912  CFY <aws> [nic2_i7657d] Unlinking relationships
2019-08-08 13:54:38.104  CFY <aws> [nicdb_3itl38.stop] Task succeeded 'cloudify_aws.ec2.resources.eni.detach'
2019-08-08 13:54:38.209  CFY <aws> [ami_poe4ov] Deleting node instance: nothing to do
2019-08-08 13:54:38.536  CFY <aws> [cloud_initdb_vydvxk] Stopped node instance
2019-08-08 13:54:39.424  CFY <aws> [nicdb_3itl38] Stopped node instance
2019-08-08 13:54:39.838  CFY <aws> [cloud_init2_cwnhdq.delete] Sending task 'cloudify_cloudinit.tasks.update'
2019-08-08 13:54:40.229  CFY <aws> [nic2_i7657d] Relationships unlinked
2019-08-08 13:54:40.554  CFY <aws> [cloud_init_o4hy3l.delete] Task succeeded 'cloudify_cloudinit.tasks.update'
2019-08-08 13:54:40.686  CFY <aws> [ami_poe4ov] Deleted node instance
2019-08-08 13:54:41.884  CFY <aws> [cloud_initdb_vydvxk] Unlinking relationships
2019-08-08 13:54:42.730  CFY <aws> [cloud_init_o4hy3l] Deleted node instance
2019-08-08 13:54:42.898  CFY <aws> [nic2_i7657d] Deleting node instance
2019-08-08 13:54:43.084  CFY <aws> [cloud_initdb_vydvxk] Relationships unlinked
2019-08-08 13:54:43.313  CFY <aws> [nicdb_3itl38] Unlinking relationships
2019-08-08 13:54:43.541  CFY <aws> [nic2_i7657d.delete] Sending task 'cloudify_aws.ec2.resources.eni.delete'
2019-08-08 13:54:44.697  CFY <aws> [cloud_initdb_vydvxk] Deleting node instance
2019-08-08 13:54:44.993  CFY <aws> [cloud_init2_cwnhdq.delete] Task succeeded 'cloudify_cloudinit.tasks.update'
2019-08-08 13:54:45.468  CFY <aws> [nicdb_3itl38] Relationships unlinked
2019-08-08 13:54:45.666  CFY <aws> [cloud_initdb_vydvxk.delete] Sending task 'cloudify_cloudinit.tasks.update'
2019-08-08 13:54:46.285  CFY <aws> [nic1_lbbgem.delete] Task succeeded 'cloudify_aws.ec2.resources.eni.delete'
2019-08-08 13:54:46.317  CFY <aws> [cloud_init2_cwnhdq] Deleted node instance
2019-08-08 13:54:47.635  CFY <aws> [nicdb_3itl38] Deleting node instance
2019-08-08 13:54:47.742  CFY <aws> [nic1_lbbgem] Deleted node instance
2019-08-08 13:54:48.795  CFY <aws> [nicdb_3itl38.delete] Sending task 'cloudify_aws.ec2.resources.eni.delete'
2019-08-08 13:54:50.639  CFY <aws> [cloud_initdb_vydvxk.delete] Task succeeded 'cloudify_cloudinit.tasks.update'
2019-08-08 13:54:50.664  CFY <aws> [cloud_initdb_vydvxk] Deleted node instance
2019-08-08 13:54:50.848  CFY <aws> [nic2_i7657d.delete] Task succeeded 'cloudify_aws.ec2.resources.eni.delete'
2019-08-08 13:54:51.619  CFY <aws> [nic2_i7657d] Deleted node instance
2019-08-08 13:54:53.918  CFY <aws> [nicdb_3itl38.delete] Task succeeded 'cloudify_aws.ec2.resources.eni.delete'
2019-08-08 13:54:54.212  CFY <aws> [nicdb_3itl38] Deleted node instance
2019-08-08 13:54:54.571  CFY <aws> [security_group_lbrh25] Stopping node instance
2019-08-08 13:54:55.092  CFY <aws> [subnet_72m5l3] Stopping node instance
2019-08-08 13:54:55.516  CFY <aws> [security_group_lbrh25] Validating node instance after deletion: nothing to do
2019-08-08 13:54:55.580  CFY <aws> [subnet_72m5l3] Validating node instance after deletion: nothing to do
2019-08-08 13:54:55.669  CFY <aws> [security_group_lbrh25] Stopped node instance: nothing to do
2019-08-08 13:54:55.732  CFY <aws> [subnet_72m5l3] Stopped node instance: nothing to do
2019-08-08 13:54:56.135  CFY <aws> [security_group_lbrh25] Unlinking relationships
2019-08-08 13:54:56.199  CFY <aws> [subnet_72m5l3] Unlinking relationships
2019-08-08 13:54:56.536  CFY <aws> [security_group_lbrh25] Relationships unlinked
2019-08-08 13:54:56.598  CFY <aws> [subnet_72m5l3] Relationships unlinked
2019-08-08 13:54:56.713  CFY <aws> [subnet_72m5l3] Deleting node instance
2019-08-08 13:54:57.272  CFY <aws> [security_group_lbrh25] Deleting node instance
2019-08-08 13:54:57.456  CFY <aws> [subnet_72m5l3.delete] Sending task 'cloudify_aws.ec2.resources.subnet.delete'
2019-08-08 13:54:58.625  CFY <aws> [security_group_lbrh25.delete] Sending task 'cloudify_aws.ec2.resources.securitygroup.delete'
2019-08-08 13:55:02.135  CFY <aws> [subnet_72m5l3.delete] Task succeeded 'cloudify_aws.ec2.resources.subnet.delete'
2019-08-08 13:55:02.395  CFY <aws> [subnet_72m5l3] Deleted node instance
2019-08-08 13:55:03.171  CFY <aws> [security_group_lbrh25.delete] Task succeeded 'cloudify_aws.ec2.resources.securitygroup.delete'
2019-08-08 13:55:03.541  CFY <aws> [security_group_lbrh25] Deleted node instance
2019-08-08 13:55:04.206  CFY <aws> [vpc_ohcy17] Stopping node instance
2019-08-08 13:55:04.379  CFY <aws> [vpc_ohcy17] Validating node instance after deletion: nothing to do
2019-08-08 13:55:04.567  CFY <aws> [vpc_ohcy17] Stopped node instance: nothing to do
2019-08-08 13:55:05.074  CFY <aws> [vpc_ohcy17] Unlinking relationships
2019-08-08 13:55:05.358  CFY <aws> [vpc_ohcy17] Relationships unlinked
2019-08-08 13:55:05.419  CFY <aws> [vpc_ohcy17] Deleting node instance
2019-08-08 13:55:05.890  CFY <aws> [vpc_ohcy17.delete] Sending task 'cloudify_aws.ec2.resources.vpc.delete'
2019-08-08 13:55:09.550  CFY <aws> [vpc_ohcy17.delete] Task succeeded 'cloudify_aws.ec2.resources.vpc.delete'
2019-08-08 13:55:09.884  CFY <aws> [vpc_ohcy17] Deleted node instance
2019-08-08 13:55:10.196  CFY <aws> 'uninstall' workflow execution succeeded
Finished executing workflow uninstall on deployment aws
* Run 'cfy events list 901fc89b-5bfe-434d-b9d8-60c7f4d3135a' to retrieve the execution's events/logs
Trying to delete deployment aws...
Deployment deleted
Deleting blueprint cloudify-wordpress-blueprint-aws...
Blueprint deleted
