Uploading blueprint cloudify/gcp.yaml...
 gcp.yaml |############################################################| 100.0%
Blueprint uploaded. The blueprint's id is cloudify-wordpress-blueprint-gcp
Creating new deployment from blueprint cloudify-wordpress-blueprint-gcp...
Deployment created. The deployment's id is gcp
Executing workflow `install` on deployment `gcp` [timeout=900 seconds]
Deployment environment creation is pending...
2019-08-10 15:36:45.137  CFY <gcp> Starting 'create_deployment_environment' workflow execution
2019-08-10 15:36:45.140  CFY <gcp> Installing deployment and workflow plugins
2019-08-10 15:36:45.241  CFY <gcp> Sending task 'cloudify_agent.operations.install_plugins'
2019-08-10 15:36:45.265  CFY <gcp> Task started 'cloudify_agent.operations.install_plugins'
2019-08-10 15:36:45.572  LOG <gcp> INFO: Installing plugin: gcp_plugin
2019-08-10 15:36:46.455  LOG <gcp> INFO: Using existing installation of managed plugin: e0a99ba4-54d6-4741-a773-4ec378dc8634 [package_name: cloudify-gcp-plugin, package_version: 1.4.4, supported_platform: linux_x86_64, distribution: centos, distribution_release: core]
2019-08-10 15:36:46.456  LOG <gcp> INFO: Installing plugin: ansible
2019-08-10 15:36:47.348  LOG <gcp> INFO: Using existing installation of managed plugin: 7142c593-6e52-429a-8a71-55266c022e02 [package_name: cloudify-ansible-plugin, package_version: 2.4.0, supported_platform: linux_x86_64, distribution: centos, distribution_release: core]
2019-08-10 15:36:47.348  LOG <gcp> INFO: Installing plugin: suspend
2019-08-10 15:36:48.355  LOG <gcp> INFO: Using existing installation of managed plugin: 62c3cd35-5a18-49fd-a670-48f9ad207b05 [package_name: cloudify-utilities-plugin, package_version: 1.14.0, supported_platform: linux_x86_64, distribution: centos, distribution_release: core]
2019-08-10 15:36:48.355  LOG <gcp> INFO: Installing plugin: configuration
2019-08-10 15:36:49.121  LOG <gcp> INFO: Using existing installation of managed plugin: 62c3cd35-5a18-49fd-a670-48f9ad207b05 [package_name: cloudify-utilities-plugin, package_version: 1.14.0, supported_platform: linux_x86_64, distribution: centos, distribution_release: core]
2019-08-10 15:36:49.122  LOG <gcp> INFO: Installing plugin: scalelist
2019-08-10 15:36:49.923  CFY <gcp> Task succeeded 'cloudify_agent.operations.install_plugins'
2019-08-10 15:36:49.923  LOG <gcp> INFO: Using existing installation of managed plugin: 62c3cd35-5a18-49fd-a670-48f9ad207b05 [package_name: cloudify-utilities-plugin, package_version: 1.14.0, supported_platform: linux_x86_64, distribution: centos, distribution_release: core]
2019-08-10 15:36:49.940  CFY <gcp> Creating deployment work directory
2019-08-10 15:36:50.218  CFY <gcp> 'create_deployment_environment' workflow execution succeeded
2019-08-10 15:36:53.513  CFY <gcp> Starting 'install' workflow execution
2019-08-10 15:36:55.141  CFY <gcp> [network_xxiye1] Validating node instance before creation: nothing to do
2019-08-10 15:36:55.267  CFY <gcp> [network_xxiye1] Precreating node instance: nothing to do
2019-08-10 15:36:55.510  CFY <gcp> [network_xxiye1] Creating node instance
2019-08-10 15:36:55.784  CFY <gcp> [network_xxiye1.create] Sending task 'cloudify_gcp.compute.network.create'
2019-08-10 15:36:57.665  LOG <gcp> [network_xxiye1.create] INFO: Create network network-xxiye1
2019-08-10 15:37:00.323  CFY <gcp> [network_xxiye1.create] Task rescheduled 'cloudify_gcp.compute.network.create' -> Operation started
Traceback (most recent call last):
  File "/opt/mgmtworker/env/lib/python2.7/site-packages/cloudify/dispatch.py", line 813, in main
    payload = handler.handle()
  File "/opt/mgmtworker/env/lib/python2.7/site-packages/cloudify/dispatch.py", line 464, in handle
    raise ctx.operation._operation_retry
OperationRetry: Operation started

2019-08-10 15:37:15.443  CFY <gcp> [network_xxiye1.create] Sending task 'cloudify_gcp.compute.network.create' [retry 1/60]
