[0m[1mdata.template_file.config_database: Refreshing state...[0m
[0m[1maws_key_pair.wordpress: Refreshing state... [id=wordpress][0m
[0m[1mdata.aws_ami.ubuntu: Refreshing state...[0m
[0m[1maws_vpc.default: Refreshing state... [id=vpc-0f0af8d66d7a81c74][0m
[0m[1maws_internet_gateway.internet_gateway: Refreshing state... [id=igw-00123e0fbb6cd476c][0m
[0m[1maws_security_group.wordpress-security-group: Refreshing state... [id=sg-0bac51fffda95ec61][0m
[0m[1maws_subnet.default: Refreshing state... [id=subnet-0fad9cb6e5fad8c5d][0m
[0m[1maws_route_table.internet_route: Refreshing state... [id=rtb-062b75663f43fdee8][0m
[0m[1maws_network_interface.wordpress-2-network_interface: Refreshing state... [id=eni-0cf506944a7e3e408][0m
[0m[1maws_network_interface.wordpress-database-network_interface: Refreshing state... [id=eni-0409097d7eb34aa67][0m
[0m[1maws_network_interface.wordpress-1-network_interface: Refreshing state... [id=eni-01ce51b6b52430145][0m
[0m[1maws_main_route_table_association.a: Refreshing state... [id=rtbassoc-01780e78a33c5a833][0m
[0m[1maws_instance.wordpress-database: Refreshing state... [id=i-0b0d42b3e47fc81cd][0m
[0m[1mdata.template_file.config: Refreshing state...[0m
[0m[1maws_instance.wordpress-app1: Refreshing state... [id=i-0d6b53c27f4698af0][0m
[0m[1maws_instance.wordpress-app2: Refreshing state... [id=i-0975720e444e919af][0m
[0m[1maws_main_route_table_association.a: Destroying... [id=rtbassoc-01780e78a33c5a833][0m[0m
[0m[1maws_key_pair.wordpress: Destroying... [id=wordpress][0m[0m
[0m[1maws_instance.wordpress-app2: Destroying... [id=i-0975720e444e919af][0m[0m
[0m[1maws_instance.wordpress-app1: Destroying... [id=i-0d6b53c27f4698af0][0m[0m
[0m[1maws_main_route_table_association.a: Destruction complete after 1s[0m[0m
[0m[1maws_route_table.internet_route: Destroying... [id=rtb-062b75663f43fdee8][0m[0m
[0m[1maws_key_pair.wordpress: Destruction complete after 1s[0m[0m
[0m[1maws_route_table.internet_route: Destruction complete after 2s[0m[0m
[0m[1maws_internet_gateway.internet_gateway: Destroying... [id=igw-00123e0fbb6cd476c][0m[0m
[0m[1maws_instance.wordpress-app2: Still destroying... [id=i-0975720e444e919af, 10s elapsed][0m[0m
[0m[1maws_instance.wordpress-app1: Still destroying... [id=i-0d6b53c27f4698af0, 10s elapsed][0m[0m
[0m[1maws_internet_gateway.internet_gateway: Still destroying... [id=igw-00123e0fbb6cd476c, 10s elapsed][0m[0m
[0m[1maws_instance.wordpress-app2: Still destroying... [id=i-0975720e444e919af, 20s elapsed][0m[0m
[0m[1maws_instance.wordpress-app1: Still destroying... [id=i-0d6b53c27f4698af0, 20s elapsed][0m[0m
[0m[1maws_instance.wordpress-app2: Destruction complete after 23s[0m[0m
[0m[1maws_network_interface.wordpress-2-network_interface: Destroying... [id=eni-0cf506944a7e3e408][0m[0m
[0m[1maws_internet_gateway.internet_gateway: Still destroying... [id=igw-00123e0fbb6cd476c, 20s elapsed][0m[0m
[0m[1maws_network_interface.wordpress-2-network_interface: Destruction complete after 2s[0m[0m
[0m[1maws_instance.wordpress-app1: Still destroying... [id=i-0d6b53c27f4698af0, 30s elapsed][0m[0m
[0m[1maws_internet_gateway.internet_gateway: Still destroying... [id=igw-00123e0fbb6cd476c, 30s elapsed][0m[0m
[0m[1maws_instance.wordpress-app1: Destruction complete after 33s[0m[0m
[0m[1maws_network_interface.wordpress-1-network_interface: Destroying... [id=eni-01ce51b6b52430145][0m[0m
[0m[1maws_instance.wordpress-database: Destroying... [id=i-0b0d42b3e47fc81cd][0m[0m
[0m[1maws_network_interface.wordpress-1-network_interface: Destruction complete after 3s[0m[0m
[0m[1maws_internet_gateway.internet_gateway: Still destroying... [id=igw-00123e0fbb6cd476c, 40s elapsed][0m[0m
[0m[1maws_instance.wordpress-database: Still destroying... [id=i-0b0d42b3e47fc81cd, 10s elapsed][0m[0m
[0m[1maws_internet_gateway.internet_gateway: Still destroying... [id=igw-00123e0fbb6cd476c, 50s elapsed][0m[0m
[0m[1maws_instance.wordpress-database: Still destroying... [id=i-0b0d42b3e47fc81cd, 20s elapsed][0m[0m
[0m[1maws_instance.wordpress-database: Destruction complete after 23s[0m[0m
[0m[1maws_network_interface.wordpress-database-network_interface: Destroying... [id=eni-0409097d7eb34aa67][0m[0m
[0m[1maws_network_interface.wordpress-database-network_interface: Destruction complete after 2s[0m[0m
[0m[1maws_security_group.wordpress-security-group: Destroying... [id=sg-0bac51fffda95ec61][0m[0m
[0m[1maws_subnet.default: Destroying... [id=subnet-0fad9cb6e5fad8c5d][0m[0m
[0m[1maws_security_group.wordpress-security-group: Destruction complete after 2s[0m[0m
[0m[1maws_subnet.default: Destruction complete after 2s[0m[0m
[0m[1maws_internet_gateway.internet_gateway: Destruction complete after 58s[0m[0m
[0m[1maws_vpc.default: Destroying... [id=vpc-0f0af8d66d7a81c74][0m[0m
[0m[1maws_vpc.default: Destruction complete after 1s[0m[0m
[0m[1m[32m
Destroy complete! Resources: 13 destroyed.[0m
