Executing workflow `uninstall` on deployment `azure` [timeout=900 seconds]
2019-08-08 14:10:23.911  CFY <azure> Starting 'uninstall' workflow execution
2019-08-08 14:10:25.440  CFY <azure> [config-database_tpx8jc] Validating node instance after deletion: nothing to do
2019-08-08 14:10:25.640  CFY <azure> [config-database_tpx8jc->vm-database_26zsom|unlink] Sending task 'cloudify_ansible.tasks.ansible_remove_host'
2019-08-08 14:10:26.502  CFY <azure> [config-wordpress_24wwiq] Validating node instance after deletion: nothing to do
2019-08-08 14:10:27.041  CFY <azure> [config-wordpress_24wwiq->vm-app2_ec2v8n|unlink] Sending task 'cloudify_ansible.tasks.ansible_remove_host'
2019-08-08 14:10:28.090  CFY <azure> [config-wordpress_24wwiq] Stop: instance already deleted
2019-08-08 14:10:28.232  CFY <azure> [config-database_tpx8jc] Stop: instance already deleted
2019-08-08 14:10:28.371  CFY <azure> [config-wordpress_24wwiq] Delete: instance already deleted
2019-08-08 14:10:28.541  CFY <azure> [config-database_tpx8jc] Delete: instance already deleted
2019-08-08 14:10:29.892  CFY <azure> [config-database_tpx8jc->vm-database_26zsom|unlink] Task succeeded 'cloudify_ansible.tasks.ansible_remove_host'
2019-08-08 14:10:30.592  CFY <azure> [vm-database_26zsom] Validating node instance after deletion: nothing to do
2019-08-08 14:10:30.879  CFY <azure> [vm-database_26zsom] Stop: instance already deleted
2019-08-08 14:10:31.068  CFY <azure> [vm-database_26zsom] Delete: instance already deleted
2019-08-08 14:10:31.508  CFY <azure> [nic-db_7dnkfj] Validating node instance after deletion: nothing to do
2019-08-08 14:10:31.792  CFY <azure> [nic-db_7dnkfj] Stop: instance already deleted
2019-08-08 14:10:31.884  CFY <azure> [nic-db_7dnkfj] Delete: instance already deleted
2019-08-08 14:10:32.073  CFY <azure> [ip_config-db_ztar3l] Validating node instance after deletion: nothing to do
2019-08-08 14:10:32.162  CFY <azure> [config-wordpress_24wwiq->vm-app2_ec2v8n|unlink] Task succeeded 'cloudify_ansible.tasks.ansible_remove_host'
2019-08-08 14:10:32.406  CFY <azure> [ip_config-db_ztar3l] Stop: instance already deleted
2019-08-08 14:10:32.442  CFY <azure> [config-wordpress_24wwiq->vm-app1_71pklz|unlink] Sending task 'cloudify_ansible.tasks.ansible_remove_host'
2019-08-08 14:10:33.386  CFY <azure> [ip_config-db_ztar3l] Delete: instance already deleted
2019-08-08 14:10:33.768  CFY <azure> [ip-db_ca8fmx] Validating node instance after deletion: nothing to do
2019-08-08 14:10:34.261  CFY <azure> [ip-db_ca8fmx] Stop: instance already deleted
2019-08-08 14:10:34.374  CFY <azure> [ip-db_ca8fmx] Delete: instance already deleted
2019-08-08 14:10:35.729  CFY <azure> [config-wordpress_24wwiq->vm-app1_71pklz|unlink] Task succeeded 'cloudify_ansible.tasks.ansible_remove_host'
2019-08-08 14:10:36.247  CFY <azure> [vm-app1_71pklz] Validating node instance after deletion: nothing to do
2019-08-08 14:10:36.408  CFY <azure> [vm-app2_ec2v8n] Validating node instance after deletion: nothing to do
2019-08-08 14:10:36.645  CFY <azure> [vm-app1_71pklz] Stop: instance already deleted
2019-08-08 14:10:36.711  CFY <azure> [vm-app2_ec2v8n] Stop: instance already deleted
2019-08-08 14:10:36.780  CFY <azure> [vm-app1_71pklz] Delete: instance already deleted
2019-08-08 14:10:36.835  CFY <azure> [vm-app2_ec2v8n] Delete: instance already deleted
2019-08-08 14:10:37.495  CFY <azure> [availability_set_jkjk9i] Validating node instance after deletion: nothing to do
2019-08-08 14:10:37.624  CFY <azure> [nic1_5f6qcx] Validating node instance after deletion: nothing to do
2019-08-08 14:10:37.741  CFY <azure> [nic2_hekxp0] Validating node instance after deletion: nothing to do
2019-08-08 14:10:38.270  CFY <azure> [storage_account_mzxda3] Validating node instance after deletion: nothing to do
2019-08-08 14:10:38.358  CFY <azure> [nic1_5f6qcx] Stop: instance already deleted
2019-08-08 14:10:38.516  CFY <azure> [availability_set_jkjk9i] Stop: instance already deleted
2019-08-08 14:10:38.612  CFY <azure> [nic2_hekxp0] Stop: instance already deleted
2019-08-08 14:10:38.692  CFY <azure> [storage_account_mzxda3] Stop: instance already deleted
2019-08-08 14:10:38.751  CFY <azure> [nic1_5f6qcx] Delete: instance already deleted
2019-08-08 14:10:38.807  CFY <azure> [availability_set_jkjk9i] Delete: instance already deleted
2019-08-08 14:10:39.020  CFY <azure> [nic2_hekxp0] Delete: instance already deleted
2019-08-08 14:10:39.218  CFY <azure> [storage_account_mzxda3] Delete: instance already deleted
2019-08-08 14:10:39.594  CFY <azure> [ip_config2_9tsidc] Validating node instance after deletion: nothing to do
2019-08-08 14:10:39.733  CFY <azure> [ip_config1_eoap4a] Validating node instance after deletion: nothing to do
2019-08-08 14:10:39.904  CFY <azure> [network_security_group_yy3ar8] Validating node instance after deletion: nothing to do
2019-08-08 14:10:40.073  CFY <azure> [ip_config2_9tsidc] Stop: instance already deleted
2019-08-08 14:10:40.291  CFY <azure> [ip_config1_eoap4a] Stop: instance already deleted
2019-08-08 14:10:40.350  CFY <azure> [ip_config2_9tsidc] Delete: instance already deleted
2019-08-08 14:10:40.402  CFY <azure> [network_security_group_yy3ar8] Stop: instance already deleted
2019-08-08 14:10:40.514  CFY <azure> [ip_config1_eoap4a] Delete: instance already deleted
2019-08-08 14:10:40.688  CFY <azure> [network_security_group_yy3ar8] Delete: instance already deleted
2019-08-08 14:10:40.888  CFY <azure> [ip2_qyr78l] Validating node instance after deletion: nothing to do
2019-08-08 14:10:41.267  CFY <azure> [ip1_81nleo] Validating node instance after deletion: nothing to do
2019-08-08 14:10:41.446  CFY <azure> [subnet_ovjfr8] Validating node instance after deletion: nothing to do
2019-08-08 14:10:41.542  CFY <azure> [ip2_qyr78l] Stop: instance already deleted
2019-08-08 14:10:41.631  CFY <azure> [subnet_ovjfr8] Stop: instance already deleted
2019-08-08 14:10:41.692  CFY <azure> [ip1_81nleo] Stop: instance already deleted
2019-08-08 14:10:41.756  CFY <azure> [ip2_qyr78l] Delete: instance already deleted
Execution ended, waiting 3 seconds for additional log messages
2019-08-08 14:10:41.813  CFY <azure> [subnet_ovjfr8] Delete: instance already deleted
2019-08-08 14:10:42.112  CFY <azure> [ip1_81nleo] Delete: instance already deleted
2019-08-08 14:10:42.323  CFY <azure> [network_kezr3z] Validating node instance after deletion: nothing to do
2019-08-08 14:10:42.466  CFY <azure> [network_kezr3z] Stop: instance already deleted
2019-08-08 14:10:42.564  CFY <azure> [network_kezr3z] Delete: instance already deleted
2019-08-08 14:10:42.751  CFY <azure> [resource_group_pflaaj] Validating node instance after deletion: nothing to do
2019-08-08 14:10:43.174  CFY <azure> [resource_group_pflaaj] Stop: instance already deleted
2019-08-08 14:10:43.261  CFY <azure> [resource_group_pflaaj] Delete: instance already deleted
2019-08-08 14:10:43.645  CFY <azure> 'uninstall' workflow execution succeeded
Finished executing workflow uninstall on deployment azure
* Run 'cfy events list b985d8d3-e464-4672-87af-7b32c6936a02' to retrieve the execution's events/logs
Trying to delete deployment azure...
Deployment deleted
Deleting blueprint cloudify-wordpress-blueprint-azure...
Blueprint deleted
