[0m[1mdata.template_file.config_database: Refreshing state...[0m
[0m[1mdata.aws_ami.ubuntu: Refreshing state...[0m
[0m[1maws_vpc.default: Refreshing state... [id=vpc-02bc63de060577ca9][0m
[0m[1maws_key_pair.wordpress: Refreshing state... [id=wordpress][0m
[0m[1maws_internet_gateway.internet_gateway: Refreshing state... [id=igw-05d8d082f421b9fb8][0m
[0m[1maws_security_group.wordpress-security-group: Refreshing state... [id=sg-0bbbf1d1516359956][0m
[0m[1maws_subnet.default: Refreshing state... [id=subnet-091c44a4d51f51182][0m
[0m[1maws_route_table.internet_route: Refreshing state... [id=rtb-0200b4343bbae9add][0m
[0m[1maws_network_interface.wordpress-2-network_interface: Refreshing state... [id=eni-0b8e469c983e138dd][0m
[0m[1maws_network_interface.wordpress-database-network_interface: Refreshing state... [id=eni-0840b9dee4d39571c][0m
[0m[1maws_network_interface.wordpress-1-network_interface: Refreshing state... [id=eni-090ef0011fe54333b][0m
[0m[1maws_main_route_table_association.a: Refreshing state... [id=rtbassoc-0d6a4fecfd4c8c399][0m
[0m[1maws_instance.wordpress-database: Refreshing state... [id=i-0ddf1183f6c4d629e][0m
[0m[1mdata.template_file.config: Refreshing state...[0m
[0m[1maws_instance.wordpress-app1: Refreshing state... [id=i-0d51d92e4ebe84ec2][0m
[0m[1maws_instance.wordpress-app2: Refreshing state... [id=i-0edeb27fc57d7e5db][0m
[0m[1maws_key_pair.wordpress: Destroying... [id=wordpress][0m[0m
[0m[1maws_main_route_table_association.a: Destroying... [id=rtbassoc-0d6a4fecfd4c8c399][0m[0m
[0m[1maws_instance.wordpress-app1: Destroying... [id=i-0d51d92e4ebe84ec2][0m[0m
[0m[1maws_instance.wordpress-app2: Destroying... [id=i-0edeb27fc57d7e5db][0m[0m
[0m[1maws_main_route_table_association.a: Destruction complete after 0s[0m[0m
[0m[1maws_route_table.internet_route: Destroying... [id=rtb-0200b4343bbae9add][0m[0m
[0m[1maws_key_pair.wordpress: Destruction complete after 1s[0m[0m
[0m[1maws_route_table.internet_route: Destruction complete after 3s[0m[0m
[0m[1maws_internet_gateway.internet_gateway: Destroying... [id=igw-05d8d082f421b9fb8][0m[0m
[0m[1maws_instance.wordpress-app1: Still destroying... [id=i-0d51d92e4ebe84ec2, 10s elapsed][0m[0m
[0m[1maws_instance.wordpress-app2: Still destroying... [id=i-0edeb27fc57d7e5db, 10s elapsed][0m[0m
[0m[1maws_internet_gateway.internet_gateway: Still destroying... [id=igw-05d8d082f421b9fb8, 10s elapsed][0m[0m
[0m[1maws_instance.wordpress-app1: Still destroying... [id=i-0d51d92e4ebe84ec2, 20s elapsed][0m[0m
[0m[1maws_instance.wordpress-app2: Still destroying... [id=i-0edeb27fc57d7e5db, 20s elapsed][0m[0m
[0m[1maws_internet_gateway.internet_gateway: Still destroying... [id=igw-05d8d082f421b9fb8, 20s elapsed][0m[0m
[0m[1maws_instance.wordpress-app2: Still destroying... [id=i-0edeb27fc57d7e5db, 30s elapsed][0m[0m
[0m[1maws_instance.wordpress-app1: Still destroying... [id=i-0d51d92e4ebe84ec2, 30s elapsed][0m[0m
[0m[1maws_instance.wordpress-app2: Destruction complete after 33s[0m[0m
[0m[1maws_network_interface.wordpress-2-network_interface: Destroying... [id=eni-0b8e469c983e138dd][0m[0m
[0m[1maws_instance.wordpress-app1: Destruction complete after 33s[0m[0m
[0m[1maws_network_interface.wordpress-1-network_interface: Destroying... [id=eni-090ef0011fe54333b][0m[0m
[0m[1maws_instance.wordpress-database: Destroying... [id=i-0ddf1183f6c4d629e][0m[0m
[0m[1maws_internet_gateway.internet_gateway: Still destroying... [id=igw-05d8d082f421b9fb8, 30s elapsed][0m[0m
[0m[1maws_network_interface.wordpress-2-network_interface: Destruction complete after 2s[0m[0m
[0m[1maws_network_interface.wordpress-1-network_interface: Destruction complete after 2s[0m[0m
[0m[1maws_instance.wordpress-database: Still destroying... [id=i-0ddf1183f6c4d629e, 10s elapsed][0m[0m
[0m[1maws_internet_gateway.internet_gateway: Still destroying... [id=igw-05d8d082f421b9fb8, 40s elapsed][0m[0m
[0m[1maws_internet_gateway.internet_gateway: Destruction complete after 46s[0m[0m
[0m[1maws_instance.wordpress-database: Still destroying... [id=i-0ddf1183f6c4d629e, 20s elapsed][0m[0m
[0m[1maws_instance.wordpress-database: Destruction complete after 22s[0m[0m
[0m[1maws_network_interface.wordpress-database-network_interface: Destroying... [id=eni-0840b9dee4d39571c][0m[0m
[0m[1maws_network_interface.wordpress-database-network_interface: Destruction complete after 3s[0m[0m
[0m[1maws_subnet.default: Destroying... [id=subnet-091c44a4d51f51182][0m[0m
[0m[1maws_security_group.wordpress-security-group: Destroying... [id=sg-0bbbf1d1516359956][0m[0m
[0m[1maws_security_group.wordpress-security-group: Destruction complete after 1s[0m[0m
[0m[1maws_subnet.default: Destruction complete after 1s[0m[0m
[0m[1maws_vpc.default: Destroying... [id=vpc-02bc63de060577ca9][0m[0m
[0m[1maws_vpc.default: Destruction complete after 1s[0m[0m
[0m[1m[32m
Destroy complete! Resources: 13 destroyed.[0m
