Executing workflow `uninstall` on deployment `aws` [timeout=900 seconds]
2019-08-08 12:38:35.470  CFY <aws> Starting 'uninstall' workflow execution
2019-08-08 12:38:39.889  CFY <aws> [config-database_rhsjhk] Stopping node instance
2019-08-08 12:38:40.005  CFY <aws> [ip1_8nwljn] Stopping node instance
2019-08-08 12:38:40.962  CFY <aws> [ipdb_tplgdk] Stopping node instance
2019-08-08 12:38:41.058  CFY <aws> [config-wordpress1_779ekr] Stopping node instance
2019-08-08 12:38:41.371  CFY <aws> [route_public_subnet_internet_gateway_udfs03] Stopping node instance
2019-08-08 12:38:41.426  CFY <aws> [config-wordpress2_dfqyo3] Stopping node instance
2019-08-08 12:38:41.476  CFY <aws> [security_group_rules_o356f9] Stopping node instance
2019-08-08 12:38:41.523  CFY <aws> [ip2_el04cw] Stopping node instance
2019-08-08 12:38:41.600  CFY <aws> [ip1_8nwljn] Validating node instance after deletion: nothing to do
2019-08-08 12:38:41.665  CFY <aws> [config-database_rhsjhk] Validating node instance after deletion: nothing to do
2019-08-08 12:38:41.773  CFY <aws> [config-wordpress1_779ekr] Validating node instance after deletion: nothing to do
2019-08-08 12:38:41.848  CFY <aws> [ipdb_tplgdk] Validating node instance after deletion: nothing to do
2019-08-08 12:38:41.904  CFY <aws> [ip1_8nwljn.stop] Sending task 'cloudify_aws.ec2.resources.elasticip.detach'
2019-08-08 12:38:41.997  CFY <aws> [route_public_subnet_internet_gateway_udfs03] Validating node instance after deletion: nothing to do
2019-08-08 12:38:42.136  CFY <aws> [security_group_rules_o356f9] Validating node instance after deletion: nothing to do
2019-08-08 12:38:42.191  CFY <aws> [config-wordpress2_dfqyo3] Validating node instance after deletion: nothing to do
2019-08-08 12:38:42.761  CFY <aws> [ip2_el04cw] Validating node instance after deletion: nothing to do
2019-08-08 12:38:42.891  CFY <aws> [config-wordpress2_dfqyo3] Stopped node instance: nothing to do
2019-08-08 12:38:43.053  CFY <aws> [route_public_subnet_internet_gateway_udfs03] Stopped node instance: nothing to do
2019-08-08 12:38:43.176  CFY <aws> [ipdb_tplgdk.stop] Sending task 'cloudify_aws.ec2.resources.elasticip.detach'
2019-08-08 12:38:44.546  CFY <aws> [security_group_rules_o356f9.stop] Sending task 'cloudify_aws.ec2.resources.securitygroup.revoke_ingress_rules'
2019-08-08 12:38:45.779  CFY <aws> [config-wordpress1_779ekr] Stopped node instance: nothing to do
2019-08-08 12:38:46.076  CFY <aws> [config-database_rhsjhk] Stopped node instance: nothing to do
2019-08-08 12:38:46.166  CFY <aws> [ip2_el04cw.stop] Sending task 'cloudify_aws.ec2.resources.elasticip.detach'
2019-08-08 12:38:50.219  CFY <aws> [route_public_subnet_internet_gateway_udfs03] Unlinking relationships
2019-08-08 12:38:50.500  CFY <aws> [config-wordpress2_dfqyo3] Unlinking relationships
2019-08-08 12:38:50.900  CFY <aws> [config-wordpress1_779ekr] Unlinking relationships
2019-08-08 12:38:51.200  CFY <aws> [config-database_rhsjhk] Unlinking relationships
2019-08-08 12:38:51.389  CFY <aws> [route_public_subnet_internet_gateway_udfs03] Relationships unlinked
2019-08-08 12:38:51.580  CFY <aws> [config-wordpress2_dfqyo3->vm-app2_x25fx1|unlink] Sending task 'cloudify_ansible.tasks.ansible_remove_host'
2019-08-08 12:38:53.629  CFY <aws> [ip1_8nwljn.stop] Task succeeded 'cloudify_aws.ec2.resources.elasticip.detach'
2019-08-08 12:38:54.269  CFY <aws> [ipdb_tplgdk.stop] Task succeeded 'cloudify_aws.ec2.resources.elasticip.detach'
2019-08-08 12:38:55.728  CFY <aws> [security_group_rules_o356f9.stop] Task succeeded 'cloudify_aws.ec2.resources.securitygroup.revoke_ingress_rules'
2019-08-08 12:38:58.046  CFY <aws> [config-database_rhsjhk->vm-database_v7jsiq|unlink] Sending task 'cloudify_ansible.tasks.ansible_remove_host'
2019-08-08 12:38:59.147  CFY <aws> [route_public_subnet_internet_gateway_udfs03] Deleting node instance
2019-08-08 12:38:59.548  CFY <aws> [config-wordpress1_779ekr->vm-app1_1adfuq|unlink] Sending task 'cloudify_ansible.tasks.ansible_remove_host'
2019-08-08 12:39:00.919  CFY <aws> [config-wordpress2_dfqyo3->vm-app2_x25fx1|unlink] Task succeeded 'cloudify_ansible.tasks.ansible_remove_host'
2019-08-08 12:39:01.037  CFY <aws> [route_public_subnet_internet_gateway_udfs03.delete] Sending task 'cloudify_aws.ec2.resources.route.delete'
2019-08-08 12:39:02.190  CFY <aws> [security_group_rules_o356f9] Stopped node instance
2019-08-08 12:39:02.384  CFY <aws> [ip1_8nwljn] Stopped node instance
2019-08-08 12:39:02.588  CFY <aws> [ip2_el04cw.stop] Task succeeded 'cloudify_aws.ec2.resources.elasticip.detach'
2019-08-08 12:39:02.701  CFY <aws> [ipdb_tplgdk] Stopped node instance
2019-08-08 12:39:02.848  CFY <aws> [ip2_el04cw] Stopped node instance
2019-08-08 12:39:03.015  CFY <aws> [config-wordpress2_dfqyo3] Relationships unlinked
2019-08-08 12:39:04.854  CFY <aws> [config-database_rhsjhk->vm-database_v7jsiq|unlink] Task succeeded 'cloudify_ansible.tasks.ansible_remove_host'
2019-08-08 12:39:05.484  CFY <aws> [config-wordpress1_779ekr->vm-app1_1adfuq|unlink] Task succeeded 'cloudify_ansible.tasks.ansible_remove_host'
2019-08-08 12:39:05.500  CFY <aws> [config-wordpress2_dfqyo3] Deleting node instance: nothing to do
2019-08-08 12:39:05.611  CFY <aws> [security_group_rules_o356f9] Unlinking relationships
2019-08-08 12:39:05.772  CFY <aws> [ip1_8nwljn] Unlinking relationships
2019-08-08 12:39:05.858  CFY <aws> [ipdb_tplgdk] Unlinking relationships
2019-08-08 12:39:06.007  CFY <aws> [config-database_rhsjhk] Relationships unlinked
2019-08-08 12:39:06.167  CFY <aws> [ip2_el04cw] Unlinking relationships
2019-08-08 12:39:06.327  CFY <aws> [config-wordpress2_dfqyo3] Deleted node instance
2019-08-08 12:39:06.507  CFY <aws> [config-wordpress1_779ekr] Relationships unlinked
2019-08-08 12:39:07.117  CFY <aws> [security_group_rules_o356f9] Relationships unlinked
2019-08-08 12:39:07.255  CFY <aws> [config-database_rhsjhk] Deleting node instance: nothing to do
2019-08-08 12:39:07.332  CFY <aws> [ip1_8nwljn] Relationships unlinked
2019-08-08 12:39:07.466  CFY <aws> [ipdb_tplgdk] Relationships unlinked
2019-08-08 12:39:07.661  CFY <aws> [config-wordpress1_779ekr] Deleting node instance: nothing to do
2019-08-08 12:39:07.780  CFY <aws> [ip2_el04cw] Relationships unlinked
2019-08-08 12:39:09.238  CFY <aws> [config-database_rhsjhk] Deleted node instance
2019-08-08 12:39:09.311  CFY <aws> [vm-app2_x25fx1] Stopping node instance
2019-08-08 12:39:09.822  CFY <aws> [ipdb_tplgdk] Deleting node instance
2019-08-08 12:39:10.115  CFY <aws> [ipdb_tplgdk.delete] Sending task 'cloudify_aws.ec2.resources.elasticip.delete'
2019-08-08 12:39:10.373  CFY <aws> [route_public_subnet_internet_gateway_udfs03.delete] Task succeeded 'cloudify_aws.ec2.resources.route.delete'
2019-08-08 12:39:10.469  CFY <aws> [ip1_8nwljn] Deleting node instance
2019-08-08 12:39:10.690  CFY <aws> [config-wordpress1_779ekr] Deleted node instance
2019-08-08 12:39:11.034  CFY <aws> [ip2_el04cw] Deleting node instance
2019-08-08 12:39:11.569  CFY <aws> [security_group_rules_o356f9] Deleted node instance
2019-08-08 12:39:11.596  CFY <aws> [ip1_8nwljn.delete] Sending task 'cloudify_aws.ec2.resources.elasticip.delete'
2019-08-08 12:39:11.752  CFY <aws> [vm-app2_x25fx1] Validating node instance after deletion: nothing to do
2019-08-08 12:39:12.235  CFY <aws> [vm-database_v7jsiq] Stopping node instance
2019-08-08 12:39:12.626  CFY <aws> [route_public_subnet_internet_gateway_udfs03] Deleted node instance
2019-08-08 12:39:12.856  CFY <aws> [ip2_el04cw.delete] Sending task 'cloudify_aws.ec2.resources.elasticip.delete'
2019-08-08 12:39:15.036  CFY <aws> [routetable_cssmyd] Stopping node instance
2019-08-08 12:39:15.827  CFY <aws> [vm-app2_x25fx1.stop] Sending task 'cloudify_aws.ec2.resources.instances.stop'
2019-08-08 12:39:17.723  CFY <aws> [vm-app1_1adfuq] Stopping node instance
2019-08-08 12:39:17.900  CFY <aws> [vm-database_v7jsiq] Validating node instance after deletion: nothing to do
2019-08-08 12:39:18.073  CFY <aws> [internet_gateway_wiu51t] Stopping node instance
2019-08-08 12:39:18.487  CFY <aws> [routetable_cssmyd] Validating node instance after deletion: nothing to do
2019-08-08 12:39:18.711  CFY <aws> [vm-app1_1adfuq] Validating node instance after deletion: nothing to do
2019-08-08 12:39:19.230  CFY <aws> [ipdb_tplgdk.delete] Task succeeded 'cloudify_aws.ec2.resources.elasticip.delete'
2019-08-08 12:39:22.389  CFY <aws> [vm-database_v7jsiq.stop] Sending task 'cloudify_aws.ec2.resources.instances.stop'
2019-08-08 12:39:23.678  CFY <aws> [ipdb_tplgdk] Deleted node instance
2019-08-08 12:39:24.011  CFY <aws> [routetable_cssmyd.stop] Sending task 'cloudify_aws.ec2.resources.routetable.detach'
2019-08-08 12:39:25.435  CFY <aws> [internet_gateway_wiu51t] Validating node instance after deletion: nothing to do
2019-08-08 12:39:25.952  CFY <aws> [internet_gateway_wiu51t.stop] Sending task 'cloudify_aws.ec2.resources.internet_gateway.detach'
2019-08-08 12:39:27.396  CFY <aws> [vm-app1_1adfuq.stop] Sending task 'cloudify_aws.ec2.resources.instances.stop'
2019-08-08 12:39:28.052  CFY <aws> [ip1_8nwljn.delete] Task succeeded 'cloudify_aws.ec2.resources.elasticip.delete'
2019-08-08 12:39:29.280  CFY <aws> [ip2_el04cw.delete] Task succeeded 'cloudify_aws.ec2.resources.elasticip.delete'
2019-08-08 12:39:29.675  CFY <aws> [vm-app2_x25fx1.stop] Task rescheduled 'cloudify_aws.ec2.resources.instances.stop' -> EC2 Instances ID# "i-02ae91cbb1fdfbc3f" is still in a pending state.
Traceback (most recent call last):
  File "/opt/mgmtworker/env/lib/python2.7/site-packages/cloudify/dispatch.py", line 813, in main
    payload = handler.handle()
  File "/opt/mgmtworker/env/lib/python2.7/site-packages/cloudify/dispatch.py", line 461, in handle
    result = self._run_operation_func(ctx, kwargs)
  File "/opt/mgmtworker/env/lib/python2.7/site-packages/cloudify/dispatch.py", line 519, in _run_operation_func
    return self.func(*self.args, **kwargs)
  File "/opt/mgmtworker/env/plugins/default_tenant/cloudify-aws-plugin-2.3.0/lib/python2.7/site-packages/cloudify_aws/common/decorators.py", line 303, in wrapper_inner
    result = function(**kwargs)
  File "/opt/mgmtworker/env/plugins/default_tenant/cloudify-aws-plugin-2.3.0/lib/python2.7/site-packages/cloudify_aws/common/decorators.py", line 330, in wrapper_inner
    fail_on_missing)
  File "/opt/mgmtworker/env/plugins/default_tenant/cloudify-aws-plugin-2.3.0/lib/python2.7/site-packages/cloudify_aws/common/decorators.py", line 76, in _wait_for_status
    % (resource_type, iface.resource_id))
OperationRetry: EC2 Instances ID# "i-02ae91cbb1fdfbc3f" is still in a pending state.

2019-08-08 12:39:30.247  CFY <aws> [ip1_8nwljn] Deleted node instance
2019-08-08 12:39:30.488  CFY <aws> [ip2_el04cw] Deleted node instance
2019-08-08 12:39:34.602  CFY <aws> [vm-database_v7jsiq.stop] Task rescheduled 'cloudify_aws.ec2.resources.instances.stop' -> EC2 Instances ID# "i-0fb8587473b3d43c0" is still in a pending state.
Traceback (most recent call last):
  File "/opt/mgmtworker/env/lib/python2.7/site-packages/cloudify/dispatch.py", line 813, in main
    payload = handler.handle()
  File "/opt/mgmtworker/env/lib/python2.7/site-packages/cloudify/dispatch.py", line 461, in handle
    result = self._run_operation_func(ctx, kwargs)
  File "/opt/mgmtworker/env/lib/python2.7/site-packages/cloudify/dispatch.py", line 519, in _run_operation_func
    return self.func(*self.args, **kwargs)
  File "/opt/mgmtworker/env/plugins/default_tenant/cloudify-aws-plugin-2.3.0/lib/python2.7/site-packages/cloudify_aws/common/decorators.py", line 303, in wrapper_inner
    result = function(**kwargs)
  File "/opt/mgmtworker/env/plugins/default_tenant/cloudify-aws-plugin-2.3.0/lib/python2.7/site-packages/cloudify_aws/common/decorators.py", line 330, in wrapper_inner
    fail_on_missing)
  File "/opt/mgmtworker/env/plugins/default_tenant/cloudify-aws-plugin-2.3.0/lib/python2.7/site-packages/cloudify_aws/common/decorators.py", line 76, in _wait_for_status
    % (resource_type, iface.resource_id))
OperationRetry: EC2 Instances ID# "i-0fb8587473b3d43c0" is still in a pending state.

2019-08-08 12:39:34.779  CFY <aws> [routetable_cssmyd.stop] Task succeeded 'cloudify_aws.ec2.resources.routetable.detach'
2019-08-08 12:39:34.925  CFY <aws> [routetable_cssmyd] Stopped node instance
2019-08-08 12:39:35.278  CFY <aws> [routetable_cssmyd] Unlinking relationships
2019-08-08 12:39:35.657  CFY <aws> [routetable_cssmyd] Relationships unlinked
2019-08-08 12:39:35.798  CFY <aws> [internet_gateway_wiu51t.stop] Task succeeded 'cloudify_aws.ec2.resources.internet_gateway.detach'
2019-08-08 12:39:35.851  CFY <aws> [internet_gateway_wiu51t] Stopped node instance
2019-08-08 12:39:36.144  CFY <aws> [routetable_cssmyd] Deleting node instance
2019-08-08 12:39:36.635  CFY <aws> [routetable_cssmyd.delete] Sending task 'cloudify_aws.ec2.resources.routetable.delete'
2019-08-08 12:39:37.856  CFY <aws> [vm-app1_1adfuq.stop] Task rescheduled 'cloudify_aws.ec2.resources.instances.stop' -> EC2 Instances ID# "i-084ebf959597b54ec" is still in a pending state.
Traceback (most recent call last):
  File "/opt/mgmtworker/env/lib/python2.7/site-packages/cloudify/dispatch.py", line 813, in main
    payload = handler.handle()
  File "/opt/mgmtworker/env/lib/python2.7/site-packages/cloudify/dispatch.py", line 461, in handle
    result = self._run_operation_func(ctx, kwargs)
  File "/opt/mgmtworker/env/lib/python2.7/site-packages/cloudify/dispatch.py", line 519, in _run_operation_func
    return self.func(*self.args, **kwargs)
  File "/opt/mgmtworker/env/plugins/default_tenant/cloudify-aws-plugin-2.3.0/lib/python2.7/site-packages/cloudify_aws/common/decorators.py", line 303, in wrapper_inner
    result = function(**kwargs)
  File "/opt/mgmtworker/env/plugins/default_tenant/cloudify-aws-plugin-2.3.0/lib/python2.7/site-packages/cloudify_aws/common/decorators.py", line 330, in wrapper_inner
    fail_on_missing)
  File "/opt/mgmtworker/env/plugins/default_tenant/cloudify-aws-plugin-2.3.0/lib/python2.7/site-packages/cloudify_aws/common/decorators.py", line 76, in _wait_for_status
    % (resource_type, iface.resource_id))
OperationRetry: EC2 Instances ID# "i-084ebf959597b54ec" is still in a pending state.

2019-08-08 12:39:38.026  CFY <aws> [internet_gateway_wiu51t] Unlinking relationships
2019-08-08 12:39:38.433  CFY <aws> [internet_gateway_wiu51t] Relationships unlinked
2019-08-08 12:39:38.781  CFY <aws> [internet_gateway_wiu51t] Deleting node instance
2019-08-08 12:39:39.051  CFY <aws> [internet_gateway_wiu51t.delete] Sending task 'cloudify_aws.ec2.resources.internet_gateway.delete'
2019-08-08 12:39:41.179  CFY <aws> [routetable_cssmyd.delete] Task succeeded 'cloudify_aws.ec2.resources.routetable.delete'
2019-08-08 12:39:41.259  CFY <aws> [routetable_cssmyd] Deleted node instance
2019-08-08 12:39:43.001  CFY <aws> [internet_gateway_wiu51t.delete] Task succeeded 'cloudify_aws.ec2.resources.internet_gateway.delete'
2019-08-08 12:39:43.285  CFY <aws> [internet_gateway_wiu51t] Deleted node instance
2019-08-08 12:39:44.832  CFY <aws> [vm-app2_x25fx1.stop] Sending task 'cloudify_aws.ec2.resources.instances.stop' [retry 1/60]
2019-08-08 12:39:47.911  CFY <aws> [vm-app2_x25fx1.stop] Task succeeded 'cloudify_aws.ec2.resources.instances.stop' [retry 1/60]
2019-08-08 12:39:47.936  CFY <aws> [vm-app2_x25fx1] Stopped node instance
2019-08-08 12:39:48.224  CFY <aws> [vm-app2_x25fx1] Unlinking relationships
2019-08-08 12:39:48.496  CFY <aws> [vm-app2_x25fx1] Relationships unlinked
2019-08-08 12:39:48.613  CFY <aws> [vm-app2_x25fx1] Deleting node instance
2019-08-08 12:39:49.056  CFY <aws> [vm-app2_x25fx1.delete] Sending task 'cloudify_aws.ec2.resources.instances.delete'
2019-08-08 12:39:50.077  CFY <aws> [vm-database_v7jsiq.stop] Sending task 'cloudify_aws.ec2.resources.instances.stop' [retry 1/60]
2019-08-08 12:39:53.106  CFY <aws> [vm-app1_1adfuq.stop] Sending task 'cloudify_aws.ec2.resources.instances.stop' [retry 1/60]
2019-08-08 12:39:54.048  CFY <aws> [vm-app2_x25fx1.delete] Task rescheduled 'cloudify_aws.ec2.resources.instances.delete' -> EC2 Instances ID# "i-02ae91cbb1fdfbc3f" is still in a pending state.
Traceback (most recent call last):
  File "/opt/mgmtworker/env/lib/python2.7/site-packages/cloudify/dispatch.py", line 813, in main
    payload = handler.handle()
  File "/opt/mgmtworker/env/lib/python2.7/site-packages/cloudify/dispatch.py", line 461, in handle
    result = self._run_operation_func(ctx, kwargs)
  File "/opt/mgmtworker/env/lib/python2.7/site-packages/cloudify/dispatch.py", line 519, in _run_operation_func
    return self.func(*self.args, **kwargs)
  File "/opt/mgmtworker/env/plugins/default_tenant/cloudify-aws-plugin-2.3.0/lib/python2.7/site-packages/cloudify_aws/common/decorators.py", line 303, in wrapper_inner
    result = function(**kwargs)
  File "/opt/mgmtworker/env/plugins/default_tenant/cloudify-aws-plugin-2.3.0/lib/python2.7/site-packages/cloudify_aws/common/decorators.py", line 382, in wrapper_inner
    % (resource_type, iface.resource_id))
OperationRetry: EC2 Instances ID# "i-02ae91cbb1fdfbc3f" is still in a pending state.

2019-08-08 12:39:54.790  CFY <aws> [vm-database_v7jsiq.stop] Task succeeded 'cloudify_aws.ec2.resources.instances.stop' [retry 1/60]
2019-08-08 12:39:54.910  CFY <aws> [vm-database_v7jsiq] Stopped node instance
2019-08-08 12:39:55.431  CFY <aws> [vm-database_v7jsiq] Unlinking relationships
2019-08-08 12:39:55.745  CFY <aws> [vm-database_v7jsiq] Relationships unlinked
2019-08-08 12:39:56.218  CFY <aws> [vm-database_v7jsiq] Deleting node instance
2019-08-08 12:39:56.491  CFY <aws> [vm-database_v7jsiq.delete] Sending task 'cloudify_aws.ec2.resources.instances.delete'
2019-08-08 12:39:57.773  CFY <aws> [vm-app1_1adfuq.stop] Task succeeded 'cloudify_aws.ec2.resources.instances.stop' [retry 1/60]
2019-08-08 12:39:57.874  CFY <aws> [vm-app1_1adfuq] Stopped node instance
2019-08-08 12:39:58.495  CFY <aws> [vm-app1_1adfuq] Unlinking relationships
2019-08-08 12:39:58.907  CFY <aws> [vm-app1_1adfuq] Relationships unlinked
2019-08-08 12:39:59.365  CFY <aws> [vm-app1_1adfuq] Deleting node instance
2019-08-08 12:39:59.591  CFY <aws> [vm-app1_1adfuq.delete] Sending task 'cloudify_aws.ec2.resources.instances.delete'
2019-08-08 12:40:01.320  CFY <aws> [vm-database_v7jsiq.delete] Task rescheduled 'cloudify_aws.ec2.resources.instances.delete' -> EC2 Instances ID# "i-0fb8587473b3d43c0" is still in a pending state.
Traceback (most recent call last):
  File "/opt/mgmtworker/env/lib/python2.7/site-packages/cloudify/dispatch.py", line 813, in main
    payload = handler.handle()
  File "/opt/mgmtworker/env/lib/python2.7/site-packages/cloudify/dispatch.py", line 461, in handle
    result = self._run_operation_func(ctx, kwargs)
  File "/opt/mgmtworker/env/lib/python2.7/site-packages/cloudify/dispatch.py", line 519, in _run_operation_func
    return self.func(*self.args, **kwargs)
  File "/opt/mgmtworker/env/plugins/default_tenant/cloudify-aws-plugin-2.3.0/lib/python2.7/site-packages/cloudify_aws/common/decorators.py", line 303, in wrapper_inner
    result = function(**kwargs)
  File "/opt/mgmtworker/env/plugins/default_tenant/cloudify-aws-plugin-2.3.0/lib/python2.7/site-packages/cloudify_aws/common/decorators.py", line 382, in wrapper_inner
    % (resource_type, iface.resource_id))
OperationRetry: EC2 Instances ID# "i-0fb8587473b3d43c0" is still in a pending state.

2019-08-08 12:40:03.950  CFY <aws> [vm-app1_1adfuq.delete] Task rescheduled 'cloudify_aws.ec2.resources.instances.delete' -> EC2 Instances ID# "i-084ebf959597b54ec" is still in a pending state.
Traceback (most recent call last):
  File "/opt/mgmtworker/env/lib/python2.7/site-packages/cloudify/dispatch.py", line 813, in main
    payload = handler.handle()
  File "/opt/mgmtworker/env/lib/python2.7/site-packages/cloudify/dispatch.py", line 461, in handle
    result = self._run_operation_func(ctx, kwargs)
  File "/opt/mgmtworker/env/lib/python2.7/site-packages/cloudify/dispatch.py", line 519, in _run_operation_func
    return self.func(*self.args, **kwargs)
  File "/opt/mgmtworker/env/plugins/default_tenant/cloudify-aws-plugin-2.3.0/lib/python2.7/site-packages/cloudify_aws/common/decorators.py", line 303, in wrapper_inner
    result = function(**kwargs)
  File "/opt/mgmtworker/env/plugins/default_tenant/cloudify-aws-plugin-2.3.0/lib/python2.7/site-packages/cloudify_aws/common/decorators.py", line 382, in wrapper_inner
    % (resource_type, iface.resource_id))
OperationRetry: EC2 Instances ID# "i-084ebf959597b54ec" is still in a pending state.

2019-08-08 12:40:09.206  CFY <aws> [vm-app2_x25fx1.delete] Sending task 'cloudify_aws.ec2.resources.instances.delete' [retry 1/60]
2019-08-08 12:40:13.082  CFY <aws> [vm-app2_x25fx1.delete] Task succeeded 'cloudify_aws.ec2.resources.instances.delete' [retry 1/60]
2019-08-08 12:40:13.125  CFY <aws> [vm-app2_x25fx1] Deleted node instance
2019-08-08 12:40:13.567  CFY <aws> [nic2_62eqjf] Stopping node instance
2019-08-08 12:40:14.101  CFY <aws> [cloud_init2_o8td3w] Stopping node instance
2019-08-08 12:40:14.163  CFY <aws> [nic2_62eqjf] Validating node instance after deletion: nothing to do
2019-08-08 12:40:14.285  CFY <aws> [nic2_62eqjf.stop] Sending task 'cloudify_aws.ec2.resources.eni.detach'
2019-08-08 12:40:15.142  CFY <aws> [cloud_init2_o8td3w] Validating node instance after deletion: nothing to do
2019-08-08 12:40:15.488  CFY <aws> [cloud_init2_o8td3w.stop] Sending task 'cloudify_cloudinit.tasks.update'
2019-08-08 12:40:16.638  CFY <aws> [vm-database_v7jsiq.delete] Sending task 'cloudify_aws.ec2.resources.instances.delete' [retry 1/60]
2019-08-08 12:40:19.258  CFY <aws> [vm-app1_1adfuq.delete] Sending task 'cloudify_aws.ec2.resources.instances.delete' [retry 1/60]
2019-08-08 12:40:19.561  CFY <aws> [cloud_init2_o8td3w.stop] Task succeeded 'cloudify_cloudinit.tasks.update'
2019-08-08 12:40:19.598  CFY <aws> [nic2_62eqjf.stop] Task succeeded 'cloudify_aws.ec2.resources.eni.detach'
2019-08-08 12:40:20.283  CFY <aws> [cloud_init2_o8td3w] Stopped node instance
2019-08-08 12:40:20.389  CFY <aws> [nic2_62eqjf] Stopped node instance
2019-08-08 12:40:21.158  CFY <aws> [cloud_init2_o8td3w] Unlinking relationships
2019-08-08 12:40:21.324  CFY <aws> [nic2_62eqjf] Unlinking relationships
2019-08-08 12:40:21.786  CFY <aws> [cloud_init2_o8td3w] Relationships unlinked
2019-08-08 12:40:22.059  CFY <aws> [nic2_62eqjf] Relationships unlinked
2019-08-08 12:40:22.319  CFY <aws> [cloud_init2_o8td3w] Deleting node instance
2019-08-08 12:40:22.471  CFY <aws> [vm-database_v7jsiq.delete] Task succeeded 'cloudify_aws.ec2.resources.instances.delete' [retry 1/60]
2019-08-08 12:40:22.971  CFY <aws> [nic2_62eqjf] Deleting node instance
2019-08-08 12:40:23.167  CFY <aws> [cloud_init2_o8td3w.delete] Sending task 'cloudify_cloudinit.tasks.update'
2019-08-08 12:40:23.938  CFY <aws> [vm-database_v7jsiq] Deleted node instance
2019-08-08 12:40:24.664  CFY <aws> [nic2_62eqjf.delete] Sending task 'cloudify_aws.ec2.resources.eni.delete'
2019-08-08 12:40:25.289  CFY <aws> [vm-app1_1adfuq.delete] Task succeeded 'cloudify_aws.ec2.resources.instances.delete' [retry 1/60]
2019-08-08 12:40:26.296  CFY <aws> [nicdb_b0rvwx] Stopping node instance
2019-08-08 12:40:26.474  CFY <aws> [cloud_initdb_w1n22l] Stopping node instance
2019-08-08 12:40:26.626  CFY <aws> [vm-app1_1adfuq] Deleted node instance
2019-08-08 12:40:27.568  CFY <aws> [nicdb_b0rvwx] Validating node instance after deletion: nothing to do
2019-08-08 12:40:27.751  CFY <aws> [cloud_initdb_w1n22l] Validating node instance after deletion: nothing to do
2019-08-08 12:40:27.883  CFY <aws> [cloud_init2_o8td3w.delete] Task succeeded 'cloudify_cloudinit.tasks.update'
2019-08-08 12:40:28.168  CFY <aws> [cloud_initdb_w1n22l.stop] Sending task 'cloudify_cloudinit.tasks.update'
2019-08-08 12:40:29.805  CFY <aws> [nicdb_b0rvwx.stop] Sending task 'cloudify_aws.ec2.resources.eni.detach'
2019-08-08 12:40:30.479  CFY <aws> [nic1_jsdv6w] Stopping node instance
2019-08-08 12:40:30.650  CFY <aws> [nic2_62eqjf.delete] Task succeeded 'cloudify_aws.ec2.resources.eni.delete'
2019-08-08 12:40:31.284  CFY <aws> [cloud_init_6q1ju4] Stopping node instance
2019-08-08 12:40:31.388  CFY <aws> [ami_jpn3k3] Stopping node instance
2019-08-08 12:40:31.866  CFY <aws> [cloud_init2_o8td3w] Deleted node instance
2019-08-08 12:40:32.677  CFY <aws> [nic2_62eqjf] Deleted node instance
2019-08-08 12:40:32.790  CFY <aws> [cloud_init_6q1ju4] Validating node instance after deletion: nothing to do
2019-08-08 12:40:32.921  CFY <aws> [ami_jpn3k3] Validating node instance after deletion: nothing to do
2019-08-08 12:40:33.103  CFY <aws> [nic1_jsdv6w] Validating node instance after deletion: nothing to do
2019-08-08 12:40:33.262  CFY <aws> [ami_jpn3k3] Stopped node instance: nothing to do
2019-08-08 12:40:33.312  CFY <aws> [cloud_init_6q1ju4.stop] Sending task 'cloudify_cloudinit.tasks.update'
2019-08-08 12:40:33.552  CFY <aws> [cloud_initdb_w1n22l.stop] Task succeeded 'cloudify_cloudinit.tasks.update'
2019-08-08 12:40:34.746  CFY <aws> [nic1_jsdv6w.stop] Sending task 'cloudify_aws.ec2.resources.eni.detach'
2019-08-08 12:40:36.091  CFY <aws> [cloud_initdb_w1n22l] Stopped node instance
2019-08-08 12:40:36.327  CFY <aws> [ami_jpn3k3] Unlinking relationships
2019-08-08 12:40:37.302  CFY <aws> [ami_jpn3k3] Relationships unlinked
2019-08-08 12:40:37.457  CFY <aws> [cloud_initdb_w1n22l] Unlinking relationships
2019-08-08 12:40:37.649  CFY <aws> [ami_jpn3k3] Deleting node instance: nothing to do
2019-08-08 12:40:38.298  CFY <aws> [nicdb_b0rvwx.stop] Task succeeded 'cloudify_aws.ec2.resources.eni.detach'
2019-08-08 12:40:38.331  CFY <aws> [cloud_initdb_w1n22l] Relationships unlinked
2019-08-08 12:40:38.858  CFY <aws> [nicdb_b0rvwx] Stopped node instance
2019-08-08 12:40:39.467  CFY <aws> [ami_jpn3k3] Deleted node instance
2019-08-08 12:40:40.155  CFY <aws> [cloud_init_6q1ju4.stop] Task succeeded 'cloudify_cloudinit.tasks.update'
2019-08-08 12:40:40.312  CFY <aws> [cloud_initdb_w1n22l] Deleting node instance
2019-08-08 12:40:40.756  CFY <aws> [cloud_initdb_w1n22l.delete] Sending task 'cloudify_cloudinit.tasks.update'
2019-08-08 12:40:41.157  CFY <aws> [cloud_init_6q1ju4] Stopped node instance
2019-08-08 12:40:42.858  CFY <aws> [nicdb_b0rvwx] Unlinking relationships
2019-08-08 12:40:42.889  CFY <aws> [nic1_jsdv6w.stop] Task succeeded 'cloudify_aws.ec2.resources.eni.detach'
2019-08-08 12:40:43.224  CFY <aws> [nic1_jsdv6w] Stopped node instance
2019-08-08 12:40:43.470  CFY <aws> [cloud_init_6q1ju4] Unlinking relationships
2019-08-08 12:40:44.182  CFY <aws> [nicdb_b0rvwx] Relationships unlinked
2019-08-08 12:40:44.311  CFY <aws> [cloud_init_6q1ju4] Relationships unlinked
2019-08-08 12:40:44.438  CFY <aws> [nic1_jsdv6w] Unlinking relationships
2019-08-08 12:40:44.567  CFY <aws> [nicdb_b0rvwx] Deleting node instance
2019-08-08 12:40:45.336  CFY <aws> [nicdb_b0rvwx.delete] Sending task 'cloudify_aws.ec2.resources.eni.delete'
2019-08-08 12:40:45.787  CFY <aws> [cloud_init_6q1ju4] Deleting node instance
2019-08-08 12:40:46.106  CFY <aws> [nic1_jsdv6w] Relationships unlinked
2019-08-08 12:40:46.735  CFY <aws> [cloud_init_6q1ju4.delete] Sending task 'cloudify_cloudinit.tasks.update'
2019-08-08 12:40:47.075  CFY <aws> [cloud_initdb_w1n22l.delete] Task succeeded 'cloudify_cloudinit.tasks.update'
2019-08-08 12:40:48.373  CFY <aws> [nic1_jsdv6w] Deleting node instance
2019-08-08 12:40:48.968  CFY <aws> [nic1_jsdv6w.delete] Sending task 'cloudify_aws.ec2.resources.eni.delete'
2019-08-08 12:40:49.024  CFY <aws> [cloud_initdb_w1n22l] Deleted node instance
2019-08-08 12:40:51.033  CFY <aws> [nicdb_b0rvwx.delete] Task succeeded 'cloudify_aws.ec2.resources.eni.delete'
2019-08-08 12:40:51.098  CFY <aws> [nicdb_b0rvwx] Deleted node instance
2019-08-08 12:40:51.479  CFY <aws> [cloud_init_6q1ju4.delete] Task succeeded 'cloudify_cloudinit.tasks.update'
2019-08-08 12:40:51.909  CFY <aws> [cloud_init_6q1ju4] Deleted node instance
2019-08-08 12:40:55.809  CFY <aws> [nic1_jsdv6w.delete] Task succeeded 'cloudify_aws.ec2.resources.eni.delete'
2019-08-08 12:40:55.881  CFY <aws> [nic1_jsdv6w] Deleted node instance
2019-08-08 12:40:56.677  CFY <aws> [security_group_1xu20e] Stopping node instance
2019-08-08 12:40:57.314  CFY <aws> [subnet_pi4y0i] Stopping node instance
2019-08-08 12:40:57.885  CFY <aws> [security_group_1xu20e] Validating node instance after deletion: nothing to do
2019-08-08 12:40:57.951  CFY <aws> [subnet_pi4y0i] Validating node instance after deletion: nothing to do
2019-08-08 12:40:58.043  CFY <aws> [subnet_pi4y0i] Stopped node instance: nothing to do
2019-08-08 12:40:58.097  CFY <aws> [security_group_1xu20e] Stopped node instance: nothing to do
2019-08-08 12:40:58.649  CFY <aws> [subnet_pi4y0i] Unlinking relationships
2019-08-08 12:40:58.714  CFY <aws> [security_group_1xu20e] Unlinking relationships
2019-08-08 12:40:58.991  CFY <aws> [security_group_1xu20e] Relationships unlinked
2019-08-08 12:40:59.044  CFY <aws> [subnet_pi4y0i] Relationships unlinked
2019-08-08 12:40:59.257  CFY <aws> [security_group_1xu20e] Deleting node instance
2019-08-08 12:40:59.305  CFY <aws> [subnet_pi4y0i] Deleting node instance
2019-08-08 12:40:59.556  CFY <aws> [security_group_1xu20e.delete] Sending task 'cloudify_aws.ec2.resources.securitygroup.delete'
2019-08-08 12:41:00.556  CFY <aws> [subnet_pi4y0i.delete] Sending task 'cloudify_aws.ec2.resources.subnet.delete'
2019-08-08 12:41:03.706  CFY <aws> [security_group_1xu20e.delete] Task succeeded 'cloudify_aws.ec2.resources.securitygroup.delete'
2019-08-08 12:41:03.805  CFY <aws> [security_group_1xu20e] Deleted node instance
2019-08-08 12:41:04.729  CFY <aws> [subnet_pi4y0i.delete] Task succeeded 'cloudify_aws.ec2.resources.subnet.delete'
2019-08-08 12:41:04.788  CFY <aws> [subnet_pi4y0i] Deleted node instance
2019-08-08 12:41:05.175  CFY <aws> [vpc_jlhdvg] Stopping node instance
2019-08-08 12:41:05.429  CFY <aws> [vpc_jlhdvg] Validating node instance after deletion: nothing to do
2019-08-08 12:41:05.663  CFY <aws> [vpc_jlhdvg] Stopped node instance: nothing to do
2019-08-08 12:41:05.939  CFY <aws> [vpc_jlhdvg] Unlinking relationships
2019-08-08 12:41:06.223  CFY <aws> [vpc_jlhdvg] Relationships unlinked
2019-08-08 12:41:06.459  CFY <aws> [vpc_jlhdvg] Deleting node instance
2019-08-08 12:41:06.687  CFY <aws> [vpc_jlhdvg.delete] Sending task 'cloudify_aws.ec2.resources.vpc.delete'
2019-08-08 12:41:09.982  CFY <aws> [vpc_jlhdvg.delete] Task succeeded 'cloudify_aws.ec2.resources.vpc.delete'
2019-08-08 12:41:10.024  CFY <aws> [vpc_jlhdvg] Deleted node instance
2019-08-08 12:41:10.935  CFY <aws> 'uninstall' workflow execution succeeded
Finished executing workflow uninstall on deployment aws
* Run 'cfy events list 02d7dbce-2a44-4263-b5f1-2b12dc4fa37a' to retrieve the execution's events/logs
Trying to delete deployment aws...
Deployment deleted
Deleting blueprint cloudify-wordpress-blueprint-aws...
Blueprint deleted
