Executing workflow `uninstall` on deployment `gcp` [timeout=900 seconds]
2019-08-11 02:29:29.308  CFY <gcp> Starting 'uninstall' workflow execution
2019-08-11 02:29:30.084  CFY <gcp> [config-wordpress_hc6vmc] Validating node instance after deletion: nothing to do
2019-08-11 02:29:30.174  CFY <gcp> [config-database_e6zw4o->vm-database_zhnir7|unlink] Sending task 'cloudify_ansible.tasks.ansible_remove_host'
2019-08-11 02:29:31.123  CFY <gcp> [firewall_cg08gc] Validating node instance after deletion: nothing to do
2019-08-11 02:29:31.758  CFY <gcp> [config-wordpress_hc6vmc->vm-app2_xh0xy1|unlink] Sending task 'cloudify_ansible.tasks.ansible_remove_host'
2019-08-11 02:29:32.895  CFY <gcp> [config-database_e6zw4o] Validating node instance after deletion: nothing to do
2019-08-11 02:29:33.071  CFY <gcp> [firewall_cg08gc] Stop: instance already uninitialized
2019-08-11 02:29:33.218  CFY <gcp> [config-wordpress_hc6vmc] Stop: instance already uninitialized
2019-08-11 02:29:33.316  CFY <gcp> [config-database_e6zw4o] Stop: instance already uninitialized
2019-08-11 02:29:33.761  CFY <gcp> [config-database_e6zw4o->vm-database_zhnir7|unlink] Task succeeded 'cloudify_ansible.tasks.ansible_remove_host'
2019-08-11 02:29:34.493  CFY <gcp> [firewall_cg08gc] Delete: instance already uninitialized
2019-08-11 02:29:34.659  CFY <gcp> [config-wordpress_hc6vmc] Delete: instance already uninitialized
2019-08-11 02:29:34.752  CFY <gcp> [config-database_e6zw4o] Delete: instance already uninitialized
2019-08-11 02:29:34.867  CFY <gcp> [firewall_cg08gc] Deleted node instance
2019-08-11 02:29:35.596  CFY <gcp> [config-wordpress_hc6vmc] Deleted node instance
2019-08-11 02:29:36.510  CFY <gcp> [config-database_e6zw4o] Deleted node instance
2019-08-11 02:29:36.997  CFY <gcp> [config-wordpress_hc6vmc->vm-app2_xh0xy1|unlink] Task succeeded 'cloudify_ansible.tasks.ansible_remove_host'
2019-08-11 02:29:37.089  CFY <gcp> [config-wordpress_hc6vmc->vm-app1_lfxo5o|unlink] Sending task 'cloudify_ansible.tasks.ansible_remove_host'
2019-08-11 02:29:39.509  CFY <gcp> [config-wordpress_hc6vmc->vm-app1_lfxo5o|unlink] Task succeeded 'cloudify_ansible.tasks.ansible_remove_host'
2019-08-11 02:29:39.836  CFY <gcp> [vm-app1_lfxo5o] Validating node instance after deletion: nothing to do
2019-08-11 02:29:39.962  CFY <gcp> [vm-app2_xh0xy1] Validating node instance after deletion: nothing to do
2019-08-11 02:29:40.179  CFY <gcp> [vm-app2_xh0xy1] Stop: instance already uninitialized
2019-08-11 02:29:40.240  CFY <gcp> [vm-app1_lfxo5o] Stop: instance already uninitialized
2019-08-11 02:29:40.641  CFY <gcp> [vm-app2_xh0xy1] Delete: instance already uninitialized
2019-08-11 02:29:40.696  CFY <gcp> [vm-app1_lfxo5o] Delete: instance already uninitialized
2019-08-11 02:29:40.757  CFY <gcp> [vm-app2_xh0xy1] Deleted node instance
2019-08-11 02:29:41.184  CFY <gcp> [vm-app1_lfxo5o] Deleted node instance
2019-08-11 02:29:41.532  CFY <gcp> [vm-database_zhnir7] Validating node instance after deletion: nothing to do
2019-08-11 02:29:41.805  CFY <gcp> [vm-database_zhnir7] Stop: instance already uninitialized
2019-08-11 02:29:42.113  CFY <gcp> [vm-database_zhnir7] Delete: instance already uninitialized
2019-08-11 02:29:42.482  CFY <gcp> [vm-database_zhnir7] Deleted node instance
2019-08-11 02:29:43.014  CFY <gcp> [subnet_cldtax] Validating node instance after deletion: nothing to do
2019-08-11 02:29:43.187  CFY <gcp> [subnet_cldtax] Stop: instance already uninitialized
2019-08-11 02:29:43.478  CFY <gcp> [subnet_cldtax] Delete: instance already uninitialized
2019-08-11 02:29:43.756  CFY <gcp> [subnet_cldtax] Deleted node instance
2019-08-11 02:29:44.072  CFY <gcp> [network_t9rxb1] Stopping node instance
2019-08-11 02:29:44.319  CFY <gcp> [network_t9rxb1] Validating node instance after deletion: nothing to do
2019-08-11 02:29:44.436  CFY <gcp> [network_t9rxb1] Stopped node instance: nothing to do
2019-08-11 02:29:44.731  CFY <gcp> [network_t9rxb1] Unlinking relationships
2019-08-11 02:29:45.012  CFY <gcp> [network_t9rxb1] Relationships unlinked
2019-08-11 02:29:45.228  CFY <gcp> [network_t9rxb1] Deleting node instance
2019-08-11 02:29:45.336  CFY <gcp> [network_t9rxb1.delete] Sending task 'cloudify_gcp.compute.network.delete'
2019-08-11 02:29:47.342  LOG <gcp> [network_t9rxb1.delete] INFO: Delete network network-t9rxb1
2019-08-11 02:29:48.570  LOG <gcp> [network_t9rxb1.delete] ERROR: Error traceback Traceback (most recent call last):
  File "/opt/mgmtworker/env/plugins/default_tenant/cloudify-gcp-plugin-1.4.4/lib/python2.7/site-packages/cloudify_gcp/utils.py", line 262, in _decorator
    return func(*args, **kwargs)
  File "/opt/mgmtworker/env/plugins/default_tenant/cloudify-gcp-plugin-1.4.4/lib/python2.7/site-packages/cloudify_gcp/compute/network.py", line 215, in delete
    utils.delete_if_not_external(network)
  File "/opt/mgmtworker/env/plugins/default_tenant/cloudify-gcp-plugin-1.4.4/lib/python2.7/site-packages/cloudify_gcp/utils.py", line 175, in delete_if_not_external
    return resource.delete()
  File "/opt/mgmtworker/env/plugins/default_tenant/cloudify-gcp-plugin-1.4.4/lib/python2.7/site-packages/cloudify_gcp/utils.py", line 233, in wrapper
    response = func(self, *args, **kwargs)
  File "/opt/mgmtworker/env/plugins/default_tenant/cloudify-gcp-plugin-1.4.4/lib/python2.7/site-packages/cloudify_gcp/gcp.py", line 34, in _decorator
    response = func(self, *args, **kwargs)
  File "/opt/mgmtworker/env/plugins/default_tenant/cloudify-gcp-plugin-1.4.4/lib/python2.7/site-packages/cloudify_gcp/compute/network.py", line 80, in delete
    network=self.name).execute()
  File "/opt/mgmtworker/env/plugins/default_tenant/cloudify-gcp-plugin-1.4.4/lib/python2.7/site-packages/oauth2client/util.py", line 137, in positional_wrapper
    return wrapped(*args, **kwargs)
  File "/opt/mgmtworker/env/plugins/default_tenant/cloudify-gcp-plugin-1.4.4/lib/python2.7/site-packages/googleapiclient/http.py", line 832, in execute
    raise HttpError(resp, content, uri=self.uri)
HttpError: <HttpError 403 when requesting https://www.googleapis.com/compute/v1/projects/orquestrators-test/global/networks/network-t9rxb1?alt=json returned "Access Not Configured. Compute Engine API has not been used in project 261970287683 before or it is disabled. Enable it by visiting https://console.developers.google.com/apis/api/compute.googleapis.com/overview?project=261970287683 then retry. If you enabled this API recently, wait a few minutes for the action to propagate to our systems and retry.">
 with message <HttpError 403 when requesting https://www.googleapis.com/compute/v1/projects/orquestrators-test/global/networks/network-t9rxb1?alt=json returned "Access Not Configured. Compute Engine API has not been used in project 261970287683 before or it is disabled. Enable it by visiting https://console.developers.google.com/apis/api/compute.googleapis.com/overview?project=261970287683 then retry. If you enabled this API recently, wait a few minutes for the action to propagate to our systems and retry.">
2019-08-11 02:29:48.570  LOG <gcp> [network_t9rxb1.delete] ERROR: Error Message 
2019-08-11 02:29:49.338  CFY <gcp> [network_t9rxb1.delete] Task failed 'cloudify_gcp.compute.network.delete'
Traceback (most recent call last):
  File "/opt/mgmtworker/env/lib/python2.7/site-packages/cloudify/dispatch.py", line 813, in main
    payload = handler.handle()
  File "/opt/mgmtworker/env/lib/python2.7/site-packages/cloudify/dispatch.py", line 461, in handle
    result = self._run_operation_func(ctx, kwargs)
  File "/opt/mgmtworker/env/lib/python2.7/site-packages/cloudify/dispatch.py", line 519, in _run_operation_func
    return self.func(*self.args, **kwargs)
  File "/opt/mgmtworker/env/plugins/default_tenant/cloudify-gcp-plugin-1.4.4/lib/python2.7/site-packages/cloudify_gcp/utils.py", line 277, in _decorator
    raise NonRecoverableError(error.message)
NonRecoverableError

2019-08-11 02:29:49.359  CFY <gcp> [network_t9rxb1] Deleted node instance
2019-08-11 02:29:49.903  CFY <gcp> 'uninstall' workflow execution succeeded
Finished executing workflow uninstall on deployment gcp
* Run 'cfy events list 894d51e9-1506-4ae9-b1b7-8ff954c45851' to retrieve the execution's events/logs
Trying to delete deployment gcp...
Deployment deleted
Deleting blueprint cloudify-1565490462-wp-gcp...
Blueprint deleted
