Executing workflow `uninstall` on deployment `azure` [timeout=900 seconds]
2019-08-08 15:18:20.605  CFY <azure> Starting 'uninstall' workflow execution
2019-08-08 15:18:22.098  CFY <azure> [config-wordpress_ffg2ua->vm-app2_jo6jgs|unlink] Sending task 'cloudify_ansible.tasks.ansible_remove_host'
2019-08-08 15:18:22.942  CFY <azure> [config-wordpress_ffg2ua] Validating node instance after deletion: nothing to do
2019-08-08 15:18:23.150  CFY <azure> [config-database_5a4lgr] Validating node instance after deletion: nothing to do
2019-08-08 15:18:23.302  CFY <azure> [config-database_5a4lgr->vm-database_7l9o5n|unlink] Sending task 'cloudify_ansible.tasks.ansible_remove_host'
2019-08-08 15:18:24.391  CFY <azure> [config-wordpress_ffg2ua] Stop: instance already deleted
2019-08-08 15:18:24.530  CFY <azure> [config-database_5a4lgr] Stop: instance already deleted
2019-08-08 15:18:24.653  CFY <azure> [config-wordpress_ffg2ua] Delete: instance already deleted
2019-08-08 15:18:24.797  CFY <azure> [config-database_5a4lgr] Delete: instance already deleted
2019-08-08 15:18:25.373  CFY <azure> [config-wordpress_ffg2ua->vm-app2_jo6jgs|unlink] Task succeeded 'cloudify_ansible.tasks.ansible_remove_host'
2019-08-08 15:18:25.573  CFY <azure> [config-wordpress_ffg2ua->vm-app1_mjivl2|unlink] Sending task 'cloudify_ansible.tasks.ansible_remove_host'
2019-08-08 15:18:27.269  CFY <azure> [config-database_5a4lgr->vm-database_7l9o5n|unlink] Task succeeded 'cloudify_ansible.tasks.ansible_remove_host'
2019-08-08 15:18:27.730  CFY <azure> [vm-database_7l9o5n] Validating node instance after deletion: nothing to do
2019-08-08 15:18:28.059  CFY <azure> [vm-database_7l9o5n] Stop: instance already deleted
2019-08-08 15:18:28.353  CFY <azure> [vm-database_7l9o5n] Delete: instance already deleted
2019-08-08 15:18:28.859  CFY <azure> [nic-db_7hg2tl] Validating node instance after deletion: nothing to do
2019-08-08 15:18:29.124  CFY <azure> [nic-db_7hg2tl] Stop: instance already deleted
2019-08-08 15:18:29.236  CFY <azure> [nic-db_7hg2tl] Delete: instance already deleted
2019-08-08 15:18:29.315  CFY <azure> [config-wordpress_ffg2ua->vm-app1_mjivl2|unlink] Task succeeded 'cloudify_ansible.tasks.ansible_remove_host'
2019-08-08 15:18:29.511  CFY <azure> [vm-app1_mjivl2] Validating node instance after deletion: nothing to do
2019-08-08 15:18:29.967  CFY <azure> [vm-app2_jo6jgs] Validating node instance after deletion: nothing to do
2019-08-08 15:18:30.175  CFY <azure> [ip_config-db_smuxu3] Validating node instance after deletion: nothing to do
2019-08-08 15:18:30.438  CFY <azure> [vm-app2_jo6jgs] Stop: instance already deleted
2019-08-08 15:18:30.744  CFY <azure> [ip_config-db_smuxu3] Stop: instance already deleted
2019-08-08 15:18:30.795  CFY <azure> [vm-app1_mjivl2] Stop: instance already deleted
2019-08-08 15:18:30.846  CFY <azure> [ip_config-db_smuxu3] Delete: instance already deleted
2019-08-08 15:18:30.894  CFY <azure> [vm-app2_jo6jgs] Delete: instance already deleted
2019-08-08 15:18:31.179  CFY <azure> [ip-db_y8akld] Validating node instance after deletion: nothing to do
2019-08-08 15:18:31.304  CFY <azure> [vm-app1_mjivl2] Delete: instance already deleted
2019-08-08 15:18:31.546  CFY <azure> [nic2_2d6yyj] Validating node instance after deletion: nothing to do
2019-08-08 15:18:31.648  CFY <azure> [ip-db_y8akld] Stop: instance already deleted
2019-08-08 15:18:31.764  CFY <azure> [nic1_eu5grb] Validating node instance after deletion: nothing to do
2019-08-08 15:18:32.052  CFY <azure> [nic2_2d6yyj] Stop: instance already deleted
2019-08-08 15:18:32.185  CFY <azure> [storage_account_cjq2uk] Validating node instance after deletion: nothing to do
2019-08-08 15:18:32.276  CFY <azure> [availability_set_6qh7lc] Validating node instance after deletion: nothing to do
2019-08-08 15:18:32.323  CFY <azure> [ip-db_y8akld] Delete: instance already deleted
2019-08-08 15:18:32.373  CFY <azure> [storage_account_cjq2uk] Stop: instance already deleted
2019-08-08 15:18:32.423  CFY <azure> [nic2_2d6yyj] Delete: instance already deleted
2019-08-08 15:18:32.515  CFY <azure> [nic1_eu5grb] Stop: instance already deleted
2019-08-08 15:18:32.599  CFY <azure> [availability_set_6qh7lc] Stop: instance already deleted
2019-08-08 15:18:32.667  CFY <azure> [storage_account_cjq2uk] Delete: instance already deleted
2019-08-08 15:18:32.884  CFY <azure> [nic1_eu5grb] Delete: instance already deleted
2019-08-08 15:18:32.940  CFY <azure> [availability_set_6qh7lc] Delete: instance already deleted
2019-08-08 15:18:33.189  CFY <azure> [network_security_group_yd5rk3] Validating node instance after deletion: nothing to do
2019-08-08 15:18:33.490  CFY <azure> [ip_config2_f26wdy] Validating node instance after deletion: nothing to do
2019-08-08 15:18:33.745  CFY <azure> [ip_config1_pmcf18] Validating node instance after deletion: nothing to do
2019-08-08 15:18:34.472  CFY <azure> [ip_config2_f26wdy] Stop: instance already deleted
2019-08-08 15:18:34.575  CFY <azure> [network_security_group_yd5rk3] Stop: instance already deleted
2019-08-08 15:18:34.659  CFY <azure> [ip_config1_pmcf18] Stop: instance already deleted
2019-08-08 15:18:34.792  CFY <azure> [ip_config2_f26wdy] Delete: instance already deleted
2019-08-08 15:18:34.882  CFY <azure> [network_security_group_yd5rk3] Delete: instance already deleted
2019-08-08 15:18:35.025  CFY <azure> [ip_config1_pmcf18] Delete: instance already deleted
2019-08-08 15:18:35.788  CFY <azure> [ip1_ne1nc3] Validating node instance after deletion: nothing to do
2019-08-08 15:18:36.600  CFY <azure> [ip2_bzrzid] Validating node instance after deletion: nothing to do
2019-08-08 15:18:36.729  CFY <azure> [subnet_k2eqpx] Validating node instance after deletion: nothing to do
2019-08-08 15:18:36.818  CFY <azure> [ip1_ne1nc3] Stop: instance already deleted
2019-08-08 15:18:36.966  CFY <azure> [ip2_bzrzid] Stop: instance already deleted
2019-08-08 15:18:37.148  CFY <azure> [subnet_k2eqpx] Stop: instance already deleted
2019-08-08 15:18:37.324  CFY <azure> [ip1_ne1nc3] Delete: instance already deleted
2019-08-08 15:18:37.477  CFY <azure> [ip2_bzrzid] Delete: instance already deleted
2019-08-08 15:18:37.638  CFY <azure> [subnet_k2eqpx] Delete: instance already deleted
2019-08-08 15:18:38.466  CFY <azure> [network_2amhww] Validating node instance after deletion: nothing to do
2019-08-08 15:18:38.668  CFY <azure> [network_2amhww] Stop: instance already deleted
2019-08-08 15:18:39.101  CFY <azure> [network_2amhww] Delete: instance already deleted
2019-08-08 15:18:39.724  CFY <azure> [resource_group_yeedjm] Validating node instance after deletion: nothing to do
2019-08-08 15:18:39.879  CFY <azure> [resource_group_yeedjm] Stop: instance already deleted
2019-08-08 15:18:39.995  CFY <azure> [resource_group_yeedjm] Delete: instance already deleted
Execution ended, waiting 3 seconds for additional log messages
2019-08-08 15:18:40.532  CFY <azure> 'uninstall' workflow execution succeeded
Finished executing workflow uninstall on deployment azure
* Run 'cfy events list e9ab1a60-0fd1-4b54-b9da-615273081753' to retrieve the execution's events/logs
Trying to delete deployment azure...
Deployment deleted
Deleting blueprint cloudify-wordpress-blueprint-azure...
Blueprint deleted
