Executing workflow `uninstall` on deployment `aws` [timeout=900 seconds]
2019-08-08 13:42:45.727  CFY <aws> Starting 'uninstall' workflow execution
2019-08-08 13:42:49.935  CFY <aws> [ip2_vut5pm] Stopping node instance
2019-08-08 13:42:50.068  CFY <aws> [security_group_rules_b6x24e] Stopping node instance
2019-08-08 13:42:50.138  CFY <aws> [config-database_qu08d7] Stopping node instance
2019-08-08 13:42:51.084  CFY <aws> [ip1_haxuei] Stopping node instance
2019-08-08 13:42:51.142  CFY <aws> [config-wordpress1_38x3mz] Stopping node instance
2019-08-08 13:42:51.195  CFY <aws> [ipdb_jd1fds] Stopping node instance
2019-08-08 13:42:51.989  CFY <aws> [route_public_subnet_internet_gateway_57kwxk] Stopping node instance
2019-08-08 13:42:52.047  CFY <aws> [config-wordpress2_i62m32] Stopping node instance
2019-08-08 13:42:52.109  CFY <aws> [security_group_rules_b6x24e] Validating node instance after deletion: nothing to do
2019-08-08 13:42:52.162  CFY <aws> [ip1_haxuei] Validating node instance after deletion: nothing to do
2019-08-08 13:42:52.235  CFY <aws> [ip2_vut5pm] Validating node instance after deletion: nothing to do
2019-08-08 13:42:52.316  CFY <aws> [config-database_qu08d7] Validating node instance after deletion: nothing to do
2019-08-08 13:42:52.377  CFY <aws> [ipdb_jd1fds] Validating node instance after deletion: nothing to do
2019-08-08 13:42:52.408  CFY <aws> [security_group_rules_b6x24e.stop] Sending task 'cloudify_aws.ec2.resources.securitygroup.revoke_ingress_rules'
2019-08-08 13:42:52.629  CFY <aws> [config-wordpress1_38x3mz] Validating node instance after deletion: nothing to do
2019-08-08 13:42:52.775  CFY <aws> [route_public_subnet_internet_gateway_57kwxk] Validating node instance after deletion: nothing to do
2019-08-08 13:42:52.840  CFY <aws> [config-wordpress2_i62m32] Validating node instance after deletion: nothing to do
2019-08-08 13:42:53.334  CFY <aws> [config-wordpress1_38x3mz] Stopped node instance: nothing to do
2019-08-08 13:42:53.557  CFY <aws> [ip2_vut5pm.stop] Sending task 'cloudify_aws.ec2.resources.elasticip.detach'
2019-08-08 13:42:54.438  CFY <aws> [config-wordpress2_i62m32] Stopped node instance: nothing to do
2019-08-08 13:42:54.687  CFY <aws> [ipdb_jd1fds.stop] Sending task 'cloudify_aws.ec2.resources.elasticip.detach'
2019-08-08 13:42:55.801  CFY <aws> [config-database_qu08d7] Stopped node instance: nothing to do
2019-08-08 13:42:55.971  CFY <aws> [ip1_haxuei.stop] Sending task 'cloudify_aws.ec2.resources.elasticip.detach'
2019-08-08 13:42:57.055  CFY <aws> [route_public_subnet_internet_gateway_57kwxk] Stopped node instance: nothing to do
2019-08-08 13:42:58.918  CFY <aws> [security_group_rules_b6x24e.stop] Task succeeded 'cloudify_aws.ec2.resources.securitygroup.revoke_ingress_rules'
2019-08-08 13:43:00.307  CFY <aws> [config-database_qu08d7] Unlinking relationships
2019-08-08 13:43:00.486  CFY <aws> [config-wordpress1_38x3mz] Unlinking relationships
2019-08-08 13:43:00.802  CFY <aws> [security_group_rules_b6x24e] Stopped node instance
2019-08-08 13:43:01.270  CFY <aws> [config-database_qu08d7->vm-database_ugitp8|unlink] Sending task 'cloudify_ansible.tasks.ansible_remove_host'
2019-08-08 13:43:01.291  CFY <aws> [config-wordpress2_i62m32] Unlinking relationships
2019-08-08 13:43:01.470  CFY <aws> [route_public_subnet_internet_gateway_57kwxk] Unlinking relationships
2019-08-08 13:43:02.830  CFY <aws> [config-wordpress2_i62m32->vm-app2_2h5idb|unlink] Sending task 'cloudify_ansible.tasks.ansible_remove_host'
2019-08-08 13:43:03.283  CFY <aws> [ip2_vut5pm.stop] Task succeeded 'cloudify_aws.ec2.resources.elasticip.detach'
2019-08-08 13:43:04.145  CFY <aws> [config-wordpress1_38x3mz->vm-app1_su2mdd|unlink] Sending task 'cloudify_ansible.tasks.ansible_remove_host'
2019-08-08 13:43:04.370  CFY <aws> [ipdb_jd1fds.stop] Task succeeded 'cloudify_aws.ec2.resources.elasticip.detach'
2019-08-08 13:43:06.072  CFY <aws> [security_group_rules_b6x24e] Unlinking relationships
2019-08-08 13:43:06.281  CFY <aws> [route_public_subnet_internet_gateway_57kwxk] Relationships unlinked
2019-08-08 13:43:06.428  CFY <aws> [ip1_haxuei.stop] Task succeeded 'cloudify_aws.ec2.resources.elasticip.detach'
2019-08-08 13:43:06.641  CFY <aws> [ipdb_jd1fds] Stopped node instance
2019-08-08 13:43:06.859  CFY <aws> [ip2_vut5pm] Stopped node instance
2019-08-08 13:43:07.147  CFY <aws> [security_group_rules_b6x24e] Relationships unlinked
2019-08-08 13:43:07.361  CFY <aws> [route_public_subnet_internet_gateway_57kwxk] Deleting node instance
2019-08-08 13:43:07.882  CFY <aws> [config-database_qu08d7->vm-database_ugitp8|unlink] Task succeeded 'cloudify_ansible.tasks.ansible_remove_host'
2019-08-08 13:43:08.737  CFY <aws> [ip1_haxuei] Stopped node instance
2019-08-08 13:43:09.160  CFY <aws> [route_public_subnet_internet_gateway_57kwxk.delete] Sending task 'cloudify_aws.ec2.resources.route.delete'
2019-08-08 13:43:10.142  CFY <aws> [config-wordpress2_i62m32->vm-app2_2h5idb|unlink] Task succeeded 'cloudify_ansible.tasks.ansible_remove_host'
2019-08-08 13:43:10.300  CFY <aws> [security_group_rules_b6x24e] Deleting node instance: nothing to do
2019-08-08 13:43:10.475  CFY <aws> [config-database_qu08d7] Relationships unlinked
2019-08-08 13:43:10.686  CFY <aws> [ip2_vut5pm] Unlinking relationships
2019-08-08 13:43:11.556  CFY <aws> [ipdb_jd1fds] Unlinking relationships
2019-08-08 13:43:11.653  CFY <aws> [config-wordpress1_38x3mz->vm-app1_su2mdd|unlink] Task succeeded 'cloudify_ansible.tasks.ansible_remove_host'
2019-08-08 13:43:11.758  CFY <aws> [config-wordpress2_i62m32] Relationships unlinked
2019-08-08 13:43:11.974  CFY <aws> [security_group_rules_b6x24e] Deleted node instance
2019-08-08 13:43:12.698  CFY <aws> [config-database_qu08d7] Deleting node instance: nothing to do
2019-08-08 13:43:12.857  CFY <aws> [ip2_vut5pm] Relationships unlinked
2019-08-08 13:43:12.986  CFY <aws> [ip1_haxuei] Unlinking relationships
2019-08-08 13:43:13.097  CFY <aws> [config-wordpress1_38x3mz] Relationships unlinked
2019-08-08 13:43:13.256  CFY <aws> [config-wordpress2_i62m32] Deleting node instance: nothing to do
2019-08-08 13:43:13.389  CFY <aws> [ipdb_jd1fds] Relationships unlinked
2019-08-08 13:43:13.540  CFY <aws> [config-database_qu08d7] Deleted node instance
2019-08-08 13:43:13.927  CFY <aws> [ip2_vut5pm] Deleting node instance
2019-08-08 13:43:14.435  CFY <aws> [ip1_haxuei] Relationships unlinked
2019-08-08 13:43:14.530  CFY <aws> [config-wordpress1_38x3mz] Deleting node instance: nothing to do
2019-08-08 13:43:14.638  CFY <aws> [config-wordpress2_i62m32] Deleted node instance
2019-08-08 13:43:14.809  CFY <aws> [ip2_vut5pm.delete] Sending task 'cloudify_aws.ec2.resources.elasticip.delete'
2019-08-08 13:43:15.478  CFY <aws> [ipdb_jd1fds] Deleting node instance
2019-08-08 13:43:16.569  CFY <aws> [vm-database_ugitp8] Stopping node instance
2019-08-08 13:43:17.303  CFY <aws> [ipdb_jd1fds.delete] Sending task 'cloudify_aws.ec2.resources.elasticip.delete'
2019-08-08 13:43:17.814  CFY <aws> [ip1_haxuei] Deleting node instance
2019-08-08 13:43:17.962  CFY <aws> [config-wordpress1_38x3mz] Deleted node instance
2019-08-08 13:43:18.594  CFY <aws> [route_public_subnet_internet_gateway_57kwxk.delete] Task succeeded 'cloudify_aws.ec2.resources.route.delete'
2019-08-08 13:43:19.640  CFY <aws> [ip1_haxuei.delete] Sending task 'cloudify_aws.ec2.resources.elasticip.delete'
2019-08-08 13:43:20.002  CFY <aws> [vm-app2_2h5idb] Stopping node instance
2019-08-08 13:43:20.208  CFY <aws> [vm-database_ugitp8] Validating node instance after deletion: nothing to do
2019-08-08 13:43:20.326  CFY <aws> [route_public_subnet_internet_gateway_57kwxk] Deleted node instance
2019-08-08 13:43:21.683  CFY <aws> [vm-app1_su2mdd] Stopping node instance
2019-08-08 13:43:21.886  CFY <aws> [vm-database_ugitp8.stop] Sending task 'cloudify_aws.ec2.resources.instances.stop'
2019-08-08 13:43:21.939  CFY <aws> [vm-app2_2h5idb] Validating node instance after deletion: nothing to do
2019-08-08 13:43:22.695  CFY <aws> [routetable_gqy6hr] Stopping node instance
2019-08-08 13:43:23.049  CFY <aws> [internet_gateway_fwewlf] Stopping node instance
2019-08-08 13:43:23.866  CFY <aws> [vm-app2_2h5idb.stop] Sending task 'cloudify_aws.ec2.resources.instances.stop'
2019-08-08 13:43:25.058  CFY <aws> [vm-app1_su2mdd] Validating node instance after deletion: nothing to do
2019-08-08 13:43:25.312  CFY <aws> [internet_gateway_fwewlf] Validating node instance after deletion: nothing to do
2019-08-08 13:43:25.503  CFY <aws> [routetable_gqy6hr] Validating node instance after deletion: nothing to do
2019-08-08 13:43:26.095  CFY <aws> [vm-app1_su2mdd.stop] Sending task 'cloudify_aws.ec2.resources.instances.stop'
2019-08-08 13:43:26.469  CFY <aws> [ip2_vut5pm.delete] Task succeeded 'cloudify_aws.ec2.resources.elasticip.delete'
2019-08-08 13:43:27.504  CFY <aws> [internet_gateway_fwewlf.stop] Sending task 'cloudify_aws.ec2.resources.internet_gateway.detach'
2019-08-08 13:43:29.546  CFY <aws> [routetable_gqy6hr.stop] Sending task 'cloudify_aws.ec2.resources.routetable.detach'
2019-08-08 13:43:29.789  CFY <aws> [ipdb_jd1fds.delete] Task succeeded 'cloudify_aws.ec2.resources.elasticip.delete'
2019-08-08 13:43:30.410  CFY <aws> [ip2_vut5pm] Deleted node instance
2019-08-08 13:43:32.571  CFY <aws> [ipdb_jd1fds] Deleted node instance
2019-08-08 13:43:33.199  CFY <aws> [ip1_haxuei.delete] Task succeeded 'cloudify_aws.ec2.resources.elasticip.delete'
2019-08-08 13:43:33.537  CFY <aws> [ip1_haxuei] Deleted node instance
2019-08-08 13:43:36.348  CFY <aws> [vm-database_ugitp8.stop] Task rescheduled 'cloudify_aws.ec2.resources.instances.stop' -> EC2 Instances ID# "i-0e148f92aacf203c4" is still in a pending state.
Traceback (most recent call last):
  File "/opt/mgmtworker/env/lib/python2.7/site-packages/cloudify/dispatch.py", line 813, in main
    payload = handler.handle()
  File "/opt/mgmtworker/env/lib/python2.7/site-packages/cloudify/dispatch.py", line 461, in handle
    result = self._run_operation_func(ctx, kwargs)
  File "/opt/mgmtworker/env/lib/python2.7/site-packages/cloudify/dispatch.py", line 519, in _run_operation_func
    return self.func(*self.args, **kwargs)
  File "/opt/mgmtworker/env/plugins/default_tenant/cloudify-aws-plugin-2.3.0/lib/python2.7/site-packages/cloudify_aws/common/decorators.py", line 303, in wrapper_inner
    result = function(**kwargs)
  File "/opt/mgmtworker/env/plugins/default_tenant/cloudify-aws-plugin-2.3.0/lib/python2.7/site-packages/cloudify_aws/common/decorators.py", line 330, in wrapper_inner
    fail_on_missing)
  File "/opt/mgmtworker/env/plugins/default_tenant/cloudify-aws-plugin-2.3.0/lib/python2.7/site-packages/cloudify_aws/common/decorators.py", line 76, in _wait_for_status
    % (resource_type, iface.resource_id))
OperationRetry: EC2 Instances ID# "i-0e148f92aacf203c4" is still in a pending state.

2019-08-08 13:43:37.497  CFY <aws> [vm-app2_2h5idb.stop] Task rescheduled 'cloudify_aws.ec2.resources.instances.stop' -> EC2 Instances ID# "i-095c1ebc9079612eb" is still in a pending state.
Traceback (most recent call last):
  File "/opt/mgmtworker/env/lib/python2.7/site-packages/cloudify/dispatch.py", line 813, in main
    payload = handler.handle()
  File "/opt/mgmtworker/env/lib/python2.7/site-packages/cloudify/dispatch.py", line 461, in handle
    result = self._run_operation_func(ctx, kwargs)
  File "/opt/mgmtworker/env/lib/python2.7/site-packages/cloudify/dispatch.py", line 519, in _run_operation_func
    return self.func(*self.args, **kwargs)
  File "/opt/mgmtworker/env/plugins/default_tenant/cloudify-aws-plugin-2.3.0/lib/python2.7/site-packages/cloudify_aws/common/decorators.py", line 303, in wrapper_inner
    result = function(**kwargs)
  File "/opt/mgmtworker/env/plugins/default_tenant/cloudify-aws-plugin-2.3.0/lib/python2.7/site-packages/cloudify_aws/common/decorators.py", line 330, in wrapper_inner
    fail_on_missing)
  File "/opt/mgmtworker/env/plugins/default_tenant/cloudify-aws-plugin-2.3.0/lib/python2.7/site-packages/cloudify_aws/common/decorators.py", line 76, in _wait_for_status
    % (resource_type, iface.resource_id))
OperationRetry: EC2 Instances ID# "i-095c1ebc9079612eb" is still in a pending state.

2019-08-08 13:43:38.918  CFY <aws> [vm-app1_su2mdd.stop] Task rescheduled 'cloudify_aws.ec2.resources.instances.stop' -> EC2 Instances ID# "i-0fb84fb253dcd3968" is still in a pending state.
Traceback (most recent call last):
  File "/opt/mgmtworker/env/lib/python2.7/site-packages/cloudify/dispatch.py", line 813, in main
    payload = handler.handle()
  File "/opt/mgmtworker/env/lib/python2.7/site-packages/cloudify/dispatch.py", line 461, in handle
    result = self._run_operation_func(ctx, kwargs)
  File "/opt/mgmtworker/env/lib/python2.7/site-packages/cloudify/dispatch.py", line 519, in _run_operation_func
    return self.func(*self.args, **kwargs)
  File "/opt/mgmtworker/env/plugins/default_tenant/cloudify-aws-plugin-2.3.0/lib/python2.7/site-packages/cloudify_aws/common/decorators.py", line 303, in wrapper_inner
    result = function(**kwargs)
  File "/opt/mgmtworker/env/plugins/default_tenant/cloudify-aws-plugin-2.3.0/lib/python2.7/site-packages/cloudify_aws/common/decorators.py", line 330, in wrapper_inner
    fail_on_missing)
  File "/opt/mgmtworker/env/plugins/default_tenant/cloudify-aws-plugin-2.3.0/lib/python2.7/site-packages/cloudify_aws/common/decorators.py", line 76, in _wait_for_status
    % (resource_type, iface.resource_id))
OperationRetry: EC2 Instances ID# "i-0fb84fb253dcd3968" is still in a pending state.

2019-08-08 13:43:39.680  CFY <aws> [internet_gateway_fwewlf.stop] Task succeeded 'cloudify_aws.ec2.resources.internet_gateway.detach'
2019-08-08 13:43:39.784  CFY <aws> [internet_gateway_fwewlf] Stopped node instance
2019-08-08 13:43:39.913  CFY <aws> [routetable_gqy6hr.stop] Task succeeded 'cloudify_aws.ec2.resources.routetable.detach'
2019-08-08 13:43:40.073  CFY <aws> [routetable_gqy6hr] Stopped node instance
2019-08-08 13:43:40.136  CFY <aws> [internet_gateway_fwewlf] Unlinking relationships
2019-08-08 13:43:40.556  CFY <aws> [internet_gateway_fwewlf] Relationships unlinked
2019-08-08 13:43:40.618  CFY <aws> [routetable_gqy6hr] Unlinking relationships
2019-08-08 13:43:40.745  CFY <aws> [internet_gateway_fwewlf] Deleting node instance
2019-08-08 13:43:41.142  CFY <aws> [routetable_gqy6hr] Relationships unlinked
2019-08-08 13:43:41.345  CFY <aws> [internet_gateway_fwewlf.delete] Sending task 'cloudify_aws.ec2.resources.internet_gateway.delete'
2019-08-08 13:43:42.267  CFY <aws> [routetable_gqy6hr] Deleting node instance
2019-08-08 13:43:42.961  CFY <aws> [routetable_gqy6hr.delete] Sending task 'cloudify_aws.ec2.resources.routetable.delete'
2019-08-08 13:43:46.716  CFY <aws> [internet_gateway_fwewlf.delete] Task succeeded 'cloudify_aws.ec2.resources.internet_gateway.delete'
2019-08-08 13:43:46.785  CFY <aws> [internet_gateway_fwewlf] Deleted node instance
2019-08-08 13:43:47.732  CFY <aws> [routetable_gqy6hr.delete] Task succeeded 'cloudify_aws.ec2.resources.routetable.delete'
2019-08-08 13:43:47.745  CFY <aws> [routetable_gqy6hr] Deleted node instance
2019-08-08 13:43:51.573  CFY <aws> [vm-database_ugitp8.stop] Sending task 'cloudify_aws.ec2.resources.instances.stop' [retry 1/60]
2019-08-08 13:43:52.866  CFY <aws> [vm-app2_2h5idb.stop] Sending task 'cloudify_aws.ec2.resources.instances.stop' [retry 1/60]
2019-08-08 13:43:54.225  CFY <aws> [vm-app1_su2mdd.stop] Sending task 'cloudify_aws.ec2.resources.instances.stop' [retry 1/60]
2019-08-08 13:43:56.536  CFY <aws> [vm-database_ugitp8.stop] Task succeeded 'cloudify_aws.ec2.resources.instances.stop' [retry 1/60]
2019-08-08 13:43:56.556  CFY <aws> [vm-database_ugitp8] Stopped node instance
2019-08-08 13:43:57.405  CFY <aws> [vm-database_ugitp8] Unlinking relationships
2019-08-08 13:43:57.819  CFY <aws> [vm-database_ugitp8] Relationships unlinked
2019-08-08 13:43:58.563  CFY <aws> [vm-database_ugitp8] Deleting node instance
2019-08-08 13:43:59.026  CFY <aws> [vm-database_ugitp8.delete] Sending task 'cloudify_aws.ec2.resources.instances.delete'
2019-08-08 13:43:59.613  CFY <aws> [vm-app2_2h5idb.stop] Task succeeded 'cloudify_aws.ec2.resources.instances.stop' [retry 1/60]
2019-08-08 13:44:00.044  CFY <aws> [vm-app2_2h5idb] Stopped node instance
2019-08-08 13:44:00.623  CFY <aws> [vm-app2_2h5idb] Unlinking relationships
2019-08-08 13:44:01.037  CFY <aws> [vm-app2_2h5idb] Relationships unlinked
2019-08-08 13:44:01.284  CFY <aws> [vm-app2_2h5idb] Deleting node instance
2019-08-08 13:44:01.326  CFY <aws> [vm-app1_su2mdd.stop] Task succeeded 'cloudify_aws.ec2.resources.instances.stop' [retry 1/60]
2019-08-08 13:44:01.708  CFY <aws> [vm-app1_su2mdd] Stopped node instance
2019-08-08 13:44:01.976  CFY <aws> [vm-app2_2h5idb.delete] Sending task 'cloudify_aws.ec2.resources.instances.delete'
2019-08-08 13:44:03.398  CFY <aws> [vm-app1_su2mdd] Unlinking relationships
2019-08-08 13:44:03.800  CFY <aws> [vm-app1_su2mdd] Relationships unlinked
2019-08-08 13:44:04.031  CFY <aws> [vm-app1_su2mdd] Deleting node instance
2019-08-08 13:44:04.882  CFY <aws> [vm-app1_su2mdd.delete] Sending task 'cloudify_aws.ec2.resources.instances.delete'
2019-08-08 13:44:05.837  CFY <aws> [vm-database_ugitp8.delete] Task rescheduled 'cloudify_aws.ec2.resources.instances.delete' -> EC2 Instances ID# "i-0e148f92aacf203c4" is still in a pending state.
Traceback (most recent call last):
  File "/opt/mgmtworker/env/lib/python2.7/site-packages/cloudify/dispatch.py", line 813, in main
    payload = handler.handle()
  File "/opt/mgmtworker/env/lib/python2.7/site-packages/cloudify/dispatch.py", line 461, in handle
    result = self._run_operation_func(ctx, kwargs)
  File "/opt/mgmtworker/env/lib/python2.7/site-packages/cloudify/dispatch.py", line 519, in _run_operation_func
    return self.func(*self.args, **kwargs)
  File "/opt/mgmtworker/env/plugins/default_tenant/cloudify-aws-plugin-2.3.0/lib/python2.7/site-packages/cloudify_aws/common/decorators.py", line 303, in wrapper_inner
    result = function(**kwargs)
  File "/opt/mgmtworker/env/plugins/default_tenant/cloudify-aws-plugin-2.3.0/lib/python2.7/site-packages/cloudify_aws/common/decorators.py", line 382, in wrapper_inner
    % (resource_type, iface.resource_id))
OperationRetry: EC2 Instances ID# "i-0e148f92aacf203c4" is still in a pending state.

2019-08-08 13:44:08.108  CFY <aws> [vm-app2_2h5idb.delete] Task rescheduled 'cloudify_aws.ec2.resources.instances.delete' -> EC2 Instances ID# "i-095c1ebc9079612eb" is still in a pending state.
Traceback (most recent call last):
  File "/opt/mgmtworker/env/lib/python2.7/site-packages/cloudify/dispatch.py", line 813, in main
    payload = handler.handle()
  File "/opt/mgmtworker/env/lib/python2.7/site-packages/cloudify/dispatch.py", line 461, in handle
    result = self._run_operation_func(ctx, kwargs)
  File "/opt/mgmtworker/env/lib/python2.7/site-packages/cloudify/dispatch.py", line 519, in _run_operation_func
    return self.func(*self.args, **kwargs)
  File "/opt/mgmtworker/env/plugins/default_tenant/cloudify-aws-plugin-2.3.0/lib/python2.7/site-packages/cloudify_aws/common/decorators.py", line 303, in wrapper_inner
    result = function(**kwargs)
  File "/opt/mgmtworker/env/plugins/default_tenant/cloudify-aws-plugin-2.3.0/lib/python2.7/site-packages/cloudify_aws/common/decorators.py", line 382, in wrapper_inner
    % (resource_type, iface.resource_id))
OperationRetry: EC2 Instances ID# "i-095c1ebc9079612eb" is still in a pending state.

2019-08-08 13:44:10.057  CFY <aws> [vm-app1_su2mdd.delete] Task rescheduled 'cloudify_aws.ec2.resources.instances.delete' -> EC2 Instances ID# "i-0fb84fb253dcd3968" is still in a pending state.
Traceback (most recent call last):
  File "/opt/mgmtworker/env/lib/python2.7/site-packages/cloudify/dispatch.py", line 813, in main
    payload = handler.handle()
  File "/opt/mgmtworker/env/lib/python2.7/site-packages/cloudify/dispatch.py", line 461, in handle
    result = self._run_operation_func(ctx, kwargs)
  File "/opt/mgmtworker/env/lib/python2.7/site-packages/cloudify/dispatch.py", line 519, in _run_operation_func
    return self.func(*self.args, **kwargs)
  File "/opt/mgmtworker/env/plugins/default_tenant/cloudify-aws-plugin-2.3.0/lib/python2.7/site-packages/cloudify_aws/common/decorators.py", line 303, in wrapper_inner
    result = function(**kwargs)
  File "/opt/mgmtworker/env/plugins/default_tenant/cloudify-aws-plugin-2.3.0/lib/python2.7/site-packages/cloudify_aws/common/decorators.py", line 382, in wrapper_inner
    % (resource_type, iface.resource_id))
OperationRetry: EC2 Instances ID# "i-0fb84fb253dcd3968" is still in a pending state.

2019-08-08 13:44:20.921  CFY <aws> [vm-database_ugitp8.delete] Sending task 'cloudify_aws.ec2.resources.instances.delete' [retry 1/60]
2019-08-08 13:44:23.242  CFY <aws> [vm-app2_2h5idb.delete] Sending task 'cloudify_aws.ec2.resources.instances.delete' [retry 1/60]
2019-08-08 13:44:25.395  CFY <aws> [vm-app1_su2mdd.delete] Sending task 'cloudify_aws.ec2.resources.instances.delete' [retry 1/60]
2019-08-08 13:44:26.311  CFY <aws> [vm-database_ugitp8.delete] Task succeeded 'cloudify_aws.ec2.resources.instances.delete' [retry 1/60]
2019-08-08 13:44:26.556  CFY <aws> [vm-database_ugitp8] Deleted node instance
2019-08-08 13:44:27.091  CFY <aws> [cloud_initdb_gmge1b] Stopping node instance
2019-08-08 13:44:27.278  CFY <aws> [nicdb_iczfig] Stopping node instance
2019-08-08 13:44:28.332  CFY <aws> [nicdb_iczfig] Validating node instance after deletion: nothing to do
2019-08-08 13:44:28.437  CFY <aws> [cloud_initdb_gmge1b] Validating node instance after deletion: nothing to do
2019-08-08 13:44:28.659  CFY <aws> [vm-app2_2h5idb.delete] Task succeeded 'cloudify_aws.ec2.resources.instances.delete' [retry 1/60]
2019-08-08 13:44:28.760  CFY <aws> [nicdb_iczfig.stop] Sending task 'cloudify_aws.ec2.resources.eni.detach'
2019-08-08 13:44:29.675  CFY <aws> [vm-app2_2h5idb] Deleted node instance
2019-08-08 13:44:29.855  CFY <aws> [cloud_initdb_gmge1b.stop] Sending task 'cloudify_cloudinit.tasks.update'
2019-08-08 13:44:31.352  CFY <aws> [cloud_init2_bnb4w1] Stopping node instance
2019-08-08 13:44:32.243  CFY <aws> [nic2_6p71co] Stopping node instance
2019-08-08 13:44:32.998  CFY <aws> [vm-app1_su2mdd.delete] Task succeeded 'cloudify_aws.ec2.resources.instances.delete' [retry 1/60]
2019-08-08 13:44:33.381  CFY <aws> [cloud_init2_bnb4w1] Validating node instance after deletion: nothing to do
2019-08-08 13:44:33.607  CFY <aws> [vm-app1_su2mdd] Deleted node instance
2019-08-08 13:44:34.128  CFY <aws> [cloud_init2_bnb4w1.stop] Sending task 'cloudify_cloudinit.tasks.update'
2019-08-08 13:44:34.376  CFY <aws> [nic2_6p71co] Validating node instance after deletion: nothing to do
2019-08-08 13:44:35.548  CFY <aws> [nic2_6p71co.stop] Sending task 'cloudify_aws.ec2.resources.eni.detach'
2019-08-08 13:44:35.806  CFY <aws> [cloud_initdb_gmge1b.stop] Task succeeded 'cloudify_cloudinit.tasks.update'
2019-08-08 13:44:36.036  CFY <aws> [nicdb_iczfig.stop] Task succeeded 'cloudify_aws.ec2.resources.eni.detach'
2019-08-08 13:44:37.899  CFY <aws> [ami_0gqo33] Stopping node instance
2019-08-08 13:44:37.988  CFY <aws> [cloud_init_l5zpme] Stopping node instance
2019-08-08 13:44:38.060  CFY <aws> [cloud_init2_bnb4w1.stop] Task succeeded 'cloudify_cloudinit.tasks.update'
2019-08-08 13:44:38.118  CFY <aws> [cloud_initdb_gmge1b] Stopped node instance
2019-08-08 13:44:38.197  CFY <aws> [nicdb_iczfig] Stopped node instance
2019-08-08 13:44:38.622  CFY <aws> [nic1_4t4k64] Stopping node instance
2019-08-08 13:44:38.773  CFY <aws> [cloud_init2_bnb4w1] Stopped node instance
2019-08-08 13:44:38.876  CFY <aws> [cloud_init_l5zpme] Validating node instance after deletion: nothing to do
2019-08-08 13:44:39.358  CFY <aws> [cloud_init_l5zpme.stop] Sending task 'cloudify_cloudinit.tasks.update'
2019-08-08 13:44:40.096  CFY <aws> [ami_0gqo33] Validating node instance after deletion: nothing to do
2019-08-08 13:44:40.289  CFY <aws> [nic1_4t4k64] Validating node instance after deletion: nothing to do
2019-08-08 13:44:40.885  CFY <aws> [nic1_4t4k64.stop] Sending task 'cloudify_aws.ec2.resources.eni.detach'
2019-08-08 13:44:41.049  CFY <aws> [cloud_initdb_gmge1b] Unlinking relationships
2019-08-08 13:44:41.564  CFY <aws> [ami_0gqo33] Stopped node instance: nothing to do
2019-08-08 13:44:41.817  CFY <aws> [nicdb_iczfig] Unlinking relationships
2019-08-08 13:44:43.047  CFY <aws> [cloud_init2_bnb4w1] Unlinking relationships
2019-08-08 13:44:43.180  CFY <aws> [nicdb_iczfig] Relationships unlinked
2019-08-08 13:44:43.240  CFY <aws> [nic2_6p71co.stop] Task succeeded 'cloudify_aws.ec2.resources.eni.detach'
2019-08-08 13:44:43.409  CFY <aws> [cloud_initdb_gmge1b] Relationships unlinked
2019-08-08 13:44:43.544  CFY <aws> [ami_0gqo33] Unlinking relationships
2019-08-08 13:44:43.646  CFY <aws> [nic2_6p71co] Stopped node instance
2019-08-08 13:44:43.812  CFY <aws> [cloud_init2_bnb4w1] Relationships unlinked
2019-08-08 13:44:44.724  CFY <aws> [nicdb_iczfig] Deleting node instance
2019-08-08 13:44:44.854  CFY <aws> [cloud_initdb_gmge1b] Deleting node instance
2019-08-08 13:44:45.082  CFY <aws> [nicdb_iczfig.delete] Sending task 'cloudify_aws.ec2.resources.eni.delete'
2019-08-08 13:44:45.539  CFY <aws> [cloud_init_l5zpme.stop] Task succeeded 'cloudify_cloudinit.tasks.update'
2019-08-08 13:44:45.626  CFY <aws> [ami_0gqo33] Relationships unlinked
2019-08-08 13:44:46.108  CFY <aws> [cloud_init2_bnb4w1] Deleting node instance
2019-08-08 13:44:46.535  CFY <aws> [cloud_initdb_gmge1b.delete] Sending task 'cloudify_cloudinit.tasks.update'
2019-08-08 13:44:47.675  CFY <aws> [cloud_init2_bnb4w1.delete] Sending task 'cloudify_cloudinit.tasks.update'
2019-08-08 13:44:48.655  CFY <aws> [nic1_4t4k64.stop] Task succeeded 'cloudify_aws.ec2.resources.eni.detach'
2019-08-08 13:44:48.905  CFY <aws> [ami_0gqo33] Deleting node instance: nothing to do
2019-08-08 13:44:49.120  CFY <aws> [cloud_init_l5zpme] Stopped node instance
2019-08-08 13:44:49.372  CFY <aws> [nic1_4t4k64] Stopped node instance
2019-08-08 13:44:49.636  CFY <aws> [nic2_6p71co] Unlinking relationships
2019-08-08 13:44:50.628  CFY <aws> [ami_0gqo33] Deleted node instance
2019-08-08 13:44:51.984  CFY <aws> [nic2_6p71co] Relationships unlinked
2019-08-08 13:44:52.190  CFY <aws> [cloud_init_l5zpme] Unlinking relationships
2019-08-08 13:44:52.364  CFY <aws> [nic1_4t4k64] Unlinking relationships
2019-08-08 13:44:53.290  CFY <aws> [nic2_6p71co] Deleting node instance
2019-08-08 13:44:53.396  CFY <aws> [cloud_initdb_gmge1b.delete] Task succeeded 'cloudify_cloudinit.tasks.update'
2019-08-08 13:44:53.502  CFY <aws> [cloud_init_l5zpme] Relationships unlinked
2019-08-08 13:44:53.742  CFY <aws> [nic1_4t4k64] Relationships unlinked
2019-08-08 13:44:53.847  CFY <aws> [nic2_6p71co.delete] Sending task 'cloudify_aws.ec2.resources.eni.delete'
2019-08-08 13:44:53.937  CFY <aws> [cloud_initdb_gmge1b] Deleted node instance
2019-08-08 13:44:54.835  CFY <aws> [cloud_init2_bnb4w1.delete] Task succeeded 'cloudify_cloudinit.tasks.update'
2019-08-08 13:44:55.047  CFY <aws> [nicdb_iczfig.delete] Task succeeded 'cloudify_aws.ec2.resources.eni.delete'
2019-08-08 13:44:55.585  CFY <aws> [nicdb_iczfig] Deleted node instance
2019-08-08 13:44:55.694  CFY <aws> [cloud_init2_bnb4w1] Deleted node instance
2019-08-08 13:44:56.434  CFY <aws> [nic1_4t4k64] Deleting node instance
2019-08-08 13:44:56.586  CFY <aws> [cloud_init_l5zpme] Deleting node instance
2019-08-08 13:44:56.792  CFY <aws> [nic1_4t4k64.delete] Sending task 'cloudify_aws.ec2.resources.eni.delete'
2019-08-08 13:44:58.387  CFY <aws> [cloud_init_l5zpme.delete] Sending task 'cloudify_cloudinit.tasks.update'
2019-08-08 13:45:01.324  CFY <aws> [nic2_6p71co.delete] Task succeeded 'cloudify_aws.ec2.resources.eni.delete'
2019-08-08 13:45:01.941  CFY <aws> [nic2_6p71co] Deleted node instance
2019-08-08 13:45:02.760  CFY <aws> [cloud_init_l5zpme.delete] Task succeeded 'cloudify_cloudinit.tasks.update'
2019-08-08 13:45:02.812  CFY <aws> [cloud_init_l5zpme] Deleted node instance
2019-08-08 13:45:03.775  CFY <aws> [nic1_4t4k64.delete] Task succeeded 'cloudify_aws.ec2.resources.eni.delete'
2019-08-08 13:45:03.985  CFY <aws> [nic1_4t4k64] Deleted node instance
2019-08-08 13:45:04.361  CFY <aws> [subnet_lxsbsm] Stopping node instance
2019-08-08 13:45:04.744  CFY <aws> [security_group_11h97m] Stopping node instance
2019-08-08 13:45:05.413  CFY <aws> [subnet_lxsbsm] Validating node instance after deletion: nothing to do
2019-08-08 13:45:05.664  CFY <aws> [security_group_11h97m] Validating node instance after deletion: nothing to do
2019-08-08 13:45:05.747  CFY <aws> [subnet_lxsbsm] Stopped node instance: nothing to do
2019-08-08 13:45:05.832  CFY <aws> [security_group_11h97m] Stopped node instance: nothing to do
2019-08-08 13:45:06.279  CFY <aws> [subnet_lxsbsm] Unlinking relationships
2019-08-08 13:45:06.341  CFY <aws> [security_group_11h97m] Unlinking relationships
2019-08-08 13:45:06.568  CFY <aws> [subnet_lxsbsm] Relationships unlinked
2019-08-08 13:45:06.810  CFY <aws> [subnet_lxsbsm] Deleting node instance
2019-08-08 13:45:06.920  CFY <aws> [security_group_11h97m] Relationships unlinked
2019-08-08 13:45:07.148  CFY <aws> [security_group_11h97m] Deleting node instance
2019-08-08 13:45:07.434  CFY <aws> [subnet_lxsbsm.delete] Sending task 'cloudify_aws.ec2.resources.subnet.delete'
2019-08-08 13:45:08.431  CFY <aws> [security_group_11h97m.delete] Sending task 'cloudify_aws.ec2.resources.securitygroup.delete'
2019-08-08 13:45:12.499  CFY <aws> [subnet_lxsbsm.delete] Task succeeded 'cloudify_aws.ec2.resources.subnet.delete'
2019-08-08 13:45:12.631  CFY <aws> [subnet_lxsbsm] Deleted node instance
2019-08-08 13:45:13.527  CFY <aws> [security_group_11h97m.delete] Task succeeded 'cloudify_aws.ec2.resources.securitygroup.delete'
2019-08-08 13:45:13.591  CFY <aws> [security_group_11h97m] Deleted node instance
2019-08-08 13:45:14.056  CFY <aws> [vpc_9skfts] Stopping node instance
2019-08-08 13:45:14.327  CFY <aws> [vpc_9skfts] Validating node instance after deletion: nothing to do
2019-08-08 13:45:14.415  CFY <aws> [vpc_9skfts] Stopped node instance: nothing to do
2019-08-08 13:45:14.722  CFY <aws> [vpc_9skfts] Unlinking relationships
2019-08-08 13:45:14.969  CFY <aws> [vpc_9skfts] Relationships unlinked
2019-08-08 13:45:15.418  CFY <aws> [vpc_9skfts] Deleting node instance
2019-08-08 13:45:15.754  CFY <aws> [vpc_9skfts.delete] Sending task 'cloudify_aws.ec2.resources.vpc.delete'
2019-08-08 13:45:20.199  CFY <aws> [vpc_9skfts.delete] Task succeeded 'cloudify_aws.ec2.resources.vpc.delete'
2019-08-08 13:45:20.495  CFY <aws> [vpc_9skfts] Deleted node instance
2019-08-08 13:45:20.750  CFY <aws> 'uninstall' workflow execution succeeded
Finished executing workflow uninstall on deployment aws
* Run 'cfy events list 1a658c0b-1b94-4709-bb77-212a52e13874' to retrieve the execution's events/logs
Trying to delete deployment aws...
Deployment deleted
Deleting blueprint cloudify-wordpress-blueprint-aws...
Blueprint deleted
