Executing workflow `uninstall` on deployment `gcp` [timeout=900 seconds]
2019-08-10 22:25:42.313  CFY <gcp> Starting 'uninstall' workflow execution
2019-08-10 22:25:43.623  CFY <gcp> [config-database_kzzaha->vm-database_chxbbz|unlink] Sending task 'cloudify_ansible.tasks.ansible_remove_host'
2019-08-10 22:25:44.746  CFY <gcp> [config-wordpress_52gruu->vm-app2_9uiysx|unlink] Sending task 'cloudify_ansible.tasks.ansible_remove_host'
2019-08-10 22:25:45.921  CFY <gcp> [config-wordpress_52gruu] Validating node instance after deletion: nothing to do
2019-08-10 22:25:46.173  CFY <gcp> [firewall_qj272a] Validating node instance after deletion: nothing to do
2019-08-10 22:25:46.582  CFY <gcp> [config-database_kzzaha] Validating node instance after deletion: nothing to do
2019-08-10 22:25:46.830  CFY <gcp> [config-wordpress_52gruu] Stop: instance already uninitialized
2019-08-10 22:25:47.070  CFY <gcp> [firewall_qj272a] Stop: instance already uninitialized
2019-08-10 22:25:47.224  CFY <gcp> [config-database_kzzaha] Stop: instance already uninitialized
2019-08-10 22:25:49.341  CFY <gcp> [config-database_kzzaha->vm-database_chxbbz|unlink] Task succeeded 'cloudify_ansible.tasks.ansible_remove_host'
2019-08-10 22:25:49.516  CFY <gcp> [config-wordpress_52gruu] Delete: instance already uninitialized
2019-08-10 22:25:49.689  CFY <gcp> [firewall_qj272a] Delete: instance already uninitialized
2019-08-10 22:25:49.799  CFY <gcp> [config-database_kzzaha] Delete: instance already uninitialized
2019-08-10 22:25:50.364  CFY <gcp> [config-wordpress_52gruu] Deleted node instance
2019-08-10 22:25:50.514  CFY <gcp> [firewall_qj272a] Deleted node instance
2019-08-10 22:25:51.102  CFY <gcp> [config-database_kzzaha] Deleted node instance
2019-08-10 22:25:51.187  CFY <gcp> [config-wordpress_52gruu->vm-app2_9uiysx|unlink] Task succeeded 'cloudify_ansible.tasks.ansible_remove_host'
2019-08-10 22:25:51.625  CFY <gcp> [config-wordpress_52gruu->vm-app1_f0juea|unlink] Sending task 'cloudify_ansible.tasks.ansible_remove_host'
2019-08-10 22:25:54.680  CFY <gcp> [config-wordpress_52gruu->vm-app1_f0juea|unlink] Task succeeded 'cloudify_ansible.tasks.ansible_remove_host'
2019-08-10 22:25:55.107  CFY <gcp> [vm-app1_f0juea] Validating node instance after deletion: nothing to do
2019-08-10 22:25:55.621  CFY <gcp> [vm-app2_9uiysx] Validating node instance after deletion: nothing to do
2019-08-10 22:25:55.770  CFY <gcp> [vm-app1_f0juea] Stop: instance already uninitialized
2019-08-10 22:25:55.829  CFY <gcp> [vm-app2_9uiysx] Stop: instance already uninitialized
2019-08-10 22:25:56.278  CFY <gcp> [vm-app1_f0juea] Delete: instance already uninitialized
2019-08-10 22:25:56.341  CFY <gcp> [vm-app2_9uiysx] Delete: instance already uninitialized
2019-08-10 22:25:56.433  CFY <gcp> [vm-app2_9uiysx] Deleted node instance
2019-08-10 22:25:56.846  CFY <gcp> [vm-app1_f0juea] Deleted node instance
2019-08-10 22:25:57.994  CFY <gcp> [vm-database_chxbbz] Validating node instance after deletion: nothing to do
2019-08-10 22:25:58.049  CFY <gcp> [vm-database_chxbbz] Stop: instance already uninitialized
2019-08-10 22:25:58.371  CFY <gcp> [vm-database_chxbbz] Delete: instance already uninitialized
2019-08-10 22:25:58.614  CFY <gcp> [vm-database_chxbbz] Deleted node instance
2019-08-10 22:25:58.996  CFY <gcp> [subnet_iwcc51] Validating node instance after deletion: nothing to do
2019-08-10 22:25:59.280  CFY <gcp> [subnet_iwcc51] Stop: instance already uninitialized
2019-08-10 22:25:59.569  CFY <gcp> [subnet_iwcc51] Delete: instance already uninitialized
2019-08-10 22:25:59.867  CFY <gcp> [subnet_iwcc51] Deleted node instance
2019-08-10 22:26:00.398  CFY <gcp> [network_u8wgky] Stopping node instance
2019-08-10 22:26:00.490  CFY <gcp> [network_u8wgky] Validating node instance after deletion: nothing to do
2019-08-10 22:26:00.612  CFY <gcp> [network_u8wgky] Stopped node instance: nothing to do
2019-08-10 22:26:01.002  CFY <gcp> [network_u8wgky] Unlinking relationships
2019-08-10 22:26:01.272  CFY <gcp> [network_u8wgky] Relationships unlinked
2019-08-10 22:26:01.515  CFY <gcp> [network_u8wgky] Deleting node instance
2019-08-10 22:26:01.861  CFY <gcp> [network_u8wgky.delete] Sending task 'cloudify_gcp.compute.network.delete'
2019-08-10 22:26:04.070  LOG <gcp> [network_u8wgky.delete] INFO: Delete network network-u8wgky
2019-08-10 22:26:06.278  LOG <gcp> [network_u8wgky.delete] ERROR: Error traceback Traceback (most recent call last):
  File "/opt/mgmtworker/env/plugins/default_tenant/cloudify-gcp-plugin-1.4.4/lib/python2.7/site-packages/cloudify_gcp/utils.py", line 262, in _decorator
    return func(*args, **kwargs)
  File "/opt/mgmtworker/env/plugins/default_tenant/cloudify-gcp-plugin-1.4.4/lib/python2.7/site-packages/cloudify_gcp/compute/network.py", line 215, in delete
    utils.delete_if_not_external(network)
  File "/opt/mgmtworker/env/plugins/default_tenant/cloudify-gcp-plugin-1.4.4/lib/python2.7/site-packages/cloudify_gcp/utils.py", line 175, in delete_if_not_external
    return resource.delete()
  File "/opt/mgmtworker/env/plugins/default_tenant/cloudify-gcp-plugin-1.4.4/lib/python2.7/site-packages/cloudify_gcp/utils.py", line 233, in wrapper
    response = func(self, *args, **kwargs)
  File "/opt/mgmtworker/env/plugins/default_tenant/cloudify-gcp-plugin-1.4.4/lib/python2.7/site-packages/cloudify_gcp/gcp.py", line 34, in _decorator
    response = func(self, *args, **kwargs)
  File "/opt/mgmtworker/env/plugins/default_tenant/cloudify-gcp-plugin-1.4.4/lib/python2.7/site-packages/cloudify_gcp/compute/network.py", line 80, in delete
    network=self.name).execute()
  File "/opt/mgmtworker/env/plugins/default_tenant/cloudify-gcp-plugin-1.4.4/lib/python2.7/site-packages/oauth2client/util.py", line 137, in positional_wrapper
    return wrapped(*args, **kwargs)
  File "/opt/mgmtworker/env/plugins/default_tenant/cloudify-gcp-plugin-1.4.4/lib/python2.7/site-packages/googleapiclient/http.py", line 832, in execute
    raise HttpError(resp, content, uri=self.uri)
HttpError: <HttpError 404 when requesting https://www.googleapis.com/compute/v1/projects/node2faas-248113/global/networks/network-u8wgky?alt=json returned "The resource 'projects/node2faas-248113/global/networks/network-u8wgky' was not found">
 with message <HttpError 404 when requesting https://www.googleapis.com/compute/v1/projects/node2faas-248113/global/networks/network-u8wgky?alt=json returned "The resource 'projects/node2faas-248113/global/networks/network-u8wgky' was not found">
2019-08-10 22:26:06.278  LOG <gcp> [network_u8wgky.delete] ERROR: Error Message 
2019-08-10 22:26:06.821  CFY <gcp> [network_u8wgky.delete] Task failed 'cloudify_gcp.compute.network.delete'
Traceback (most recent call last):
  File "/opt/mgmtworker/env/lib/python2.7/site-packages/cloudify/dispatch.py", line 813, in main
    payload = handler.handle()
  File "/opt/mgmtworker/env/lib/python2.7/site-packages/cloudify/dispatch.py", line 461, in handle
    result = self._run_operation_func(ctx, kwargs)
  File "/opt/mgmtworker/env/lib/python2.7/site-packages/cloudify/dispatch.py", line 519, in _run_operation_func
    return self.func(*self.args, **kwargs)
  File "/opt/mgmtworker/env/plugins/default_tenant/cloudify-gcp-plugin-1.4.4/lib/python2.7/site-packages/cloudify_gcp/utils.py", line 277, in _decorator
    raise NonRecoverableError(error.message)
NonRecoverableError

2019-08-10 22:26:06.845  CFY <gcp> [network_u8wgky] Deleted node instance
2019-08-10 22:26:07.427  CFY <gcp> 'uninstall' workflow execution succeeded
Finished executing workflow uninstall on deployment gcp
* Run 'cfy events list 5df917ca-28a7-4e84-b366-42120520690a' to retrieve the execution's events/logs
Trying to delete deployment gcp...
Deployment deleted
Deleting blueprint cloudify-wordpress-blueprint-gcp...
Blueprint deleted
