Uploading blueprint cloudify/gcp.yaml...
 gcp.yaml |############################################################| 100.0%
Blueprint uploaded. The blueprint's id is cloudify-wordpress-blueprint-gcp
Creating new deployment from blueprint cloudify-wordpress-blueprint-gcp...
Deployment created. The deployment's id is gcp
Executing workflow `install` on deployment `gcp` [timeout=900 seconds]
Deployment environment creation is pending...
2019-08-08 08:13:45.721  CFY <gcp> Starting 'create_deployment_environment' workflow execution
2019-08-08 08:13:45.725  CFY <gcp> Installing deployment and workflow plugins
2019-08-08 08:13:45.826  CFY <gcp> Sending task 'cloudify_agent.operations.install_plugins'
2019-08-08 08:13:45.840  CFY <gcp> Task started 'cloudify_agent.operations.install_plugins'
2019-08-08 08:13:46.250  LOG <gcp> INFO: Installing plugin: gcp_plugin
2019-08-08 08:13:47.133  LOG <gcp> INFO: Using existing installation of managed plugin: e0a99ba4-54d6-4741-a773-4ec378dc8634 [package_name: cloudify-gcp-plugin, package_version: 1.4.4, supported_platform: linux_x86_64, distribution: centos, distribution_release: core]
2019-08-08 08:13:47.133  LOG <gcp> INFO: Installing plugin: ansible
2019-08-08 08:13:48.198  LOG <gcp> INFO: Using existing installation of managed plugin: 7142c593-6e52-429a-8a71-55266c022e02 [package_name: cloudify-ansible-plugin, package_version: 2.4.0, supported_platform: linux_x86_64, distribution: centos, distribution_release: core]
2019-08-08 08:13:48.198  LOG <gcp> INFO: Installing plugin: suspend
2019-08-08 08:13:49.286  LOG <gcp> INFO: Using existing installation of managed plugin: 62c3cd35-5a18-49fd-a670-48f9ad207b05 [package_name: cloudify-utilities-plugin, package_version: 1.14.0, supported_platform: linux_x86_64, distribution: centos, distribution_release: core]
2019-08-08 08:13:49.287  LOG <gcp> INFO: Installing plugin: configuration
2019-08-08 08:13:50.147  LOG <gcp> INFO: Using existing installation of managed plugin: 62c3cd35-5a18-49fd-a670-48f9ad207b05 [package_name: cloudify-utilities-plugin, package_version: 1.14.0, supported_platform: linux_x86_64, distribution: centos, distribution_release: core]
2019-08-08 08:13:50.148  LOG <gcp> INFO: Installing plugin: scalelist
2019-08-08 08:13:51.146  LOG <gcp> INFO: Using existing installation of managed plugin: 62c3cd35-5a18-49fd-a670-48f9ad207b05 [package_name: cloudify-utilities-plugin, package_version: 1.14.0, supported_platform: linux_x86_64, distribution: centos, distribution_release: core]
2019-08-08 08:13:51.147  CFY <gcp> Task succeeded 'cloudify_agent.operations.install_plugins'
2019-08-08 08:13:51.205  CFY <gcp> Creating deployment work directory
2019-08-08 08:13:51.731  CFY <gcp> 'create_deployment_environment' workflow execution succeeded
2019-08-08 08:13:56.918  CFY <gcp> Starting 'install' workflow execution
2019-08-08 08:13:58.753  CFY <gcp> [network_xispf2] Validating node instance before creation: nothing to do
2019-08-08 08:13:58.940  CFY <gcp> [network_xispf2] Precreating node instance: nothing to do
2019-08-08 08:13:59.261  CFY <gcp> [network_xispf2] Creating node instance
2019-08-08 08:13:59.549  CFY <gcp> [network_xispf2.create] Sending task 'cloudify_gcp.compute.network.create'
2019-08-08 08:14:01.959  LOG <gcp> [network_xispf2.create] INFO: Create network network-xispf2
2019-08-08 08:14:04.402  CFY <gcp> [network_xispf2.create] Task rescheduled 'cloudify_gcp.compute.network.create' -> Operation started
Traceback (most recent call last):
  File "/opt/mgmtworker/env/lib/python2.7/site-packages/cloudify/dispatch.py", line 813, in main
    payload = handler.handle()
  File "/opt/mgmtworker/env/lib/python2.7/site-packages/cloudify/dispatch.py", line 464, in handle
    raise ctx.operation._operation_retry
OperationRetry: Operation started

2019-08-08 08:14:19.463  CFY <gcp> [network_xispf2.create] Sending task 'cloudify_gcp.compute.network.create' [retry 1/60]
2019-08-08 08:14:23.215  LOG <gcp> [network_xispf2.create] INFO: Get network network-xispf2 details
2019-08-08 08:14:24.732  CFY <gcp> [network_xispf2.create] Task succeeded 'cloudify_gcp.compute.network.create' [retry 1/60]
2019-08-08 08:14:24.786  CFY <gcp> [network_xispf2] Node instance created
2019-08-08 08:14:25.073  CFY <gcp> [network_xispf2] Configuring node instance: nothing to do
2019-08-08 08:14:25.194  CFY <gcp> [network_xispf2] Starting node instance: nothing to do
2019-08-08 08:14:25.385  CFY <gcp> [network_xispf2] Poststarting node instance: nothing to do
2019-08-08 08:14:25.736  CFY <gcp> [network_xispf2] Node instance started
2019-08-08 08:14:26.485  CFY <gcp> [firewall_l7gyu4] Validating node instance before creation: nothing to do
2019-08-08 08:14:26.592  CFY <gcp> [subnet_b7fveq] Validating node instance before creation
2019-08-08 08:14:26.710  CFY <gcp> [firewall_l7gyu4] Precreating node instance: nothing to do
2019-08-08 08:14:26.894  CFY <gcp> [subnet_b7fveq.create] Sending task 'cloudify_gcp.compute.subnetwork.creation_validation'
2019-08-08 08:14:27.826  CFY <gcp> [firewall_l7gyu4] Creating node instance
2019-08-08 08:14:28.408  CFY <gcp> [firewall_l7gyu4.create] Sending task 'cloudify_gcp.compute.firewall.create'
2019-08-08 08:14:30.549  CFY <gcp> [subnet_b7fveq.create] Task succeeded 'cloudify_gcp.compute.subnetwork.creation_validation'
2019-08-08 08:14:30.645  CFY <gcp> [subnet_b7fveq] Node instance validated before creation
2019-08-08 08:14:30.839  CFY <gcp> [subnet_b7fveq] Precreating node instance: nothing to do
2019-08-08 08:14:31.391  CFY <gcp> [subnet_b7fveq] Creating node instance
2019-08-08 08:14:31.423  LOG <gcp> [firewall_l7gyu4.create] INFO: Create firewall rule firewall-l7gyu4 in network https://www.googleapis.com/compute/v1/projects/node2faas-248113/global/networks/network-xispf2
2019-08-08 08:14:31.678  CFY <gcp> [subnet_b7fveq.create] Sending task 'cloudify_gcp.compute.subnetwork.create'
2019-08-08 08:14:33.725  LOG <gcp> [subnet_b7fveq.create] INFO: Create subnetwork subnet-b7fveq
2019-08-08 08:14:34.754  CFY <gcp> [firewall_l7gyu4.create] Task succeeded 'cloudify_gcp.compute.firewall.create'
2019-08-08 08:14:35.024  CFY <gcp> [firewall_l7gyu4] Node instance created
2019-08-08 08:14:35.148  CFY <gcp> [firewall_l7gyu4] Configuring node instance: nothing to do
2019-08-08 08:14:35.229  CFY <gcp> [firewall_l7gyu4] Starting node instance: nothing to do
2019-08-08 08:14:35.354  CFY <gcp> [firewall_l7gyu4] Poststarting node instance: nothing to do
2019-08-08 08:14:35.782  CFY <gcp> [firewall_l7gyu4] Node instance started
2019-08-08 08:14:36.681  CFY <gcp> [subnet_b7fveq.create] Task rescheduled 'cloudify_gcp.compute.subnetwork.create' -> Operation started
Traceback (most recent call last):
  File "/opt/mgmtworker/env/lib/python2.7/site-packages/cloudify/dispatch.py", line 813, in main
    payload = handler.handle()
  File "/opt/mgmtworker/env/lib/python2.7/site-packages/cloudify/dispatch.py", line 464, in handle
    raise ctx.operation._operation_retry
OperationRetry: Operation started

2019-08-08 08:14:51.771  CFY <gcp> [subnet_b7fveq.create] Sending task 'cloudify_gcp.compute.subnetwork.create' [retry 1/60]
2019-08-08 08:14:55.261  LOG <gcp> [subnet_b7fveq.create] INFO: Get subnetwork subnet-b7fveq details
2019-08-08 08:14:57.075  CFY <gcp> [subnet_b7fveq.create] Task succeeded 'cloudify_gcp.compute.subnetwork.create' [retry 1/60]
2019-08-08 08:14:57.173  CFY <gcp> [subnet_b7fveq] Node instance created
2019-08-08 08:14:57.434  CFY <gcp> [subnet_b7fveq] Configuring node instance: nothing to do
2019-08-08 08:14:57.539  CFY <gcp> [subnet_b7fveq] Starting node instance: nothing to do
2019-08-08 08:14:57.656  CFY <gcp> [subnet_b7fveq] Poststarting node instance: nothing to do
2019-08-08 08:14:57.748  CFY <gcp> [subnet_b7fveq] Node instance started
2019-08-08 08:14:58.728  CFY <gcp> [vm-database_k7mun3] Validating node instance before creation: nothing to do
2019-08-08 08:14:58.804  CFY <gcp> [vm-database_k7mun3] Precreating node instance: nothing to do
2019-08-08 08:14:59.097  CFY <gcp> [vm-database_k7mun3] Creating node instance
2019-08-08 08:14:59.274  CFY <gcp> [vm-database_k7mun3.create] Sending task 'script_runner.tasks.run'
2019-08-08 08:15:01.100  LOG <gcp> [vm-database_k7mun3.create] INFO: Downloaded scripts/gcp/key.py to /tmp/R5KKO/key.py
2019-08-08 08:15:01.545  CFY <gcp> [vm-database_k7mun3.create] Task succeeded 'script_runner.tasks.run'
2019-08-08 08:15:01.656  CFY <gcp> [vm-database_k7mun3] Node instance created
2019-08-08 08:15:02.722  CFY <gcp> [vm-database_k7mun3] Configuring node instance
2019-08-08 08:15:02.847  CFY <gcp> [vm-database_k7mun3.configure] Sending task 'cloudify_gcp.compute.instance.create'
2019-08-08 08:15:04.912  LOG <gcp> [vm-database_k7mun3.configure] INFO: The script is 
2019-08-08 08:15:05.186  LOG <gcp> [vm-database_k7mun3.configure] INFO: Adding bucket to metadata
2019-08-08 08:15:05.187  LOG <gcp> [vm-database_k7mun3.configure] INFO: Adding sshKeys to metadata
2019-08-08 08:15:07.253  LOG <gcp> [vm-database_k7mun3.configure] ERROR: Error traceback Traceback (most recent call last):
  File "/opt/mgmtworker/env/plugins/default_tenant/cloudify-gcp-plugin-1.4.4/lib/python2.7/site-packages/cloudify_gcp/utils.py", line 262, in _decorator
    return func(*args, **kwargs)
  File "/opt/mgmtworker/env/plugins/default_tenant/cloudify-gcp-plugin-1.4.4/lib/python2.7/site-packages/cloudify_gcp/compute/instance.py", line 422, in create
    utils.create(instance)
  File "/opt/mgmtworker/env/plugins/default_tenant/cloudify-gcp-plugin-1.4.4/lib/python2.7/site-packages/cloudify_gcp/utils.py", line 163, in _decorator
    return func(resource, *args, **kwargs)
  File "/opt/mgmtworker/env/plugins/default_tenant/cloudify-gcp-plugin-1.4.4/lib/python2.7/site-packages/cloudify_gcp/utils.py", line 170, in create
    return resource.create()
  File "/opt/mgmtworker/env/plugins/default_tenant/cloudify-gcp-plugin-1.4.4/lib/python2.7/site-packages/cloudify_gcp/utils.py", line 233, in wrapper
    response = func(self, *args, **kwargs)
  File "/opt/mgmtworker/env/plugins/default_tenant/cloudify-gcp-plugin-1.4.4/lib/python2.7/site-packages/cloudify_gcp/gcp.py", line 34, in _decorator
    response = func(self, *args, **kwargs)
  File "/opt/mgmtworker/env/plugins/default_tenant/cloudify-gcp-plugin-1.4.4/lib/python2.7/site-packages/cloudify_gcp/compute/instance.py", line 117, in create
    body=self.to_dict()).execute()
  File "/opt/mgmtworker/env/plugins/default_tenant/cloudify-gcp-plugin-1.4.4/lib/python2.7/site-packages/oauth2client/util.py", line 137, in positional_wrapper
    return wrapped(*args, **kwargs)
  File "/opt/mgmtworker/env/plugins/default_tenant/cloudify-gcp-plugin-1.4.4/lib/python2.7/site-packages/googleapiclient/http.py", line 832, in execute
    raise HttpError(resp, content, uri=self.uri)
HttpError: <HttpError 400 when requesting https://www.googleapis.com/compute/v1/projects/node2faas-248113/zones/us-east4-a/instances?alt=json returned "Invalid value for field 'resource.networkInterfaces[0].subnetwork': 'https://www.googleapis.com/compute/v1/projects/node2faas-248113/regions/europe-west2/subnetworks/subnet-b7fveq'. Instance must be in the same region as the subnetwork.">
 with message <HttpError 400 when requesting https://www.googleapis.com/compute/v1/projects/node2faas-248113/zones/us-east4-a/instances?alt=json returned "Invalid value for field 'resource.networkInterfaces[0].subnetwork': 'https://www.googleapis.com/compute/v1/projects/node2faas-248113/regions/europe-west2/subnetworks/subnet-b7fveq'. Instance must be in the same region as the subnetwork.">
2019-08-08 08:15:07.253  LOG <gcp> [vm-database_k7mun3.configure] ERROR: Error Message 
2019-08-08 08:15:07.800  CFY <gcp> [vm-database_k7mun3.configure] Task failed 'cloudify_gcp.compute.instance.create'
Traceback (most recent call last):
  File "/opt/mgmtworker/env/lib/python2.7/site-packages/cloudify/dispatch.py", line 813, in main
    payload = handler.handle()
  File "/opt/mgmtworker/env/lib/python2.7/site-packages/cloudify/dispatch.py", line 461, in handle
    result = self._run_operation_func(ctx, kwargs)
  File "/opt/mgmtworker/env/lib/python2.7/site-packages/cloudify/dispatch.py", line 519, in _run_operation_func
    return self.func(*self.args, **kwargs)
  File "/opt/mgmtworker/env/plugins/default_tenant/cloudify-gcp-plugin-1.4.4/lib/python2.7/site-packages/cloudify_gcp/utils.py", line 277, in _decorator
    raise NonRecoverableError(error.message)
NonRecoverableError

2019-08-08 08:15:08.137  CFY <gcp> 'install' workflow execution failed: RuntimeError: Workflow failed: Task failed 'cloudify_gcp.compute.instance.create'
Execution of workflow install for deployment gcp failed. [error=Traceback (most recent call last):
  File "/opt/mgmtworker/env/lib/python2.7/site-packages/cloudify/dispatch.py", line 664, in _remote_workflow_child_thread
    workflow_result = self._execute_workflow_function()
  File "/opt/mgmtworker/env/lib/python2.7/site-packages/cloudify/dispatch.py", line 693, in _execute_workflow_function
    result = self.func(*self.args, **self.kwargs)
  File "/opt/mgmtworker/env/lib/python2.7/site-packages/cloudify/plugins/workflows.py", line 31, in install
    node_instances=set(ctx.node_instances))
  File "/opt/mgmtworker/env/lib/python2.7/site-packages/cloudify/plugins/lifecycle.py", line 29, in install_node_instances
    processor.install()
  File "/opt/mgmtworker/env/lib/python2.7/site-packages/cloudify/plugins/lifecycle.py", line 102, in install
    graph.execute()
  File "/opt/mgmtworker/env/lib/python2.7/site-packages/cloudify/workflows/tasks_graph.py", line 237, in execute
    raise self._error
RuntimeError: Workflow failed: Task failed 'cloudify_gcp.compute.instance.create'
]
* Run 'cfy events list 54ca0742-bc71-49f8-bd7b-a2b041a14491' to retrieve the execution's events/logs
'Executing workflow `uninstall` on deployment `gcp` [timeout=900 seconds] 2019-08-08 08:11:21.726 CFY <gcp> Starting 'uninstall' workflow execution 2019-08-08 08:11:22.607 CFY <gcp> [config-database_ufiv6x] Validating node instance after deletion: nothing to do 2019-08-08 08:11:22.723 CFY <gcp> [config-wordpress_32p5j4] Validating node instance after deletion: nothing to do 2019-08-08 08:11:22.826 CFY <gcp> [config-wordpress_32p5j4->vm-app2_3h1py4|unlink] Sending task 'cloudify_ansible.tasks.ansible_remove_host' 2019-08-08 08:11:23.962 CFY <gcp> [config-database_ufiv6x->vm-database_5z8gvk|unlink] Sending task 'cloudify_ansible.tasks.ansible_remove_host' 2019-08-08 08:11:25.571 CFY <gcp> [firewall_4ftf8g] Stopping node instance 2019-08-08 08:11:25.756 CFY <gcp> [config-database_ufiv6x] Stop: instance already uninitialized 2019-08-08 08:11:25.895 CFY <gcp> [config-wordpress_32p5j4] Stop: instance already uninitialized 2019-08-08 08:11:26.085 CFY <gcp> [firewall_4ftf8g] Validating node instance after deletion: nothing to do 2019-08-08 08:11:27.058 CFY <gcp> [firewall_4ftf8g] Stopped node instance: nothing to do 2019-08-08 08:11:27.199 CFY <gcp> [config-database_ufiv6x] Delete: instance already uninitialized 2019-08-08 08:11:27.316 CFY <gcp> [config-wordpress_32p5j4->vm-app2_3h1py4|unlink] Task succeeded 'cloudify_ansible.tasks.ansible_remove_host' 2019-08-08 08:11:27.327 CFY <gcp> [config-wordpress_32p5j4] Delete: instance already uninitialized 2019-08-08 08:11:27.648 CFY <gcp> [config-wordpress_32p5j4->vm-app1_ao4hl5|unlink] Sending task 'cloudify_ansible.tasks.ansible_remove_host' 2019-08-08 08:11:28.436 CFY <gcp> [config-database_ufiv6x] Deleted node instance 2019-08-08 08:11:28.886 CFY <gcp> [firewall_4ftf8g] Unlinking relationships 2019-08-08 08:11:29.374 CFY <gcp> [config-database_ufiv6x->vm-database_5z8gvk|unlink] Task succeeded 'cloudify_ansible.tasks.ansible_remove_host' 2019-08-08 08:11:29.537 CFY <gcp> [config-wordpress_32p5j4] Deleted node instance 2019-08-08 08:11:29.680 CFY <gcp> [firewall_4ftf8g] Relationships unlinked 2019-08-08 08:11:30.145 CFY <gcp> [firewall_4ftf8g] Deleting node instance 2019-08-08 08:11:30.397 CFY <gcp> [firewall_4ftf8g.delete] Sending task 'cloudify_gcp.compute.firewall.delete' 2019-08-08 08:11:31.215 CFY <gcp> [config-wordpress_32p5j4->vm-app1_ao4hl5|unlink] Task succeeded 'cloudify_ansible.tasks.ansible_remove_host' 2019-08-08 08:11:32.116 CFY <gcp> [vm-app2_3h1py4] Validating node instance after deletion: nothing to do 2019-08-08 08:11:32.388 CFY <gcp> [vm-app1_ao4hl5] Validating node instance after deletion: nothing to do 2019-08-08 08:11:32.471 CFY <gcp> [vm-app2_3h1py4] Stop: instance already uninitialized 2019-08-08 08:11:32.584 CFY <gcp> [vm-app1_ao4hl5] Stop: instance already uninitialized 2019-08-08 08:11:33.212 CFY <gcp> [vm-app2_3h1py4] Delete: instance already uninitialized 2019-08-08 08:11:33.292 CFY <gcp> [vm-app2_3h1py4] Deleted node instance 2019-08-08 08:11:33.766 CFY <gcp> [vm-app1_ao4hl5] Delete: instance already uninitialized 2019-08-08 08:11:33.887 LOG <gcp> [firewall_4ftf8g.delete] INFO: Delete firewall rule firewall-4ftf8g from network https://www.googleapis.com/compute/v1/projects/node2faas-248113/global/networks/network-u9zvtl 2019-08-08 08:11:34.442 CFY <gcp> [vm-app1_ao4hl5] Deleted node instance 2019-08-08 08:11:34.690 CFY <gcp> [vm-database_5z8gvk] Stopping node instance 2019-08-08 08:11:35.186 CFY <gcp> [vm-database_5z8gvk] Validating node instance after deletion: nothing to do 2019-08-08 08:11:35.516 CFY <gcp> [vm-database_5z8gvk] Stopped node instance: nothing to do 2019-08-08 08:11:35.818 CFY <gcp> [vm-database_5z8gvk] Unlinking relationships 2019-08-08 08:11:36.053 CFY <gcp> [vm-database_5z8gvk] Relationships unlinked 2019-08-08 08:11:36.348 CFY <gcp> [vm-database_5z8gvk] Deleting node instance 2019-08-08 08:11:36.637 CFY <gcp> [vm-database_5z8gvk.delete] Sending task 'cloudify_gcp.compute.instance.delete' 2019-08-08 08:11:36.908 CFY <gcp> [firewall_4ftf8g.delete] Task succeeded 'cloudify_gcp.compute.firewall.delete' 2019-08-08 08:11:37.849 CFY <gcp> [firewall_4ftf8g] Deleted node instance 2019-08-08 08:11:39.206 LOG <gcp> [vm-database_5z8gvk.delete] INFO: Delete instance wordpressdatabase 2019-08-08 08:11:45.707 LOG <gcp> [vm-database_5z8gvk.delete] ERROR: Error traceback Traceback (most recent call last): File "/opt/mgmtworker/env/plugins/default_tenant/cloudify-gcp-plugin-1.4.4/lib/python2.7/site-packages/cloudify_gcp/utils.py", line 262, in _decorator return func(*args, **kwargs) File "/opt/mgmtworker/env/plugins/default_tenant/cloudify-gcp-plugin-1.4.4/lib/python2.7/site-packages/cloudify_gcp/compute/instance.py", line 457, in delete utils.delete_if_not_external(instance) File "/opt/mgmtworker/env/plugins/default_tenant/cloudify-gcp-plugin-1.4.4/lib/python2.7/site-packages/cloudify_gcp/utils.py", line 175, in delete_if_not_external return resource.delete() File "/opt/mgmtworker/env/plugins/default_tenant/cloudify-gcp-plugin-1.4.4/lib/python2.7/site-packages/cloudify_gcp/utils.py", line 233, in wrapper response = func(self, *args, **kwargs) File "/opt/mgmtworker/env/plugins/default_tenant/cloudify-gcp-plugin-1.4.4/lib/python2.7/site-packages/cloudify_gcp/gcp.py", line 34, in _decorator response = func(self, *args, **kwargs) File "/opt/mgmtworker/env/plugins/default_tenant/cloudify-gcp-plugin-1.4.4/lib/python2.7/site-packages/cloudify_gcp/compute/instance.py", line 133, in delete instance=self.name).execute() File "/opt/mgmtworker/env/plugins/default_tenant/cloudify-gcp-plugin-1.4.4/lib/python2.7/site-packages/oauth2client/util.py", line 137, in positional_wrapper return wrapped(*args, **kwargs) File "/opt/mgmtworker/env/plugins/default_tenant/cloudify-gcp-plugin-1.4.4/lib/python2.7/site-packages/googleapiclient/http.py", line 832, in execute raise HttpError(resp, content, uri=self.uri) HttpError: <HttpError 404 when requesting https://www.googleapis.com/compute/v1/projects/node2faas-248113/zones/us-east4-a/instances/wordpressdatabase?alt=json returned "The resource 'projects/node2faas-248113/zones/us-east4-a/instances/wordpressdatabase' was not found"> with message <HttpError 404 when requesting https://www.googleapis.com/compute/v1/projects/node2faas-248113/zones/us-east4-a/instances/wordpressdatabase?alt=json returned "The resource 'projects/node2faas-248113/zones/us-east4-a/instances/wordpressdatabase' was not found"> 2019-08-08 08:11:45.707 LOG <gcp> [vm-database_5z8gvk.delete] ERROR: Error Message 2019-08-08 08:11:46.221 CFY <gcp> [vm-database_5z8gvk.delete] Task failed 'cloudify_gcp.compute.instance.delete' Traceback (most recent call last): File "/opt/mgmtworker/env/lib/python2.7/site-packages/cloudify/dispatch.py", line 813, in main payload = handler.handle() File "/opt/mgmtworker/env/lib/python2.7/site-packages/cloudify/dispatch.py", line 461, in handle result = self._run_operation_func(ctx, kwargs) File "/opt/mgmtworker/env/lib/python2.7/site-packages/cloudify/dispatch.py", line 519, in _run_operation_func return self.func(*self.args, **kwargs) File "/opt/mgmtworker/env/plugins/default_tenant/cloudify-gcp-plugin-1.4.4/lib/python2.7/site-packages/cloudify_gcp/utils.py", line 277, in _decorator raise NonRecoverableError(error.message) NonRecoverableError 2019-08-08 08:11:46.243 CFY <gcp> [vm-database_5z8gvk] Deleted node instance 2019-08-08 08:11:46.723 CFY <gcp> [subnet_u9c4wn] Stopping node instance 2019-08-08 08:11:47.058 CFY <gcp> [subnet_u9c4wn] Validating node instance after deletion: nothing to do 2019-08-08 08:11:47.271 CFY <gcp> [subnet_u9c4wn] Stopped node instance: nothing to do 2019-08-08 08:11:47.551 CFY <gcp> [subnet_u9c4wn] Unlinking relationships 2019-08-08 08:11:47.824 CFY <gcp> [subnet_u9c4wn] Relationships unlinked 2019-08-08 08:11:47.926 CFY <gcp> [subnet_u9c4wn] Deleting node instance 2019-08-08 08:11:48.582 CFY <gcp> [subnet_u9c4wn.delete] Sending task 'cloudify_gcp.compute.subnetwork.delete' 2019-08-08 08:11:50.487 LOG <gcp> [subnet_u9c4wn.delete] INFO: Delete subnetwork subnet-u9c4wn 2019-08-08 08:11:52.874 CFY <gcp> [subnet_u9c4wn.delete] Task rescheduled 'cloudify_gcp.compute.subnetwork.delete' -> Operation started Traceback (most recent call last): File "/opt/mgmtworker/env/lib/python2.7/site-packages/cloudify/dispatch.py", line 813, in main payload = handler.handle() File "/opt/mgmtworker/env/lib/python2.7/site-packages/cloudify/dispatch.py", line 464, in handle raise ctx.operation._operation_retry OperationRetry: Operation started 2019-08-08 08:12:08.024 CFY <gcp> [subnet_u9c4wn.delete] Sending task 'cloudify_gcp.compute.subnetwork.delete' [retry 1/60] 2019-08-08 08:12:11.880 CFY <gcp> [subnet_u9c4wn.delete] Task succeeded 'cloudify_gcp.compute.subnetwork.delete' [retry 1/60] 2019-08-08 08:12:12.120 CFY <gcp> [subnet_u9c4wn] Deleted node instance 2019-08-08 08:12:12.293 CFY <gcp> [network_u9zvtl] Stopping node instance 2019-08-08 08:12:12.681 CFY <gcp> [network_u9zvtl] Validating node instance after deletion: nothing to do 2019-08-08 08:12:12.867 CFY <gcp> [network_u9zvtl] Stopped node instance: nothing to do 2019-08-08 08:12:13.151 CFY <gcp> [network_u9zvtl] Unlinking relationships 2019-08-08 08:12:13.433 CFY <gcp> [network_u9zvtl] Relationships unlinked 2019-08-08 08:12:13.684 CFY <gcp> [network_u9zvtl] Deleting node instance 2019-08-08 08:12:13.877 CFY <gcp> [network_u9zvtl.delete] Sending task 'cloudify_gcp.compute.network.delete' 2019-08-08 08:12:15.939 LOG <gcp> [network_u9zvtl.delete] INFO: Delete network network-u9zvtl 2019-08-08 08:12:18.211 CFY <gcp> [network_u9zvtl.delete] Task rescheduled 'cloudify_gcp.compute.network.delete' -> Operation started Traceback (most recent call last): File "/opt/mgmtworker/env/lib/python2.7/site-packages/cloudify/dispatch.py", line 813, in main payload = handler.handle() File "/opt/mgmtworker/env/lib/python2.7/site-packages/cloudify/dispatch.py", line 464, in handle raise ctx.operation._operation_retry OperationRetry: Operation started 2019-08-08 08:12:33.318 CFY <gcp> [network_u9zvtl.delete] Sending task 'cloudify_gcp.compute.network.delete' [retry 1/60] 2019-08-08 08:12:36.927 CFY <gcp> [network_u9zvtl.delete] Task rescheduled 'cloudify_gcp.compute.network.delete' -> Operation not completed yet: RUNNING [retry_after=30] [retry 1/60] Traceback (most recent call last): File "/opt/mgmtworker/env/lib/python2.7/site-packages/cloudify/dispatch.py", line 813, in main payload = handler.handle() File "/opt/mgmtworker/env/lib/python2.7/site-packages/cloudify/dispatch.py", line 464, in handle raise ctx.operation._operation_retry OperationRetry: Operation not completed yet: RUNNING [retry_after=30] 2019-08-08 08:13:07.079 CFY <gcp> [network_u9zvtl.delete] Sending task 'cloudify_gcp.compute.network.delete' [retry 2/60] 2019-08-08 08:13:11.144 CFY <gcp> [network_u9zvtl.delete] Task succeeded 'cloudify_gcp.compute.network.delete' [retry 2/60] 2019-08-08 08:13:11.231 CFY <gcp> [network_u9zvtl] Deleted node instance 2019-08-08 08:13:11.815 CFY <gcp> 'uninstall' workflow execution succeeded Finished executing workflow uninstall on deployment gcp cloudify common logs monitors play_test.sh README.md reset_test.sh results stop_test.sh temp_count temp_cpu_amount temp_io_amount temp_mem_amount temp_mem_initial temp_mem_total temp_monitor_pid temp_net_amount terraform Run 'cfy events list f4aaa95b-1fa1-4304-b107-0699856e0117' to retrieve the execution's events/logs Trying to delete deployment gcp... Deployment deleted Deleting blueprint cloudify-wordpress-blueprint-gcp... Blueprint deleted Trying to delete deployment gcp... An error occurred on the server: 404: Requested `Deployment` with ID `gcp` was not found Deleting blueprint cloudify-wordpress-blueprint-gcp... An error occurred on the server: 404: Requested `Blueprint` with ID `cloudify-wordpress-blueprint-gcp` was not found'
