[0m[1mdata.template_file.config_database: Refreshing state...[0m
[0m[1maws_key_pair.wordpress: Refreshing state... [id=wordpress][0m
[0m[1mdata.aws_ami.ubuntu: Refreshing state...[0m
[0m[1maws_vpc.default: Refreshing state... [id=vpc-0b243ac9d5e085510][0m
[0m[1maws_subnet.default: Refreshing state... [id=subnet-0e7ceb0c02a80fb8c][0m
[0m[1maws_internet_gateway.internet_gateway: Refreshing state... [id=igw-0e135058d9ead841a][0m
[0m[1maws_security_group.wordpress-security-group: Refreshing state... [id=sg-030ad633466a4ad7b][0m
[0m[1maws_route_table.internet_route: Refreshing state... [id=rtb-0c3ddb21b271035aa][0m
[0m[1maws_network_interface.wordpress-1-network_interface: Refreshing state... [id=eni-0538c2738b91ef857][0m
[0m[1maws_network_interface.wordpress-database-network_interface: Refreshing state... [id=eni-03860f940bae63c8e][0m
[0m[1maws_network_interface.wordpress-2-network_interface: Refreshing state... [id=eni-015a83471c3d4d903][0m
[0m[1maws_main_route_table_association.a: Refreshing state... [id=rtbassoc-0570428d505930e71][0m
[0m[1maws_instance.wordpress-database: Refreshing state... [id=i-0b2247435b7f3ce20][0m
[0m[1mdata.template_file.config: Refreshing state...[0m
[0m[1maws_instance.wordpress-app2: Refreshing state... [id=i-0e93c103611152286][0m
[0m[1maws_instance.wordpress-app1: Refreshing state... [id=i-0a7f1670a5c1b5dfd][0m
[0m[1maws_key_pair.wordpress: Destroying... [id=wordpress][0m[0m
[0m[1maws_main_route_table_association.a: Destroying... [id=rtbassoc-0570428d505930e71][0m[0m
[0m[1maws_instance.wordpress-app2: Destroying... [id=i-0e93c103611152286][0m[0m
[0m[1maws_instance.wordpress-app1: Destroying... [id=i-0a7f1670a5c1b5dfd][0m[0m
[0m[1maws_key_pair.wordpress: Destruction complete after 0s[0m[0m
[0m[1maws_main_route_table_association.a: Destruction complete after 0s[0m[0m
[0m[1maws_route_table.internet_route: Destroying... [id=rtb-0c3ddb21b271035aa][0m[0m
[0m[1maws_route_table.internet_route: Destruction complete after 3s[0m[0m
[0m[1maws_internet_gateway.internet_gateway: Destroying... [id=igw-0e135058d9ead841a][0m[0m
[0m[1maws_instance.wordpress-app2: Still destroying... [id=i-0e93c103611152286, 10s elapsed][0m[0m
[0m[1maws_instance.wordpress-app1: Still destroying... [id=i-0a7f1670a5c1b5dfd, 10s elapsed][0m[0m
[0m[1maws_internet_gateway.internet_gateway: Still destroying... [id=igw-0e135058d9ead841a, 10s elapsed][0m[0m
[0m[1maws_instance.wordpress-app2: Still destroying... [id=i-0e93c103611152286, 20s elapsed][0m[0m
[0m[1maws_instance.wordpress-app1: Still destroying... [id=i-0a7f1670a5c1b5dfd, 20s elapsed][0m[0m
[0m[1maws_internet_gateway.internet_gateway: Still destroying... [id=igw-0e135058d9ead841a, 20s elapsed][0m[0m
[0m[1maws_instance.wordpress-app2: Still destroying... [id=i-0e93c103611152286, 30s elapsed][0m[0m
[0m[1maws_instance.wordpress-app1: Still destroying... [id=i-0a7f1670a5c1b5dfd, 30s elapsed][0m[0m
[0m[1maws_instance.wordpress-app1: Destruction complete after 33s[0m[0m
[0m[1maws_instance.wordpress-app2: Destruction complete after 33s[0m[0m
[0m[1maws_network_interface.wordpress-2-network_interface: Destroying... [id=eni-015a83471c3d4d903][0m[0m
[0m[1maws_network_interface.wordpress-1-network_interface: Destroying... [id=eni-0538c2738b91ef857][0m[0m
[0m[1maws_instance.wordpress-database: Destroying... [id=i-0b2247435b7f3ce20][0m[0m
[0m[1maws_internet_gateway.internet_gateway: Still destroying... [id=igw-0e135058d9ead841a, 30s elapsed][0m[0m
[0m[1maws_network_interface.wordpress-2-network_interface: Destruction complete after 2s[0m[0m
[0m[1maws_network_interface.wordpress-1-network_interface: Destruction complete after 3s[0m[0m
[0m[1maws_instance.wordpress-database: Still destroying... [id=i-0b2247435b7f3ce20, 10s elapsed][0m[0m
[0m[1maws_internet_gateway.internet_gateway: Still destroying... [id=igw-0e135058d9ead841a, 40s elapsed][0m[0m
[0m[1maws_instance.wordpress-database: Still destroying... [id=i-0b2247435b7f3ce20, 20s elapsed][0m[0m
[0m[1maws_internet_gateway.internet_gateway: Still destroying... [id=igw-0e135058d9ead841a, 50s elapsed][0m[0m
[0m[1maws_internet_gateway.internet_gateway: Destruction complete after 57s[0m[0m
[0m[1maws_instance.wordpress-database: Still destroying... [id=i-0b2247435b7f3ce20, 30s elapsed][0m[0m
[0m[1maws_instance.wordpress-database: Destruction complete after 33s[0m[0m
[0m[1maws_network_interface.wordpress-database-network_interface: Destroying... [id=eni-03860f940bae63c8e][0m[0m
[0m[1maws_network_interface.wordpress-database-network_interface: Destruction complete after 2s[0m[0m
[0m[1maws_security_group.wordpress-security-group: Destroying... [id=sg-030ad633466a4ad7b][0m[0m
[0m[1maws_subnet.default: Destroying... [id=subnet-0e7ceb0c02a80fb8c][0m[0m
[0m[1maws_security_group.wordpress-security-group: Destruction complete after 2s[0m[0m
[0m[1maws_subnet.default: Destruction complete after 2s[0m[0m
[0m[1maws_vpc.default: Destroying... [id=vpc-0b243ac9d5e085510][0m[0m
[0m[1maws_vpc.default: Destruction complete after 1s[0m[0m
[0m[1m[32m
Destroy complete! Resources: 13 destroyed.[0m
