[0m[1mdata.template_file.config_database: Refreshing state...[0m
[0m[1mrandom_id.bp_suffix: Creating...[0m[0m
[0m[1mrandom_id.bp_suffix: Creation complete after 0s [id=1uA3aw][0m[0m
[0m[1mgoogle_compute_network.wordpress-network: Creating...[0m[0m
[0m[1mgoogle_compute_network.wordpress-network: Still creating... [10s elapsed][0m[0m
[0m[1mgoogle_compute_network.wordpress-network: Still creating... [20s elapsed][0m[0m
[0m[1mgoogle_compute_network.wordpress-network: Creation complete after 29s [id=wordpress-network][0m[0m
[0m[1mgoogle_compute_firewall.default-in: Creating...[0m[0m
[0m[1mgoogle_compute_firewall.default-out: Creating...[0m[0m
[0m[1mgoogle_compute_subnetwork.wordpress-subnetwork: Creating...[0m[0m
[0m[1mgoogle_compute_firewall.default-in: Still creating... [10s elapsed][0m[0m
[0m[1mgoogle_compute_subnetwork.wordpress-subnetwork: Still creating... [10s elapsed][0m[0m
[0m[1mgoogle_compute_firewall.default-out: Still creating... [10s elapsed][0m[0m
[0m[1mgoogle_compute_firewall.default-in: Creation complete after 17s [id=wordpress-app-in][0m[0m
[0m[1mgoogle_compute_firewall.default-out: Creation complete after 18s [id=wordpress-app-out][0m[0m
[0m[1mgoogle_compute_subnetwork.wordpress-subnetwork: Still creating... [20s elapsed][0m[0m
[0m[1mgoogle_compute_subnetwork.wordpress-subnetwork: Creation complete after 28s [id=us-east4/wordpress-subnetwork][0m[0m
[0m[1mgoogle_compute_instance.wordpress-database: Creating...[0m[0m
[31m
[1m[31mError: [0m[0m[1mError creating instance: googleapi: Error 400: Invalid value for field 'resource.networkInterfaces[0].subnetwork': 'projects/node2faas-248113/regions/us-east4/subnetworks/wordpress-subnetwork'. Instance must be in the same region as the subnetwork., invalid[0m

[0m  on wordpress.tf line 118, in resource "google_compute_instance" "wordpress-database":
 118: resource "google_compute_instance" "wordpress-database" [4m{[0m
[0m
[0m[0m
