Uploading blueprint cloudify/gcp.yaml...
 gcp.yaml |############################################################| 100.0%
Blueprint uploaded. The blueprint's id is cloudify-wordpress-blueprint-gcp
Creating new deployment from blueprint cloudify-wordpress-blueprint-gcp...
Deployment created. The deployment's id is gcp
Executing workflow `install` on deployment `gcp` [timeout=900 seconds]
Deployment environment creation is pending...
2019-08-10 17:19:12.035  CFY <gcp> Starting 'create_deployment_environment' workflow execution
2019-08-10 17:19:12.042  CFY <gcp> Installing deployment and workflow plugins
2019-08-10 17:19:12.141  CFY <gcp> Sending task 'cloudify_agent.operations.install_plugins'
2019-08-10 17:19:12.161  CFY <gcp> Task started 'cloudify_agent.operations.install_plugins'
2019-08-10 17:19:12.482  LOG <gcp> INFO: Installing plugin: gcp_plugin
2019-08-10 17:19:13.361  LOG <gcp> INFO: Using existing installation of managed plugin: e0a99ba4-54d6-4741-a773-4ec378dc8634 [package_name: cloudify-gcp-plugin, package_version: 1.4.4, supported_platform: linux_x86_64, distribution: centos, distribution_release: core]
2019-08-10 17:19:13.361  LOG <gcp> INFO: Installing plugin: ansible
2019-08-10 17:19:14.605  LOG <gcp> INFO: Using existing installation of managed plugin: 7142c593-6e52-429a-8a71-55266c022e02 [package_name: cloudify-ansible-plugin, package_version: 2.4.0, supported_platform: linux_x86_64, distribution: centos, distribution_release: core]
2019-08-10 17:19:14.606  LOG <gcp> INFO: Installing plugin: suspend
2019-08-10 17:19:15.629  LOG <gcp> INFO: Using existing installation of managed plugin: 62c3cd35-5a18-49fd-a670-48f9ad207b05 [package_name: cloudify-utilities-plugin, package_version: 1.14.0, supported_platform: linux_x86_64, distribution: centos, distribution_release: core]
2019-08-10 17:19:15.630  LOG <gcp> INFO: Installing plugin: scalelist
2019-08-10 17:19:16.455  LOG <gcp> INFO: Using existing installation of managed plugin: 62c3cd35-5a18-49fd-a670-48f9ad207b05 [package_name: cloudify-utilities-plugin, package_version: 1.14.0, supported_platform: linux_x86_64, distribution: centos, distribution_release: core]
2019-08-10 17:19:16.455  LOG <gcp> INFO: Installing plugin: configuration
2019-08-10 17:19:17.507  CFY <gcp> Task succeeded 'cloudify_agent.operations.install_plugins'
2019-08-10 17:19:17.507  LOG <gcp> INFO: Using existing installation of managed plugin: 62c3cd35-5a18-49fd-a670-48f9ad207b05 [package_name: cloudify-utilities-plugin, package_version: 1.14.0, supported_platform: linux_x86_64, distribution: centos, distribution_release: core]
2019-08-10 17:19:17.623  CFY <gcp> Creating deployment work directory
2019-08-10 17:19:18.107  CFY <gcp> 'create_deployment_environment' workflow execution succeeded
2019-08-10 17:19:24.790  CFY <gcp> Starting 'install' workflow execution
2019-08-10 17:19:28.655  CFY <gcp> [network_vgcgye] Validating node instance before creation: nothing to do
2019-08-10 17:19:28.956  CFY <gcp> [network_vgcgye] Precreating node instance: nothing to do
2019-08-10 17:19:29.138  CFY <gcp> [network_vgcgye] Creating node instance
2019-08-10 17:19:29.723  CFY <gcp> [network_vgcgye.create] Sending task 'cloudify_gcp.compute.network.create'
2019-08-10 17:19:32.089  LOG <gcp> [network_vgcgye.create] INFO: Create network network-vgcgye
2019-08-10 17:19:35.106  CFY <gcp> [network_vgcgye.create] Task rescheduled 'cloudify_gcp.compute.network.create' -> Operation started
Traceback (most recent call last):
  File "/opt/mgmtworker/env/lib/python2.7/site-packages/cloudify/dispatch.py", line 813, in main
    payload = handler.handle()
  File "/opt/mgmtworker/env/lib/python2.7/site-packages/cloudify/dispatch.py", line 464, in handle
    raise ctx.operation._operation_retry
OperationRetry: Operation started

2019-08-10 17:19:50.312  CFY <gcp> [network_vgcgye.create] Sending task 'cloudify_gcp.compute.network.create' [retry 1/60]
2019-08-10 17:19:53.748  LOG <gcp> [network_vgcgye.create] INFO: Get network network-vgcgye details
2019-08-10 17:19:55.588  CFY <gcp> [network_vgcgye.create] Task succeeded 'cloudify_gcp.compute.network.create' [retry 1/60]
2019-08-10 17:19:55.631  CFY <gcp> [network_vgcgye] Node instance created
2019-08-10 17:19:55.944  CFY <gcp> [network_vgcgye] Configuring node instance: nothing to do
2019-08-10 17:19:56.160  CFY <gcp> [network_vgcgye] Starting node instance: nothing to do
2019-08-10 17:19:56.239  CFY <gcp> [network_vgcgye] Poststarting node instance: nothing to do
2019-08-10 17:19:56.828  CFY <gcp> [network_vgcgye] Node instance started
2019-08-10 17:19:57.765  CFY <gcp> [subnet_780zk4] Validating node instance before creation
2019-08-10 17:19:57.846  CFY <gcp> [firewall_boiju0] Validating node instance before creation: nothing to do
2019-08-10 17:19:58.074  CFY <gcp> [subnet_780zk4.create] Sending task 'cloudify_gcp.compute.subnetwork.creation_validation'
2019-08-10 17:19:59.003  CFY <gcp> [firewall_boiju0] Precreating node instance: nothing to do
2019-08-10 17:19:59.313  CFY <gcp> [firewall_boiju0] Creating node instance
2019-08-10 17:20:00.154  CFY <gcp> [firewall_boiju0.create] Sending task 'cloudify_gcp.compute.firewall.create'
2019-08-10 17:20:02.658  CFY <gcp> [subnet_780zk4.create] Task succeeded 'cloudify_gcp.compute.subnetwork.creation_validation'
2019-08-10 17:20:02.736  CFY <gcp> [subnet_780zk4] Node instance validated before creation
2019-08-10 17:20:02.921  CFY <gcp> [subnet_780zk4] Precreating node instance: nothing to do
2019-08-10 17:20:03.122  CFY <gcp> [subnet_780zk4] Creating node instance
2019-08-10 17:20:04.022  CFY <gcp> [subnet_780zk4.create] Sending task 'cloudify_gcp.compute.subnetwork.create'
2019-08-10 17:20:04.569  LOG <gcp> [firewall_boiju0.create] INFO: Create firewall rule firewall-boiju0 in network https://www.googleapis.com/compute/v1/projects/node2faas-248113/global/networks/network-vgcgye
2019-08-10 17:20:06.998  LOG <gcp> [subnet_780zk4.create] INFO: Create subnetwork subnet-780zk4
2019-08-10 17:20:07.523  CFY <gcp> [firewall_boiju0.create] Task succeeded 'cloudify_gcp.compute.firewall.create'
2019-08-10 17:20:08.097  CFY <gcp> [firewall_boiju0] Node instance created
2019-08-10 17:20:08.280  CFY <gcp> [firewall_boiju0] Configuring node instance: nothing to do
2019-08-10 17:20:08.446  CFY <gcp> [firewall_boiju0] Starting node instance: nothing to do
2019-08-10 17:20:08.542  CFY <gcp> [firewall_boiju0] Poststarting node instance: nothing to do
2019-08-10 17:20:09.013  CFY <gcp> [firewall_boiju0] Node instance started
2019-08-10 17:20:10.065  CFY <gcp> [subnet_780zk4.create] Task rescheduled 'cloudify_gcp.compute.subnetwork.create' -> Operation started
Traceback (most recent call last):
  File "/opt/mgmtworker/env/lib/python2.7/site-packages/cloudify/dispatch.py", line 813, in main
    payload = handler.handle()
  File "/opt/mgmtworker/env/lib/python2.7/site-packages/cloudify/dispatch.py", line 464, in handle
    raise ctx.operation._operation_retry
OperationRetry: Operation started

2019-08-10 17:20:25.219  CFY <gcp> [subnet_780zk4.create] Sending task 'cloudify_gcp.compute.subnetwork.create' [retry 1/60]
2019-08-10 17:20:29.731  LOG <gcp> [subnet_780zk4.create] INFO: Get subnetwork subnet-780zk4 details
2019-08-10 17:20:31.950  CFY <gcp> [subnet_780zk4.create] Task succeeded 'cloudify_gcp.compute.subnetwork.create' [retry 1/60]
2019-08-10 17:20:32.289  CFY <gcp> [subnet_780zk4] Node instance created
2019-08-10 17:20:32.419  CFY <gcp> [subnet_780zk4] Configuring node instance: nothing to do
2019-08-10 17:20:32.513  CFY <gcp> [subnet_780zk4] Starting node instance: nothing to do
2019-08-10 17:20:32.617  CFY <gcp> [subnet_780zk4] Poststarting node instance: nothing to do
2019-08-10 17:20:32.941  CFY <gcp> [subnet_780zk4] Node instance started
2019-08-10 17:20:33.781  CFY <gcp> [vm-database_jykfdd] Validating node instance before creation: nothing to do
2019-08-10 17:20:33.889  CFY <gcp> [vm-database_jykfdd] Precreating node instance: nothing to do
2019-08-10 17:20:34.211  CFY <gcp> [vm-database_jykfdd] Creating node instance
2019-08-10 17:20:34.483  CFY <gcp> [vm-database_jykfdd.create] Sending task 'script_runner.tasks.run'
2019-08-10 17:20:36.591  LOG <gcp> [vm-database_jykfdd.create] INFO: Downloaded scripts/gcp/key.py to /tmp/Q153M/key.py
2019-08-10 17:20:37.333  CFY <gcp> [vm-database_jykfdd.create] Task succeeded 'script_runner.tasks.run'
2019-08-10 17:20:37.636  CFY <gcp> [vm-database_jykfdd] Node instance created
2019-08-10 17:20:38.067  CFY <gcp> [vm-database_jykfdd] Configuring node instance
2019-08-10 17:20:38.373  CFY <gcp> [vm-database_jykfdd.configure] Sending task 'cloudify_gcp.compute.instance.create'
2019-08-10 17:20:43.488  LOG <gcp> [vm-database_jykfdd.configure] INFO: The script is 
2019-08-10 17:20:44.268  LOG <gcp> [vm-database_jykfdd.configure] INFO: Adding bucket to metadata
2019-08-10 17:20:44.269  LOG <gcp> [vm-database_jykfdd.configure] INFO: Adding sshKeys to metadata
2019-08-10 17:20:47.190  CFY <gcp> [vm-database_jykfdd.configure] Task rescheduled 'cloudify_gcp.compute.instance.create' -> Operation started
Traceback (most recent call last):
  File "/opt/mgmtworker/env/lib/python2.7/site-packages/cloudify/dispatch.py", line 813, in main
    payload = handler.handle()
  File "/opt/mgmtworker/env/lib/python2.7/site-packages/cloudify/dispatch.py", line 464, in handle
    raise ctx.operation._operation_retry
OperationRetry: Operation started

2019-08-10 17:21:02.434  CFY <gcp> [vm-database_jykfdd.configure] Sending task 'cloudify_gcp.compute.instance.create' [retry 1/60]
2019-08-10 17:21:06.067  LOG <gcp> [vm-database_jykfdd.configure] INFO: The script is 
2019-08-10 17:21:07.924  LOG <gcp> [vm-database_jykfdd.configure] ERROR: Response with error {u'errors': [{u'message': u"The resource '482761649285-compute@developer.gserviceaccount.com' of type 'serviceAccount' was not found.", u'code': u'EXTERNAL_RESOURCE_NOT_FOUND'}]}
2019-08-10 17:21:07.924  LOG <gcp> [vm-database_jykfdd.configure] ERROR: Error Message {u'errors': [{u'message': u"The resource '482761649285-compute@developer.gserviceaccount.com' of type 'serviceAccount' was not found.", u'code': u'EXTERNAL_RESOURCE_NOT_FOUND'}]}
2019-08-10 17:21:08.612  CFY <gcp> [vm-database_jykfdd.configure] Task failed 'cloudify_gcp.compute.instance.create' -> {u'errors': [{u'message': u"The resource '482761649285-compute@developer.gserviceaccount.com' of type 'serviceAccount' was not found.", u'code': u'EXTERNAL_RESOURCE_NOT_FOUND'}]} [retry 1/60]
Traceback (most recent call last):
  File "/opt/mgmtworker/env/lib/python2.7/site-packages/cloudify/dispatch.py", line 813, in main
    payload = handler.handle()
  File "/opt/mgmtworker/env/lib/python2.7/site-packages/cloudify/dispatch.py", line 461, in handle
    result = self._run_operation_func(ctx, kwargs)
  File "/opt/mgmtworker/env/lib/python2.7/site-packages/cloudify/dispatch.py", line 519, in _run_operation_func
    return self.func(*self.args, **kwargs)
  File "/opt/mgmtworker/env/plugins/default_tenant/cloudify-gcp-plugin-1.4.4/lib/python2.7/site-packages/cloudify_gcp/utils.py", line 267, in _decorator
    raise NonRecoverableError(e.message)
NonRecoverableError: {u'errors': [{u'message': u"The resource '482761649285-compute@developer.gserviceaccount.com' of type 'serviceAccount' was not found.", u'code': u'EXTERNAL_RESOURCE_NOT_FOUND'}]}

2019-08-10 17:21:08.983  CFY <gcp> 'install' workflow execution failed: RuntimeError: Workflow failed: Task failed 'cloudify_gcp.compute.instance.create' -> {u'errors': [{u'message': u"The resource '482761649285-compute@developer.gserviceaccount.com' of type 'serviceAccount' was not found.", u'code': u'EXTERNAL_RESOURCE_NOT_FOUND'}]}
Execution of workflow install for deployment gcp failed. [error=Traceback (most recent call last):
  File "/opt/mgmtworker/env/lib/python2.7/site-packages/cloudify/dispatch.py", line 664, in _remote_workflow_child_thread
    workflow_result = self._execute_workflow_function()
  File "/opt/mgmtworker/env/lib/python2.7/site-packages/cloudify/dispatch.py", line 693, in _execute_workflow_function
    result = self.func(*self.args, **self.kwargs)
  File "/opt/mgmtworker/env/lib/python2.7/site-packages/cloudify/plugins/workflows.py", line 31, in install
    node_instances=set(ctx.node_instances))
  File "/opt/mgmtworker/env/lib/python2.7/site-packages/cloudify/plugins/lifecycle.py", line 29, in install_node_instances
    processor.install()
  File "/opt/mgmtworker/env/lib/python2.7/site-packages/cloudify/plugins/lifecycle.py", line 102, in install
    graph.execute()
  File "/opt/mgmtworker/env/lib/python2.7/site-packages/cloudify/workflows/tasks_graph.py", line 237, in execute
    raise self._error
RuntimeError: Workflow failed: Task failed 'cloudify_gcp.compute.instance.create' -> {u'errors': [{u'message': u"The resource '482761649285-compute@developer.gserviceaccount.com' of type 'serviceAccount' was not found.", u'code': u'EXTERNAL_RESOURCE_NOT_FOUND'}]}
]
* Run 'cfy events list 4bda1df7-0cfa-487d-ade6-c4537b50f019' to retrieve the execution's events/logs
