Executing workflow `uninstall` on deployment `gcp` [timeout=900 seconds]
2019-08-08 15:13:07.967  CFY <gcp> Starting 'uninstall' workflow execution
2019-08-08 15:13:10.185  CFY <gcp> [firewall_fkqkrf] Validating node instance after deletion: nothing to do
2019-08-08 15:13:10.319  CFY <gcp> [config-wordpress_zqq32f] Validating node instance after deletion: nothing to do
2019-08-08 15:13:10.554  CFY <gcp> [config-wordpress_zqq32f->vm-app2_4xffuy|unlink] Sending task 'cloudify_ansible.tasks.ansible_remove_host'
2019-08-08 15:13:11.370  CFY <gcp> [config-database_wyh5x8] Validating node instance after deletion: nothing to do
2019-08-08 15:13:11.540  CFY <gcp> [config-database_wyh5x8->vm-database_rql65w|unlink] Sending task 'cloudify_ansible.tasks.ansible_remove_host'
2019-08-08 15:13:12.821  CFY <gcp> [firewall_fkqkrf] Stop: instance already uninitialized
2019-08-08 15:13:13.041  CFY <gcp> [config-database_wyh5x8] Stop: instance already uninitialized
2019-08-08 15:13:13.353  CFY <gcp> [config-wordpress_zqq32f] Stop: instance already uninitialized
2019-08-08 15:13:15.510  CFY <gcp> [firewall_fkqkrf] Delete: instance already uninitialized
2019-08-08 15:13:15.615  CFY <gcp> [config-database_wyh5x8] Delete: instance already uninitialized
2019-08-08 15:13:15.734  CFY <gcp> [config-wordpress_zqq32f] Delete: instance already uninitialized
2019-08-08 15:13:15.758  CFY <gcp> [config-wordpress_zqq32f->vm-app2_4xffuy|unlink] Task succeeded 'cloudify_ansible.tasks.ansible_remove_host'
2019-08-08 15:13:16.036  CFY <gcp> [config-wordpress_zqq32f->vm-app1_u7emku|unlink] Sending task 'cloudify_ansible.tasks.ansible_remove_host'
2019-08-08 15:13:16.351  CFY <gcp> [firewall_fkqkrf] Deleted node instance
2019-08-08 15:13:17.089  CFY <gcp> [config-database_wyh5x8] Deleted node instance
2019-08-08 15:13:17.290  CFY <gcp> [config-database_wyh5x8->vm-database_rql65w|unlink] Task succeeded 'cloudify_ansible.tasks.ansible_remove_host'
2019-08-08 15:13:17.950  CFY <gcp> [config-wordpress_zqq32f] Deleted node instance
2019-08-08 15:13:20.354  CFY <gcp> [config-wordpress_zqq32f->vm-app1_u7emku|unlink] Task succeeded 'cloudify_ansible.tasks.ansible_remove_host'
2019-08-08 15:13:21.799  CFY <gcp> [vm-app2_4xffuy] Validating node instance after deletion: nothing to do
2019-08-08 15:13:21.996  CFY <gcp> [vm-app1_u7emku] Validating node instance after deletion: nothing to do
2019-08-08 15:13:22.105  CFY <gcp> [vm-app2_4xffuy] Stop: instance already uninitialized
2019-08-08 15:13:22.166  CFY <gcp> [vm-app1_u7emku] Stop: instance already uninitialized
2019-08-08 15:13:22.579  CFY <gcp> [vm-app2_4xffuy] Delete: instance already uninitialized
2019-08-08 15:13:22.639  CFY <gcp> [vm-app1_u7emku] Delete: instance already uninitialized
2019-08-08 15:13:22.716  CFY <gcp> [vm-app1_u7emku] Deleted node instance
2019-08-08 15:13:22.776  CFY <gcp> [vm-app2_4xffuy] Deleted node instance
2019-08-08 15:13:23.535  CFY <gcp> [vm-database_rql65w] Validating node instance after deletion: nothing to do
2019-08-08 15:13:23.881  CFY <gcp> [vm-database_rql65w] Stop: instance already uninitialized
2019-08-08 15:13:24.276  CFY <gcp> [vm-database_rql65w] Delete: instance already uninitialized
2019-08-08 15:13:24.710  CFY <gcp> [vm-database_rql65w] Deleted node instance
2019-08-08 15:13:25.073  CFY <gcp> [subnet_gn540g] Validating node instance after deletion: nothing to do
2019-08-08 15:13:25.511  CFY <gcp> [subnet_gn540g] Stop: instance already uninitialized
2019-08-08 15:13:25.936  CFY <gcp> [subnet_gn540g] Delete: instance already uninitialized
2019-08-08 15:13:26.225  CFY <gcp> [subnet_gn540g] Deleted node instance
2019-08-08 15:13:26.722  CFY <gcp> [network_2zry1r] Stopping node instance
2019-08-08 15:13:26.786  CFY <gcp> [network_2zry1r] Validating node instance after deletion: nothing to do
2019-08-08 15:13:26.905  CFY <gcp> [network_2zry1r] Stopped node instance: nothing to do
2019-08-08 15:13:27.294  CFY <gcp> [network_2zry1r] Unlinking relationships
2019-08-08 15:13:27.588  CFY <gcp> [network_2zry1r] Relationships unlinked
2019-08-08 15:13:27.657  CFY <gcp> [network_2zry1r] Deleting node instance
2019-08-08 15:13:28.015  CFY <gcp> [network_2zry1r.delete] Sending task 'cloudify_gcp.compute.network.delete'
2019-08-08 15:13:30.667  LOG <gcp> [network_2zry1r.delete] INFO: Delete network network-2zry1r
2019-08-08 15:13:33.127  LOG <gcp> [network_2zry1r.delete] ERROR: Error traceback Traceback (most recent call last):
  File "/opt/mgmtworker/env/plugins/default_tenant/cloudify-gcp-plugin-1.4.4/lib/python2.7/site-packages/cloudify_gcp/utils.py", line 262, in _decorator
    return func(*args, **kwargs)
  File "/opt/mgmtworker/env/plugins/default_tenant/cloudify-gcp-plugin-1.4.4/lib/python2.7/site-packages/cloudify_gcp/compute/network.py", line 215, in delete
    utils.delete_if_not_external(network)
  File "/opt/mgmtworker/env/plugins/default_tenant/cloudify-gcp-plugin-1.4.4/lib/python2.7/site-packages/cloudify_gcp/utils.py", line 175, in delete_if_not_external
    return resource.delete()
  File "/opt/mgmtworker/env/plugins/default_tenant/cloudify-gcp-plugin-1.4.4/lib/python2.7/site-packages/cloudify_gcp/utils.py", line 233, in wrapper
    response = func(self, *args, **kwargs)
  File "/opt/mgmtworker/env/plugins/default_tenant/cloudify-gcp-plugin-1.4.4/lib/python2.7/site-packages/cloudify_gcp/gcp.py", line 34, in _decorator
    response = func(self, *args, **kwargs)
  File "/opt/mgmtworker/env/plugins/default_tenant/cloudify-gcp-plugin-1.4.4/lib/python2.7/site-packages/cloudify_gcp/compute/network.py", line 80, in delete
    network=self.name).execute()
  File "/opt/mgmtworker/env/plugins/default_tenant/cloudify-gcp-plugin-1.4.4/lib/python2.7/site-packages/oauth2client/util.py", line 137, in positional_wrapper
    return wrapped(*args, **kwargs)
  File "/opt/mgmtworker/env/plugins/default_tenant/cloudify-gcp-plugin-1.4.4/lib/python2.7/site-packages/googleapiclient/http.py", line 827, in execute
    method=str(self.method), body=self.body, headers=self.headers)
  File "/opt/mgmtworker/env/plugins/default_tenant/cloudify-gcp-plugin-1.4.4/lib/python2.7/site-packages/googleapiclient/http.py", line 154, in _retry_request
    resp, content = http.request(uri, method, *args, **kwargs)
  File "/opt/mgmtworker/env/plugins/default_tenant/cloudify-gcp-plugin-1.4.4/lib/python2.7/site-packages/oauth2client/transport.py", line 153, in new_request
    credentials._refresh(orig_request_method)
  File "/opt/mgmtworker/env/plugins/default_tenant/cloudify-gcp-plugin-1.4.4/lib/python2.7/site-packages/oauth2client/client.py", line 765, in _refresh
    self._do_refresh_request(http_request)
  File "/opt/mgmtworker/env/plugins/default_tenant/cloudify-gcp-plugin-1.4.4/lib/python2.7/site-packages/oauth2client/client.py", line 834, in _do_refresh_request
    raise HttpAccessTokenRefreshError(error_msg, status=resp.status)
HttpAccessTokenRefreshError: invalid_grant: Invalid JWT: Token must be a short-lived token (60 minutes) and in a reasonable timeframe. Check your iat and exp values and use a clock with skew to account for clock differences between systems.
 with message invalid_grant: Invalid JWT: Token must be a short-lived token (60 minutes) and in a reasonable timeframe. Check your iat and exp values and use a clock with skew to account for clock differences between systems.
2019-08-08 15:13:33.128  LOG <gcp> [network_2zry1r.delete] ERROR: Error Message invalid_grant: Invalid JWT: Token must be a short-lived token (60 minutes) and in a reasonable timeframe. Check your iat and exp values and use a clock with skew to account for clock differences between systems.
2019-08-08 15:13:33.585  CFY <gcp> [network_2zry1r.delete] Task failed 'cloudify_gcp.compute.network.delete' -> invalid_grant: Invalid JWT: Token must be a short-lived token (60 minutes) and in a reasonable timeframe. Check your iat and exp values and use a clock with skew to account for clock differences between systems.
Traceback (most recent call last):
  File "/opt/mgmtworker/env/lib/python2.7/site-packages/cloudify/dispatch.py", line 813, in main
    payload = handler.handle()
  File "/opt/mgmtworker/env/lib/python2.7/site-packages/cloudify/dispatch.py", line 461, in handle
    result = self._run_operation_func(ctx, kwargs)
  File "/opt/mgmtworker/env/lib/python2.7/site-packages/cloudify/dispatch.py", line 519, in _run_operation_func
    return self.func(*self.args, **kwargs)
  File "/opt/mgmtworker/env/plugins/default_tenant/cloudify-gcp-plugin-1.4.4/lib/python2.7/site-packages/cloudify_gcp/utils.py", line 277, in _decorator
    raise NonRecoverableError(error.message)
NonRecoverableError: invalid_grant: Invalid JWT: Token must be a short-lived token (60 minutes) and in a reasonable timeframe. Check your iat and exp values and use a clock with skew to account for clock differences between systems.

2019-08-08 15:13:33.598  CFY <gcp> [network_2zry1r] Deleted node instance
2019-08-08 15:13:34.057  CFY <gcp> 'uninstall' workflow execution succeeded
Finished executing workflow uninstall on deployment gcp
* Run 'cfy events list 63226417-51a8-4b1c-b68e-2d5f301d04b1' to retrieve the execution's events/logs
Trying to delete deployment gcp...
Deployment deleted
Deleting blueprint cloudify-wordpress-blueprint-gcp...
Blueprint deleted
