[0m[1mrandom_id.bp_suffix: Refreshing state... [id=eZgwvQ][0m
[0m[1mgoogle_compute_network.wordpress-network: Refreshing state... [id=wordpress-network][0m
[0m[1mdata.template_file.config_database: Refreshing state...[0m
[0m[1mgoogle_compute_firewall.default-out: Refreshing state... [id=wordpress-app-out][0m
[0m[1mgoogle_compute_firewall.default-in: Refreshing state... [id=wordpress-app-in][0m
[0m[1mrandom_id.bp_suffix: Destroying... [id=eZgwvQ][0m[0m
[0m[1mrandom_id.bp_suffix: Destruction complete after 0s[0m[0m
[0m[1mgoogle_compute_firewall.default-out: Destroying... [id=wordpress-app-out][0m[0m
[0m[1mgoogle_compute_firewall.default-in: Destroying... [id=wordpress-app-in][0m[0m
[0m[1mgoogle_compute_firewall.default-out: Still destroying... [id=wordpress-app-out, 10s elapsed][0m[0m
[0m[1mgoogle_compute_firewall.default-in: Still destroying... [id=wordpress-app-in, 10s elapsed][0m[0m
[0m[1mgoogle_compute_firewall.default-out: Destruction complete after 18s[0m[0m
[0m[1mgoogle_compute_firewall.default-in: Still destroying... [id=wordpress-app-in, 20s elapsed][0m[0m
[0m[1mgoogle_compute_firewall.default-in: Destruction complete after 28s[0m[0m
[0m[1mgoogle_compute_network.wordpress-network: Destroying... [id=wordpress-network][0m[0m
[0m[1mgoogle_compute_network.wordpress-network: Still destroying... [id=wordpress-network, 10s elapsed][0m[0m
[0m[1mgoogle_compute_network.wordpress-network: Still destroying... [id=wordpress-network, 20s elapsed][0m[0m
[0m[1mgoogle_compute_network.wordpress-network: Destruction complete after 28s[0m[0m
[0m[1m[32m
Destroy complete! Resources: 4 destroyed.[0m
