Executing workflow `uninstall` on deployment `azure` [timeout=900 seconds]
2019-08-08 13:12:40.288  CFY <azure> Starting 'uninstall' workflow execution
2019-08-08 13:12:41.773  CFY <azure> [config-database_tpx8jc] Validating node instance after deletion: nothing to do
2019-08-08 13:12:41.901  CFY <azure> [config-wordpress_24wwiq] Validating node instance after deletion: nothing to do
2019-08-08 13:12:42.130  CFY <azure> [config-wordpress_24wwiq->vm-app2_ec2v8n|unlink] Sending task 'cloudify_ansible.tasks.ansible_remove_host'
2019-08-08 13:12:43.105  CFY <azure> [config-database_tpx8jc->vm-database_26zsom|unlink] Sending task 'cloudify_ansible.tasks.ansible_remove_host'
2019-08-08 13:12:44.308  CFY <azure> [config-database_tpx8jc] Stop: instance already deleted
2019-08-08 13:12:44.554  CFY <azure> [config-wordpress_24wwiq] Stop: instance already deleted
2019-08-08 13:12:44.781  CFY <azure> [config-database_tpx8jc] Delete: instance already deleted
2019-08-08 13:12:44.998  CFY <azure> [config-wordpress_24wwiq] Delete: instance already deleted
2019-08-08 13:12:47.713  CFY <azure> [config-wordpress_24wwiq->vm-app2_ec2v8n|unlink] Task succeeded 'cloudify_ansible.tasks.ansible_remove_host'
2019-08-08 13:12:47.886  CFY <azure> [config-wordpress_24wwiq->vm-app1_71pklz|unlink] Sending task 'cloudify_ansible.tasks.ansible_remove_host'
2019-08-08 13:12:48.711  CFY <azure> [config-database_tpx8jc->vm-database_26zsom|unlink] Task succeeded 'cloudify_ansible.tasks.ansible_remove_host'
2019-08-08 13:12:49.378  CFY <azure> [vm-database_26zsom] Validating node instance after deletion: nothing to do
2019-08-08 13:12:49.607  CFY <azure> [vm-database_26zsom] Stop: instance already deleted
2019-08-08 13:12:49.897  CFY <azure> [vm-database_26zsom] Delete: instance already deleted
2019-08-08 13:12:50.488  CFY <azure> [nic-db_7dnkfj] Validating node instance after deletion: nothing to do
2019-08-08 13:12:50.667  CFY <azure> [nic-db_7dnkfj] Stop: instance already deleted
2019-08-08 13:12:50.765  CFY <azure> [nic-db_7dnkfj] Delete: instance already deleted
2019-08-08 13:12:51.234  CFY <azure> [ip_config-db_ztar3l] Validating node instance after deletion: nothing to do
2019-08-08 13:12:51.434  CFY <azure> [ip_config-db_ztar3l] Stop: instance already deleted
2019-08-08 13:12:51.671  CFY <azure> [ip_config-db_ztar3l] Delete: instance already deleted
2019-08-08 13:12:51.968  CFY <azure> [ip-db_ca8fmx] Validating node instance after deletion: nothing to do
2019-08-08 13:12:52.003  CFY <azure> [config-wordpress_24wwiq->vm-app1_71pklz|unlink] Task succeeded 'cloudify_ansible.tasks.ansible_remove_host'
2019-08-08 13:12:52.241  CFY <azure> [ip-db_ca8fmx] Stop: instance already deleted
2019-08-08 13:12:52.529  CFY <azure> [ip-db_ca8fmx] Delete: instance already deleted
2019-08-08 13:12:52.689  CFY <azure> [vm-app1_71pklz] Validating node instance after deletion: nothing to do
2019-08-08 13:12:52.740  CFY <azure> [vm-app2_ec2v8n] Validating node instance after deletion: nothing to do
2019-08-08 13:12:52.853  CFY <azure> [vm-app2_ec2v8n] Stop: instance already deleted
2019-08-08 13:12:52.902  CFY <azure> [vm-app1_71pklz] Stop: instance already deleted
2019-08-08 13:12:52.959  CFY <azure> [vm-app1_71pklz] Delete: instance already deleted
2019-08-08 13:12:53.009  CFY <azure> [vm-app2_ec2v8n] Delete: instance already deleted
2019-08-08 13:12:53.248  CFY <azure> [nic1_5f6qcx] Validating node instance after deletion: nothing to do
2019-08-08 13:12:53.412  CFY <azure> [storage_account_mzxda3] Validating node instance after deletion: nothing to do
2019-08-08 13:12:53.946  CFY <azure> [nic2_hekxp0] Validating node instance after deletion: nothing to do
2019-08-08 13:12:54.105  CFY <azure> [availability_set_jkjk9i] Validating node instance after deletion: nothing to do
2019-08-08 13:12:54.241  CFY <azure> [storage_account_mzxda3] Stop: instance already deleted
2019-08-08 13:12:54.325  CFY <azure> [nic2_hekxp0] Stop: instance already deleted
2019-08-08 13:12:54.505  CFY <azure> [availability_set_jkjk9i] Stop: instance already deleted
2019-08-08 13:12:54.621  CFY <azure> [nic1_5f6qcx] Stop: instance already deleted
2019-08-08 13:12:54.702  CFY <azure> [storage_account_mzxda3] Delete: instance already deleted
2019-08-08 13:12:54.796  CFY <azure> [nic2_hekxp0] Delete: instance already deleted
2019-08-08 13:12:54.886  CFY <azure> [availability_set_jkjk9i] Delete: instance already deleted
2019-08-08 13:12:54.987  CFY <azure> [nic1_5f6qcx] Delete: instance already deleted
2019-08-08 13:12:55.375  CFY <azure> [ip_config1_eoap4a] Validating node instance after deletion: nothing to do
2019-08-08 13:12:55.489  CFY <azure> [network_security_group_yy3ar8] Validating node instance after deletion: nothing to do
2019-08-08 13:12:55.746  CFY <azure> [ip_config1_eoap4a] Stop: instance already deleted
2019-08-08 13:12:55.839  CFY <azure> [ip_config2_9tsidc] Validating node instance after deletion: nothing to do
2019-08-08 13:12:55.933  CFY <azure> [ip_config2_9tsidc] Stop: instance already deleted
2019-08-08 13:12:55.988  CFY <azure> [ip_config1_eoap4a] Delete: instance already deleted
2019-08-08 13:12:56.050  CFY <azure> [network_security_group_yy3ar8] Stop: instance already deleted
2019-08-08 13:12:56.105  CFY <azure> [ip_config2_9tsidc] Delete: instance already deleted
2019-08-08 13:12:56.384  CFY <azure> [ip1_81nleo] Validating node instance after deletion: nothing to do
2019-08-08 13:12:56.565  CFY <azure> [network_security_group_yy3ar8] Delete: instance already deleted
2019-08-08 13:12:56.731  CFY <azure> [ip1_81nleo] Stop: instance already deleted
2019-08-08 13:12:56.829  CFY <azure> [ip2_qyr78l] Validating node instance after deletion: nothing to do
2019-08-08 13:12:56.979  CFY <azure> [subnet_ovjfr8] Validating node instance after deletion: nothing to do
2019-08-08 13:12:57.487  CFY <azure> [ip2_qyr78l] Stop: instance already deleted
2019-08-08 13:12:57.604  CFY <azure> [subnet_ovjfr8] Stop: instance already deleted
2019-08-08 13:12:57.788  CFY <azure> [ip1_81nleo] Delete: instance already deleted
Execution ended, waiting 3 seconds for additional log messages
2019-08-08 13:12:57.894  CFY <azure> [ip2_qyr78l] Delete: instance already deleted
2019-08-08 13:12:57.947  CFY <azure> [subnet_ovjfr8] Delete: instance already deleted
2019-08-08 13:12:58.306  CFY <azure> [network_kezr3z] Validating node instance after deletion: nothing to do
2019-08-08 13:12:58.534  CFY <azure> [network_kezr3z] Stop: instance already deleted
2019-08-08 13:12:58.647  CFY <azure> [network_kezr3z] Delete: instance already deleted
2019-08-08 13:12:58.919  CFY <azure> [resource_group_pflaaj] Validating node instance after deletion: nothing to do
2019-08-08 13:12:59.036  CFY <azure> [resource_group_pflaaj] Stop: instance already deleted
2019-08-08 13:12:59.110  CFY <azure> [resource_group_pflaaj] Delete: instance already deleted
2019-08-08 13:12:59.577  CFY <azure> 'uninstall' workflow execution succeeded
Finished executing workflow uninstall on deployment azure
* Run 'cfy events list 6d8c3b3b-005c-4c3a-81e7-b92681055b0c' to retrieve the execution's events/logs
Trying to delete deployment azure...
An error occurred on the server: 400: Can't delete deployment azure - There are running or queued executions for this deployment. Running executions ids: 842bd5f5-2051-447a-a825-4845f0d3dcdc
