[0m[1mdata.template_file.config_database: Refreshing state...[0m
[0m[1mdata.aws_ami.ubuntu: Refreshing state...[0m
[0m[1maws_key_pair.wordpress: Creating...[0m[0m
[0m[1maws_vpc.default: Creating...[0m[0m
[0m[1maws_vpc.default: Creation complete after 4s [id=vpc-0d73b00975de40801][0m[0m
[0m[1maws_subnet.default: Creating...[0m[0m
[0m[1maws_internet_gateway.internet_gateway: Creating...[0m[0m
[0m[1maws_security_group.wordpress-security-group: Creating...[0m[0m
[0m[1maws_internet_gateway.internet_gateway: Creation complete after 2s [id=igw-0c93dbc750c09f305][0m[0m
[0m[1maws_route_table.internet_route: Creating...[0m[0m
[0m[1maws_security_group.wordpress-security-group: Creation complete after 2s [id=sg-01f94c0403c053f1e][0m[0m
[0m[1maws_route_table.internet_route: Creation complete after 1s [id=rtb-0c48ba4dfed2b57b9][0m[0m
[0m[1maws_main_route_table_association.a: Creating...[0m[0m
[0m[1maws_main_route_table_association.a: Creation complete after 1s [id=rtbassoc-0b993daf2cd5a81c7][0m[0m
[31m
[1m[31mError: [0m[0m[1mError creating subnet: InvalidParameterValue: Value (sa-east-1b) for parameter availabilityZone is invalid. Subnets can currently only be created in the following availability zones: sa-east-1a, sa-east-1c.
	status code: 400, request id: eebb4593-d570-46e3-8888-6b768f135e6c[0m

[0m  on wordpress.tf line 92, in resource "aws_subnet" "default":
  92: resource "aws_subnet" "default" [4m{[0m
[0m
[0m[0m
[31m
[1m[31mError: [0m[0m[1mError import KeyPair: InvalidKeyPair.Duplicate: The keypair 'wordpress' already exists.
	status code: 400, request id: e0d756d6-1574-487b-8726-74f11fdebf88[0m

[0m  on wordpress.tf line 249, in resource "aws_key_pair" "wordpress":
 249: resource "aws_key_pair" "wordpress" [4m{[0m
[0m
[0m[0m
