Executing workflow `uninstall` on deployment `gcp` [timeout=900 seconds]
2019-08-10 17:06:35.631  CFY <gcp> Starting 'uninstall' workflow execution
2019-08-10 17:06:36.541  CFY <gcp> [config-database_k04xl8] Validating node instance after deletion: nothing to do
2019-08-10 17:06:36.663  CFY <gcp> [config-database_k04xl8->vm-database_1rl74o|unlink] Sending task 'cloudify_ansible.tasks.ansible_remove_host'
2019-08-10 17:06:37.585  CFY <gcp> [config-wordpress_o5mn8h] Validating node instance after deletion: nothing to do
2019-08-10 17:06:38.349  CFY <gcp> [config-wordpress_o5mn8h->vm-app2_muh66y|unlink] Sending task 'cloudify_ansible.tasks.ansible_remove_host'
2019-08-10 17:06:38.398  CFY <gcp> [firewall_09hzzw] Stopping node instance
2019-08-10 17:06:39.346  CFY <gcp> [firewall_09hzzw] Validating node instance after deletion: nothing to do
2019-08-10 17:06:39.529  CFY <gcp> [config-wordpress_o5mn8h] Stop: instance already uninitialized
2019-08-10 17:06:39.643  CFY <gcp> [config-database_k04xl8] Stop: instance already uninitialized
2019-08-10 17:06:39.754  CFY <gcp> [firewall_09hzzw] Stopped node instance: nothing to do
2019-08-10 17:06:41.375  CFY <gcp> [config-wordpress_o5mn8h] Delete: instance already uninitialized
2019-08-10 17:06:41.496  CFY <gcp> [config-database_k04xl8] Delete: instance already uninitialized
2019-08-10 17:06:41.615  CFY <gcp> [firewall_09hzzw] Unlinking relationships
2019-08-10 17:06:41.720  CFY <gcp> [config-database_k04xl8->vm-database_1rl74o|unlink] Task succeeded 'cloudify_ansible.tasks.ansible_remove_host'
2019-08-10 17:06:41.886  CFY <gcp> [config-wordpress_o5mn8h] Deleted node instance
2019-08-10 17:06:42.911  CFY <gcp> [config-database_k04xl8] Deleted node instance
2019-08-10 17:06:43.896  CFY <gcp> [firewall_09hzzw] Relationships unlinked
2019-08-10 17:06:44.276  CFY <gcp> [firewall_09hzzw] Deleting node instance
2019-08-10 17:06:44.827  CFY <gcp> [config-wordpress_o5mn8h->vm-app2_muh66y|unlink] Task succeeded 'cloudify_ansible.tasks.ansible_remove_host'
2019-08-10 17:06:44.871  CFY <gcp> [firewall_09hzzw.delete] Sending task 'cloudify_gcp.compute.firewall.delete'
2019-08-10 17:06:45.986  CFY <gcp> [config-wordpress_o5mn8h->vm-app1_dzrdxa|unlink] Sending task 'cloudify_ansible.tasks.ansible_remove_host'
2019-08-10 17:06:48.094  LOG <gcp> [firewall_09hzzw.delete] INFO: Delete firewall rule firewall-09hzzw from network https://www.googleapis.com/compute/v1/projects/node2faas-248113/global/networks/network-wci470
2019-08-10 17:06:49.638  CFY <gcp> [config-wordpress_o5mn8h->vm-app1_dzrdxa|unlink] Task succeeded 'cloudify_ansible.tasks.ansible_remove_host'
2019-08-10 17:06:50.063  CFY <gcp> [vm-app2_muh66y] Validating node instance after deletion: nothing to do
2019-08-10 17:06:50.269  CFY <gcp> [vm-app1_dzrdxa] Validating node instance after deletion: nothing to do
2019-08-10 17:06:50.558  CFY <gcp> [vm-app2_muh66y] Stop: instance already uninitialized
2019-08-10 17:06:50.708  CFY <gcp> [vm-app1_dzrdxa] Stop: instance already uninitialized
2019-08-10 17:06:51.282  CFY <gcp> [firewall_09hzzw.delete] Task succeeded 'cloudify_gcp.compute.firewall.delete'
2019-08-10 17:06:51.948  CFY <gcp> [firewall_09hzzw] Deleted node instance
2019-08-10 17:06:52.034  CFY <gcp> [vm-app2_muh66y] Delete: instance already uninitialized
2019-08-10 17:06:52.108  CFY <gcp> [vm-app1_dzrdxa] Delete: instance already uninitialized
2019-08-10 17:06:52.395  CFY <gcp> [vm-app1_dzrdxa] Deleted node instance
2019-08-10 17:06:53.098  CFY <gcp> [vm-app2_muh66y] Deleted node instance
2019-08-10 17:06:54.011  CFY <gcp> [vm-database_1rl74o] Stopping node instance
2019-08-10 17:06:54.485  CFY <gcp> [vm-database_1rl74o] Validating node instance after deletion: nothing to do
2019-08-10 17:06:54.890  CFY <gcp> [vm-database_1rl74o] Stopped node instance: nothing to do
2019-08-10 17:06:55.478  CFY <gcp> [vm-database_1rl74o] Unlinking relationships
2019-08-10 17:06:55.781  CFY <gcp> [vm-database_1rl74o] Relationships unlinked
2019-08-10 17:06:55.981  CFY <gcp> [vm-database_1rl74o] Deleting node instance
2019-08-10 17:06:56.561  CFY <gcp> [vm-database_1rl74o.delete] Sending task 'cloudify_gcp.compute.instance.delete'
2019-08-10 17:06:59.007  LOG <gcp> [vm-database_1rl74o.delete] INFO: Delete instance wordpressdatabase
2019-08-10 17:07:00.926  LOG <gcp> [vm-database_1rl74o.delete] ERROR: Error traceback Traceback (most recent call last):
  File "/opt/mgmtworker/env/plugins/default_tenant/cloudify-gcp-plugin-1.4.4/lib/python2.7/site-packages/cloudify_gcp/utils.py", line 262, in _decorator
    return func(*args, **kwargs)
  File "/opt/mgmtworker/env/plugins/default_tenant/cloudify-gcp-plugin-1.4.4/lib/python2.7/site-packages/cloudify_gcp/compute/instance.py", line 457, in delete
    utils.delete_if_not_external(instance)
  File "/opt/mgmtworker/env/plugins/default_tenant/cloudify-gcp-plugin-1.4.4/lib/python2.7/site-packages/cloudify_gcp/utils.py", line 175, in delete_if_not_external
    return resource.delete()
  File "/opt/mgmtworker/env/plugins/default_tenant/cloudify-gcp-plugin-1.4.4/lib/python2.7/site-packages/cloudify_gcp/utils.py", line 233, in wrapper
    response = func(self, *args, **kwargs)
  File "/opt/mgmtworker/env/plugins/default_tenant/cloudify-gcp-plugin-1.4.4/lib/python2.7/site-packages/cloudify_gcp/gcp.py", line 34, in _decorator
    response = func(self, *args, **kwargs)
  File "/opt/mgmtworker/env/plugins/default_tenant/cloudify-gcp-plugin-1.4.4/lib/python2.7/site-packages/cloudify_gcp/compute/instance.py", line 133, in delete
    instance=self.name).execute()
  File "/opt/mgmtworker/env/plugins/default_tenant/cloudify-gcp-plugin-1.4.4/lib/python2.7/site-packages/oauth2client/util.py", line 137, in positional_wrapper
    return wrapped(*args, **kwargs)
  File "/opt/mgmtworker/env/plugins/default_tenant/cloudify-gcp-plugin-1.4.4/lib/python2.7/site-packages/googleapiclient/http.py", line 832, in execute
    raise HttpError(resp, content, uri=self.uri)
HttpError: <HttpError 404 when requesting https://www.googleapis.com/compute/v1/projects/node2faas-248113/zones/us-east4-c/instances/wordpressdatabase?alt=json returned "The resource 'projects/node2faas-248113/zones/us-east4-c/instances/wordpressdatabase' was not found">
 with message <HttpError 404 when requesting https://www.googleapis.com/compute/v1/projects/node2faas-248113/zones/us-east4-c/instances/wordpressdatabase?alt=json returned "The resource 'projects/node2faas-248113/zones/us-east4-c/instances/wordpressdatabase' was not found">
2019-08-10 17:07:00.926  LOG <gcp> [vm-database_1rl74o.delete] ERROR: Error Message 
2019-08-10 17:07:01.782  CFY <gcp> [vm-database_1rl74o.delete] Task failed 'cloudify_gcp.compute.instance.delete'
Traceback (most recent call last):
  File "/opt/mgmtworker/env/lib/python2.7/site-packages/cloudify/dispatch.py", line 813, in main
    payload = handler.handle()
  File "/opt/mgmtworker/env/lib/python2.7/site-packages/cloudify/dispatch.py", line 461, in handle
    result = self._run_operation_func(ctx, kwargs)
  File "/opt/mgmtworker/env/lib/python2.7/site-packages/cloudify/dispatch.py", line 519, in _run_operation_func
    return self.func(*self.args, **kwargs)
  File "/opt/mgmtworker/env/plugins/default_tenant/cloudify-gcp-plugin-1.4.4/lib/python2.7/site-packages/cloudify_gcp/utils.py", line 277, in _decorator
    raise NonRecoverableError(error.message)
NonRecoverableError

2019-08-10 17:07:01.810  CFY <gcp> [vm-database_1rl74o] Deleted node instance
2019-08-10 17:07:02.429  CFY <gcp> [subnet_vks902] Stopping node instance
2019-08-10 17:07:02.896  CFY <gcp> [subnet_vks902] Validating node instance after deletion: nothing to do
2019-08-10 17:07:03.114  CFY <gcp> [subnet_vks902] Stopped node instance: nothing to do
2019-08-10 17:07:03.798  CFY <gcp> [subnet_vks902] Unlinking relationships
2019-08-10 17:07:04.095  CFY <gcp> [subnet_vks902] Relationships unlinked
2019-08-10 17:07:04.583  CFY <gcp> [subnet_vks902] Deleting node instance
2019-08-10 17:07:04.744  CFY <gcp> [subnet_vks902.delete] Sending task 'cloudify_gcp.compute.subnetwork.delete'
2019-08-10 17:07:07.476  LOG <gcp> [subnet_vks902.delete] INFO: Delete subnetwork subnet-vks902
2019-08-10 17:07:10.335  CFY <gcp> [subnet_vks902.delete] Task rescheduled 'cloudify_gcp.compute.subnetwork.delete' -> Operation started
Traceback (most recent call last):
  File "/opt/mgmtworker/env/lib/python2.7/site-packages/cloudify/dispatch.py", line 813, in main
    payload = handler.handle()
  File "/opt/mgmtworker/env/lib/python2.7/site-packages/cloudify/dispatch.py", line 464, in handle
    raise ctx.operation._operation_retry
OperationRetry: Operation started

2019-08-10 17:07:25.510  CFY <gcp> [subnet_vks902.delete] Sending task 'cloudify_gcp.compute.subnetwork.delete' [retry 1/60]
2019-08-10 17:07:31.030  CFY <gcp> [subnet_vks902.delete] Task succeeded 'cloudify_gcp.compute.subnetwork.delete' [retry 1/60]
2019-08-10 17:07:31.125  CFY <gcp> [subnet_vks902] Deleted node instance
2019-08-10 17:07:31.854  CFY <gcp> [network_wci470] Stopping node instance
2019-08-10 17:07:31.982  CFY <gcp> [network_wci470] Validating node instance after deletion: nothing to do
2019-08-10 17:07:32.080  CFY <gcp> [network_wci470] Stopped node instance: nothing to do
2019-08-10 17:07:32.525  CFY <gcp> [network_wci470] Unlinking relationships
2019-08-10 17:07:32.804  CFY <gcp> [network_wci470] Relationships unlinked
2019-08-10 17:07:32.983  CFY <gcp> [network_wci470] Deleting node instance
2019-08-10 17:07:33.356  CFY <gcp> [network_wci470.delete] Sending task 'cloudify_gcp.compute.network.delete'
2019-08-10 17:07:35.770  LOG <gcp> [network_wci470.delete] INFO: Delete network network-wci470
2019-08-10 17:07:38.215  CFY <gcp> [network_wci470.delete] Task rescheduled 'cloudify_gcp.compute.network.delete' -> Operation started
Traceback (most recent call last):
  File "/opt/mgmtworker/env/lib/python2.7/site-packages/cloudify/dispatch.py", line 813, in main
    payload = handler.handle()
  File "/opt/mgmtworker/env/lib/python2.7/site-packages/cloudify/dispatch.py", line 464, in handle
    raise ctx.operation._operation_retry
OperationRetry: Operation started

2019-08-10 17:07:53.394  CFY <gcp> [network_wci470.delete] Sending task 'cloudify_gcp.compute.network.delete' [retry 1/60]
2019-08-10 17:07:58.983  CFY <gcp> [network_wci470.delete] Task rescheduled 'cloudify_gcp.compute.network.delete' -> Operation not completed yet: RUNNING [retry_after=30] [retry 1/60]
Traceback (most recent call last):
  File "/opt/mgmtworker/env/lib/python2.7/site-packages/cloudify/dispatch.py", line 813, in main
    payload = handler.handle()
  File "/opt/mgmtworker/env/lib/python2.7/site-packages/cloudify/dispatch.py", line 464, in handle
    raise ctx.operation._operation_retry
OperationRetry: Operation not completed yet: RUNNING [retry_after=30]

2019-08-10 17:08:29.053  CFY <gcp> [network_wci470.delete] Sending task 'cloudify_gcp.compute.network.delete' [retry 2/60]
2019-08-10 17:08:33.758  CFY <gcp> [network_wci470.delete] Task succeeded 'cloudify_gcp.compute.network.delete' [retry 2/60]
2019-08-10 17:08:34.066  CFY <gcp> [network_wci470] Deleted node instance
2019-08-10 17:08:34.467  CFY <gcp> 'uninstall' workflow execution succeeded
Finished executing workflow uninstall on deployment gcp
* Run 'cfy events list d77191d5-fc50-44b3-b33d-54fd9c09ce3b' to retrieve the execution's events/logs
Trying to delete deployment gcp...
Deployment deleted
Deleting blueprint cloudify-wordpress-blueprint-gcp...
Blueprint deleted
