Executing workflow `uninstall` on deployment `aws` [timeout=900 seconds]
2019-08-08 14:48:10.232  CFY <aws> Starting 'uninstall' workflow execution
2019-08-08 14:48:13.522  CFY <aws> [config-wordpress1_y18hfr] Stopping node instance
2019-08-08 14:48:14.068  CFY <aws> [ip2_79hnyc] Stopping node instance
2019-08-08 14:48:14.768  CFY <aws> [security_group_rules_e1qpor] Stopping node instance
2019-08-08 14:48:14.972  CFY <aws> [config-wordpress2_bpl1dx] Stopping node instance
2019-08-08 14:48:15.553  CFY <aws> [ip1_x87498] Stopping node instance
2019-08-08 14:48:15.731  CFY <aws> [ipdb_w7q9lj] Stopping node instance
2019-08-08 14:48:16.370  CFY <aws> [route_public_subnet_internet_gateway_yqb9tl] Stopping node instance
2019-08-08 14:48:16.832  CFY <aws> [config-database_vago95] Stopping node instance
2019-08-08 14:48:17.058  CFY <aws> [ip2_79hnyc] Validating node instance after deletion: nothing to do
2019-08-08 14:48:17.113  CFY <aws> [config-wordpress2_bpl1dx] Validating node instance after deletion: nothing to do
2019-08-08 14:48:17.197  CFY <aws> [ipdb_w7q9lj] Validating node instance after deletion: nothing to do
2019-08-08 14:48:17.275  CFY <aws> [route_public_subnet_internet_gateway_yqb9tl] Validating node instance after deletion: nothing to do
2019-08-08 14:48:17.303  CFY <aws> [ip2_79hnyc.stop] Sending task 'cloudify_aws.ec2.resources.elasticip.detach'
2019-08-08 14:48:17.366  CFY <aws> [config-wordpress1_y18hfr] Validating node instance after deletion: nothing to do
2019-08-08 14:48:17.444  CFY <aws> [security_group_rules_e1qpor] Validating node instance after deletion: nothing to do
2019-08-08 14:48:17.510  CFY <aws> [config-database_vago95] Validating node instance after deletion: nothing to do
2019-08-08 14:48:17.598  CFY <aws> [ip1_x87498] Validating node instance after deletion: nothing to do
2019-08-08 14:48:18.255  CFY <aws> [route_public_subnet_internet_gateway_yqb9tl] Stopped node instance: nothing to do
2019-08-08 14:48:18.354  CFY <aws> [security_group_rules_e1qpor.stop] Sending task 'cloudify_aws.ec2.resources.securitygroup.revoke_ingress_rules'
2019-08-08 14:48:18.376  CFY <aws> [config-database_vago95] Stopped node instance: nothing to do
2019-08-08 14:48:18.492  CFY <aws> [config-wordpress1_y18hfr] Stopped node instance: nothing to do
2019-08-08 14:48:19.507  CFY <aws> [ipdb_w7q9lj.stop] Sending task 'cloudify_aws.ec2.resources.elasticip.detach'
2019-08-08 14:48:20.381  CFY <aws> [config-wordpress2_bpl1dx] Stopped node instance: nothing to do
2019-08-08 14:48:20.669  CFY <aws> [ip1_x87498.stop] Sending task 'cloudify_aws.ec2.resources.elasticip.detach'
2019-08-08 14:48:24.724  CFY <aws> [ip2_79hnyc.stop] Task succeeded 'cloudify_aws.ec2.resources.elasticip.detach'
2019-08-08 14:48:25.243  CFY <aws> [route_public_subnet_internet_gateway_yqb9tl] Unlinking relationships
2019-08-08 14:48:25.425  CFY <aws> [config-wordpress2_bpl1dx] Unlinking relationships
2019-08-08 14:48:25.652  CFY <aws> [config-wordpress1_y18hfr] Unlinking relationships
2019-08-08 14:48:25.942  CFY <aws> [ip2_79hnyc] Stopped node instance
2019-08-08 14:48:26.118  CFY <aws> [config-database_vago95] Unlinking relationships
2019-08-08 14:48:26.326  CFY <aws> [config-wordpress2_bpl1dx->vm-app2_rznsyr|unlink] Sending task 'cloudify_ansible.tasks.ansible_remove_host'
2019-08-08 14:48:27.236  CFY <aws> [route_public_subnet_internet_gateway_yqb9tl] Relationships unlinked
2019-08-08 14:48:27.889  CFY <aws> [security_group_rules_e1qpor.stop] Task succeeded 'cloudify_aws.ec2.resources.securitygroup.revoke_ingress_rules'
2019-08-08 14:48:28.297  CFY <aws> [config-wordpress1_y18hfr->vm-app1_1mkdty|unlink] Sending task 'cloudify_ansible.tasks.ansible_remove_host'
2019-08-08 14:48:28.916  CFY <aws> [ipdb_w7q9lj.stop] Task succeeded 'cloudify_aws.ec2.resources.elasticip.detach'
2019-08-08 14:48:29.501  CFY <aws> [config-database_vago95->vm-database_7oelsu|unlink] Sending task 'cloudify_ansible.tasks.ansible_remove_host'
2019-08-08 14:48:30.576  CFY <aws> [ipdb_w7q9lj] Stopped node instance
2019-08-08 14:48:30.826  CFY <aws> [route_public_subnet_internet_gateway_yqb9tl] Deleting node instance
2019-08-08 14:48:31.054  CFY <aws> [ip1_x87498.stop] Task succeeded 'cloudify_aws.ec2.resources.elasticip.detach'
2019-08-08 14:48:31.609  CFY <aws> [ip2_79hnyc] Unlinking relationships
2019-08-08 14:48:31.811  CFY <aws> [security_group_rules_e1qpor] Stopped node instance
2019-08-08 14:48:31.836  CFY <aws> [route_public_subnet_internet_gateway_yqb9tl.delete] Sending task 'cloudify_aws.ec2.resources.route.delete'
2019-08-08 14:48:31.909  CFY <aws> [config-wordpress2_bpl1dx->vm-app2_rznsyr|unlink] Task succeeded 'cloudify_ansible.tasks.ansible_remove_host'
2019-08-08 14:48:32.933  CFY <aws> [ip1_x87498] Stopped node instance
2019-08-08 14:48:33.378  CFY <aws> [ipdb_w7q9lj] Unlinking relationships
2019-08-08 14:48:35.163  CFY <aws> [ip2_79hnyc] Relationships unlinked
2019-08-08 14:48:35.351  CFY <aws> [config-wordpress2_bpl1dx] Relationships unlinked
2019-08-08 14:48:35.552  CFY <aws> [ipdb_w7q9lj] Relationships unlinked
2019-08-08 14:48:35.602  CFY <aws> [config-wordpress1_y18hfr->vm-app1_1mkdty|unlink] Task succeeded 'cloudify_ansible.tasks.ansible_remove_host'
2019-08-08 14:48:35.787  CFY <aws> [security_group_rules_e1qpor] Unlinking relationships
2019-08-08 14:48:36.050  CFY <aws> [ip1_x87498] Unlinking relationships
2019-08-08 14:48:36.319  CFY <aws> [ip2_79hnyc] Deleting node instance
2019-08-08 14:48:37.430  CFY <aws> [config-wordpress2_bpl1dx] Deleting node instance: nothing to do
2019-08-08 14:48:37.539  CFY <aws> [ipdb_w7q9lj] Deleting node instance
2019-08-08 14:48:37.720  CFY <aws> [ip2_79hnyc.delete] Sending task 'cloudify_aws.ec2.resources.elasticip.delete'
2019-08-08 14:48:38.052  CFY <aws> [config-database_vago95->vm-database_7oelsu|unlink] Task succeeded 'cloudify_ansible.tasks.ansible_remove_host'
2019-08-08 14:48:38.227  CFY <aws> [config-wordpress1_y18hfr] Relationships unlinked
2019-08-08 14:48:38.317  CFY <aws> [security_group_rules_e1qpor] Relationships unlinked
2019-08-08 14:48:38.414  CFY <aws> [ip1_x87498] Relationships unlinked
2019-08-08 14:48:39.315  CFY <aws> [ipdb_w7q9lj.delete] Sending task 'cloudify_aws.ec2.resources.elasticip.delete'
2019-08-08 14:48:39.567  CFY <aws> [security_group_rules_e1qpor] Deleting node instance: nothing to do
2019-08-08 14:48:39.716  CFY <aws> [config-wordpress1_y18hfr] Deleting node instance: nothing to do
2019-08-08 14:48:40.436  CFY <aws> [ip1_x87498] Deleting node instance
2019-08-08 14:48:40.672  CFY <aws> [config-wordpress2_bpl1dx] Deleted node instance
2019-08-08 14:48:40.864  CFY <aws> [security_group_rules_e1qpor] Deleted node instance
2019-08-08 14:48:41.022  CFY <aws> [ip1_x87498.delete] Sending task 'cloudify_aws.ec2.resources.elasticip.delete'
2019-08-08 14:48:41.621  CFY <aws> [config-database_vago95] Relationships unlinked
2019-08-08 14:48:41.849  CFY <aws> [route_public_subnet_internet_gateway_yqb9tl.delete] Task succeeded 'cloudify_aws.ec2.resources.route.delete'
2019-08-08 14:48:42.546  CFY <aws> [config-wordpress1_y18hfr] Deleted node instance
2019-08-08 14:48:43.731  CFY <aws> [config-database_vago95] Deleting node instance: nothing to do
2019-08-08 14:48:44.068  CFY <aws> [route_public_subnet_internet_gateway_yqb9tl] Deleted node instance
2019-08-08 14:48:45.133  CFY <aws> [vm-app2_rznsyr] Stopping node instance
2019-08-08 14:48:45.267  CFY <aws> [vm-app1_1mkdty] Stopping node instance
2019-08-08 14:48:46.024  CFY <aws> [config-database_vago95] Deleted node instance
2019-08-08 14:48:47.660  CFY <aws> [routetable_mwte84] Stopping node instance
2019-08-08 14:48:47.853  CFY <aws> [internet_gateway_i633f9] Stopping node instance
2019-08-08 14:48:48.270  CFY <aws> [ip2_79hnyc.delete] Task succeeded 'cloudify_aws.ec2.resources.elasticip.delete'
2019-08-08 14:48:48.454  CFY <aws> [vm-app2_rznsyr] Validating node instance after deletion: nothing to do
2019-08-08 14:48:48.621  CFY <aws> [vm-app1_1mkdty] Validating node instance after deletion: nothing to do
2019-08-08 14:48:48.739  CFY <aws> [vm-database_7oelsu] Stopping node instance
2019-08-08 14:48:49.136  CFY <aws> [vm-app2_rznsyr.stop] Sending task 'cloudify_aws.ec2.resources.instances.stop'
2019-08-08 14:48:49.310  CFY <aws> [routetable_mwte84] Validating node instance after deletion: nothing to do
2019-08-08 14:48:49.611  CFY <aws> [ip2_79hnyc] Deleted node instance
2019-08-08 14:48:49.712  CFY <aws> [ipdb_w7q9lj.delete] Task succeeded 'cloudify_aws.ec2.resources.elasticip.delete'
2019-08-08 14:48:49.715  CFY <aws> [internet_gateway_i633f9] Validating node instance after deletion: nothing to do
2019-08-08 14:48:50.596  CFY <aws> [vm-app1_1mkdty.stop] Sending task 'cloudify_aws.ec2.resources.instances.stop'
2019-08-08 14:48:51.220  CFY <aws> [ip1_x87498.delete] Task succeeded 'cloudify_aws.ec2.resources.elasticip.delete'
2019-08-08 14:48:51.704  CFY <aws> [routetable_mwte84.stop] Sending task 'cloudify_aws.ec2.resources.routetable.detach'
2019-08-08 14:48:52.790  CFY <aws> [vm-database_7oelsu] Validating node instance after deletion: nothing to do
2019-08-08 14:48:53.015  CFY <aws> [internet_gateway_i633f9.stop] Sending task 'cloudify_aws.ec2.resources.internet_gateway.detach'
2019-08-08 14:48:54.475  CFY <aws> [ipdb_w7q9lj] Deleted node instance
2019-08-08 14:48:54.537  CFY <aws> [vm-database_7oelsu.stop] Sending task 'cloudify_aws.ec2.resources.instances.stop'
2019-08-08 14:48:54.690  CFY <aws> [ip1_x87498] Deleted node instance
2019-08-08 14:48:58.674  CFY <aws> [vm-app2_rznsyr.stop] Task rescheduled 'cloudify_aws.ec2.resources.instances.stop' -> EC2 Instances ID# "i-0b44315306101c306" is still in a pending state.
Traceback (most recent call last):
  File "/opt/mgmtworker/env/lib/python2.7/site-packages/cloudify/dispatch.py", line 813, in main
    payload = handler.handle()
  File "/opt/mgmtworker/env/lib/python2.7/site-packages/cloudify/dispatch.py", line 461, in handle
    result = self._run_operation_func(ctx, kwargs)
  File "/opt/mgmtworker/env/lib/python2.7/site-packages/cloudify/dispatch.py", line 519, in _run_operation_func
    return self.func(*self.args, **kwargs)
  File "/opt/mgmtworker/env/plugins/default_tenant/cloudify-aws-plugin-2.3.0/lib/python2.7/site-packages/cloudify_aws/common/decorators.py", line 303, in wrapper_inner
    result = function(**kwargs)
  File "/opt/mgmtworker/env/plugins/default_tenant/cloudify-aws-plugin-2.3.0/lib/python2.7/site-packages/cloudify_aws/common/decorators.py", line 330, in wrapper_inner
    fail_on_missing)
  File "/opt/mgmtworker/env/plugins/default_tenant/cloudify-aws-plugin-2.3.0/lib/python2.7/site-packages/cloudify_aws/common/decorators.py", line 76, in _wait_for_status
    % (resource_type, iface.resource_id))
OperationRetry: EC2 Instances ID# "i-0b44315306101c306" is still in a pending state.

2019-08-08 14:49:00.815  CFY <aws> [vm-app1_1mkdty.stop] Task rescheduled 'cloudify_aws.ec2.resources.instances.stop' -> EC2 Instances ID# "i-05ef2bdf7b1b13ca3" is still in a pending state.
Traceback (most recent call last):
  File "/opt/mgmtworker/env/lib/python2.7/site-packages/cloudify/dispatch.py", line 813, in main
    payload = handler.handle()
  File "/opt/mgmtworker/env/lib/python2.7/site-packages/cloudify/dispatch.py", line 461, in handle
    result = self._run_operation_func(ctx, kwargs)
  File "/opt/mgmtworker/env/lib/python2.7/site-packages/cloudify/dispatch.py", line 519, in _run_operation_func
    return self.func(*self.args, **kwargs)
  File "/opt/mgmtworker/env/plugins/default_tenant/cloudify-aws-plugin-2.3.0/lib/python2.7/site-packages/cloudify_aws/common/decorators.py", line 303, in wrapper_inner
    result = function(**kwargs)
  File "/opt/mgmtworker/env/plugins/default_tenant/cloudify-aws-plugin-2.3.0/lib/python2.7/site-packages/cloudify_aws/common/decorators.py", line 330, in wrapper_inner
    fail_on_missing)
  File "/opt/mgmtworker/env/plugins/default_tenant/cloudify-aws-plugin-2.3.0/lib/python2.7/site-packages/cloudify_aws/common/decorators.py", line 76, in _wait_for_status
    % (resource_type, iface.resource_id))
OperationRetry: EC2 Instances ID# "i-05ef2bdf7b1b13ca3" is still in a pending state.

2019-08-08 14:49:01.982  CFY <aws> [routetable_mwte84.stop] Task succeeded 'cloudify_aws.ec2.resources.routetable.detach'
2019-08-08 14:49:02.062  CFY <aws> [routetable_mwte84] Stopped node instance
2019-08-08 14:49:02.369  CFY <aws> [routetable_mwte84] Unlinking relationships
2019-08-08 14:49:02.655  CFY <aws> [routetable_mwte84] Relationships unlinked
2019-08-08 14:49:03.112  CFY <aws> [routetable_mwte84] Deleting node instance
2019-08-08 14:49:03.302  CFY <aws> [routetable_mwte84.delete] Sending task 'cloudify_aws.ec2.resources.routetable.delete'
2019-08-08 14:49:03.410  CFY <aws> [internet_gateway_i633f9.stop] Task succeeded 'cloudify_aws.ec2.resources.internet_gateway.detach'
2019-08-08 14:49:04.255  CFY <aws> [vm-database_7oelsu.stop] Task rescheduled 'cloudify_aws.ec2.resources.instances.stop' -> EC2 Instances ID# "i-0242e1e09a64bf442" is still in a pending state.
Traceback (most recent call last):
  File "/opt/mgmtworker/env/lib/python2.7/site-packages/cloudify/dispatch.py", line 813, in main
    payload = handler.handle()
  File "/opt/mgmtworker/env/lib/python2.7/site-packages/cloudify/dispatch.py", line 461, in handle
    result = self._run_operation_func(ctx, kwargs)
  File "/opt/mgmtworker/env/lib/python2.7/site-packages/cloudify/dispatch.py", line 519, in _run_operation_func
    return self.func(*self.args, **kwargs)
  File "/opt/mgmtworker/env/plugins/default_tenant/cloudify-aws-plugin-2.3.0/lib/python2.7/site-packages/cloudify_aws/common/decorators.py", line 303, in wrapper_inner
    result = function(**kwargs)
  File "/opt/mgmtworker/env/plugins/default_tenant/cloudify-aws-plugin-2.3.0/lib/python2.7/site-packages/cloudify_aws/common/decorators.py", line 330, in wrapper_inner
    fail_on_missing)
  File "/opt/mgmtworker/env/plugins/default_tenant/cloudify-aws-plugin-2.3.0/lib/python2.7/site-packages/cloudify_aws/common/decorators.py", line 76, in _wait_for_status
    % (resource_type, iface.resource_id))
OperationRetry: EC2 Instances ID# "i-0242e1e09a64bf442" is still in a pending state.

2019-08-08 14:49:04.441  CFY <aws> [internet_gateway_i633f9] Stopped node instance
2019-08-08 14:49:04.868  CFY <aws> [internet_gateway_i633f9] Unlinking relationships
2019-08-08 14:49:05.170  CFY <aws> [internet_gateway_i633f9] Relationships unlinked
2019-08-08 14:49:05.371  CFY <aws> [internet_gateway_i633f9] Deleting node instance
2019-08-08 14:49:05.934  CFY <aws> [internet_gateway_i633f9.delete] Sending task 'cloudify_aws.ec2.resources.internet_gateway.delete'
2019-08-08 14:49:08.798  CFY <aws> [routetable_mwte84.delete] Task succeeded 'cloudify_aws.ec2.resources.routetable.delete'
2019-08-08 14:49:09.184  CFY <aws> [routetable_mwte84] Deleted node instance
2019-08-08 14:49:10.840  CFY <aws> [internet_gateway_i633f9.delete] Task succeeded 'cloudify_aws.ec2.resources.internet_gateway.delete'
2019-08-08 14:49:10.883  CFY <aws> [internet_gateway_i633f9] Deleted node instance
2019-08-08 14:49:13.777  CFY <aws> [vm-app2_rznsyr.stop] Sending task 'cloudify_aws.ec2.resources.instances.stop' [retry 1/60]
2019-08-08 14:49:16.061  CFY <aws> [vm-app1_1mkdty.stop] Sending task 'cloudify_aws.ec2.resources.instances.stop' [retry 1/60]
2019-08-08 14:49:18.793  CFY <aws> [vm-app2_rznsyr.stop] Task succeeded 'cloudify_aws.ec2.resources.instances.stop' [retry 1/60]
2019-08-08 14:49:18.909  CFY <aws> [vm-app2_rznsyr] Stopped node instance
2019-08-08 14:49:19.321  CFY <aws> [vm-app2_rznsyr] Unlinking relationships
2019-08-08 14:49:19.471  CFY <aws> [vm-database_7oelsu.stop] Sending task 'cloudify_aws.ec2.resources.instances.stop' [retry 1/60]
2019-08-08 14:49:20.679  CFY <aws> [vm-app2_rznsyr] Relationships unlinked
2019-08-08 14:49:20.903  CFY <aws> [vm-app2_rznsyr] Deleting node instance
2019-08-08 14:49:21.291  CFY <aws> [vm-app1_1mkdty.stop] Task succeeded 'cloudify_aws.ec2.resources.instances.stop' [retry 1/60]
2019-08-08 14:49:21.430  CFY <aws> [vm-app1_1mkdty] Stopped node instance
2019-08-08 14:49:21.650  CFY <aws> [vm-app2_rznsyr.delete] Sending task 'cloudify_aws.ec2.resources.instances.delete'
2019-08-08 14:49:23.276  CFY <aws> [vm-app1_1mkdty] Unlinking relationships
2019-08-08 14:49:23.882  CFY <aws> [vm-app1_1mkdty] Relationships unlinked
2019-08-08 14:49:24.700  CFY <aws> [vm-app1_1mkdty] Deleting node instance
2019-08-08 14:49:24.964  CFY <aws> [vm-app1_1mkdty.delete] Sending task 'cloudify_aws.ec2.resources.instances.delete'
2019-08-08 14:49:26.409  CFY <aws> [vm-database_7oelsu.stop] Task succeeded 'cloudify_aws.ec2.resources.instances.stop' [retry 1/60]
2019-08-08 14:49:26.440  CFY <aws> [vm-database_7oelsu] Stopped node instance
2019-08-08 14:49:27.066  CFY <aws> [vm-database_7oelsu] Unlinking relationships
2019-08-08 14:49:27.501  CFY <aws> [vm-database_7oelsu] Relationships unlinked
2019-08-08 14:49:28.956  CFY <aws> [vm-database_7oelsu] Deleting node instance
2019-08-08 14:49:29.465  CFY <aws> [vm-database_7oelsu.delete] Sending task 'cloudify_aws.ec2.resources.instances.delete'
2019-08-08 14:49:30.661  CFY <aws> [vm-app2_rznsyr.delete] Task rescheduled 'cloudify_aws.ec2.resources.instances.delete' -> EC2 Instances ID# "i-0b44315306101c306" is still in a pending state.
Traceback (most recent call last):
  File "/opt/mgmtworker/env/lib/python2.7/site-packages/cloudify/dispatch.py", line 813, in main
    payload = handler.handle()
  File "/opt/mgmtworker/env/lib/python2.7/site-packages/cloudify/dispatch.py", line 461, in handle
    result = self._run_operation_func(ctx, kwargs)
  File "/opt/mgmtworker/env/lib/python2.7/site-packages/cloudify/dispatch.py", line 519, in _run_operation_func
    return self.func(*self.args, **kwargs)
  File "/opt/mgmtworker/env/plugins/default_tenant/cloudify-aws-plugin-2.3.0/lib/python2.7/site-packages/cloudify_aws/common/decorators.py", line 303, in wrapper_inner
    result = function(**kwargs)
  File "/opt/mgmtworker/env/plugins/default_tenant/cloudify-aws-plugin-2.3.0/lib/python2.7/site-packages/cloudify_aws/common/decorators.py", line 382, in wrapper_inner
    % (resource_type, iface.resource_id))
OperationRetry: EC2 Instances ID# "i-0b44315306101c306" is still in a pending state.

2019-08-08 14:49:32.522  CFY <aws> [vm-app1_1mkdty.delete] Task rescheduled 'cloudify_aws.ec2.resources.instances.delete' -> EC2 Instances ID# "i-05ef2bdf7b1b13ca3" is still in a pending state.
Traceback (most recent call last):
  File "/opt/mgmtworker/env/lib/python2.7/site-packages/cloudify/dispatch.py", line 813, in main
    payload = handler.handle()
  File "/opt/mgmtworker/env/lib/python2.7/site-packages/cloudify/dispatch.py", line 461, in handle
    result = self._run_operation_func(ctx, kwargs)
  File "/opt/mgmtworker/env/lib/python2.7/site-packages/cloudify/dispatch.py", line 519, in _run_operation_func
    return self.func(*self.args, **kwargs)
  File "/opt/mgmtworker/env/plugins/default_tenant/cloudify-aws-plugin-2.3.0/lib/python2.7/site-packages/cloudify_aws/common/decorators.py", line 303, in wrapper_inner
    result = function(**kwargs)
  File "/opt/mgmtworker/env/plugins/default_tenant/cloudify-aws-plugin-2.3.0/lib/python2.7/site-packages/cloudify_aws/common/decorators.py", line 382, in wrapper_inner
    % (resource_type, iface.resource_id))
OperationRetry: EC2 Instances ID# "i-05ef2bdf7b1b13ca3" is still in a pending state.

2019-08-08 14:49:37.329  CFY <aws> [vm-database_7oelsu.delete] Task rescheduled 'cloudify_aws.ec2.resources.instances.delete' -> EC2 Instances ID# "i-0242e1e09a64bf442" is still in a pending state.
Traceback (most recent call last):
  File "/opt/mgmtworker/env/lib/python2.7/site-packages/cloudify/dispatch.py", line 813, in main
    payload = handler.handle()
  File "/opt/mgmtworker/env/lib/python2.7/site-packages/cloudify/dispatch.py", line 461, in handle
    result = self._run_operation_func(ctx, kwargs)
  File "/opt/mgmtworker/env/lib/python2.7/site-packages/cloudify/dispatch.py", line 519, in _run_operation_func
    return self.func(*self.args, **kwargs)
  File "/opt/mgmtworker/env/plugins/default_tenant/cloudify-aws-plugin-2.3.0/lib/python2.7/site-packages/cloudify_aws/common/decorators.py", line 303, in wrapper_inner
    result = function(**kwargs)
  File "/opt/mgmtworker/env/plugins/default_tenant/cloudify-aws-plugin-2.3.0/lib/python2.7/site-packages/cloudify_aws/common/decorators.py", line 382, in wrapper_inner
    % (resource_type, iface.resource_id))
OperationRetry: EC2 Instances ID# "i-0242e1e09a64bf442" is still in a pending state.

2019-08-08 14:49:45.746  CFY <aws> [vm-app2_rznsyr.delete] Sending task 'cloudify_aws.ec2.resources.instances.delete' [retry 1/60]
2019-08-08 14:49:47.785  CFY <aws> [vm-app1_1mkdty.delete] Sending task 'cloudify_aws.ec2.resources.instances.delete' [retry 1/60]
2019-08-08 14:49:51.086  CFY <aws> [vm-app2_rznsyr.delete] Task succeeded 'cloudify_aws.ec2.resources.instances.delete' [retry 1/60]
2019-08-08 14:49:51.358  CFY <aws> [vm-app2_rznsyr] Deleted node instance
2019-08-08 14:49:51.986  CFY <aws> [cloud_init2_n438te] Stopping node instance
2019-08-08 14:49:52.373  CFY <aws> [nic2_036edi] Stopping node instance
2019-08-08 14:49:52.534  CFY <aws> [vm-database_7oelsu.delete] Sending task 'cloudify_aws.ec2.resources.instances.delete' [retry 1/60]
2019-08-08 14:49:52.727  CFY <aws> [vm-app1_1mkdty.delete] Task succeeded 'cloudify_aws.ec2.resources.instances.delete' [retry 1/60]
2019-08-08 14:49:53.846  CFY <aws> [cloud_init2_n438te] Validating node instance after deletion: nothing to do
2019-08-08 14:49:53.946  CFY <aws> [nic2_036edi] Validating node instance after deletion: nothing to do
2019-08-08 14:49:54.032  CFY <aws> [vm-app1_1mkdty] Deleted node instance
2019-08-08 14:49:54.234  CFY <aws> [nic2_036edi.stop] Sending task 'cloudify_aws.ec2.resources.eni.detach'
2019-08-08 14:49:55.367  CFY <aws> [cloud_init2_n438te.stop] Sending task 'cloudify_cloudinit.tasks.update'
2019-08-08 14:49:56.635  CFY <aws> [cloud_init_1n15gm] Stopping node instance
2019-08-08 14:49:57.698  CFY <aws> [nic1_wodikx] Stopping node instance
2019-08-08 14:49:58.385  CFY <aws> [cloud_init_1n15gm] Validating node instance after deletion: nothing to do
2019-08-08 14:49:58.588  CFY <aws> [nic1_wodikx] Validating node instance after deletion: nothing to do
2019-08-08 14:49:58.885  CFY <aws> [cloud_init_1n15gm.stop] Sending task 'cloudify_cloudinit.tasks.update'
2019-08-08 14:49:58.936  CFY <aws> [vm-database_7oelsu.delete] Task succeeded 'cloudify_aws.ec2.resources.instances.delete' [retry 1/60]
2019-08-08 14:50:00.362  CFY <aws> [nic1_wodikx.stop] Sending task 'cloudify_aws.ec2.resources.eni.detach'
2019-08-08 14:50:01.188  CFY <aws> [nic2_036edi.stop] Task succeeded 'cloudify_aws.ec2.resources.eni.detach'
2019-08-08 14:50:01.223  CFY <aws> [cloud_init2_n438te.stop] Task succeeded 'cloudify_cloudinit.tasks.update'
2019-08-08 14:50:01.856  CFY <aws> [vm-database_7oelsu] Deleted node instance
2019-08-08 14:50:02.064  CFY <aws> [cloud_init2_n438te] Stopped node instance
2019-08-08 14:50:02.237  CFY <aws> [nic2_036edi] Stopped node instance
2019-08-08 14:50:02.403  CFY <aws> [nicdb_y3wv3n] Stopping node instance
2019-08-08 14:50:04.201  CFY <aws> [cloud_init_1n15gm.stop] Task succeeded 'cloudify_cloudinit.tasks.update'
2019-08-08 14:50:04.797  CFY <aws> [cloud_initdb_84z46o] Stopping node instance
2019-08-08 14:50:05.195  CFY <aws> [ami_m5qwqs] Stopping node instance
2019-08-08 14:50:05.797  CFY <aws> [nicdb_y3wv3n] Validating node instance after deletion: nothing to do
2019-08-08 14:50:05.895  CFY <aws> [cloud_init_1n15gm] Stopped node instance
2019-08-08 14:50:06.024  CFY <aws> [cloud_init2_n438te] Unlinking relationships
2019-08-08 14:50:06.098  CFY <aws> [nicdb_y3wv3n.stop] Sending task 'cloudify_aws.ec2.resources.eni.detach'
2019-08-08 14:50:06.152  CFY <aws> [cloud_initdb_84z46o] Validating node instance after deletion: nothing to do
2019-08-08 14:50:06.301  CFY <aws> [ami_m5qwqs] Validating node instance after deletion: nothing to do
2019-08-08 14:50:06.381  CFY <aws> [nic2_036edi] Unlinking relationships
2019-08-08 14:50:07.191  CFY <aws> [ami_m5qwqs] Stopped node instance: nothing to do
2019-08-08 14:50:07.266  CFY <aws> [nic1_wodikx.stop] Task succeeded 'cloudify_aws.ec2.resources.eni.detach'
2019-08-08 14:50:07.310  CFY <aws> [cloud_initdb_84z46o.stop] Sending task 'cloudify_cloudinit.tasks.update'
2019-08-08 14:50:09.203  CFY <aws> [nic2_036edi] Relationships unlinked
2019-08-08 14:50:09.402  CFY <aws> [cloud_init_1n15gm] Unlinking relationships
2019-08-08 14:50:09.627  CFY <aws> [nic1_wodikx] Stopped node instance
2019-08-08 14:50:09.887  CFY <aws> [cloud_init2_n438te] Relationships unlinked
2019-08-08 14:50:10.094  CFY <aws> [ami_m5qwqs] Unlinking relationships
2019-08-08 14:50:10.678  CFY <aws> [nic2_036edi] Deleting node instance
2019-08-08 14:50:10.786  CFY <aws> [cloud_init_1n15gm] Relationships unlinked
2019-08-08 14:50:11.226  CFY <aws> [nic2_036edi.delete] Sending task 'cloudify_aws.ec2.resources.eni.delete'
2019-08-08 14:50:12.071  CFY <aws> [cloud_init2_n438te] Deleting node instance
2019-08-08 14:50:12.200  CFY <aws> [ami_m5qwqs] Relationships unlinked
2019-08-08 14:50:12.231  CFY <aws> [nicdb_y3wv3n.stop] Task succeeded 'cloudify_aws.ec2.resources.eni.detach'
2019-08-08 14:50:12.399  CFY <aws> [cloud_init_1n15gm] Deleting node instance
2019-08-08 14:50:12.588  CFY <aws> [cloud_init2_n438te.delete] Sending task 'cloudify_cloudinit.tasks.update'
2019-08-08 14:50:12.694  CFY <aws> [cloud_initdb_84z46o.stop] Task succeeded 'cloudify_cloudinit.tasks.update'
2019-08-08 14:50:13.362  CFY <aws> [nic1_wodikx] Unlinking relationships
2019-08-08 14:50:13.723  CFY <aws> [ami_m5qwqs] Deleting node instance: nothing to do
2019-08-08 14:50:14.013  CFY <aws> [nicdb_y3wv3n] Stopped node instance
2019-08-08 14:50:14.284  CFY <aws> [cloud_initdb_84z46o] Stopped node instance
2019-08-08 14:50:14.452  CFY <aws> [cloud_init_1n15gm.delete] Sending task 'cloudify_cloudinit.tasks.update'
2019-08-08 14:50:15.455  CFY <aws> [nic1_wodikx] Relationships unlinked
2019-08-08 14:50:15.637  CFY <aws> [ami_m5qwqs] Deleted node instance
2019-08-08 14:50:18.881  CFY <aws> [cloud_init2_n438te.delete] Task succeeded 'cloudify_cloudinit.tasks.update'
2019-08-08 14:50:19.171  CFY <aws> [nic1_wodikx] Deleting node instance
2019-08-08 14:50:19.343  CFY <aws> [nicdb_y3wv3n] Unlinking relationships
2019-08-08 14:50:19.558  CFY <aws> [cloud_initdb_84z46o] Unlinking relationships
2019-08-08 14:50:19.605  CFY <aws> [nic1_wodikx.delete] Sending task 'cloudify_aws.ec2.resources.eni.delete'
2019-08-08 14:50:20.287  CFY <aws> [cloud_init2_n438te] Deleted node instance
2019-08-08 14:50:20.541  CFY <aws> [cloud_init_1n15gm.delete] Task succeeded 'cloudify_cloudinit.tasks.update'
2019-08-08 14:50:21.233  CFY <aws> [nic2_036edi.delete] Task succeeded 'cloudify_aws.ec2.resources.eni.delete'
2019-08-08 14:50:21.880  CFY <aws> [cloud_init_1n15gm] Deleted node instance
2019-08-08 14:50:22.119  CFY <aws> [nicdb_y3wv3n] Relationships unlinked
2019-08-08 14:50:22.282  CFY <aws> [nic2_036edi] Deleted node instance
2019-08-08 14:50:22.525  CFY <aws> [cloud_initdb_84z46o] Relationships unlinked
2019-08-08 14:50:23.924  CFY <aws> [nicdb_y3wv3n] Deleting node instance
2019-08-08 14:50:24.052  CFY <aws> [cloud_initdb_84z46o] Deleting node instance
2019-08-08 14:50:24.469  CFY <aws> [nicdb_y3wv3n.delete] Sending task 'cloudify_aws.ec2.resources.eni.delete'
2019-08-08 14:50:25.946  CFY <aws> [cloud_initdb_84z46o.delete] Sending task 'cloudify_cloudinit.tasks.update'
2019-08-08 14:50:30.158  CFY <aws> [nic1_wodikx.delete] Task succeeded 'cloudify_aws.ec2.resources.eni.delete'
2019-08-08 14:50:30.258  CFY <aws> [nic1_wodikx] Deleted node instance
2019-08-08 14:50:31.985  CFY <aws> [cloud_initdb_84z46o.delete] Task succeeded 'cloudify_cloudinit.tasks.update'
2019-08-08 14:50:32.195  CFY <aws> [cloud_initdb_84z46o] Deleted node instance
2019-08-08 14:50:33.005  CFY <aws> [nicdb_y3wv3n.delete] Task succeeded 'cloudify_aws.ec2.resources.eni.delete'
2019-08-08 14:50:33.279  CFY <aws> [nicdb_y3wv3n] Deleted node instance
2019-08-08 14:50:33.710  CFY <aws> [security_group_hikjyh] Stopping node instance
2019-08-08 14:50:34.440  CFY <aws> [subnet_eep1v2] Stopping node instance
2019-08-08 14:50:34.529  CFY <aws> [security_group_hikjyh] Validating node instance after deletion: nothing to do
2019-08-08 14:50:34.626  CFY <aws> [subnet_eep1v2] Validating node instance after deletion: nothing to do
2019-08-08 14:50:34.722  CFY <aws> [subnet_eep1v2] Stopped node instance: nothing to do
2019-08-08 14:50:34.794  CFY <aws> [security_group_hikjyh] Stopped node instance: nothing to do
2019-08-08 14:50:35.192  CFY <aws> [subnet_eep1v2] Unlinking relationships
2019-08-08 14:50:35.239  CFY <aws> [security_group_hikjyh] Unlinking relationships
2019-08-08 14:50:35.591  CFY <aws> [security_group_hikjyh] Relationships unlinked
2019-08-08 14:50:35.719  CFY <aws> [subnet_eep1v2] Relationships unlinked
2019-08-08 14:50:35.847  CFY <aws> [security_group_hikjyh] Deleting node instance
2019-08-08 14:50:36.148  CFY <aws> [subnet_eep1v2] Deleting node instance
2019-08-08 14:50:36.365  CFY <aws> [security_group_hikjyh.delete] Sending task 'cloudify_aws.ec2.resources.securitygroup.delete'
2019-08-08 14:50:37.561  CFY <aws> [subnet_eep1v2.delete] Sending task 'cloudify_aws.ec2.resources.subnet.delete'
2019-08-08 14:50:41.499  CFY <aws> [security_group_hikjyh.delete] Task succeeded 'cloudify_aws.ec2.resources.securitygroup.delete'
2019-08-08 14:50:41.582  CFY <aws> [security_group_hikjyh] Deleted node instance
2019-08-08 14:50:42.721  CFY <aws> [subnet_eep1v2.delete] Task succeeded 'cloudify_aws.ec2.resources.subnet.delete'
2019-08-08 14:50:42.772  CFY <aws> [subnet_eep1v2] Deleted node instance
2019-08-08 14:50:43.608  CFY <aws> [vpc_4gyc3j] Stopping node instance
2019-08-08 14:50:43.817  CFY <aws> [vpc_4gyc3j] Validating node instance after deletion: nothing to do
2019-08-08 14:50:44.013  CFY <aws> [vpc_4gyc3j] Stopped node instance: nothing to do
2019-08-08 14:50:44.329  CFY <aws> [vpc_4gyc3j] Unlinking relationships
2019-08-08 14:50:44.617  CFY <aws> [vpc_4gyc3j] Relationships unlinked
2019-08-08 14:50:44.802  CFY <aws> [vpc_4gyc3j] Deleting node instance
2019-08-08 14:50:45.151  CFY <aws> [vpc_4gyc3j.delete] Sending task 'cloudify_aws.ec2.resources.vpc.delete'
2019-08-08 14:50:49.630  CFY <aws> [vpc_4gyc3j.delete] Task succeeded 'cloudify_aws.ec2.resources.vpc.delete'
2019-08-08 14:50:49.717  CFY <aws> [vpc_4gyc3j] Deleted node instance
Execution ended, waiting 3 seconds for additional log messages
2019-08-08 14:50:50.368  CFY <aws> 'uninstall' workflow execution succeeded
Finished executing workflow uninstall on deployment aws
* Run 'cfy events list 27d8db83-021f-4682-a0b6-eb1b2be9c802' to retrieve the execution's events/logs
Trying to delete deployment aws...
Deployment deleted
Deleting blueprint cloudify-wordpress-blueprint-aws...
Blueprint deleted
