Executing workflow `uninstall` on deployment `gcp` [timeout=900 seconds]
2019-08-10 16:52:14.975  CFY <gcp> Starting 'uninstall' workflow execution
2019-08-10 16:52:15.981  CFY <gcp> [config-wordpress_3nfb1v] Validating node instance after deletion: nothing to do
2019-08-10 16:52:16.165  CFY <gcp> [config-database_kati15->vm-database_2696hf|unlink] Sending task 'cloudify_ansible.tasks.ansible_remove_host'
2019-08-10 16:52:17.138  CFY <gcp> [config-database_kati15] Validating node instance after deletion: nothing to do
2019-08-10 16:52:17.542  CFY <gcp> [firewall_f2rhv1] Stopping node instance
2019-08-10 16:52:17.772  CFY <gcp> [config-wordpress_3nfb1v->vm-app2_gtuf72|unlink] Sending task 'cloudify_ansible.tasks.ansible_remove_host'
2019-08-10 16:52:18.993  CFY <gcp> [config-database_kati15] Stop: instance already uninitialized
2019-08-10 16:52:19.136  CFY <gcp> [firewall_f2rhv1] Validating node instance after deletion: nothing to do
2019-08-10 16:52:19.261  CFY <gcp> [config-wordpress_3nfb1v] Stop: instance already uninitialized
2019-08-10 16:52:19.870  CFY <gcp> [firewall_f2rhv1] Stopped node instance: nothing to do
2019-08-10 16:52:20.638  CFY <gcp> [config-database_kati15] Delete: instance already uninitialized
2019-08-10 16:52:21.279  CFY <gcp> [config-wordpress_3nfb1v] Delete: instance already uninitialized
2019-08-10 16:52:21.301  CFY <gcp> [config-database_kati15->vm-database_2696hf|unlink] Task succeeded 'cloudify_ansible.tasks.ansible_remove_host'
2019-08-10 16:52:21.535  CFY <gcp> [config-database_kati15] Deleted node instance
2019-08-10 16:52:22.121  CFY <gcp> [firewall_f2rhv1] Unlinking relationships
2019-08-10 16:52:22.272  CFY <gcp> [config-wordpress_3nfb1v] Deleted node instance
2019-08-10 16:52:22.775  CFY <gcp> [firewall_f2rhv1] Relationships unlinked
2019-08-10 16:52:22.824  CFY <gcp> Task failed '_SetNodeInstanceStateTask' -> 409: Node instance update conflict [current version=3, update version=2]
Traceback (most recent call last):
  File "/opt/mgmtworker/env/lib/python2.7/site-packages/cloudify/workflows/tasks.py", line 709, in local_task_wrapper
    result = self.local_task(**self.kwargs)
  File "/opt/mgmtworker/env/lib/python2.7/site-packages/cloudify/workflows/tasks.py", line 1019, in __call__
    return self.remote()
  File "/opt/mgmtworker/env/lib/python2.7/site-packages/cloudify/workflows/tasks.py", line 1055, in remote
    update_node_instance(node_instance)
  File "/opt/mgmtworker/env/lib/python2.7/site-packages/cloudify/manager.py", line 389, in update_node_instance
    version=node_instance.version)
  File "/opt/mgmtworker/env/lib/python2.7/site-packages/cloudify_rest_client/node_instances.py", line 141, in update
    response = self.api.patch(uri, data=data)
  File "/opt/mgmtworker/env/lib/python2.7/site-packages/cloudify_rest_client/client.py", line 311, in patch
    timeout=timeout)
  File "/opt/mgmtworker/env/lib/python2.7/site-packages/cloudify/cluster.py", line 57, in do_request
    **kwargs)
  File "/opt/mgmtworker/env/lib/python2.7/site-packages/cloudify_rest_client/client.py", line 257, in do_request
    verify=self.get_request_verify(), timeout=timeout)
  File "/opt/mgmtworker/env/lib/python2.7/site-packages/cloudify_rest_client/client.py", line 191, in _do_request
    self._raise_client_error(response, request_url)
  File "/opt/mgmtworker/env/lib/python2.7/site-packages/cloudify_rest_client/client.py", line 144, in _raise_client_error
    response=response)
  File "/opt/mgmtworker/env/lib/python2.7/site-packages/cloudify_rest_client/client.py", line 156, in _prepare_and_raise_exception
    status_code, error_code=error_code, response=response)
CloudifyClientError: 409: Node instance update conflict [current version=3, update version=2]

2019-08-10 16:52:22.951  CFY <gcp> [firewall_f2rhv1] Deleting node instance
2019-08-10 16:52:23.338  CFY <gcp> [config-wordpress_3nfb1v->vm-app2_gtuf72|unlink] Task succeeded 'cloudify_ansible.tasks.ansible_remove_host'
2019-08-10 16:52:23.497  CFY <gcp> [config-wordpress_3nfb1v->vm-app1_h46hdq|unlink] Sending task 'cloudify_ansible.tasks.ansible_remove_host'
2019-08-10 16:52:24.649  CFY <gcp> [firewall_f2rhv1.delete] Sending task 'cloudify_gcp.compute.firewall.delete'
2019-08-10 16:52:28.168  CFY <gcp> [config-wordpress_3nfb1v->vm-app1_h46hdq|unlink] Task succeeded 'cloudify_ansible.tasks.ansible_remove_host'
2019-08-10 16:52:29.134  CFY <gcp> [vm-app2_gtuf72] Validating node instance after deletion: nothing to do
2019-08-10 16:52:29.134  CFY <gcp> [vm-app2_gtuf72] Validating node instance after deletion: nothing to do
2019-08-10 16:52:29.690  CFY <gcp> [vm-app1_h46hdq] Validating node instance after deletion: nothing to do
2019-08-10 16:52:30.006  CFY <gcp> [vm-app2_gtuf72] Stop: instance already uninitialized
2019-08-10 16:52:30.082  CFY <gcp> [vm-app1_h46hdq] Stop: instance already uninitialized
2019-08-10 16:52:30.668  CFY <gcp> [vm-app2_gtuf72] Delete: instance already uninitialized
2019-08-10 16:52:30.730  CFY <gcp> [vm-app1_h46hdq] Delete: instance already uninitialized
2019-08-10 16:52:30.806  CFY <gcp> [vm-app1_h46hdq] Deleted node instance
2019-08-10 16:52:31.048  CFY <gcp> [vm-app2_gtuf72] Deleted node instance
2019-08-10 16:52:31.741  CFY <gcp> [vm-database_2696hf] Stopping node instance
2019-08-10 16:52:32.249  CFY <gcp> [firewall_f2rhv1.delete] Task succeeded 'cloudify_gcp.compute.firewall.delete'
2019-08-10 16:52:32.501  CFY <gcp> [vm-database_2696hf] Validating node instance after deletion: nothing to do
2019-08-10 16:52:32.568  CFY <gcp> [firewall_f2rhv1] Deleted node instance
2019-08-10 16:52:32.914  CFY <gcp> [vm-database_2696hf] Stopped node instance: nothing to do
2019-08-10 16:52:33.533  CFY <gcp> [vm-database_2696hf] Unlinking relationships
2019-08-10 16:52:33.795  CFY <gcp> [vm-database_2696hf] Relationships unlinked
2019-08-10 16:52:33.922  CFY <gcp> [vm-database_2696hf] Deleting node instance
2019-08-10 16:52:34.289  CFY <gcp> [vm-database_2696hf.delete] Sending task 'cloudify_gcp.compute.instance.delete'
2019-08-10 16:52:36.782  LOG <gcp> [vm-database_2696hf.delete] INFO: Delete instance wordpressdatabase
2019-08-10 16:52:38.606  LOG <gcp> [vm-database_2696hf.delete] ERROR: Error traceback Traceback (most recent call last):
  File "/opt/mgmtworker/env/plugins/default_tenant/cloudify-gcp-plugin-1.4.4/lib/python2.7/site-packages/cloudify_gcp/utils.py", line 262, in _decorator
    return func(*args, **kwargs)
  File "/opt/mgmtworker/env/plugins/default_tenant/cloudify-gcp-plugin-1.4.4/lib/python2.7/site-packages/cloudify_gcp/compute/instance.py", line 457, in delete
    utils.delete_if_not_external(instance)
  File "/opt/mgmtworker/env/plugins/default_tenant/cloudify-gcp-plugin-1.4.4/lib/python2.7/site-packages/cloudify_gcp/utils.py", line 175, in delete_if_not_external
    return resource.delete()
  File "/opt/mgmtworker/env/plugins/default_tenant/cloudify-gcp-plugin-1.4.4/lib/python2.7/site-packages/cloudify_gcp/utils.py", line 233, in wrapper
    response = func(self, *args, **kwargs)
  File "/opt/mgmtworker/env/plugins/default_tenant/cloudify-gcp-plugin-1.4.4/lib/python2.7/site-packages/cloudify_gcp/gcp.py", line 34, in _decorator
    response = func(self, *args, **kwargs)
  File "/opt/mgmtworker/env/plugins/default_tenant/cloudify-gcp-plugin-1.4.4/lib/python2.7/site-packages/cloudify_gcp/compute/instance.py", line 133, in delete
    instance=self.name).execute()
  File "/opt/mgmtworker/env/plugins/default_tenant/cloudify-gcp-plugin-1.4.4/lib/python2.7/site-packages/oauth2client/util.py", line 137, in positional_wrapper
    return wrapped(*args, **kwargs)
  File "/opt/mgmtworker/env/plugins/default_tenant/cloudify-gcp-plugin-1.4.4/lib/python2.7/site-packages/googleapiclient/http.py", line 832, in execute
    raise HttpError(resp, content, uri=self.uri)
HttpError: <HttpError 404 when requesting https://www.googleapis.com/compute/v1/projects/node2faas-248113/zones/us-east4-c/instances/wordpressdatabase?alt=json returned "The resource 'projects/node2faas-248113/zones/us-east4-c/instances/wordpressdatabase' was not found">
 with message <HttpError 404 when requesting https://www.googleapis.com/compute/v1/projects/node2faas-248113/zones/us-east4-c/instances/wordpressdatabase?alt=json returned "The resource 'projects/node2faas-248113/zones/us-east4-c/instances/wordpressdatabase' was not found">
2019-08-10 16:52:38.606  LOG <gcp> [vm-database_2696hf.delete] ERROR: Error Message 
2019-08-10 16:52:39.223  CFY <gcp> [vm-database_2696hf.delete] Task failed 'cloudify_gcp.compute.instance.delete'
Traceback (most recent call last):
  File "/opt/mgmtworker/env/lib/python2.7/site-packages/cloudify/dispatch.py", line 813, in main
    payload = handler.handle()
  File "/opt/mgmtworker/env/lib/python2.7/site-packages/cloudify/dispatch.py", line 461, in handle
    result = self._run_operation_func(ctx, kwargs)
  File "/opt/mgmtworker/env/lib/python2.7/site-packages/cloudify/dispatch.py", line 519, in _run_operation_func
    return self.func(*self.args, **kwargs)
  File "/opt/mgmtworker/env/plugins/default_tenant/cloudify-gcp-plugin-1.4.4/lib/python2.7/site-packages/cloudify_gcp/utils.py", line 277, in _decorator
    raise NonRecoverableError(error.message)
NonRecoverableError

2019-08-10 16:52:39.618  CFY <gcp> [vm-database_2696hf] Deleted node instance
2019-08-10 16:52:40.513  CFY <gcp> [subnet_2xf3qu] Stopping node instance
2019-08-10 16:52:40.761  CFY <gcp> [subnet_2xf3qu] Validating node instance after deletion: nothing to do
2019-08-10 16:52:40.953  CFY <gcp> [subnet_2xf3qu] Stopped node instance: nothing to do
2019-08-10 16:52:41.436  CFY <gcp> [subnet_2xf3qu] Unlinking relationships
2019-08-10 16:52:41.862  CFY <gcp> [subnet_2xf3qu] Relationships unlinked
2019-08-10 16:52:42.292  CFY <gcp> [subnet_2xf3qu] Deleting node instance
2019-08-10 16:52:42.525  CFY <gcp> [subnet_2xf3qu.delete] Sending task 'cloudify_gcp.compute.subnetwork.delete'
2019-08-10 16:52:45.039  LOG <gcp> [subnet_2xf3qu.delete] INFO: Delete subnetwork subnet-2xf3qu
2019-08-10 16:52:48.026  CFY <gcp> [subnet_2xf3qu.delete] Task rescheduled 'cloudify_gcp.compute.subnetwork.delete' -> Operation started
Traceback (most recent call last):
  File "/opt/mgmtworker/env/lib/python2.7/site-packages/cloudify/dispatch.py", line 813, in main
    payload = handler.handle()
  File "/opt/mgmtworker/env/lib/python2.7/site-packages/cloudify/dispatch.py", line 464, in handle
    raise ctx.operation._operation_retry
OperationRetry: Operation started

2019-08-10 16:53:03.214  CFY <gcp> [subnet_2xf3qu.delete] Sending task 'cloudify_gcp.compute.subnetwork.delete' [retry 1/60]
2019-08-10 16:53:07.859  CFY <gcp> [subnet_2xf3qu.delete] Task succeeded 'cloudify_gcp.compute.subnetwork.delete' [retry 1/60]
2019-08-10 16:53:08.116  CFY <gcp> [subnet_2xf3qu] Deleted node instance
2019-08-10 16:53:08.456  CFY <gcp> [network_uuhj0b] Stopping node instance
2019-08-10 16:53:08.773  CFY <gcp> [network_uuhj0b] Validating node instance after deletion: nothing to do
2019-08-10 16:53:08.856  CFY <gcp> [network_uuhj0b] Stopped node instance: nothing to do
2019-08-10 16:53:09.404  CFY <gcp> [network_uuhj0b] Unlinking relationships
2019-08-10 16:53:09.774  CFY <gcp> [network_uuhj0b] Relationships unlinked
2019-08-10 16:53:09.953  CFY <gcp> [network_uuhj0b] Deleting node instance
2019-08-10 16:53:10.338  CFY <gcp> [network_uuhj0b.delete] Sending task 'cloudify_gcp.compute.network.delete'
2019-08-10 16:53:12.642  LOG <gcp> [network_uuhj0b.delete] INFO: Delete network network-uuhj0b
2019-08-10 16:53:15.505  CFY <gcp> [network_uuhj0b.delete] Task rescheduled 'cloudify_gcp.compute.network.delete' -> Operation started
Traceback (most recent call last):
  File "/opt/mgmtworker/env/lib/python2.7/site-packages/cloudify/dispatch.py", line 813, in main
    payload = handler.handle()
  File "/opt/mgmtworker/env/lib/python2.7/site-packages/cloudify/dispatch.py", line 464, in handle
    raise ctx.operation._operation_retry
OperationRetry: Operation started

2019-08-10 16:53:30.619  CFY <gcp> [network_uuhj0b.delete] Sending task 'cloudify_gcp.compute.network.delete' [retry 1/60]
2019-08-10 16:53:34.963  CFY <gcp> [network_uuhj0b.delete] Task rescheduled 'cloudify_gcp.compute.network.delete' -> Operation not completed yet: RUNNING [retry_after=30] [retry 1/60]
Traceback (most recent call last):
  File "/opt/mgmtworker/env/lib/python2.7/site-packages/cloudify/dispatch.py", line 813, in main
    payload = handler.handle()
  File "/opt/mgmtworker/env/lib/python2.7/site-packages/cloudify/dispatch.py", line 464, in handle
    raise ctx.operation._operation_retry
OperationRetry: Operation not completed yet: RUNNING [retry_after=30]

2019-08-10 16:54:05.117  CFY <gcp> [network_uuhj0b.delete] Sending task 'cloudify_gcp.compute.network.delete' [retry 2/60]
2019-08-10 16:54:09.810  CFY <gcp> [network_uuhj0b.delete] Task succeeded 'cloudify_gcp.compute.network.delete' [retry 2/60]
2019-08-10 16:54:10.935  CFY <gcp> [network_uuhj0b] Deleted node instance
2019-08-10 16:54:11.959  CFY <gcp> 'uninstall' workflow execution succeeded
Finished executing workflow uninstall on deployment gcp
* Run 'cfy events list f7531d76-0bdd-451d-8410-46fa42d9f1ba' to retrieve the execution's events/logs
Trying to delete deployment gcp...
Deployment deleted
Deleting blueprint cloudify-wordpress-blueprint-gcp...
Blueprint deleted
