[0m[1mdata.template_file.config_database: Refreshing state...[0m
[0m[1mdata.aws_ami.ubuntu: Refreshing state...[0m
[0m[1maws_key_pair.wordpress: Refreshing state... [id=wordpress][0m
[0m[1maws_vpc.default: Refreshing state... [id=vpc-0e9a9a41acb66923a][0m
[0m[1maws_security_group.wordpress-security-group: Refreshing state... [id=sg-0dd437fafef838d8b][0m
[0m[1maws_subnet.default: Refreshing state... [id=subnet-06f7221e6ef30a860][0m
[0m[1maws_internet_gateway.internet_gateway: Refreshing state... [id=igw-0ad79188cd5fb635c][0m
[0m[1maws_route_table.internet_route: Refreshing state... [id=rtb-0e8eea19e44be0d4e][0m
[0m[1maws_network_interface.wordpress-2-network_interface: Refreshing state... [id=eni-067d4887ab4dd2fd0][0m
[0m[1maws_network_interface.wordpress-1-network_interface: Refreshing state... [id=eni-09e33a0edff0dbd32][0m
[0m[1maws_network_interface.wordpress-database-network_interface: Refreshing state... [id=eni-0cb2ecca66a2e93c9][0m
[0m[1maws_instance.wordpress-database: Refreshing state... [id=i-0f00281e215e9536a][0m
[0m[1maws_main_route_table_association.a: Refreshing state... [id=rtbassoc-02f0fad0185256525][0m
[0m[1mdata.template_file.config: Refreshing state...[0m
[0m[1maws_instance.wordpress-app1: Refreshing state... [id=i-0d7d109100b1470ae][0m
[0m[1maws_instance.wordpress-app2: Refreshing state... [id=i-02ed39ee6d3236da4][0m
[0m[1maws_key_pair.wordpress: Destroying... [id=wordpress][0m[0m
[0m[1maws_main_route_table_association.a: Destroying... [id=rtbassoc-02f0fad0185256525][0m[0m
[0m[1maws_instance.wordpress-app1: Destroying... [id=i-0d7d109100b1470ae][0m[0m
[0m[1maws_instance.wordpress-app2: Destroying... [id=i-02ed39ee6d3236da4][0m[0m
[0m[1maws_main_route_table_association.a: Destruction complete after 1s[0m[0m
[0m[1maws_route_table.internet_route: Destroying... [id=rtb-0e8eea19e44be0d4e][0m[0m
[0m[1maws_key_pair.wordpress: Destruction complete after 1s[0m[0m
[0m[1maws_route_table.internet_route: Destruction complete after 2s[0m[0m
[0m[1maws_internet_gateway.internet_gateway: Destroying... [id=igw-0ad79188cd5fb635c][0m[0m
[0m[1maws_instance.wordpress-app1: Still destroying... [id=i-0d7d109100b1470ae, 10s elapsed][0m[0m
[0m[1maws_instance.wordpress-app2: Still destroying... [id=i-02ed39ee6d3236da4, 10s elapsed][0m[0m
[0m[1maws_internet_gateway.internet_gateway: Still destroying... [id=igw-0ad79188cd5fb635c, 10s elapsed][0m[0m
[0m[1maws_instance.wordpress-app1: Still destroying... [id=i-0d7d109100b1470ae, 20s elapsed][0m[0m
[0m[1maws_instance.wordpress-app2: Still destroying... [id=i-02ed39ee6d3236da4, 20s elapsed][0m[0m
[0m[1maws_internet_gateway.internet_gateway: Still destroying... [id=igw-0ad79188cd5fb635c, 20s elapsed][0m[0m
[0m[1maws_instance.wordpress-app1: Still destroying... [id=i-0d7d109100b1470ae, 30s elapsed][0m[0m
[0m[1maws_instance.wordpress-app2: Still destroying... [id=i-02ed39ee6d3236da4, 30s elapsed][0m[0m
[0m[1maws_internet_gateway.internet_gateway: Still destroying... [id=igw-0ad79188cd5fb635c, 30s elapsed][0m[0m
[0m[1maws_instance.wordpress-app2: Destruction complete after 34s[0m[0m
[0m[1maws_instance.wordpress-app1: Destruction complete after 34s[0m[0m
[0m[1maws_network_interface.wordpress-2-network_interface: Destroying... [id=eni-067d4887ab4dd2fd0][0m[0m
[0m[1maws_network_interface.wordpress-1-network_interface: Destroying... [id=eni-09e33a0edff0dbd32][0m[0m
[0m[1maws_instance.wordpress-database: Destroying... [id=i-0f00281e215e9536a][0m[0m
[0m[1maws_network_interface.wordpress-2-network_interface: Destruction complete after 2s[0m[0m
[0m[1maws_network_interface.wordpress-1-network_interface: Destruction complete after 2s[0m[0m
[0m[1maws_internet_gateway.internet_gateway: Still destroying... [id=igw-0ad79188cd5fb635c, 40s elapsed][0m[0m
[0m[1maws_instance.wordpress-database: Still destroying... [id=i-0f00281e215e9536a, 10s elapsed][0m[0m
[0m[1maws_internet_gateway.internet_gateway: Destruction complete after 45s[0m[0m
[0m[1maws_instance.wordpress-database: Still destroying... [id=i-0f00281e215e9536a, 20s elapsed][0m[0m
[0m[1maws_instance.wordpress-database: Destruction complete after 22s[0m[0m
[0m[1maws_network_interface.wordpress-database-network_interface: Destroying... [id=eni-0cb2ecca66a2e93c9][0m[0m
[0m[1maws_network_interface.wordpress-database-network_interface: Destruction complete after 3s[0m[0m
[0m[1maws_security_group.wordpress-security-group: Destroying... [id=sg-0dd437fafef838d8b][0m[0m
[0m[1maws_subnet.default: Destroying... [id=subnet-06f7221e6ef30a860][0m[0m
[0m[1maws_security_group.wordpress-security-group: Destruction complete after 1s[0m[0m
[0m[1maws_subnet.default: Destruction complete after 1s[0m[0m
[0m[1maws_vpc.default: Destroying... [id=vpc-0e9a9a41acb66923a][0m[0m
[0m[1maws_vpc.default: Destruction complete after 1s[0m[0m
[0m[1m[32m
Destroy complete! Resources: 13 destroyed.[0m
