[0m[1mdata.template_file.config_database: Refreshing state...[0m
[0m[1maws_key_pair.wordpress: Refreshing state... [id=wordpress][0m
[0m[1maws_vpc.default: Refreshing state... [id=vpc-054f4bc4ad393e14a][0m
[0m[1mdata.aws_ami.ubuntu: Refreshing state...[0m
[0m[1maws_internet_gateway.internet_gateway: Refreshing state... [id=igw-043972418d91ca9af][0m
[0m[1maws_security_group.wordpress-security-group: Refreshing state... [id=sg-05145d12599de45a2][0m
[0m[1maws_subnet.default: Refreshing state... [id=subnet-0ed69e26f4ecb2f19][0m
[0m[1maws_route_table.internet_route: Refreshing state... [id=rtb-01ebbc9e4a23ca419][0m
[0m[1maws_network_interface.wordpress-database-network_interface: Refreshing state... [id=eni-05322d7c70cd66fc1][0m
[0m[1maws_network_interface.wordpress-1-network_interface: Refreshing state... [id=eni-03fe81e382d83b891][0m
[0m[1maws_network_interface.wordpress-2-network_interface: Refreshing state... [id=eni-0530d96f283fc8ba4][0m
[0m[1maws_main_route_table_association.a: Refreshing state... [id=rtbassoc-02125c9a502b901aa][0m
[0m[1maws_instance.wordpress-database: Refreshing state... [id=i-0016a511e49ba41aa][0m
[0m[1mdata.template_file.config: Refreshing state...[0m
[0m[1maws_instance.wordpress-app1: Refreshing state... [id=i-00cd18b24dc9c86a9][0m
[0m[1maws_instance.wordpress-app2: Refreshing state... [id=i-0db1eb19844490a7b][0m
[0m[1maws_key_pair.wordpress: Destroying... [id=wordpress][0m[0m
[0m[1maws_main_route_table_association.a: Destroying... [id=rtbassoc-02125c9a502b901aa][0m[0m
[0m[1maws_instance.wordpress-app2: Destroying... [id=i-0db1eb19844490a7b][0m[0m
[0m[1maws_instance.wordpress-app1: Destroying... [id=i-00cd18b24dc9c86a9][0m[0m
[0m[1maws_key_pair.wordpress: Destruction complete after 1s[0m[0m
[0m[1maws_main_route_table_association.a: Destruction complete after 1s[0m[0m
[0m[1maws_route_table.internet_route: Destroying... [id=rtb-01ebbc9e4a23ca419][0m[0m
[0m[1maws_route_table.internet_route: Destruction complete after 4s[0m[0m
[0m[1maws_internet_gateway.internet_gateway: Destroying... [id=igw-043972418d91ca9af][0m[0m
[0m[1maws_instance.wordpress-app2: Still destroying... [id=i-0db1eb19844490a7b, 10s elapsed][0m[0m
[0m[1maws_instance.wordpress-app1: Still destroying... [id=i-00cd18b24dc9c86a9, 10s elapsed][0m[0m
[0m[1maws_internet_gateway.internet_gateway: Still destroying... [id=igw-043972418d91ca9af, 10s elapsed][0m[0m
[0m[1maws_instance.wordpress-app2: Still destroying... [id=i-0db1eb19844490a7b, 20s elapsed][0m[0m
[0m[1maws_instance.wordpress-app1: Still destroying... [id=i-00cd18b24dc9c86a9, 20s elapsed][0m[0m
[0m[1maws_internet_gateway.internet_gateway: Still destroying... [id=igw-043972418d91ca9af, 20s elapsed][0m[0m
[0m[1maws_instance.wordpress-app2: Still destroying... [id=i-0db1eb19844490a7b, 30s elapsed][0m[0m
[0m[1maws_instance.wordpress-app1: Still destroying... [id=i-00cd18b24dc9c86a9, 30s elapsed][0m[0m
[0m[1maws_internet_gateway.internet_gateway: Still destroying... [id=igw-043972418d91ca9af, 30s elapsed][0m[0m
[0m[1maws_instance.wordpress-app1: Destruction complete after 35s[0m[0m
[0m[1maws_network_interface.wordpress-1-network_interface: Destroying... [id=eni-03fe81e382d83b891][0m[0m
[0m[1maws_instance.wordpress-app2: Destruction complete after 35s[0m[0m
[0m[1maws_instance.wordpress-database: Destroying... [id=i-0016a511e49ba41aa][0m[0m
[0m[1maws_network_interface.wordpress-2-network_interface: Destroying... [id=eni-0530d96f283fc8ba4][0m[0m
[0m[1maws_network_interface.wordpress-1-network_interface: Destruction complete after 4s[0m[0m
[0m[1maws_network_interface.wordpress-2-network_interface: Destruction complete after 4s[0m[0m
[0m[1maws_internet_gateway.internet_gateway: Still destroying... [id=igw-043972418d91ca9af, 40s elapsed][0m[0m
[0m[1maws_instance.wordpress-database: Still destroying... [id=i-0016a511e49ba41aa, 10s elapsed][0m[0m
[0m[1maws_internet_gateway.internet_gateway: Still destroying... [id=igw-043972418d91ca9af, 50s elapsed][0m[0m
[0m[1maws_instance.wordpress-database: Still destroying... [id=i-0016a511e49ba41aa, 20s elapsed][0m[0m
[0m[1maws_internet_gateway.internet_gateway: Destruction complete after 56s[0m[0m
[0m[1maws_instance.wordpress-database: Still destroying... [id=i-0016a511e49ba41aa, 30s elapsed][0m[0m
[0m[1maws_instance.wordpress-database: Destruction complete after 35s[0m[0m
[0m[1maws_network_interface.wordpress-database-network_interface: Destroying... [id=eni-05322d7c70cd66fc1][0m[0m
[0m[1maws_network_interface.wordpress-database-network_interface: Destruction complete after 3s[0m[0m
[0m[1maws_security_group.wordpress-security-group: Destroying... [id=sg-05145d12599de45a2][0m[0m
[0m[1maws_subnet.default: Destroying... [id=subnet-0ed69e26f4ecb2f19][0m[0m
[0m[1maws_security_group.wordpress-security-group: Destruction complete after 2s[0m[0m
[0m[1maws_subnet.default: Destruction complete after 3s[0m[0m
[0m[1maws_vpc.default: Destroying... [id=vpc-054f4bc4ad393e14a][0m[0m
[0m[1maws_vpc.default: Destruction complete after 1s[0m[0m
[0m[1m[32m
Destroy complete! Resources: 13 destroyed.[0m
