Uploading blueprint cloudify/gcp.yaml...
 gcp.yaml |############################################################| 100.0%
Blueprint uploaded. The blueprint's id is cloudify-wordpress-blueprint-gcp
Creating new deployment from blueprint cloudify-wordpress-blueprint-gcp...
Deployment created. The deployment's id is gcp
Executing workflow `install` on deployment `gcp` [timeout=900 seconds]
Deployment environment creation is pending...
2019-08-10 15:44:30.987  CFY <gcp> Starting 'create_deployment_environment' workflow execution
2019-08-10 15:44:30.996  CFY <gcp> Installing deployment and workflow plugins
2019-08-10 15:44:31.095  CFY <gcp> Sending task 'cloudify_agent.operations.install_plugins'
2019-08-10 15:44:31.114  CFY <gcp> Task started 'cloudify_agent.operations.install_plugins'
2019-08-10 15:44:31.472  LOG <gcp> INFO: Installing plugin: gcp_plugin
2019-08-10 15:44:32.709  LOG <gcp> INFO: Using existing installation of managed plugin: e0a99ba4-54d6-4741-a773-4ec378dc8634 [package_name: cloudify-gcp-plugin, package_version: 1.4.4, supported_platform: linux_x86_64, distribution: centos, distribution_release: core]
2019-08-10 15:44:32.709  LOG <gcp> INFO: Installing plugin: ansible
2019-08-10 15:44:33.639  LOG <gcp> INFO: Using existing installation of managed plugin: 7142c593-6e52-429a-8a71-55266c022e02 [package_name: cloudify-ansible-plugin, package_version: 2.4.0, supported_platform: linux_x86_64, distribution: centos, distribution_release: core]
2019-08-10 15:44:33.640  LOG <gcp> INFO: Installing plugin: suspend
2019-08-10 15:44:34.738  LOG <gcp> INFO: Using existing installation of managed plugin: 62c3cd35-5a18-49fd-a670-48f9ad207b05 [package_name: cloudify-utilities-plugin, package_version: 1.14.0, supported_platform: linux_x86_64, distribution: centos, distribution_release: core]
2019-08-10 15:44:34.738  LOG <gcp> INFO: Installing plugin: scalelist
2019-08-10 15:44:35.747  LOG <gcp> INFO: Using existing installation of managed plugin: 62c3cd35-5a18-49fd-a670-48f9ad207b05 [package_name: cloudify-utilities-plugin, package_version: 1.14.0, supported_platform: linux_x86_64, distribution: centos, distribution_release: core]
2019-08-10 15:44:35.747  LOG <gcp> INFO: Installing plugin: configuration
2019-08-10 15:44:36.567  CFY <gcp> Task succeeded 'cloudify_agent.operations.install_plugins'
2019-08-10 15:44:36.567  LOG <gcp> INFO: Using existing installation of managed plugin: 62c3cd35-5a18-49fd-a670-48f9ad207b05 [package_name: cloudify-utilities-plugin, package_version: 1.14.0, supported_platform: linux_x86_64, distribution: centos, distribution_release: core]
2019-08-10 15:44:36.603  CFY <gcp> Creating deployment work directory
2019-08-10 15:44:36.916  CFY <gcp> 'create_deployment_environment' workflow execution succeeded
2019-08-10 15:44:42.250  CFY <gcp> Starting 'install' workflow execution
2019-08-10 15:44:44.035  CFY <gcp> [network_b0tp45] Validating node instance before creation: nothing to do
2019-08-10 15:44:44.147  CFY <gcp> [network_b0tp45] Precreating node instance: nothing to do
2019-08-10 15:44:44.236  CFY <gcp> [network_b0tp45] Creating node instance
2019-08-10 15:44:44.652  CFY <gcp> [network_b0tp45.create] Sending task 'cloudify_gcp.compute.network.create'
2019-08-10 15:44:46.444  LOG <gcp> [network_b0tp45.create] INFO: Create network network-b0tp45
2019-08-10 15:44:48.802  CFY <gcp> [network_b0tp45.create] Task rescheduled 'cloudify_gcp.compute.network.create' -> Operation started
Traceback (most recent call last):
  File "/opt/mgmtworker/env/lib/python2.7/site-packages/cloudify/dispatch.py", line 813, in main
    payload = handler.handle()
  File "/opt/mgmtworker/env/lib/python2.7/site-packages/cloudify/dispatch.py", line 464, in handle
    raise ctx.operation._operation_retry
OperationRetry: Operation started

2019-08-10 15:45:03.898  CFY <gcp> [network_b0tp45.create] Sending task 'cloudify_gcp.compute.network.create' [retry 1/60]
2019-08-10 15:45:07.057  LOG <gcp> [network_b0tp45.create] INFO: Get network network-b0tp45 details
2019-08-10 15:45:09.012  CFY <gcp> [network_b0tp45.create] Task succeeded 'cloudify_gcp.compute.network.create' [retry 1/60]
2019-08-10 15:45:09.324  CFY <gcp> [network_b0tp45] Node instance created
2019-08-10 15:45:09.414  CFY <gcp> [network_b0tp45] Configuring node instance: nothing to do
2019-08-10 15:45:09.532  CFY <gcp> [network_b0tp45] Starting node instance: nothing to do
2019-08-10 15:45:09.646  CFY <gcp> [network_b0tp45] Poststarting node instance: nothing to do
2019-08-10 15:45:09.864  CFY <gcp> [network_b0tp45] Node instance started
2019-08-10 15:45:10.514  CFY <gcp> [firewall_7wsn0c] Validating node instance before creation: nothing to do
2019-08-10 15:45:10.625  CFY <gcp> [subnet_hhybp6] Validating node instance before creation
2019-08-10 15:45:10.719  CFY <gcp> [firewall_7wsn0c] Precreating node instance: nothing to do
2019-08-10 15:45:10.987  CFY <gcp> [subnet_hhybp6.create] Sending task 'cloudify_gcp.compute.subnetwork.creation_validation'
2019-08-10 15:45:11.906  CFY <gcp> [firewall_7wsn0c] Creating node instance
2019-08-10 15:45:12.762  CFY <gcp> [firewall_7wsn0c.create] Sending task 'cloudify_gcp.compute.firewall.create'
2019-08-10 15:45:14.664  CFY <gcp> [subnet_hhybp6.create] Task succeeded 'cloudify_gcp.compute.subnetwork.creation_validation'
2019-08-10 15:45:14.761  CFY <gcp> [subnet_hhybp6] Node instance validated before creation
2019-08-10 15:45:14.943  CFY <gcp> [subnet_hhybp6] Precreating node instance: nothing to do
2019-08-10 15:45:15.381  CFY <gcp> [subnet_hhybp6] Creating node instance
2019-08-10 15:45:15.634  CFY <gcp> [subnet_hhybp6.create] Sending task 'cloudify_gcp.compute.subnetwork.create'
2019-08-10 15:45:15.886  LOG <gcp> [firewall_7wsn0c.create] INFO: Create firewall rule firewall-7wsn0c in network https://www.googleapis.com/compute/v1/projects/node2faas-248113/global/networks/network-b0tp45
2019-08-10 15:45:17.749  LOG <gcp> [subnet_hhybp6.create] INFO: Create subnetwork subnet-hhybp6
2019-08-10 15:45:18.350  CFY <gcp> [firewall_7wsn0c.create] Task succeeded 'cloudify_gcp.compute.firewall.create'
2019-08-10 15:45:18.413  CFY <gcp> [firewall_7wsn0c] Node instance created
2019-08-10 15:45:18.760  CFY <gcp> [firewall_7wsn0c] Configuring node instance: nothing to do
2019-08-10 15:45:18.816  CFY <gcp> [firewall_7wsn0c] Starting node instance: nothing to do
2019-08-10 15:45:18.933  CFY <gcp> [firewall_7wsn0c] Poststarting node instance: nothing to do
2019-08-10 15:45:19.020  CFY <gcp> [firewall_7wsn0c] Node instance started
2019-08-10 15:45:21.005  CFY <gcp> [subnet_hhybp6.create] Task rescheduled 'cloudify_gcp.compute.subnetwork.create' -> Operation started
Traceback (most recent call last):
  File "/opt/mgmtworker/env/lib/python2.7/site-packages/cloudify/dispatch.py", line 813, in main
    payload = handler.handle()
  File "/opt/mgmtworker/env/lib/python2.7/site-packages/cloudify/dispatch.py", line 464, in handle
    raise ctx.operation._operation_retry
OperationRetry: Operation started

2019-08-10 15:45:36.181  CFY <gcp> [subnet_hhybp6.create] Sending task 'cloudify_gcp.compute.subnetwork.create' [retry 1/60]
2019-08-10 15:45:40.133  LOG <gcp> [subnet_hhybp6.create] INFO: Get subnetwork subnet-hhybp6 details
2019-08-10 15:45:41.715  CFY <gcp> [subnet_hhybp6.create] Task succeeded 'cloudify_gcp.compute.subnetwork.create' [retry 1/60]
2019-08-10 15:45:41.767  CFY <gcp> [subnet_hhybp6] Node instance created
2019-08-10 15:45:42.050  CFY <gcp> [subnet_hhybp6] Configuring node instance: nothing to do
2019-08-10 15:45:42.137  CFY <gcp> [subnet_hhybp6] Starting node instance: nothing to do
2019-08-10 15:45:42.226  CFY <gcp> [subnet_hhybp6] Poststarting node instance: nothing to do
2019-08-10 15:45:42.498  CFY <gcp> [subnet_hhybp6] Node instance started
2019-08-10 15:45:43.108  CFY <gcp> [vm-database_rr78tm] Validating node instance before creation: nothing to do
2019-08-10 15:45:43.286  CFY <gcp> [vm-database_rr78tm] Precreating node instance: nothing to do
2019-08-10 15:45:43.624  CFY <gcp> [vm-database_rr78tm] Creating node instance
2019-08-10 15:45:43.894  CFY <gcp> [vm-database_rr78tm.create] Sending task 'script_runner.tasks.run'
2019-08-10 15:45:45.781  LOG <gcp> [vm-database_rr78tm.create] INFO: Downloaded scripts/gcp/key.py to /tmp/YSVNN/key.py
2019-08-10 15:45:46.328  CFY <gcp> [vm-database_rr78tm.create] Task succeeded 'script_runner.tasks.run'
2019-08-10 15:45:46.559  CFY <gcp> [vm-database_rr78tm] Node instance created
2019-08-10 15:45:46.880  CFY <gcp> [vm-database_rr78tm] Configuring node instance
2019-08-10 15:45:47.056  CFY <gcp> [vm-database_rr78tm.configure] Sending task 'cloudify_gcp.compute.instance.create'
2019-08-10 15:45:48.998  LOG <gcp> [vm-database_rr78tm.configure] INFO: The script is 
2019-08-10 15:45:49.280  LOG <gcp> [vm-database_rr78tm.configure] INFO: Adding bucket to metadata
2019-08-10 15:45:49.280  LOG <gcp> [vm-database_rr78tm.configure] INFO: Adding sshKeys to metadata
2019-08-10 15:45:51.968  CFY <gcp> [vm-database_rr78tm.configure] Task rescheduled 'cloudify_gcp.compute.instance.create' -> Operation started
Traceback (most recent call last):
  File "/opt/mgmtworker/env/lib/python2.7/site-packages/cloudify/dispatch.py", line 813, in main
    payload = handler.handle()
  File "/opt/mgmtworker/env/lib/python2.7/site-packages/cloudify/dispatch.py", line 464, in handle
    raise ctx.operation._operation_retry
OperationRetry: Operation started

2019-08-10 15:46:07.082  CFY <gcp> [vm-database_rr78tm.configure] Sending task 'cloudify_gcp.compute.instance.create' [retry 1/60]
2019-08-10 15:46:09.082  LOG <gcp> [vm-database_rr78tm.configure] INFO: The script is 
2019-08-10 15:46:10.339  LOG <gcp> [vm-database_rr78tm.configure] ERROR: Response with error {u'errors': [{u'message': u"The resource '482761649285-compute@developer.gserviceaccount.com' of type 'serviceAccount' was not found.", u'code': u'EXTERNAL_RESOURCE_NOT_FOUND'}]}
2019-08-10 15:46:10.339  LOG <gcp> [vm-database_rr78tm.configure] ERROR: Error Message {u'errors': [{u'message': u"The resource '482761649285-compute@developer.gserviceaccount.com' of type 'serviceAccount' was not found.", u'code': u'EXTERNAL_RESOURCE_NOT_FOUND'}]}
2019-08-10 15:46:10.809  CFY <gcp> [vm-database_rr78tm.configure] Task failed 'cloudify_gcp.compute.instance.create' -> {u'errors': [{u'message': u"The resource '482761649285-compute@developer.gserviceaccount.com' of type 'serviceAccount' was not found.", u'code': u'EXTERNAL_RESOURCE_NOT_FOUND'}]} [retry 1/60]
Traceback (most recent call last):
  File "/opt/mgmtworker/env/lib/python2.7/site-packages/cloudify/dispatch.py", line 813, in main
    payload = handler.handle()
  File "/opt/mgmtworker/env/lib/python2.7/site-packages/cloudify/dispatch.py", line 461, in handle
    result = self._run_operation_func(ctx, kwargs)
  File "/opt/mgmtworker/env/lib/python2.7/site-packages/cloudify/dispatch.py", line 519, in _run_operation_func
    return self.func(*self.args, **kwargs)
  File "/opt/mgmtworker/env/plugins/default_tenant/cloudify-gcp-plugin-1.4.4/lib/python2.7/site-packages/cloudify_gcp/utils.py", line 267, in _decorator
    raise NonRecoverableError(e.message)
NonRecoverableError: {u'errors': [{u'message': u"The resource '482761649285-compute@developer.gserviceaccount.com' of type 'serviceAccount' was not found.", u'code': u'EXTERNAL_RESOURCE_NOT_FOUND'}]}

2019-08-10 15:46:11.040  CFY <gcp> 'install' workflow execution failed: RuntimeError: Workflow failed: Task failed 'cloudify_gcp.compute.instance.create' -> {u'errors': [{u'message': u"The resource '482761649285-compute@developer.gserviceaccount.com' of type 'serviceAccount' was not found.", u'code': u'EXTERNAL_RESOURCE_NOT_FOUND'}]}
Execution of workflow install for deployment gcp failed. [error=Traceback (most recent call last):
  File "/opt/mgmtworker/env/lib/python2.7/site-packages/cloudify/dispatch.py", line 664, in _remote_workflow_child_thread
    workflow_result = self._execute_workflow_function()
  File "/opt/mgmtworker/env/lib/python2.7/site-packages/cloudify/dispatch.py", line 693, in _execute_workflow_function
    result = self.func(*self.args, **self.kwargs)
  File "/opt/mgmtworker/env/lib/python2.7/site-packages/cloudify/plugins/workflows.py", line 31, in install
    node_instances=set(ctx.node_instances))
  File "/opt/mgmtworker/env/lib/python2.7/site-packages/cloudify/plugins/lifecycle.py", line 29, in install_node_instances
    processor.install()
  File "/opt/mgmtworker/env/lib/python2.7/site-packages/cloudify/plugins/lifecycle.py", line 102, in install
    graph.execute()
  File "/opt/mgmtworker/env/lib/python2.7/site-packages/cloudify/workflows/tasks_graph.py", line 237, in execute
    raise self._error
RuntimeError: Workflow failed: Task failed 'cloudify_gcp.compute.instance.create' -> {u'errors': [{u'message': u"The resource '482761649285-compute@developer.gserviceaccount.com' of type 'serviceAccount' was not found.", u'code': u'EXTERNAL_RESOURCE_NOT_FOUND'}]}
]
* Run 'cfy events list ef9243fa-ee7a-4b3b-816d-279f00728be3' to retrieve the execution's events/logs
