[0m[1mdata.template_file.config_database: Refreshing state...[0m
[0m[1mrandom_id.bp_suffix: Creating...[0m[0m
[0m[1mrandom_id.bp_suffix: Creation complete after 0s [id=5Ia40Q][0m[0m
[0m[1mazurerm_resource_group.main: Creating...[0m[0m
[0m[1mazurerm_resource_group.main: Creation complete after 1s [id=/subscriptions/9cf8b4c4-cd80-43a7-bab0-9a6bf01d3b25/resourceGroups/wordpress-e486b8d1][0m[0m
[0m[1mazurerm_virtual_network.main: Creating...[0m[0m
[0m[1mazurerm_public_ip.static-ip2: Creating...[0m[0m
[0m[1mazurerm_public_ip.static-ip-database: Creating...[0m[0m
[0m[1mazurerm_availability_set.wordpress-availability: Creating...[0m[0m
[0m[1mazurerm_public_ip.static-ip1: Creating...[0m[0m
[0m[1mazurerm_public_ip.static-ip1: Creation complete after 3s [id=/subscriptions/9cf8b4c4-cd80-43a7-bab0-9a6bf01d3b25/resourceGroups/wordpress-e486b8d1/providers/Microsoft.Network/publicIPAddresses/wordpress-static-ip1-e486b8d1][0m[0m
[0m[1mazurerm_public_ip.static-ip-database: Creation complete after 3s [id=/subscriptions/9cf8b4c4-cd80-43a7-bab0-9a6bf01d3b25/resourceGroups/wordpress-e486b8d1/providers/Microsoft.Network/publicIPAddresses/wordpress-static-ipdatabase-e486b8d1][0m[0m
[0m[1mazurerm_public_ip.static-ip2: Creation complete after 3s [id=/subscriptions/9cf8b4c4-cd80-43a7-bab0-9a6bf01d3b25/resourceGroups/wordpress-e486b8d1/providers/Microsoft.Network/publicIPAddresses/wordpress-static-ip2-e486b8d1][0m[0m
[0m[1mdata.template_file.config: Refreshing state...[0m
[0m[1mazurerm_virtual_network.main: Still creating... [10s elapsed][0m[0m
[0m[1mazurerm_virtual_network.main: Creation complete after 11s [id=/subscriptions/9cf8b4c4-cd80-43a7-bab0-9a6bf01d3b25/resourceGroups/wordpress-e486b8d1/providers/Microsoft.Network/virtualNetworks/wordpress-network-e486b8d1][0m[0m
[0m[1mazurerm_subnet.internal: Creating...[0m[0m
[0m[1mazurerm_subnet.internal: Still creating... [10s elapsed][0m[0m
[0m[1mazurerm_subnet.internal: Creation complete after 11s [id=/subscriptions/9cf8b4c4-cd80-43a7-bab0-9a6bf01d3b25/resourceGroups/wordpress-e486b8d1/providers/Microsoft.Network/virtualNetworks/wordpress-network-e486b8d1/subnets/wordpress-subnet-e486b8d1][0m[0m
[0m[1mazurerm_network_interface.app1: Creating...[0m[0m
[0m[1mazurerm_network_interface.app2: Creating...[0m[0m
[0m[1mazurerm_network_interface.database: Creating...[0m[0m
[0m[1mazurerm_network_interface.database: Creation complete after 1s [id=/subscriptions/9cf8b4c4-cd80-43a7-bab0-9a6bf01d3b25/resourceGroups/wordpress-e486b8d1/providers/Microsoft.Network/networkInterfaces/wordpress-database-nic-e486b8d1][0m[0m
[0m[1mazurerm_network_interface.app1: Creation complete after 1s [id=/subscriptions/9cf8b4c4-cd80-43a7-bab0-9a6bf01d3b25/resourceGroups/wordpress-e486b8d1/providers/Microsoft.Network/networkInterfaces/wordpress-app1-nic-e486b8d1][0m[0m
[0m[1mazurerm_network_interface.app2: Creation complete after 2s [id=/subscriptions/9cf8b4c4-cd80-43a7-bab0-9a6bf01d3b25/resourceGroups/wordpress-e486b8d1/providers/Microsoft.Network/networkInterfaces/wordpress-app2-nic-e486b8d1][0m[0m
[31m
[1m[31mError: [0m[0m[1mcompute.AvailabilitySetsClient#CreateOrUpdate: Failure responding to request: StatusCode=400 -- Original Error: autorest/azure: Service returned an error. Status=400 Code="InvalidParameter" Message="The specified fault domain count 3 must fall in the range 1 to 2." Target="platformFaultDomainCount"[0m

[0m  on wordpress.tf line 74, in resource "azurerm_availability_set" "wordpress-availability":
  74: resource "azurerm_availability_set" "wordpress-availability" [4m{[0m
[0m
[0m[0m
