[0m[1mdata.template_file.config_database: Refreshing state...[0m
[0m[1mrandom_id.bp_suffix: Creating...[0m[0m
[0m[1mrandom_id.bp_suffix: Creation complete after 0s [id=rAqm2Q][0m[0m
[0m[1mgoogle_compute_network.wordpress-network: Creating...[0m[0m
[0m[1mgoogle_compute_network.wordpress-network: Still creating... [10s elapsed][0m[0m
[0m[1mgoogle_compute_network.wordpress-network: Still creating... [20s elapsed][0m[0m
[0m[1mgoogle_compute_network.wordpress-network: Creation complete after 28s [id=wordpress-network][0m[0m
[0m[1mgoogle_compute_firewall.default-in: Creating...[0m[0m
[0m[1mgoogle_compute_subnetwork.wordpress-subnetwork: Creating...[0m[0m
[0m[1mgoogle_compute_firewall.default-out: Creating...[0m[0m
[0m[1mgoogle_compute_firewall.default-in: Still creating... [10s elapsed][0m[0m
[0m[1mgoogle_compute_firewall.default-out: Still creating... [10s elapsed][0m[0m
[0m[1mgoogle_compute_firewall.default-out: Creation complete after 18s [id=wordpress-app-out][0m[0m
[0m[1mgoogle_compute_firewall.default-in: Creation complete after 18s [id=wordpress-app-in][0m[0m
[31m
[1m[31mError: [0m[0m[1mError creating Subnetwork: googleapi: Error 400: Invalid value for field 'region': 'us-east-4'. Unknown region., invalid[0m

[0m  on wordpress.tf line 77, in resource "google_compute_subnetwork" "wordpress-subnetwork":
  77: resource "google_compute_subnetwork" "wordpress-subnetwork" [4m{[0m
[0m
[0m[0m
