[0m[1mdata.template_file.config_database: Refreshing state...[0m
[0m[1mdata.aws_ami.ubuntu: Refreshing state...[0m
[0m[1maws_vpc.default: Creating...[0m[0m
[0m[1maws_key_pair.wordpress: Creating...[0m[0m
[0m[1maws_key_pair.wordpress: Creation complete after 1s [id=wordpress][0m[0m
[0m[1maws_vpc.default: Creation complete after 4s [id=vpc-0eba4165b8db01284][0m[0m
[0m[1maws_internet_gateway.internet_gateway: Creating...[0m[0m
[0m[1maws_subnet.default: Creating...[0m[0m
[0m[1maws_security_group.wordpress-security-group: Creating...[0m[0m
[0m[1maws_internet_gateway.internet_gateway: Creation complete after 2s [id=igw-03cced254dc2d54a5][0m[0m
[0m[1maws_route_table.internet_route: Creating...[0m[0m
[0m[1maws_security_group.wordpress-security-group: Creation complete after 3s [id=sg-0f22039a329aff5b7][0m[0m
[0m[1maws_route_table.internet_route: Creation complete after 2s [id=rtb-064f67314d230d215][0m[0m
[0m[1maws_main_route_table_association.a: Creating...[0m[0m
[0m[1maws_main_route_table_association.a: Creation complete after 0s [id=rtbassoc-0223006819c42ebab][0m[0m
[31m
[1m[31mError: [0m[0m[1mError creating subnet: InvalidParameterValue: Value (sa-east-1b) for parameter availabilityZone is invalid. Subnets can currently only be created in the following availability zones: sa-east-1a, sa-east-1c.
	status code: 400, request id: 69daf8f1-ac63-469c-af65-5d3f52029c1b[0m

[0m  on wordpress.tf line 92, in resource "aws_subnet" "default":
  92: resource "aws_subnet" "default" [4m{[0m
[0m
[0m[0m
