[0m[1mdata.template_file.config_database: Refreshing state...[0m
[0m[1mdata.aws_ami.ubuntu: Refreshing state...[0m
[0m[1maws_key_pair.wordpress: Creating...[0m[0m
[0m[1maws_vpc.default: Creating...[0m[0m
[0m[1maws_vpc.default: Still creating... [10s elapsed][0m[0m
[0m[1maws_vpc.default: Creation complete after 17s [id=vpc-0289fb5ff6f417323][0m[0m
[0m[1maws_subnet.default: Creating...[0m[0m
[0m[1maws_internet_gateway.internet_gateway: Creating...[0m[0m
[0m[1maws_security_group.wordpress-security-group: Creating...[0m[0m
[0m[1maws_subnet.default: Creation complete after 5s [id=subnet-07c282a59be10b98a][0m[0m
[0m[1maws_internet_gateway.internet_gateway: Creation complete after 6s [id=igw-07dbcb02caca45772][0m[0m
[0m[1maws_route_table.internet_route: Creating...[0m[0m
[0m[1maws_security_group.wordpress-security-group: Creation complete after 8s [id=sg-044785a625f97aad1][0m[0m
[0m[1maws_network_interface.wordpress-database-network_interface: Creating...[0m[0m
[0m[1maws_network_interface.wordpress-2-network_interface: Creating...[0m[0m
[0m[1maws_network_interface.wordpress-1-network_interface: Creating...[0m[0m
[0m[1maws_route_table.internet_route: Creation complete after 5s [id=rtb-03e78d440b26986a9][0m[0m
[0m[1maws_main_route_table_association.a: Creating...[0m[0m
[0m[1maws_main_route_table_association.a: Creation complete after 2s [id=rtbassoc-0f84204650ca37132][0m[0m
[0m[1maws_network_interface.wordpress-2-network_interface: Creation complete after 5s [id=eni-0a7b927c98c6a501f][0m[0m
[0m[1maws_network_interface.wordpress-1-network_interface: Creation complete after 5s [id=eni-027f3f2b6275e648e][0m[0m
[0m[1maws_network_interface.wordpress-database-network_interface: Creation complete after 5s [id=eni-0e968e530ecba80ae][0m[0m
[0m[1maws_instance.wordpress-database: Creating...[0m[0m
[31m
[1m[31mError: [0m[0m[1mError launching source instance: InstanceLimitExceeded: You have requested more instances (7) than your current instance limit of 5 allows for the specified instance type. Please visit http://aws.amazon.com/contact-us/ec2-request to request an adjustment to this limit.
	status code: 400, request id: 9bf09f50-99dd-4687-9159-225cf80c746c[0m

[0m  on wordpress.tf line 196, in resource "aws_instance" "wordpress-database":
 196: resource "aws_instance" "wordpress-database" [4m{[0m
[0m
[0m[0m
[31m
[1m[31mError: [0m[0m[1mError import KeyPair: InvalidKeyPair.Duplicate: The keypair 'wordpress' already exists.
	status code: 400, request id: 83c611ec-169b-443e-b9c7-6c87c71ceab2[0m

[0m  on wordpress.tf line 249, in resource "aws_key_pair" "wordpress":
 249: resource "aws_key_pair" "wordpress" [4m{[0m
[0m
[0m[0m
