Executing workflow `uninstall` on deployment `aws` [timeout=900 seconds]
2019-08-08 13:31:40.544  CFY <aws> Starting 'uninstall' workflow execution
2019-08-08 13:31:47.104  CFY <aws> [config-database_cxkqrn] Stopping node instance
2019-08-08 13:31:47.778  CFY <aws> [security_group_rules_31i5j6] Stopping node instance
2019-08-08 13:31:47.949  CFY <aws> [ip1_yz3l10] Stopping node instance
2019-08-08 13:31:48.061  CFY <aws> [route_public_subnet_internet_gateway_127utq] Stopping node instance
2019-08-08 13:31:48.185  CFY <aws> [config-wordpress2_jcfi71] Stopping node instance
2019-08-08 13:31:48.574  CFY <aws> [ip2_ndbzla] Stopping node instance
2019-08-08 13:31:49.443  CFY <aws> [config-wordpress1_sp5pxi] Stopping node instance
2019-08-08 13:31:50.655  CFY <aws> [ipdb_vrcles] Stopping node instance
2019-08-08 13:31:50.811  CFY <aws> [security_group_rules_31i5j6] Validating node instance after deletion: nothing to do
2019-08-08 13:31:50.973  CFY <aws> [route_public_subnet_internet_gateway_127utq] Validating node instance after deletion: nothing to do
2019-08-08 13:31:51.207  CFY <aws> [security_group_rules_31i5j6.stop] Sending task 'cloudify_aws.ec2.resources.securitygroup.revoke_ingress_rules'
2019-08-08 13:31:51.355  CFY <aws> [config-wordpress2_jcfi71] Validating node instance after deletion: nothing to do
2019-08-08 13:31:51.469  CFY <aws> [config-wordpress1_sp5pxi] Validating node instance after deletion: nothing to do
2019-08-08 13:31:51.579  CFY <aws> [config-database_cxkqrn] Validating node instance after deletion: nothing to do
2019-08-08 13:31:51.683  CFY <aws> [ip2_ndbzla] Validating node instance after deletion: nothing to do
2019-08-08 13:31:51.771  CFY <aws> [ip1_yz3l10] Validating node instance after deletion: nothing to do
2019-08-08 13:31:51.856  CFY <aws> [ipdb_vrcles] Validating node instance after deletion: nothing to do
2019-08-08 13:31:52.204  CFY <aws> [config-wordpress1_sp5pxi] Stopped node instance: nothing to do
2019-08-08 13:31:52.377  CFY <aws> [ip2_ndbzla.stop] Sending task 'cloudify_aws.ec2.resources.elasticip.detach'
2019-08-08 13:31:53.711  CFY <aws> [ipdb_vrcles.stop] Sending task 'cloudify_aws.ec2.resources.elasticip.detach'
2019-08-08 13:31:54.845  CFY <aws> [config-database_cxkqrn] Stopped node instance: nothing to do
2019-08-08 13:31:55.188  CFY <aws> [ip1_yz3l10.stop] Sending task 'cloudify_aws.ec2.resources.elasticip.detach'
2019-08-08 13:31:55.200  CFY <aws> [route_public_subnet_internet_gateway_127utq] Stopped node instance: nothing to do
2019-08-08 13:31:55.550  CFY <aws> [config-wordpress2_jcfi71] Stopped node instance: nothing to do
2019-08-08 13:31:59.628  CFY <aws> [config-database_cxkqrn] Unlinking relationships
2019-08-08 13:31:59.777  CFY <aws> [config-wordpress2_jcfi71] Unlinking relationships
2019-08-08 13:31:59.967  CFY <aws> [route_public_subnet_internet_gateway_127utq] Unlinking relationships
2019-08-08 13:32:00.155  CFY <aws> [config-wordpress1_sp5pxi] Unlinking relationships
2019-08-08 13:32:01.880  CFY <aws> [security_group_rules_31i5j6.stop] Task succeeded 'cloudify_aws.ec2.resources.securitygroup.revoke_ingress_rules'
2019-08-08 13:32:03.529  CFY <aws> [config-database_cxkqrn->vm-database_6ztzzy|unlink] Sending task 'cloudify_ansible.tasks.ansible_remove_host'
2019-08-08 13:32:04.897  CFY <aws> [security_group_rules_31i5j6] Stopped node instance
2019-08-08 13:32:05.190  CFY <aws> [config-wordpress2_jcfi71->vm-app2_tqch3c|unlink] Sending task 'cloudify_ansible.tasks.ansible_remove_host'
2019-08-08 13:32:06.519  CFY <aws> [config-wordpress1_sp5pxi->vm-app1_ky1hds|unlink] Sending task 'cloudify_ansible.tasks.ansible_remove_host'
2019-08-08 13:32:08.454  CFY <aws> [route_public_subnet_internet_gateway_127utq] Relationships unlinked
2019-08-08 13:32:08.512  CFY <aws> [ip2_ndbzla.stop] Task succeeded 'cloudify_aws.ec2.resources.elasticip.detach'
2019-08-08 13:32:09.174  CFY <aws> [ipdb_vrcles.stop] Task succeeded 'cloudify_aws.ec2.resources.elasticip.detach'
2019-08-08 13:32:09.952  CFY <aws> [ip2_ndbzla] Stopped node instance
2019-08-08 13:32:10.278  CFY <aws> [ip1_yz3l10.stop] Task succeeded 'cloudify_aws.ec2.resources.elasticip.detach'
2019-08-08 13:32:10.710  CFY <aws> [route_public_subnet_internet_gateway_127utq] Deleting node instance
2019-08-08 13:32:12.178  CFY <aws> [ipdb_vrcles] Stopped node instance
2019-08-08 13:32:12.465  CFY <aws> [config-database_cxkqrn->vm-database_6ztzzy|unlink] Task succeeded 'cloudify_ansible.tasks.ansible_remove_host'
2019-08-08 13:32:12.545  CFY <aws> [security_group_rules_31i5j6] Unlinking relationships
2019-08-08 13:32:12.568  CFY <aws> [route_public_subnet_internet_gateway_127utq.delete] Sending task 'cloudify_aws.ec2.resources.route.delete'
2019-08-08 13:32:12.833  CFY <aws> [ip1_yz3l10] Stopped node instance
2019-08-08 13:32:13.797  CFY <aws> [config-wordpress2_jcfi71->vm-app2_tqch3c|unlink] Task succeeded 'cloudify_ansible.tasks.ansible_remove_host'
2019-08-08 13:32:14.559  CFY <aws> [config-wordpress2_jcfi71] Relationships unlinked
2019-08-08 13:32:15.380  CFY <aws> [ip2_ndbzla] Unlinking relationships
2019-08-08 13:32:15.440  CFY <aws> [config-wordpress1_sp5pxi->vm-app1_ky1hds|unlink] Task succeeded 'cloudify_ansible.tasks.ansible_remove_host'
2019-08-08 13:32:16.077  CFY <aws> [config-database_cxkqrn] Relationships unlinked
2019-08-08 13:32:16.191  CFY <aws> [security_group_rules_31i5j6] Relationships unlinked
2019-08-08 13:32:16.318  CFY <aws> [config-wordpress2_jcfi71] Deleting node instance: nothing to do
2019-08-08 13:32:16.525  CFY <aws> [ip1_yz3l10] Unlinking relationships
2019-08-08 13:32:16.635  CFY <aws> [config-wordpress1_sp5pxi] Relationships unlinked
2019-08-08 13:32:16.861  CFY <aws> [ip2_ndbzla] Relationships unlinked
2019-08-08 13:32:17.070  CFY <aws> [ipdb_vrcles] Unlinking relationships
2019-08-08 13:32:17.252  CFY <aws> [config-database_cxkqrn] Deleting node instance: nothing to do
2019-08-08 13:32:17.473  CFY <aws> [security_group_rules_31i5j6] Deleting node instance: nothing to do
2019-08-08 13:32:18.153  CFY <aws> [config-wordpress2_jcfi71] Deleted node instance
2019-08-08 13:32:18.480  CFY <aws> [ip1_yz3l10] Relationships unlinked
2019-08-08 13:32:19.574  CFY <aws> [config-wordpress1_sp5pxi] Deleting node instance: nothing to do
2019-08-08 13:32:19.743  CFY <aws> [ip2_ndbzla] Deleting node instance
2019-08-08 13:32:20.191  CFY <aws> [ip2_ndbzla.delete] Sending task 'cloudify_aws.ec2.resources.elasticip.delete'
2019-08-08 13:32:20.689  CFY <aws> [ipdb_vrcles] Relationships unlinked
2019-08-08 13:32:21.340  CFY <aws> [security_group_rules_31i5j6] Deleted node instance
2019-08-08 13:32:21.547  CFY <aws> [config-database_cxkqrn] Deleted node instance
2019-08-08 13:32:22.495  CFY <aws> [vm-app2_tqch3c] Stopping node instance
2019-08-08 13:32:22.956  CFY <aws> [ip1_yz3l10] Deleting node instance
2019-08-08 13:32:24.045  CFY <aws> [route_public_subnet_internet_gateway_127utq.delete] Task succeeded 'cloudify_aws.ec2.resources.route.delete'
2019-08-08 13:32:24.066  CFY <aws> [ip1_yz3l10.delete] Sending task 'cloudify_aws.ec2.resources.elasticip.delete'
2019-08-08 13:32:24.363  CFY <aws> [config-wordpress1_sp5pxi] Deleted node instance
2019-08-08 13:32:24.511  CFY <aws> [ipdb_vrcles] Deleting node instance
2019-08-08 13:32:25.120  CFY <aws> [vm-database_6ztzzy] Stopping node instance
2019-08-08 13:32:25.816  CFY <aws> [ipdb_vrcles.delete] Sending task 'cloudify_aws.ec2.resources.elasticip.delete'
2019-08-08 13:32:25.892  CFY <aws> [vm-app2_tqch3c] Validating node instance after deletion: nothing to do
2019-08-08 13:32:26.779  CFY <aws> [route_public_subnet_internet_gateway_127utq] Deleted node instance
2019-08-08 13:32:26.981  CFY <aws> [vm-app1_ky1hds] Stopping node instance
2019-08-08 13:32:28.570  CFY <aws> [vm-database_6ztzzy] Validating node instance after deletion: nothing to do
2019-08-08 13:32:29.188  CFY <aws> [vm-app2_tqch3c.stop] Sending task 'cloudify_aws.ec2.resources.instances.stop'
2019-08-08 13:32:30.399  CFY <aws> [internet_gateway_bsosbf] Stopping node instance
2019-08-08 13:32:30.797  CFY <aws> [routetable_wjcei5] Stopping node instance
2019-08-08 13:32:30.877  CFY <aws> [vm-database_6ztzzy.stop] Sending task 'cloudify_aws.ec2.resources.instances.stop'
2019-08-08 13:32:31.333  CFY <aws> [vm-app1_ky1hds] Validating node instance after deletion: nothing to do
2019-08-08 13:32:32.248  CFY <aws> [internet_gateway_bsosbf] Validating node instance after deletion: nothing to do
2019-08-08 13:32:32.756  CFY <aws> [ip2_ndbzla.delete] Task succeeded 'cloudify_aws.ec2.resources.elasticip.delete'
2019-08-08 13:32:32.780  CFY <aws> [vm-app1_ky1hds.stop] Sending task 'cloudify_aws.ec2.resources.instances.stop'
2019-08-08 13:32:33.204  CFY <aws> [routetable_wjcei5] Validating node instance after deletion: nothing to do
2019-08-08 13:32:34.765  CFY <aws> [internet_gateway_bsosbf.stop] Sending task 'cloudify_aws.ec2.resources.internet_gateway.detach'
2019-08-08 13:32:36.067  CFY <aws> [routetable_wjcei5.stop] Sending task 'cloudify_aws.ec2.resources.routetable.detach'
2019-08-08 13:32:37.477  CFY <aws> [ip2_ndbzla] Deleted node instance
2019-08-08 13:32:37.973  CFY <aws> [ip1_yz3l10.delete] Task succeeded 'cloudify_aws.ec2.resources.elasticip.delete'
2019-08-08 13:32:38.782  CFY <aws> [ip1_yz3l10] Deleted node instance
2019-08-08 13:32:41.528  CFY <aws> [ipdb_vrcles.delete] Task succeeded 'cloudify_aws.ec2.resources.elasticip.delete'
2019-08-08 13:32:41.663  CFY <aws> [ipdb_vrcles] Deleted node instance
2019-08-08 13:32:44.908  CFY <aws> [vm-app2_tqch3c.stop] Task rescheduled 'cloudify_aws.ec2.resources.instances.stop' -> EC2 Instances ID# "i-0c1ab7f0f3e82fa77" is still in a pending state.
Traceback (most recent call last):
  File "/opt/mgmtworker/env/lib/python2.7/site-packages/cloudify/dispatch.py", line 813, in main
    payload = handler.handle()
  File "/opt/mgmtworker/env/lib/python2.7/site-packages/cloudify/dispatch.py", line 461, in handle
    result = self._run_operation_func(ctx, kwargs)
  File "/opt/mgmtworker/env/lib/python2.7/site-packages/cloudify/dispatch.py", line 519, in _run_operation_func
    return self.func(*self.args, **kwargs)
  File "/opt/mgmtworker/env/plugins/default_tenant/cloudify-aws-plugin-2.3.0/lib/python2.7/site-packages/cloudify_aws/common/decorators.py", line 303, in wrapper_inner
    result = function(**kwargs)
  File "/opt/mgmtworker/env/plugins/default_tenant/cloudify-aws-plugin-2.3.0/lib/python2.7/site-packages/cloudify_aws/common/decorators.py", line 330, in wrapper_inner
    fail_on_missing)
  File "/opt/mgmtworker/env/plugins/default_tenant/cloudify-aws-plugin-2.3.0/lib/python2.7/site-packages/cloudify_aws/common/decorators.py", line 76, in _wait_for_status
    % (resource_type, iface.resource_id))
OperationRetry: EC2 Instances ID# "i-0c1ab7f0f3e82fa77" is still in a pending state.

2019-08-08 13:32:45.930  CFY <aws> [vm-database_6ztzzy.stop] Task rescheduled 'cloudify_aws.ec2.resources.instances.stop' -> EC2 Instances ID# "i-09d48c009c4e96af2" is still in a pending state.
Traceback (most recent call last):
  File "/opt/mgmtworker/env/lib/python2.7/site-packages/cloudify/dispatch.py", line 813, in main
    payload = handler.handle()
  File "/opt/mgmtworker/env/lib/python2.7/site-packages/cloudify/dispatch.py", line 461, in handle
    result = self._run_operation_func(ctx, kwargs)
  File "/opt/mgmtworker/env/lib/python2.7/site-packages/cloudify/dispatch.py", line 519, in _run_operation_func
    return self.func(*self.args, **kwargs)
  File "/opt/mgmtworker/env/plugins/default_tenant/cloudify-aws-plugin-2.3.0/lib/python2.7/site-packages/cloudify_aws/common/decorators.py", line 303, in wrapper_inner
    result = function(**kwargs)
  File "/opt/mgmtworker/env/plugins/default_tenant/cloudify-aws-plugin-2.3.0/lib/python2.7/site-packages/cloudify_aws/common/decorators.py", line 330, in wrapper_inner
    fail_on_missing)
  File "/opt/mgmtworker/env/plugins/default_tenant/cloudify-aws-plugin-2.3.0/lib/python2.7/site-packages/cloudify_aws/common/decorators.py", line 76, in _wait_for_status
    % (resource_type, iface.resource_id))
OperationRetry: EC2 Instances ID# "i-09d48c009c4e96af2" is still in a pending state.

2019-08-08 13:32:47.203  CFY <aws> [internet_gateway_bsosbf.stop] Task succeeded 'cloudify_aws.ec2.resources.internet_gateway.detach'
2019-08-08 13:32:47.246  CFY <aws> [vm-app1_ky1hds.stop] Task rescheduled 'cloudify_aws.ec2.resources.instances.stop' -> EC2 Instances ID# "i-0961ac1c7044b6d5b" is still in a pending state.
Traceback (most recent call last):
  File "/opt/mgmtworker/env/lib/python2.7/site-packages/cloudify/dispatch.py", line 813, in main
    payload = handler.handle()
  File "/opt/mgmtworker/env/lib/python2.7/site-packages/cloudify/dispatch.py", line 461, in handle
    result = self._run_operation_func(ctx, kwargs)
  File "/opt/mgmtworker/env/lib/python2.7/site-packages/cloudify/dispatch.py", line 519, in _run_operation_func
    return self.func(*self.args, **kwargs)
  File "/opt/mgmtworker/env/plugins/default_tenant/cloudify-aws-plugin-2.3.0/lib/python2.7/site-packages/cloudify_aws/common/decorators.py", line 303, in wrapper_inner
    result = function(**kwargs)
  File "/opt/mgmtworker/env/plugins/default_tenant/cloudify-aws-plugin-2.3.0/lib/python2.7/site-packages/cloudify_aws/common/decorators.py", line 330, in wrapper_inner
    fail_on_missing)
  File "/opt/mgmtworker/env/plugins/default_tenant/cloudify-aws-plugin-2.3.0/lib/python2.7/site-packages/cloudify_aws/common/decorators.py", line 76, in _wait_for_status
    % (resource_type, iface.resource_id))
OperationRetry: EC2 Instances ID# "i-0961ac1c7044b6d5b" is still in a pending state.

2019-08-08 13:32:47.505  CFY <aws> [internet_gateway_bsosbf] Stopped node instance
2019-08-08 13:32:47.619  CFY <aws> [routetable_wjcei5.stop] Task succeeded 'cloudify_aws.ec2.resources.routetable.detach'
2019-08-08 13:32:47.659  CFY <aws> [routetable_wjcei5] Stopped node instance
2019-08-08 13:32:48.043  CFY <aws> [internet_gateway_bsosbf] Unlinking relationships
2019-08-08 13:32:48.097  CFY <aws> [routetable_wjcei5] Unlinking relationships
2019-08-08 13:32:48.398  CFY <aws> [internet_gateway_bsosbf] Relationships unlinked
2019-08-08 13:32:48.636  CFY <aws> [internet_gateway_bsosbf] Deleting node instance
2019-08-08 13:32:48.943  CFY <aws> [routetable_wjcei5] Relationships unlinked
2019-08-08 13:32:49.086  CFY <aws> [internet_gateway_bsosbf.delete] Sending task 'cloudify_aws.ec2.resources.internet_gateway.delete'
2019-08-08 13:32:50.360  CFY <aws> [routetable_wjcei5] Deleting node instance
2019-08-08 13:32:50.822  CFY <aws> [routetable_wjcei5.delete] Sending task 'cloudify_aws.ec2.resources.routetable.delete'
2019-08-08 13:32:56.347  CFY <aws> [internet_gateway_bsosbf.delete] Task succeeded 'cloudify_aws.ec2.resources.internet_gateway.delete'
2019-08-08 13:32:56.770  CFY <aws> [internet_gateway_bsosbf] Deleted node instance
2019-08-08 13:32:57.818  CFY <aws> [routetable_wjcei5.delete] Task succeeded 'cloudify_aws.ec2.resources.routetable.delete'
2019-08-08 13:32:57.867  CFY <aws> [routetable_wjcei5] Deleted node instance
2019-08-08 13:32:59.977  CFY <aws> [vm-app2_tqch3c.stop] Sending task 'cloudify_aws.ec2.resources.instances.stop' [retry 1/60]
2019-08-08 13:33:01.241  CFY <aws> [vm-database_6ztzzy.stop] Sending task 'cloudify_aws.ec2.resources.instances.stop' [retry 1/60]
2019-08-08 13:33:02.606  CFY <aws> [vm-app1_ky1hds.stop] Sending task 'cloudify_aws.ec2.resources.instances.stop' [retry 1/60]
2019-08-08 13:33:07.767  CFY <aws> [vm-app2_tqch3c.stop] Task succeeded 'cloudify_aws.ec2.resources.instances.stop' [retry 1/60]
2019-08-08 13:33:07.804  CFY <aws> [vm-app2_tqch3c] Stopped node instance
2019-08-08 13:33:08.213  CFY <aws> [vm-app2_tqch3c] Unlinking relationships
2019-08-08 13:33:08.537  CFY <aws> [vm-app2_tqch3c] Relationships unlinked
2019-08-08 13:33:09.202  CFY <aws> [vm-database_6ztzzy.stop] Task succeeded 'cloudify_aws.ec2.resources.instances.stop' [retry 1/60]
2019-08-08 13:33:09.477  CFY <aws> [vm-app2_tqch3c] Deleting node instance
2019-08-08 13:33:09.658  CFY <aws> [vm-database_6ztzzy] Stopped node instance
2019-08-08 13:33:09.846  CFY <aws> [vm-app1_ky1hds.stop] Task succeeded 'cloudify_aws.ec2.resources.instances.stop' [retry 1/60]
2019-08-08 13:33:09.900  CFY <aws> [vm-app2_tqch3c.delete] Sending task 'cloudify_aws.ec2.resources.instances.delete'
2019-08-08 13:33:10.851  CFY <aws> [vm-app1_ky1hds] Stopped node instance
2019-08-08 13:33:11.636  CFY <aws> [vm-database_6ztzzy] Unlinking relationships
2019-08-08 13:33:11.818  CFY <aws> [vm-app1_ky1hds] Unlinking relationships
2019-08-08 13:33:12.196  CFY <aws> [vm-database_6ztzzy] Relationships unlinked
2019-08-08 13:33:12.416  CFY <aws> [vm-app1_ky1hds] Relationships unlinked
2019-08-08 13:33:13.170  CFY <aws> [vm-database_6ztzzy] Deleting node instance
2019-08-08 13:33:13.783  CFY <aws> [vm-database_6ztzzy.delete] Sending task 'cloudify_aws.ec2.resources.instances.delete'
2019-08-08 13:33:13.873  CFY <aws> [vm-app1_ky1hds] Deleting node instance
2019-08-08 13:33:15.134  CFY <aws> [vm-app1_ky1hds.delete] Sending task 'cloudify_aws.ec2.resources.instances.delete'
2019-08-08 13:33:16.554  CFY <aws> [vm-app2_tqch3c.delete] Task rescheduled 'cloudify_aws.ec2.resources.instances.delete' -> EC2 Instances ID# "i-0c1ab7f0f3e82fa77" is still in a pending state.
Traceback (most recent call last):
  File "/opt/mgmtworker/env/lib/python2.7/site-packages/cloudify/dispatch.py", line 813, in main
    payload = handler.handle()
  File "/opt/mgmtworker/env/lib/python2.7/site-packages/cloudify/dispatch.py", line 461, in handle
    result = self._run_operation_func(ctx, kwargs)
  File "/opt/mgmtworker/env/lib/python2.7/site-packages/cloudify/dispatch.py", line 519, in _run_operation_func
    return self.func(*self.args, **kwargs)
  File "/opt/mgmtworker/env/plugins/default_tenant/cloudify-aws-plugin-2.3.0/lib/python2.7/site-packages/cloudify_aws/common/decorators.py", line 303, in wrapper_inner
    result = function(**kwargs)
  File "/opt/mgmtworker/env/plugins/default_tenant/cloudify-aws-plugin-2.3.0/lib/python2.7/site-packages/cloudify_aws/common/decorators.py", line 382, in wrapper_inner
    % (resource_type, iface.resource_id))
OperationRetry: EC2 Instances ID# "i-0c1ab7f0f3e82fa77" is still in a pending state.

2019-08-08 13:33:19.440  CFY <aws> [vm-database_6ztzzy.delete] Task rescheduled 'cloudify_aws.ec2.resources.instances.delete' -> EC2 Instances ID# "i-09d48c009c4e96af2" is still in a pending state.
Traceback (most recent call last):
  File "/opt/mgmtworker/env/lib/python2.7/site-packages/cloudify/dispatch.py", line 813, in main
    payload = handler.handle()
  File "/opt/mgmtworker/env/lib/python2.7/site-packages/cloudify/dispatch.py", line 461, in handle
    result = self._run_operation_func(ctx, kwargs)
  File "/opt/mgmtworker/env/lib/python2.7/site-packages/cloudify/dispatch.py", line 519, in _run_operation_func
    return self.func(*self.args, **kwargs)
  File "/opt/mgmtworker/env/plugins/default_tenant/cloudify-aws-plugin-2.3.0/lib/python2.7/site-packages/cloudify_aws/common/decorators.py", line 303, in wrapper_inner
    result = function(**kwargs)
  File "/opt/mgmtworker/env/plugins/default_tenant/cloudify-aws-plugin-2.3.0/lib/python2.7/site-packages/cloudify_aws/common/decorators.py", line 382, in wrapper_inner
    % (resource_type, iface.resource_id))
OperationRetry: EC2 Instances ID# "i-09d48c009c4e96af2" is still in a pending state.

2019-08-08 13:33:20.466  CFY <aws> [vm-app1_ky1hds.delete] Task rescheduled 'cloudify_aws.ec2.resources.instances.delete' -> EC2 Instances ID# "i-0961ac1c7044b6d5b" is still in a pending state.
Traceback (most recent call last):
  File "/opt/mgmtworker/env/lib/python2.7/site-packages/cloudify/dispatch.py", line 813, in main
    payload = handler.handle()
  File "/opt/mgmtworker/env/lib/python2.7/site-packages/cloudify/dispatch.py", line 461, in handle
    result = self._run_operation_func(ctx, kwargs)
  File "/opt/mgmtworker/env/lib/python2.7/site-packages/cloudify/dispatch.py", line 519, in _run_operation_func
    return self.func(*self.args, **kwargs)
  File "/opt/mgmtworker/env/plugins/default_tenant/cloudify-aws-plugin-2.3.0/lib/python2.7/site-packages/cloudify_aws/common/decorators.py", line 303, in wrapper_inner
    result = function(**kwargs)
  File "/opt/mgmtworker/env/plugins/default_tenant/cloudify-aws-plugin-2.3.0/lib/python2.7/site-packages/cloudify_aws/common/decorators.py", line 382, in wrapper_inner
    % (resource_type, iface.resource_id))
OperationRetry: EC2 Instances ID# "i-0961ac1c7044b6d5b" is still in a pending state.

2019-08-08 13:33:31.743  CFY <aws> [vm-app2_tqch3c.delete] Sending task 'cloudify_aws.ec2.resources.instances.delete' [retry 1/60]
2019-08-08 13:33:34.521  CFY <aws> [vm-database_6ztzzy.delete] Sending task 'cloudify_aws.ec2.resources.instances.delete' [retry 1/60]
2019-08-08 13:33:35.619  CFY <aws> [vm-app2_tqch3c.delete] Task succeeded 'cloudify_aws.ec2.resources.instances.delete' [retry 1/60]
2019-08-08 13:33:35.666  CFY <aws> [vm-app1_ky1hds.delete] Sending task 'cloudify_aws.ec2.resources.instances.delete' [retry 1/60]
2019-08-08 13:33:37.556  CFY <aws> [vm-app2_tqch3c] Deleted node instance
2019-08-08 13:33:39.165  CFY <aws> [cloud_init2_i8p097] Stopping node instance
2019-08-08 13:33:39.427  CFY <aws> [nic2_zf952z] Stopping node instance
2019-08-08 13:33:39.871  CFY <aws> [nic2_zf952z] Validating node instance after deletion: nothing to do
2019-08-08 13:33:39.988  CFY <aws> [cloud_init2_i8p097] Validating node instance after deletion: nothing to do
2019-08-08 13:33:40.198  CFY <aws> [nic2_zf952z.stop] Sending task 'cloudify_aws.ec2.resources.eni.detach'
2019-08-08 13:33:41.246  CFY <aws> [vm-database_6ztzzy.delete] Task succeeded 'cloudify_aws.ec2.resources.instances.delete' [retry 1/60]
2019-08-08 13:33:41.531  CFY <aws> [cloud_init2_i8p097.stop] Sending task 'cloudify_cloudinit.tasks.update'
2019-08-08 13:33:42.749  CFY <aws> [vm-app1_ky1hds.delete] Task succeeded 'cloudify_aws.ec2.resources.instances.delete' [retry 1/60]
2019-08-08 13:33:42.799  CFY <aws> [vm-database_6ztzzy] Deleted node instance
2019-08-08 13:33:43.528  CFY <aws> [vm-app1_ky1hds] Deleted node instance
2019-08-08 13:33:44.425  CFY <aws> [nicdb_ufe4xn] Stopping node instance
2019-08-08 13:33:44.729  CFY <aws> [cloud_initdb_k1ca83] Stopping node instance
2019-08-08 13:33:45.734  CFY <aws> [cloud_init_4287pc] Stopping node instance
2019-08-08 13:33:46.547  CFY <aws> [ami_1hwo49] Stopping node instance
2019-08-08 13:33:47.337  CFY <aws> [nic1_3f9cg1] Stopping node instance
2019-08-08 13:33:47.389  CFY <aws> [nicdb_ufe4xn] Validating node instance after deletion: nothing to do
2019-08-08 13:33:47.457  CFY <aws> [cloud_init2_i8p097.stop] Task succeeded 'cloudify_cloudinit.tasks.update'
2019-08-08 13:33:47.532  CFY <aws> [cloud_initdb_k1ca83] Validating node instance after deletion: nothing to do
2019-08-08 13:33:47.657  CFY <aws> [cloud_init_4287pc] Validating node instance after deletion: nothing to do
2019-08-08 13:33:47.714  CFY <aws> [nic2_zf952z.stop] Task succeeded 'cloudify_aws.ec2.resources.eni.detach'
2019-08-08 13:33:47.768  CFY <aws> [ami_1hwo49] Validating node instance after deletion: nothing to do
2019-08-08 13:33:47.786  CFY <aws> [nicdb_ufe4xn.stop] Sending task 'cloudify_aws.ec2.resources.eni.detach'
2019-08-08 13:33:47.889  CFY <aws> [nic1_3f9cg1] Validating node instance after deletion: nothing to do
2019-08-08 13:33:47.943  CFY <aws> [cloud_init2_i8p097] Stopped node instance
2019-08-08 13:33:48.977  CFY <aws> [cloud_init_4287pc.stop] Sending task 'cloudify_cloudinit.tasks.update'
2019-08-08 13:33:50.069  CFY <aws> [nic2_zf952z] Stopped node instance
2019-08-08 13:33:50.298  CFY <aws> [ami_1hwo49] Stopped node instance: nothing to do
2019-08-08 13:33:50.458  CFY <aws> [nic1_3f9cg1.stop] Sending task 'cloudify_aws.ec2.resources.eni.detach'
2019-08-08 13:33:51.767  CFY <aws> [cloud_initdb_k1ca83.stop] Sending task 'cloudify_cloudinit.tasks.update'
2019-08-08 13:33:53.272  CFY <aws> [nicdb_ufe4xn.stop] Task succeeded 'cloudify_aws.ec2.resources.eni.detach'
2019-08-08 13:33:53.765  CFY <aws> [cloud_init2_i8p097] Unlinking relationships
2019-08-08 13:33:55.032  CFY <aws> [nicdb_ufe4xn] Stopped node instance
2019-08-08 13:33:55.130  CFY <aws> [cloud_init_4287pc.stop] Task succeeded 'cloudify_cloudinit.tasks.update'
2019-08-08 13:33:55.315  CFY <aws> [nic2_zf952z] Unlinking relationships
2019-08-08 13:33:55.459  CFY <aws> [cloud_init2_i8p097] Relationships unlinked
2019-08-08 13:33:55.646  CFY <aws> [ami_1hwo49] Unlinking relationships
2019-08-08 13:33:55.912  CFY <aws> [cloud_init_4287pc] Stopped node instance
2019-08-08 13:33:56.577  CFY <aws> [nic2_zf952z] Relationships unlinked
2019-08-08 13:33:56.785  CFY <aws> [cloud_init2_i8p097] Deleting node instance
2019-08-08 13:33:57.813  CFY <aws> [cloud_init2_i8p097.delete] Sending task 'cloudify_cloudinit.tasks.update'
2019-08-08 13:33:58.097  CFY <aws> [ami_1hwo49] Relationships unlinked
2019-08-08 13:33:58.192  CFY <aws> [cloud_initdb_k1ca83.stop] Task succeeded 'cloudify_cloudinit.tasks.update'
2019-08-08 13:33:58.295  CFY <aws> [nicdb_ufe4xn] Unlinking relationships
2019-08-08 13:33:58.600  CFY <aws> [nic2_zf952z] Deleting node instance
2019-08-08 13:33:58.818  CFY <aws> [nic1_3f9cg1.stop] Task succeeded 'cloudify_aws.ec2.resources.eni.detach'
2019-08-08 13:33:59.014  CFY <aws> [cloud_initdb_k1ca83] Stopped node instance
2019-08-08 13:33:59.191  CFY <aws> [nic2_zf952z.delete] Sending task 'cloudify_aws.ec2.resources.eni.delete'
2019-08-08 13:33:59.241  CFY <aws> [nic1_3f9cg1] Stopped node instance
2019-08-08 13:34:00.423  CFY <aws> [ami_1hwo49] Deleting node instance: nothing to do
2019-08-08 13:34:00.578  CFY <aws> [cloud_init_4287pc] Unlinking relationships
2019-08-08 13:34:00.712  CFY <aws> [nicdb_ufe4xn] Relationships unlinked
2019-08-08 13:34:01.450  CFY <aws> [cloud_init2_i8p097.delete] Task succeeded 'cloudify_cloudinit.tasks.update'
2019-08-08 13:34:02.380  CFY <aws> [ami_1hwo49] Deleted node instance
2019-08-08 13:34:02.478  CFY <aws> [nicdb_ufe4xn] Deleting node instance
2019-08-08 13:34:02.629  CFY <aws> [cloud_init_4287pc] Relationships unlinked
2019-08-08 13:34:03.448  CFY <aws> [nicdb_ufe4xn.delete] Sending task 'cloudify_aws.ec2.resources.eni.delete'
2019-08-08 13:34:03.565  CFY <aws> [cloud_init2_i8p097] Deleted node instance
2019-08-08 13:34:03.759  CFY <aws> [cloud_initdb_k1ca83] Unlinking relationships
2019-08-08 13:34:03.946  CFY <aws> [nic1_3f9cg1] Unlinking relationships
2019-08-08 13:34:04.446  CFY <aws> [cloud_init_4287pc] Deleting node instance
2019-08-08 13:34:05.534  CFY <aws> [cloud_init_4287pc.delete] Sending task 'cloudify_cloudinit.tasks.update'
2019-08-08 13:34:06.522  CFY <aws> [cloud_initdb_k1ca83] Relationships unlinked
2019-08-08 13:34:06.758  CFY <aws> [nic1_3f9cg1] Relationships unlinked
2019-08-08 13:34:07.618  CFY <aws> [cloud_initdb_k1ca83] Deleting node instance
2019-08-08 13:34:07.773  CFY <aws> [nic1_3f9cg1] Deleting node instance
2019-08-08 13:34:08.025  CFY <aws> [cloud_initdb_k1ca83.delete] Sending task 'cloudify_cloudinit.tasks.update'
2019-08-08 13:34:08.089  CFY <aws> [nic2_zf952z.delete] Task succeeded 'cloudify_aws.ec2.resources.eni.delete'
2019-08-08 13:34:09.418  CFY <aws> [nic1_3f9cg1.delete] Sending task 'cloudify_aws.ec2.resources.eni.delete'
2019-08-08 13:34:10.353  CFY <aws> [cloud_init_4287pc.delete] Task succeeded 'cloudify_cloudinit.tasks.update'
2019-08-08 13:34:10.512  CFY <aws> [nic2_zf952z] Deleted node instance
2019-08-08 13:34:11.613  CFY <aws> [cloud_init_4287pc] Deleted node instance
2019-08-08 13:34:11.653  CFY <aws> [nicdb_ufe4xn.delete] Task succeeded 'cloudify_aws.ec2.resources.eni.delete'
2019-08-08 13:34:12.870  CFY <aws> [nicdb_ufe4xn] Deleted node instance
2019-08-08 13:34:14.912  CFY <aws> [cloud_initdb_k1ca83.delete] Task succeeded 'cloudify_cloudinit.tasks.update'
2019-08-08 13:34:15.319  CFY <aws> [cloud_initdb_k1ca83] Deleted node instance
2019-08-08 13:34:17.359  CFY <aws> [nic1_3f9cg1.delete] Task succeeded 'cloudify_aws.ec2.resources.eni.delete'
2019-08-08 13:34:17.405  CFY <aws> [nic1_3f9cg1] Deleted node instance
2019-08-08 13:34:17.870  CFY <aws> [subnet_ur7b7d] Stopping node instance
2019-08-08 13:34:18.204  CFY <aws> [security_group_7lwjhd] Stopping node instance
2019-08-08 13:34:18.438  CFY <aws> [subnet_ur7b7d] Validating node instance after deletion: nothing to do
2019-08-08 13:34:18.496  CFY <aws> [security_group_7lwjhd] Validating node instance after deletion: nothing to do
2019-08-08 13:34:18.570  CFY <aws> [subnet_ur7b7d] Stopped node instance: nothing to do
2019-08-08 13:34:18.684  CFY <aws> [security_group_7lwjhd] Stopped node instance: nothing to do
2019-08-08 13:34:19.134  CFY <aws> [subnet_ur7b7d] Unlinking relationships
2019-08-08 13:34:19.190  CFY <aws> [security_group_7lwjhd] Unlinking relationships
2019-08-08 13:34:19.531  CFY <aws> [security_group_7lwjhd] Relationships unlinked
2019-08-08 13:34:19.599  CFY <aws> [subnet_ur7b7d] Relationships unlinked
2019-08-08 13:34:19.727  CFY <aws> [security_group_7lwjhd] Deleting node instance
2019-08-08 13:34:19.972  CFY <aws> [subnet_ur7b7d] Deleting node instance
2019-08-08 13:34:20.318  CFY <aws> [subnet_ur7b7d.delete] Sending task 'cloudify_aws.ec2.resources.subnet.delete'
2019-08-08 13:34:21.464  CFY <aws> [security_group_7lwjhd.delete] Sending task 'cloudify_aws.ec2.resources.securitygroup.delete'
2019-08-08 13:34:25.207  CFY <aws> [subnet_ur7b7d.delete] Task succeeded 'cloudify_aws.ec2.resources.subnet.delete'
2019-08-08 13:34:25.314  CFY <aws> [subnet_ur7b7d] Deleted node instance
2019-08-08 13:34:26.421  CFY <aws> [security_group_7lwjhd.delete] Task succeeded 'cloudify_aws.ec2.resources.securitygroup.delete'
2019-08-08 13:34:26.720  CFY <aws> [security_group_7lwjhd] Deleted node instance
2019-08-08 13:34:26.966  CFY <aws> [vpc_54viqa] Stopping node instance
2019-08-08 13:34:27.268  CFY <aws> [vpc_54viqa] Validating node instance after deletion: nothing to do
2019-08-08 13:34:27.360  CFY <aws> [vpc_54viqa] Stopped node instance: nothing to do
2019-08-08 13:34:27.667  CFY <aws> [vpc_54viqa] Unlinking relationships
2019-08-08 13:34:27.965  CFY <aws> [vpc_54viqa] Relationships unlinked
2019-08-08 13:34:28.165  CFY <aws> [vpc_54viqa] Deleting node instance
2019-08-08 13:34:28.931  CFY <aws> [vpc_54viqa.delete] Sending task 'cloudify_aws.ec2.resources.vpc.delete'
2019-08-08 13:34:32.971  CFY <aws> [vpc_54viqa.delete] Task succeeded 'cloudify_aws.ec2.resources.vpc.delete'
2019-08-08 13:34:33.100  CFY <aws> [vpc_54viqa] Deleted node instance
2019-08-08 13:34:33.535  CFY <aws> 'uninstall' workflow execution succeeded
Finished executing workflow uninstall on deployment aws
* Run 'cfy events list f58506f0-b8e0-4c37-a27c-d97c0b97aa46' to retrieve the execution's events/logs
Trying to delete deployment aws...
Deployment deleted
Deleting blueprint cloudify-wordpress-blueprint-aws...
Blueprint deleted
