Executing workflow `uninstall` on deployment `gcp` [timeout=900 seconds]
2019-08-11 01:30:53.581  CFY <gcp> Starting 'uninstall' workflow execution
2019-08-11 01:30:54.354  CFY <gcp> [config-database_eqv9b7] Validating node instance after deletion: nothing to do
2019-08-11 01:30:54.655  CFY <gcp> [firewall_v3mwv5] Stopping node instance
2019-08-11 01:30:54.746  CFY <gcp> [config-wordpress_o3t8yy] Validating node instance after deletion: nothing to do
2019-08-11 01:30:54.862  CFY <gcp> [config-wordpress_o3t8yy->vm-app2_wozxzb|unlink] Sending task 'cloudify_ansible.tasks.ansible_remove_host'
2019-08-11 01:30:55.975  CFY <gcp> [config-database_eqv9b7->vm-database_imrf44|unlink] Sending task 'cloudify_ansible.tasks.ansible_remove_host'
2019-08-11 01:30:57.210  CFY <gcp> [firewall_v3mwv5] Validating node instance after deletion: nothing to do
2019-08-11 01:30:57.422  CFY <gcp> [config-database_eqv9b7] Stop: instance already uninitialized
2019-08-11 01:30:57.602  CFY <gcp> [config-wordpress_o3t8yy] Stop: instance already uninitialized
2019-08-11 01:30:57.741  CFY <gcp> [firewall_v3mwv5] Stopped node instance: nothing to do
2019-08-11 01:30:58.541  CFY <gcp> [config-wordpress_o3t8yy->vm-app2_wozxzb|unlink] Task succeeded 'cloudify_ansible.tasks.ansible_remove_host'
2019-08-11 01:30:58.819  CFY <gcp> [config-wordpress_o3t8yy->vm-app1_ejsatv|unlink] Sending task 'cloudify_ansible.tasks.ansible_remove_host'
2019-08-11 01:30:58.882  CFY <gcp> [config-database_eqv9b7] Delete: instance already uninitialized
2019-08-11 01:30:58.982  CFY <gcp> [config-wordpress_o3t8yy] Delete: instance already uninitialized
2019-08-11 01:30:59.823  CFY <gcp> [config-wordpress_o3t8yy] Deleted node instance
2019-08-11 01:31:00.030  CFY <gcp> [firewall_v3mwv5] Unlinking relationships
2019-08-11 01:31:00.257  CFY <gcp> [config-database_eqv9b7] Deleted node instance
2019-08-11 01:31:00.787  CFY <gcp> [config-database_eqv9b7->vm-database_imrf44|unlink] Task succeeded 'cloudify_ansible.tasks.ansible_remove_host'
2019-08-11 01:31:01.236  CFY <gcp> [firewall_v3mwv5] Relationships unlinked
2019-08-11 01:31:01.745  CFY <gcp> [firewall_v3mwv5] Deleting node instance
2019-08-11 01:31:02.121  CFY <gcp> [firewall_v3mwv5.delete] Sending task 'cloudify_gcp.compute.firewall.delete'
2019-08-11 01:31:02.836  CFY <gcp> [config-wordpress_o3t8yy->vm-app1_ejsatv|unlink] Task succeeded 'cloudify_ansible.tasks.ansible_remove_host'
2019-08-11 01:31:03.542  CFY <gcp> [vm-app1_ejsatv] Validating node instance after deletion: nothing to do
2019-08-11 01:31:03.750  CFY <gcp> [vm-app2_wozxzb] Validating node instance after deletion: nothing to do
2019-08-11 01:31:04.266  CFY <gcp> [vm-app2_wozxzb] Stop: instance already uninitialized
2019-08-11 01:31:04.355  CFY <gcp> [vm-app1_ejsatv] Stop: instance already uninitialized
2019-08-11 01:31:04.833  CFY <gcp> [vm-app2_wozxzb] Delete: instance already uninitialized
2019-08-11 01:31:04.924  CFY <gcp> [vm-app1_ejsatv] Delete: instance already uninitialized
2019-08-11 01:31:05.056  CFY <gcp> [vm-app2_wozxzb] Deleted node instance
2019-08-11 01:31:05.120  LOG <gcp> [firewall_v3mwv5.delete] INFO: Delete firewall rule firewall-v3mwv5 from network https://www.googleapis.com/compute/v1/projects/node2faas-248113/global/networks/network-lt5cvh
2019-08-11 01:31:05.402  CFY <gcp> [vm-app1_ejsatv] Deleted node instance
2019-08-11 01:31:06.135  CFY <gcp> [vm-database_imrf44] Stopping node instance
2019-08-11 01:31:06.223  CFY <gcp> [vm-database_imrf44] Validating node instance after deletion: nothing to do
2019-08-11 01:31:06.546  CFY <gcp> [vm-database_imrf44] Stopped node instance: nothing to do
2019-08-11 01:31:06.862  CFY <gcp> [vm-database_imrf44] Unlinking relationships
2019-08-11 01:31:07.323  CFY <gcp> [vm-database_imrf44] Relationships unlinked
2019-08-11 01:31:07.968  CFY <gcp> [vm-database_imrf44] Deleting node instance
2019-08-11 01:31:08.243  CFY <gcp> [vm-database_imrf44.delete] Sending task 'cloudify_gcp.compute.instance.delete'
2019-08-11 01:31:08.421  CFY <gcp> [firewall_v3mwv5.delete] Task succeeded 'cloudify_gcp.compute.firewall.delete'
2019-08-11 01:31:09.423  CFY <gcp> [firewall_v3mwv5] Deleted node instance
2019-08-11 01:31:10.619  LOG <gcp> [vm-database_imrf44.delete] INFO: Delete instance wordpressdatabase
2019-08-11 01:31:12.563  LOG <gcp> [vm-database_imrf44.delete] ERROR: Error traceback Traceback (most recent call last):
  File "/opt/mgmtworker/env/plugins/default_tenant/cloudify-gcp-plugin-1.4.4/lib/python2.7/site-packages/cloudify_gcp/utils.py", line 262, in _decorator
    return func(*args, **kwargs)
  File "/opt/mgmtworker/env/plugins/default_tenant/cloudify-gcp-plugin-1.4.4/lib/python2.7/site-packages/cloudify_gcp/compute/instance.py", line 457, in delete
    utils.delete_if_not_external(instance)
  File "/opt/mgmtworker/env/plugins/default_tenant/cloudify-gcp-plugin-1.4.4/lib/python2.7/site-packages/cloudify_gcp/utils.py", line 175, in delete_if_not_external
    return resource.delete()
  File "/opt/mgmtworker/env/plugins/default_tenant/cloudify-gcp-plugin-1.4.4/lib/python2.7/site-packages/cloudify_gcp/utils.py", line 233, in wrapper
    response = func(self, *args, **kwargs)
  File "/opt/mgmtworker/env/plugins/default_tenant/cloudify-gcp-plugin-1.4.4/lib/python2.7/site-packages/cloudify_gcp/gcp.py", line 34, in _decorator
    response = func(self, *args, **kwargs)
  File "/opt/mgmtworker/env/plugins/default_tenant/cloudify-gcp-plugin-1.4.4/lib/python2.7/site-packages/cloudify_gcp/compute/instance.py", line 133, in delete
    instance=self.name).execute()
  File "/opt/mgmtworker/env/plugins/default_tenant/cloudify-gcp-plugin-1.4.4/lib/python2.7/site-packages/oauth2client/util.py", line 137, in positional_wrapper
    return wrapped(*args, **kwargs)
  File "/opt/mgmtworker/env/plugins/default_tenant/cloudify-gcp-plugin-1.4.4/lib/python2.7/site-packages/googleapiclient/http.py", line 832, in execute
    raise HttpError(resp, content, uri=self.uri)
HttpError: <HttpError 404 when requesting https://www.googleapis.com/compute/v1/projects/node2faas-248113/zones/europe-west2-c/instances/wordpressdatabase?alt=json returned "The resource 'projects/node2faas-248113/zones/europe-west2-c/instances/wordpressdatabase' was not found">
 with message <HttpError 404 when requesting https://www.googleapis.com/compute/v1/projects/node2faas-248113/zones/europe-west2-c/instances/wordpressdatabase?alt=json returned "The resource 'projects/node2faas-248113/zones/europe-west2-c/instances/wordpressdatabase' was not found">
2019-08-11 01:31:12.563  LOG <gcp> [vm-database_imrf44.delete] ERROR: Error Message 
2019-08-11 01:31:13.235  CFY <gcp> [vm-database_imrf44.delete] Task failed 'cloudify_gcp.compute.instance.delete'
Traceback (most recent call last):
  File "/opt/mgmtworker/env/lib/python2.7/site-packages/cloudify/dispatch.py", line 813, in main
    payload = handler.handle()
  File "/opt/mgmtworker/env/lib/python2.7/site-packages/cloudify/dispatch.py", line 461, in handle
    result = self._run_operation_func(ctx, kwargs)
  File "/opt/mgmtworker/env/lib/python2.7/site-packages/cloudify/dispatch.py", line 519, in _run_operation_func
    return self.func(*self.args, **kwargs)
  File "/opt/mgmtworker/env/plugins/default_tenant/cloudify-gcp-plugin-1.4.4/lib/python2.7/site-packages/cloudify_gcp/utils.py", line 277, in _decorator
    raise NonRecoverableError(error.message)
NonRecoverableError

2019-08-11 01:31:13.247  CFY <gcp> [vm-database_imrf44] Deleted node instance
2019-08-11 01:31:13.764  CFY <gcp> [subnet_y5azwd] Stopping node instance
2019-08-11 01:31:14.095  CFY <gcp> [subnet_y5azwd] Validating node instance after deletion: nothing to do
2019-08-11 01:31:14.171  CFY <gcp> [subnet_y5azwd] Stopped node instance: nothing to do
2019-08-11 01:31:14.609  CFY <gcp> [subnet_y5azwd] Unlinking relationships
2019-08-11 01:31:14.889  CFY <gcp> [subnet_y5azwd] Relationships unlinked
2019-08-11 01:31:15.253  CFY <gcp> [subnet_y5azwd] Deleting node instance
2019-08-11 01:31:15.409  CFY <gcp> [subnet_y5azwd.delete] Sending task 'cloudify_gcp.compute.subnetwork.delete'
2019-08-11 01:31:17.482  LOG <gcp> [subnet_y5azwd.delete] INFO: Delete subnetwork subnet-y5azwd
2019-08-11 01:31:20.155  CFY <gcp> [subnet_y5azwd.delete] Task rescheduled 'cloudify_gcp.compute.subnetwork.delete' -> Operation started
Traceback (most recent call last):
  File "/opt/mgmtworker/env/lib/python2.7/site-packages/cloudify/dispatch.py", line 813, in main
    payload = handler.handle()
  File "/opt/mgmtworker/env/lib/python2.7/site-packages/cloudify/dispatch.py", line 464, in handle
    raise ctx.operation._operation_retry
OperationRetry: Operation started

2019-08-11 01:31:35.309  CFY <gcp> [subnet_y5azwd.delete] Sending task 'cloudify_gcp.compute.subnetwork.delete' [retry 1/60]
2019-08-11 01:31:39.368  CFY <gcp> [subnet_y5azwd.delete] Task succeeded 'cloudify_gcp.compute.subnetwork.delete' [retry 1/60]
2019-08-11 01:31:39.642  CFY <gcp> [subnet_y5azwd] Deleted node instance
2019-08-11 01:31:40.044  CFY <gcp> [network_lt5cvh] Stopping node instance
2019-08-11 01:31:40.315  CFY <gcp> [network_lt5cvh] Validating node instance after deletion: nothing to do
2019-08-11 01:31:40.429  CFY <gcp> [network_lt5cvh] Stopped node instance: nothing to do
2019-08-11 01:31:40.737  CFY <gcp> [network_lt5cvh] Unlinking relationships
2019-08-11 01:31:41.029  CFY <gcp> [network_lt5cvh] Relationships unlinked
2019-08-11 01:31:41.201  CFY <gcp> [network_lt5cvh] Deleting node instance
2019-08-11 01:31:41.541  CFY <gcp> [network_lt5cvh.delete] Sending task 'cloudify_gcp.compute.network.delete'
2019-08-11 01:31:43.684  LOG <gcp> [network_lt5cvh.delete] INFO: Delete network network-lt5cvh
2019-08-11 01:31:46.060  CFY <gcp> [network_lt5cvh.delete] Task rescheduled 'cloudify_gcp.compute.network.delete' -> Operation started
Traceback (most recent call last):
  File "/opt/mgmtworker/env/lib/python2.7/site-packages/cloudify/dispatch.py", line 813, in main
    payload = handler.handle()
  File "/opt/mgmtworker/env/lib/python2.7/site-packages/cloudify/dispatch.py", line 464, in handle
    raise ctx.operation._operation_retry
OperationRetry: Operation started

2019-08-11 01:32:01.174  CFY <gcp> [network_lt5cvh.delete] Sending task 'cloudify_gcp.compute.network.delete' [retry 1/60]
2019-08-11 01:32:05.423  CFY <gcp> [network_lt5cvh.delete] Task rescheduled 'cloudify_gcp.compute.network.delete' -> Operation not completed yet: RUNNING [retry_after=30] [retry 1/60]
Traceback (most recent call last):
  File "/opt/mgmtworker/env/lib/python2.7/site-packages/cloudify/dispatch.py", line 813, in main
    payload = handler.handle()
  File "/opt/mgmtworker/env/lib/python2.7/site-packages/cloudify/dispatch.py", line 464, in handle
    raise ctx.operation._operation_retry
OperationRetry: Operation not completed yet: RUNNING [retry_after=30]

2019-08-11 01:32:35.596  CFY <gcp> [network_lt5cvh.delete] Sending task 'cloudify_gcp.compute.network.delete' [retry 2/60]
2019-08-11 01:32:39.245  CFY <gcp> [network_lt5cvh.delete] Task succeeded 'cloudify_gcp.compute.network.delete' [retry 2/60]
2019-08-11 01:32:39.337  CFY <gcp> [network_lt5cvh] Deleted node instance
2019-08-11 01:32:39.887  CFY <gcp> 'uninstall' workflow execution succeeded
Finished executing workflow uninstall on deployment gcp
* Run 'cfy events list 4a9b61b4-62c0-4101-87e3-fbecc0b5b845' to retrieve the execution's events/logs
Trying to delete deployment gcp...
Deployment deleted
Deleting blueprint cloudify-1565486832-wp-gcp...
Blueprint deleted
