[0m[1mdata.template_file.config_database: Refreshing state...[0m
[0m[1mdata.aws_ami.ubuntu: Refreshing state...[0m
[0m[1maws_key_pair.wordpress: Creating...[0m[0m
[0m[1maws_vpc.default: Creating...[0m[0m
[0m[1maws_key_pair.wordpress: Creation complete after 1s [id=wordpress][0m[0m
[0m[1maws_vpc.default: Still creating... [10s elapsed][0m[0m
[0m[1maws_vpc.default: Creation complete after 10s [id=vpc-0290d896061d7991a][0m[0m
[0m[1maws_internet_gateway.internet_gateway: Creating...[0m[0m
[0m[1maws_security_group.wordpress-security-group: Creating...[0m[0m
[0m[1maws_subnet.default: Creating...[0m[0m
[0m[1maws_subnet.default: Creation complete after 3s [id=subnet-03f2f57efafba265c][0m[0m
[0m[1maws_internet_gateway.internet_gateway: Creation complete after 4s [id=igw-081506fd5cc60d12a][0m[0m
[0m[1maws_route_table.internet_route: Creating...[0m[0m
[0m[1maws_security_group.wordpress-security-group: Creation complete after 6s [id=sg-013c3d25a6eab49f3][0m[0m
[0m[1maws_network_interface.wordpress-1-network_interface: Creating...[0m[0m
[0m[1maws_network_interface.wordpress-2-network_interface: Creating...[0m[0m
[0m[1maws_network_interface.wordpress-database-network_interface: Creating...[0m[0m
[0m[1maws_route_table.internet_route: Creation complete after 3s [id=rtb-0cf35809bcdd8b445][0m[0m
[0m[1maws_network_interface.wordpress-2-network_interface: Creation complete after 4s [id=eni-00af6dffb51360bd4][0m[0m
[0m[1maws_network_interface.wordpress-database-network_interface: Creation complete after 4s [id=eni-0654b735d3617ee15][0m[0m
[0m[1maws_eip.public-ip-app2: Creating...[0m[0m
[0m[1maws_eip.public-ip-database: Creating...[0m[0m
[0m[1maws_network_interface.wordpress-1-network_interface: Creation complete after 4s [id=eni-058825f686ca6192c][0m[0m
[0m[1maws_eip.public-ip-app1: Creating...[0m[0m
[0m[1maws_eip.public-ip-database: Creation complete after 5s [id=eipalloc-0d2dfde812f72f35d][0m[0m
[0m[1maws_eip.public-ip-app1: Creation complete after 5s [id=eipalloc-0681227cd647a63d4][0m[0m
[0m[1maws_eip.public-ip-app2: Creation complete after 5s [id=eipalloc-0e37b27510b0ce282][0m[0m
[0m[1mdata.template_file.config: Refreshing state...[0m
[0m[1maws_instance.wordpress-database: Creating...[0m[0m
[0m[1maws_instance.wordpress-app2: Creating...[0m[0m
[0m[1maws_instance.wordpress-app1: Creating...[0m[0m
[0m[1maws_instance.wordpress-database: Still creating... [10s elapsed][0m[0m
[0m[1maws_instance.wordpress-app2: Still creating... [10s elapsed][0m[0m
[0m[1maws_instance.wordpress-app1: Still creating... [10s elapsed][0m[0m
[0m[1maws_instance.wordpress-database: Still creating... [20s elapsed][0m[0m
[0m[1maws_instance.wordpress-app2: Still creating... [20s elapsed][0m[0m
[0m[1maws_instance.wordpress-app1: Still creating... [20s elapsed][0m[0m
[0m[1maws_instance.wordpress-database: Still creating... [30s elapsed][0m[0m
[0m[1maws_instance.wordpress-app2: Still creating... [30s elapsed][0m[0m
[0m[1maws_instance.wordpress-app1: Still creating... [30s elapsed][0m[0m
[0m[1maws_instance.wordpress-database: Still creating... [40s elapsed][0m[0m
[0m[1maws_instance.wordpress-app1: Still creating... [40s elapsed][0m[0m
[0m[1maws_instance.wordpress-app2: Still creating... [40s elapsed][0m[0m
[0m[1maws_instance.wordpress-app2: Provisioning with 'file'...[0m[0m
[0m[1maws_instance.wordpress-app1: Provisioning with 'file'...[0m[0m
[0m[1maws_instance.wordpress-database: Provisioning with 'file'...[0m[0m
[0m[1maws_instance.wordpress-database: Still creating... [50s elapsed][0m[0m
[0m[1maws_instance.wordpress-app2: Still creating... [50s elapsed][0m[0m
[0m[1maws_instance.wordpress-app1: Still creating... [50s elapsed][0m[0m
[0m[1maws_instance.wordpress-database: Still creating... [1m0s elapsed][0m[0m
[0m[1maws_instance.wordpress-app1: Still creating... [1m0s elapsed][0m[0m
[0m[1maws_instance.wordpress-app2: Still creating... [1m0s elapsed][0m[0m
[0m[1maws_instance.wordpress-database: Still creating... [1m10s elapsed][0m[0m
[0m[1maws_instance.wordpress-app2: Still creating... [1m10s elapsed][0m[0m
[0m[1maws_instance.wordpress-app1: Still creating... [1m10s elapsed][0m[0m
[0m[1maws_instance.wordpress-database: Still creating... [1m20s elapsed][0m[0m
[0m[1maws_instance.wordpress-app1: Still creating... [1m20s elapsed][0m[0m
[0m[1maws_instance.wordpress-app2: Still creating... [1m20s elapsed][0m[0m
[0m[1maws_instance.wordpress-database: Still creating... [1m30s elapsed][0m[0m
[0m[1maws_instance.wordpress-app2: Still creating... [1m30s elapsed][0m[0m
[0m[1maws_instance.wordpress-app1: Still creating... [1m30s elapsed][0m[0m
[0m[1maws_instance.wordpress-database: Still creating... [1m40s elapsed][0m[0m
[0m[1maws_instance.wordpress-app1: Still creating... [1m40s elapsed][0m[0m
[0m[1maws_instance.wordpress-app2: Still creating... [1m40s elapsed][0m[0m
[0m[1maws_instance.wordpress-database: Still creating... [1m50s elapsed][0m[0m
[0m[1maws_instance.wordpress-app2: Still creating... [1m50s elapsed][0m[0m
[0m[1maws_instance.wordpress-app1: Still creating... [1m50s elapsed][0m[0m
[0m[1maws_instance.wordpress-database: Still creating... [2m0s elapsed][0m[0m
[0m[1maws_instance.wordpress-app1: Still creating... [2m0s elapsed][0m[0m
[0m[1maws_instance.wordpress-app2: Still creating... [2m0s elapsed][0m[0m
[0m[1maws_instance.wordpress-database: Still creating... [2m10s elapsed][0m[0m
[0m[1maws_instance.wordpress-app2: Still creating... [2m10s elapsed][0m[0m
[0m[1maws_instance.wordpress-app1: Still creating... [2m10s elapsed][0m[0m
[0m[1maws_instance.wordpress-database: Still creating... [2m20s elapsed][0m[0m
[0m[1maws_instance.wordpress-app1: Still creating... [2m20s elapsed][0m[0m
[0m[1maws_instance.wordpress-app2: Still creating... [2m20s elapsed][0m[0m
[0m[1maws_instance.wordpress-database: Still creating... [2m30s elapsed][0m[0m
[0m[1maws_instance.wordpress-app2: Still creating... [2m30s elapsed][0m[0m
[0m[1maws_instance.wordpress-app1: Still creating... [2m30s elapsed][0m[0m
[0m[1maws_instance.wordpress-database: Still creating... [2m40s elapsed][0m[0m
[0m[1maws_instance.wordpress-app1: Still creating... [2m40s elapsed][0m[0m
[0m[1maws_instance.wordpress-app2: Still creating... [2m40s elapsed][0m[0m
[0m[1maws_instance.wordpress-database: Still creating... [2m50s elapsed][0m[0m
[0m[1maws_instance.wordpress-app2: Still creating... [2m50s elapsed][0m[0m
[0m[1maws_instance.wordpress-app1: Still creating... [2m50s elapsed][0m[0m
[0m[1maws_instance.wordpress-database: Still creating... [3m0s elapsed][0m[0m
[0m[1maws_instance.wordpress-app1: Still creating... [3m0s elapsed][0m[0m
[0m[1maws_instance.wordpress-app2: Still creating... [3m0s elapsed][0m[0m
[0m[1maws_instance.wordpress-database: Still creating... [3m10s elapsed][0m[0m
[0m[1maws_instance.wordpress-app2: Still creating... [3m10s elapsed][0m[0m
[0m[1maws_instance.wordpress-app1: Still creating... [3m10s elapsed][0m[0m
[0m[1maws_instance.wordpress-database: Still creating... [3m20s elapsed][0m[0m
[0m[1maws_instance.wordpress-app1: Still creating... [3m20s elapsed][0m[0m
[0m[1maws_instance.wordpress-app2: Still creating... [3m20s elapsed][0m[0m
[0m[1maws_instance.wordpress-database: Still creating... [3m30s elapsed][0m[0m
[0m[1maws_instance.wordpress-app2: Still creating... [3m30s elapsed][0m[0m
[0m[1maws_instance.wordpress-app1: Still creating... [3m30s elapsed][0m[0m
[0m[1maws_instance.wordpress-database: Still creating... [3m40s elapsed][0m[0m
[0m[1maws_instance.wordpress-app1: Still creating... [3m40s elapsed][0m[0m
[0m[1maws_instance.wordpress-app2: Still creating... [3m40s elapsed][0m[0m
[0m[1maws_instance.wordpress-database: Still creating... [3m50s elapsed][0m[0m
[0m[1maws_instance.wordpress-app2: Still creating... [3m50s elapsed][0m[0m
[0m[1maws_instance.wordpress-app1: Still creating... [3m50s elapsed][0m[0m
[0m[1maws_instance.wordpress-database: Still creating... [4m0s elapsed][0m[0m
[0m[1maws_instance.wordpress-app1: Still creating... [4m0s elapsed][0m[0m
[0m[1maws_instance.wordpress-app2: Still creating... [4m0s elapsed][0m[0m
[0m[1maws_instance.wordpress-database: Still creating... [4m10s elapsed][0m[0m
[0m[1maws_instance.wordpress-app2: Still creating... [4m10s elapsed][0m[0m
[0m[1maws_instance.wordpress-app1: Still creating... [4m10s elapsed][0m[0m
[0m[1maws_instance.wordpress-database: Still creating... [4m20s elapsed][0m[0m
[0m[1maws_instance.wordpress-app1: Still creating... [4m20s elapsed][0m[0m
[0m[1maws_instance.wordpress-app2: Still creating... [4m20s elapsed][0m[0m
[0m[1maws_instance.wordpress-database: Still creating... [4m30s elapsed][0m[0m
[0m[1maws_instance.wordpress-app2: Still creating... [4m30s elapsed][0m[0m
[0m[1maws_instance.wordpress-app1: Still creating... [4m30s elapsed][0m[0m
[0m[1maws_instance.wordpress-database: Still creating... [4m40s elapsed][0m[0m
[0m[1maws_instance.wordpress-app1: Still creating... [4m40s elapsed][0m[0m
[0m[1maws_instance.wordpress-app2: Still creating... [4m40s elapsed][0m[0m
[0m[1maws_instance.wordpress-database: Still creating... [4m50s elapsed][0m[0m
[0m[1maws_instance.wordpress-app2: Still creating... [4m50s elapsed][0m[0m
[0m[1maws_instance.wordpress-app1: Still creating... [4m50s elapsed][0m[0m
[0m[1maws_instance.wordpress-database: Still creating... [5m0s elapsed][0m[0m
[0m[1maws_instance.wordpress-app1: Still creating... [5m0s elapsed][0m[0m
[0m[1maws_instance.wordpress-app2: Still creating... [5m0s elapsed][0m[0m
[0m[1maws_instance.wordpress-database: Still creating... [5m10s elapsed][0m[0m
[0m[1maws_instance.wordpress-app2: Still creating... [5m10s elapsed][0m[0m
[0m[1maws_instance.wordpress-app1: Still creating... [5m10s elapsed][0m[0m
[0m[1maws_instance.wordpress-database: Still creating... [5m20s elapsed][0m[0m
[0m[1maws_instance.wordpress-app1: Still creating... [5m20s elapsed][0m[0m
[0m[1maws_instance.wordpress-app2: Still creating... [5m20s elapsed][0m[0m
[0m[1maws_instance.wordpress-database: Still creating... [5m30s elapsed][0m[0m
[0m[1maws_instance.wordpress-app2: Still creating... [5m30s elapsed][0m[0m
[0m[1maws_instance.wordpress-app1: Still creating... [5m30s elapsed][0m[0m
[0m[1maws_instance.wordpress-database: Still creating... [5m40s elapsed][0m[0m
[0m[1maws_instance.wordpress-app1: Still creating... [5m40s elapsed][0m[0m
[0m[1maws_instance.wordpress-app2: Still creating... [5m40s elapsed][0m[0m
[0m[0m
[0m[0m
[0m[0m
