Executing workflow `uninstall` on deployment `gcp` [timeout=900 seconds]
2019-08-08 12:53:11.920  CFY <gcp> Starting 'uninstall' workflow execution
2019-08-08 12:53:13.075  CFY <gcp> [config-database_6gko9l->vm-database_36dzie|unlink] Sending task 'cloudify_ansible.tasks.ansible_remove_host'
2019-08-08 12:53:13.248  CFY <gcp> [config-wordpress_0negot] Validating node instance after deletion: nothing to do
2019-08-08 12:53:13.316  CFY <gcp> [firewall_9p4oqb] Stopping node instance
2019-08-08 12:53:13.374  CFY <gcp> [config-database_6gko9l] Validating node instance after deletion: nothing to do
2019-08-08 12:53:14.714  CFY <gcp> [config-wordpress_0negot->vm-app2_f3d09g|unlink] Sending task 'cloudify_ansible.tasks.ansible_remove_host'
2019-08-08 12:53:15.870  CFY <gcp> [config-wordpress_0negot] Stop: instance already uninitialized
2019-08-08 12:53:16.009  CFY <gcp> [config-database_6gko9l] Stop: instance already uninitialized
2019-08-08 12:53:16.122  CFY <gcp> [firewall_9p4oqb] Validating node instance after deletion: nothing to do
2019-08-08 12:53:16.457  CFY <gcp> [config-database_6gko9l->vm-database_36dzie|unlink] Task succeeded 'cloudify_ansible.tasks.ansible_remove_host'
2019-08-08 12:53:17.108  CFY <gcp> [firewall_9p4oqb] Stopped node instance: nothing to do
2019-08-08 12:53:17.236  CFY <gcp> [config-wordpress_0negot] Delete: instance already uninitialized
2019-08-08 12:53:17.368  CFY <gcp> [config-database_6gko9l] Delete: instance already uninitialized
2019-08-08 12:53:18.430  CFY <gcp> [config-wordpress_0negot] Deleted node instance
2019-08-08 12:53:18.600  CFY <gcp> [config-database_6gko9l] Deleted node instance
2019-08-08 12:53:19.090  CFY <gcp> [firewall_9p4oqb] Unlinking relationships
2019-08-08 12:53:19.633  CFY <gcp> [firewall_9p4oqb] Relationships unlinked
2019-08-08 12:53:19.715  CFY <gcp> [firewall_9p4oqb] Deleting node instance
2019-08-08 12:53:19.938  CFY <gcp> [config-wordpress_0negot->vm-app2_f3d09g|unlink] Task succeeded 'cloudify_ansible.tasks.ansible_remove_host'
2019-08-08 12:53:20.132  CFY <gcp> [config-wordpress_0negot->vm-app1_zl6t4k|unlink] Sending task 'cloudify_ansible.tasks.ansible_remove_host'
2019-08-08 12:53:21.164  CFY <gcp> [firewall_9p4oqb.delete] Sending task 'cloudify_gcp.compute.firewall.delete'
2019-08-08 12:53:23.341  CFY <gcp> [config-wordpress_0negot->vm-app1_zl6t4k|unlink] Task succeeded 'cloudify_ansible.tasks.ansible_remove_host'
2019-08-08 12:53:23.610  CFY <gcp> [vm-app2_f3d09g] Validating node instance after deletion: nothing to do
2019-08-08 12:53:23.856  CFY <gcp> [vm-app1_zl6t4k] Validating node instance after deletion: nothing to do
2019-08-08 12:53:24.207  LOG <gcp> [firewall_9p4oqb.delete] INFO: Delete firewall rule firewall-9p4oqb from network https://www.googleapis.com/compute/v1/projects/node2faas-248113/global/networks/network-fhm4n1
2019-08-08 12:53:24.254  CFY <gcp> [vm-app2_f3d09g] Stop: instance already uninitialized
2019-08-08 12:53:24.365  CFY <gcp> [vm-app1_zl6t4k] Stop: instance already uninitialized
2019-08-08 12:53:25.225  CFY <gcp> [vm-app2_f3d09g] Delete: instance already uninitialized
2019-08-08 12:53:25.390  CFY <gcp> [vm-app1_zl6t4k] Delete: instance already uninitialized
2019-08-08 12:53:25.483  CFY <gcp> [vm-app2_f3d09g] Deleted node instance
2019-08-08 12:53:26.067  CFY <gcp> [vm-app1_zl6t4k] Deleted node instance
2019-08-08 12:53:26.551  CFY <gcp> [vm-database_36dzie] Stopping node instance
2019-08-08 12:53:26.965  CFY <gcp> [vm-database_36dzie] Validating node instance after deletion: nothing to do
2019-08-08 12:53:27.203  CFY <gcp> [firewall_9p4oqb.delete] Task succeeded 'cloudify_gcp.compute.firewall.delete'
2019-08-08 12:53:27.458  CFY <gcp> [firewall_9p4oqb] Deleted node instance
2019-08-08 12:53:27.514  CFY <gcp> [vm-database_36dzie] Stopped node instance: nothing to do
2019-08-08 12:53:27.979  CFY <gcp> [vm-database_36dzie] Unlinking relationships
2019-08-08 12:53:28.220  CFY <gcp> [vm-database_36dzie] Relationships unlinked
2019-08-08 12:53:28.582  CFY <gcp> [vm-database_36dzie] Deleting node instance
2019-08-08 12:53:28.763  CFY <gcp> [vm-database_36dzie.delete] Sending task 'cloudify_gcp.compute.instance.delete'
2019-08-08 12:53:30.879  LOG <gcp> [vm-database_36dzie.delete] INFO: Delete instance wordpressdatabase
2019-08-08 12:53:32.268  LOG <gcp> [vm-database_36dzie.delete] ERROR: Error traceback Traceback (most recent call last):
  File "/opt/mgmtworker/env/plugins/default_tenant/cloudify-gcp-plugin-1.4.4/lib/python2.7/site-packages/cloudify_gcp/utils.py", line 262, in _decorator
    return func(*args, **kwargs)
  File "/opt/mgmtworker/env/plugins/default_tenant/cloudify-gcp-plugin-1.4.4/lib/python2.7/site-packages/cloudify_gcp/compute/instance.py", line 457, in delete
    utils.delete_if_not_external(instance)
  File "/opt/mgmtworker/env/plugins/default_tenant/cloudify-gcp-plugin-1.4.4/lib/python2.7/site-packages/cloudify_gcp/utils.py", line 175, in delete_if_not_external
    return resource.delete()
  File "/opt/mgmtworker/env/plugins/default_tenant/cloudify-gcp-plugin-1.4.4/lib/python2.7/site-packages/cloudify_gcp/utils.py", line 233, in wrapper
    response = func(self, *args, **kwargs)
  File "/opt/mgmtworker/env/plugins/default_tenant/cloudify-gcp-plugin-1.4.4/lib/python2.7/site-packages/cloudify_gcp/gcp.py", line 34, in _decorator
    response = func(self, *args, **kwargs)
  File "/opt/mgmtworker/env/plugins/default_tenant/cloudify-gcp-plugin-1.4.4/lib/python2.7/site-packages/cloudify_gcp/compute/instance.py", line 133, in delete
    instance=self.name).execute()
  File "/opt/mgmtworker/env/plugins/default_tenant/cloudify-gcp-plugin-1.4.4/lib/python2.7/site-packages/oauth2client/util.py", line 137, in positional_wrapper
    return wrapped(*args, **kwargs)
  File "/opt/mgmtworker/env/plugins/default_tenant/cloudify-gcp-plugin-1.4.4/lib/python2.7/site-packages/googleapiclient/http.py", line 832, in execute
    raise HttpError(resp, content, uri=self.uri)
HttpError: <HttpError 404 when requesting https://www.googleapis.com/compute/v1/projects/node2faas-248113/zones/us-east4-a/instances/wordpressdatabase?alt=json returned "The resource 'projects/node2faas-248113/zones/us-east4-a/instances/wordpressdatabase' was not found">
 with message <HttpError 404 when requesting https://www.googleapis.com/compute/v1/projects/node2faas-248113/zones/us-east4-a/instances/wordpressdatabase?alt=json returned "The resource 'projects/node2faas-248113/zones/us-east4-a/instances/wordpressdatabase' was not found">
2019-08-08 12:53:32.268  LOG <gcp> [vm-database_36dzie.delete] ERROR: Error Message 
2019-08-08 12:53:33.123  CFY <gcp> [vm-database_36dzie.delete] Task failed 'cloudify_gcp.compute.instance.delete'
Traceback (most recent call last):
  File "/opt/mgmtworker/env/lib/python2.7/site-packages/cloudify/dispatch.py", line 813, in main
    payload = handler.handle()
  File "/opt/mgmtworker/env/lib/python2.7/site-packages/cloudify/dispatch.py", line 461, in handle
    result = self._run_operation_func(ctx, kwargs)
  File "/opt/mgmtworker/env/lib/python2.7/site-packages/cloudify/dispatch.py", line 519, in _run_operation_func
    return self.func(*self.args, **kwargs)
  File "/opt/mgmtworker/env/plugins/default_tenant/cloudify-gcp-plugin-1.4.4/lib/python2.7/site-packages/cloudify_gcp/utils.py", line 277, in _decorator
    raise NonRecoverableError(error.message)
NonRecoverableError

2019-08-08 12:53:33.138  CFY <gcp> [vm-database_36dzie] Deleted node instance
2019-08-08 12:53:33.528  CFY <gcp> [subnet_nhked5] Stopping node instance
2019-08-08 12:53:33.788  CFY <gcp> [subnet_nhked5] Validating node instance after deletion: nothing to do
2019-08-08 12:53:33.910  CFY <gcp> [subnet_nhked5] Stopped node instance: nothing to do
2019-08-08 12:53:34.187  CFY <gcp> [subnet_nhked5] Unlinking relationships
2019-08-08 12:53:34.461  CFY <gcp> [subnet_nhked5] Relationships unlinked
2019-08-08 12:53:34.769  CFY <gcp> [subnet_nhked5] Deleting node instance
2019-08-08 12:53:34.915  CFY <gcp> [subnet_nhked5.delete] Sending task 'cloudify_gcp.compute.subnetwork.delete'
2019-08-08 12:53:37.051  LOG <gcp> [subnet_nhked5.delete] INFO: Delete subnetwork subnet-nhked5
2019-08-08 12:53:39.705  CFY <gcp> [subnet_nhked5.delete] Task rescheduled 'cloudify_gcp.compute.subnetwork.delete' -> Operation started
Traceback (most recent call last):
  File "/opt/mgmtworker/env/lib/python2.7/site-packages/cloudify/dispatch.py", line 813, in main
    payload = handler.handle()
  File "/opt/mgmtworker/env/lib/python2.7/site-packages/cloudify/dispatch.py", line 464, in handle
    raise ctx.operation._operation_retry
OperationRetry: Operation started

2019-08-08 12:53:54.857  CFY <gcp> [subnet_nhked5.delete] Sending task 'cloudify_gcp.compute.subnetwork.delete' [retry 1/60]
2019-08-08 12:53:58.530  CFY <gcp> [subnet_nhked5.delete] Task succeeded 'cloudify_gcp.compute.subnetwork.delete' [retry 1/60]
2019-08-08 12:53:58.645  CFY <gcp> [subnet_nhked5] Deleted node instance
2019-08-08 12:53:59.374  CFY <gcp> [network_fhm4n1] Stopping node instance
2019-08-08 12:53:59.546  CFY <gcp> [network_fhm4n1] Validating node instance after deletion: nothing to do
2019-08-08 12:53:59.625  CFY <gcp> [network_fhm4n1] Stopped node instance: nothing to do
2019-08-08 12:54:00.043  CFY <gcp> [network_fhm4n1] Unlinking relationships
2019-08-08 12:54:00.327  CFY <gcp> [network_fhm4n1] Relationships unlinked
2019-08-08 12:54:00.531  CFY <gcp> [network_fhm4n1] Deleting node instance
2019-08-08 12:54:00.814  CFY <gcp> [network_fhm4n1.delete] Sending task 'cloudify_gcp.compute.network.delete'
2019-08-08 12:54:03.160  LOG <gcp> [network_fhm4n1.delete] INFO: Delete network network-fhm4n1
