Executing workflow `uninstall` on deployment `aws` [timeout=900 seconds]
2019-08-08 14:37:05.226  CFY <aws> Starting 'uninstall' workflow execution
2019-08-08 14:37:08.494  CFY <aws> [security_group_rules_hij4io] Stopping node instance
2019-08-08 14:37:08.635  CFY <aws> [ip2_b1ut7o] Stopping node instance
2019-08-08 14:37:09.122  CFY <aws> [ip1_133c9m] Stopping node instance
2019-08-08 14:37:10.394  CFY <aws> [route_public_subnet_internet_gateway_6shf9c] Stopping node instance
2019-08-08 14:37:10.872  CFY <aws> [ipdb_zk11l6] Stopping node instance
2019-08-08 14:37:11.069  CFY <aws> [config-wordpress1_ekbx6g] Stopping node instance
2019-08-08 14:37:11.310  CFY <aws> [config-wordpress2_p0iudc] Stopping node instance
2019-08-08 14:37:11.393  CFY <aws> [config-database_880mia] Stopping node instance
2019-08-08 14:37:11.612  CFY <aws> [ip1_133c9m] Validating node instance after deletion: nothing to do
2019-08-08 14:37:11.665  CFY <aws> [security_group_rules_hij4io] Validating node instance after deletion: nothing to do
2019-08-08 14:37:11.738  CFY <aws> [ip2_b1ut7o] Validating node instance after deletion: nothing to do
2019-08-08 14:37:11.829  CFY <aws> [route_public_subnet_internet_gateway_6shf9c] Validating node instance after deletion: nothing to do
2019-08-08 14:37:11.858  CFY <aws> [ip1_133c9m.stop] Sending task 'cloudify_aws.ec2.resources.elasticip.detach'
2019-08-08 14:37:11.943  CFY <aws> [config-wordpress2_p0iudc] Validating node instance after deletion: nothing to do
2019-08-08 14:37:12.041  CFY <aws> [config-wordpress1_ekbx6g] Validating node instance after deletion: nothing to do
2019-08-08 14:37:12.098  CFY <aws> [config-database_880mia] Validating node instance after deletion: nothing to do
2019-08-08 14:37:12.159  CFY <aws> [ipdb_zk11l6] Validating node instance after deletion: nothing to do
2019-08-08 14:37:12.807  CFY <aws> [config-wordpress2_p0iudc] Stopped node instance: nothing to do
2019-08-08 14:37:12.940  CFY <aws> [security_group_rules_hij4io.stop] Sending task 'cloudify_aws.ec2.resources.securitygroup.revoke_ingress_rules'
2019-08-08 14:37:13.818  CFY <aws> [route_public_subnet_internet_gateway_6shf9c] Stopped node instance: nothing to do
2019-08-08 14:37:13.965  CFY <aws> [config-database_880mia] Stopped node instance: nothing to do
2019-08-08 14:37:14.013  CFY <aws> [ipdb_zk11l6.stop] Sending task 'cloudify_aws.ec2.resources.elasticip.detach'
2019-08-08 14:37:15.204  CFY <aws> [ip2_b1ut7o.stop] Sending task 'cloudify_aws.ec2.resources.elasticip.detach'
2019-08-08 14:37:16.147  CFY <aws> [config-wordpress1_ekbx6g] Stopped node instance: nothing to do
2019-08-08 14:37:18.342  CFY <aws> [ip1_133c9m.stop] Task succeeded 'cloudify_aws.ec2.resources.elasticip.detach'
2019-08-08 14:37:19.137  CFY <aws> [route_public_subnet_internet_gateway_6shf9c] Unlinking relationships
2019-08-08 14:37:19.454  CFY <aws> [config-database_880mia] Unlinking relationships
2019-08-08 14:37:19.763  CFY <aws> [ip1_133c9m] Stopped node instance
2019-08-08 14:37:20.039  CFY <aws> [config-wordpress2_p0iudc] Unlinking relationships
2019-08-08 14:37:20.239  CFY <aws> [config-database_880mia->vm-database_ljmh7i|unlink] Sending task 'cloudify_ansible.tasks.ansible_remove_host'
2019-08-08 14:37:20.387  CFY <aws> [config-wordpress1_ekbx6g] Unlinking relationships
2019-08-08 14:37:20.660  CFY <aws> [route_public_subnet_internet_gateway_6shf9c] Relationships unlinked
2019-08-08 14:37:21.819  CFY <aws> [route_public_subnet_internet_gateway_6shf9c] Deleting node instance
2019-08-08 14:37:22.093  CFY <aws> [security_group_rules_hij4io.stop] Task succeeded 'cloudify_aws.ec2.resources.securitygroup.revoke_ingress_rules'
2019-08-08 14:37:22.096  CFY <aws> [config-wordpress1_ekbx6g->vm-app1_m9o3dy|unlink] Sending task 'cloudify_ansible.tasks.ansible_remove_host'
2019-08-08 14:37:23.698  CFY <aws> [config-wordpress2_p0iudc->vm-app2_90h2oq|unlink] Sending task 'cloudify_ansible.tasks.ansible_remove_host'
2019-08-08 14:37:24.641  CFY <aws> [ipdb_zk11l6.stop] Task succeeded 'cloudify_aws.ec2.resources.elasticip.detach'
2019-08-08 14:37:25.870  CFY <aws> [ipdb_zk11l6] Stopped node instance
2019-08-08 14:37:25.904  CFY <aws> [ip2_b1ut7o.stop] Task succeeded 'cloudify_aws.ec2.resources.elasticip.detach'
2019-08-08 14:37:26.193  CFY <aws> [ip1_133c9m] Unlinking relationships
2019-08-08 14:37:26.207  CFY <aws> [route_public_subnet_internet_gateway_6shf9c.delete] Sending task 'cloudify_aws.ec2.resources.route.delete'
2019-08-08 14:37:26.483  CFY <aws> [security_group_rules_hij4io] Stopped node instance
2019-08-08 14:37:26.825  CFY <aws> [ip2_b1ut7o] Stopped node instance
2019-08-08 14:37:28.080  CFY <aws> [config-database_880mia->vm-database_ljmh7i|unlink] Task succeeded 'cloudify_ansible.tasks.ansible_remove_host'
2019-08-08 14:37:30.273  CFY <aws> [ip1_133c9m] Relationships unlinked
2019-08-08 14:37:30.338  CFY <aws> [config-wordpress1_ekbx6g->vm-app1_m9o3dy|unlink] Task succeeded 'cloudify_ansible.tasks.ansible_remove_host'
2019-08-08 14:37:30.478  CFY <aws> [config-database_880mia] Relationships unlinked
2019-08-08 14:37:30.912  CFY <aws> [security_group_rules_hij4io] Unlinking relationships
2019-08-08 14:37:31.156  CFY <aws> [ip2_b1ut7o] Unlinking relationships
2019-08-08 14:37:31.418  CFY <aws> [ipdb_zk11l6] Unlinking relationships
2019-08-08 14:37:31.776  CFY <aws> [config-wordpress1_ekbx6g] Relationships unlinked
2019-08-08 14:37:31.961  CFY <aws> [ip1_133c9m] Deleting node instance
2019-08-08 14:37:32.174  CFY <aws> [config-wordpress2_p0iudc->vm-app2_90h2oq|unlink] Task succeeded 'cloudify_ansible.tasks.ansible_remove_host'
2019-08-08 14:37:32.675  CFY <aws> [config-database_880mia] Deleting node instance: nothing to do
2019-08-08 14:37:32.784  CFY <aws> [security_group_rules_hij4io] Relationships unlinked
2019-08-08 14:37:32.898  CFY <aws> [ip2_b1ut7o] Relationships unlinked
2019-08-08 14:37:32.998  CFY <aws> [config-wordpress1_ekbx6g] Deleting node instance: nothing to do
2019-08-08 14:37:33.026  CFY <aws> [ip1_133c9m.delete] Sending task 'cloudify_aws.ec2.resources.elasticip.delete'
2019-08-08 14:37:33.146  CFY <aws> [ipdb_zk11l6] Relationships unlinked
2019-08-08 14:37:33.288  CFY <aws> [config-wordpress2_p0iudc] Relationships unlinked
2019-08-08 14:37:34.881  CFY <aws> [ip2_b1ut7o] Deleting node instance
2019-08-08 14:37:35.114  CFY <aws> [ipdb_zk11l6] Deleting node instance
2019-08-08 14:37:35.936  CFY <aws> [ip2_b1ut7o.delete] Sending task 'cloudify_aws.ec2.resources.elasticip.delete'
2019-08-08 14:37:36.028  CFY <aws> [security_group_rules_hij4io] Deleting node instance: nothing to do
2019-08-08 14:37:36.299  CFY <aws> [route_public_subnet_internet_gateway_6shf9c.delete] Task succeeded 'cloudify_aws.ec2.resources.route.delete'
2019-08-08 14:37:36.589  CFY <aws> [config-wordpress1_ekbx6g] Deleted node instance
2019-08-08 14:37:36.712  CFY <aws> [config-wordpress2_p0iudc] Deleting node instance: nothing to do
2019-08-08 14:37:36.836  CFY <aws> [config-database_880mia] Deleted node instance
2019-08-08 14:37:37.778  CFY <aws> [route_public_subnet_internet_gateway_6shf9c] Deleted node instance
2019-08-08 14:37:38.027  CFY <aws> [ipdb_zk11l6.delete] Sending task 'cloudify_aws.ec2.resources.elasticip.delete'
2019-08-08 14:37:38.910  CFY <aws> [security_group_rules_hij4io] Deleted node instance
2019-08-08 14:37:38.910  CFY <aws> [security_group_rules_hij4io] Deleted node instance
2019-08-08 14:37:39.923  CFY <aws> [config-wordpress2_p0iudc] Deleted node instance
2019-08-08 14:37:41.795  CFY <aws> [ip1_133c9m.delete] Task succeeded 'cloudify_aws.ec2.resources.elasticip.delete'
2019-08-08 14:37:42.167  CFY <aws> [internet_gateway_9jfrhr] Stopping node instance
2019-08-08 14:37:42.973  CFY <aws> [vm-database_ljmh7i] Stopping node instance
2019-08-08 14:37:43.578  CFY <aws> [routetable_9o9ipt] Stopping node instance
2019-08-08 14:37:43.971  CFY <aws> [vm-app1_m9o3dy] Stopping node instance
2019-08-08 14:37:44.108  CFY <aws> [vm-app2_90h2oq] Stopping node instance
2019-08-08 14:37:44.559  CFY <aws> [ip1_133c9m] Deleted node instance
2019-08-08 14:37:44.955  CFY <aws> [internet_gateway_9jfrhr] Validating node instance after deletion: nothing to do
2019-08-08 14:37:45.080  CFY <aws> [vm-database_ljmh7i] Validating node instance after deletion: nothing to do
2019-08-08 14:37:45.196  CFY <aws> [routetable_9o9ipt] Validating node instance after deletion: nothing to do
2019-08-08 14:37:45.374  CFY <aws> [vm-app1_m9o3dy] Validating node instance after deletion: nothing to do
2019-08-08 14:37:45.469  CFY <aws> [internet_gateway_9jfrhr.stop] Sending task 'cloudify_aws.ec2.resources.internet_gateway.detach'
2019-08-08 14:37:45.480  CFY <aws> [vm-app2_90h2oq] Validating node instance after deletion: nothing to do
2019-08-08 14:37:46.275  CFY <aws> [ip2_b1ut7o.delete] Task succeeded 'cloudify_aws.ec2.resources.elasticip.delete'
2019-08-08 14:37:46.905  CFY <aws> [routetable_9o9ipt.stop] Sending task 'cloudify_aws.ec2.resources.routetable.detach'
2019-08-08 14:37:47.393  CFY <aws> [ipdb_zk11l6.delete] Task succeeded 'cloudify_aws.ec2.resources.elasticip.delete'
2019-08-08 14:37:47.887  CFY <aws> [ip2_b1ut7o] Deleted node instance
2019-08-08 14:37:48.341  CFY <aws> [vm-database_ljmh7i.stop] Sending task 'cloudify_aws.ec2.resources.instances.stop'
2019-08-08 14:37:48.529  CFY <aws> [ipdb_zk11l6] Deleted node instance
2019-08-08 14:37:49.598  CFY <aws> [vm-app1_m9o3dy.stop] Sending task 'cloudify_aws.ec2.resources.instances.stop'
2019-08-08 14:37:50.918  CFY <aws> [vm-app2_90h2oq.stop] Sending task 'cloudify_aws.ec2.resources.instances.stop'
2019-08-08 14:37:53.256  CFY <aws> [internet_gateway_9jfrhr.stop] Task succeeded 'cloudify_aws.ec2.resources.internet_gateway.detach'
2019-08-08 14:37:53.302  CFY <aws> [internet_gateway_9jfrhr] Stopped node instance
2019-08-08 14:37:54.556  CFY <aws> [internet_gateway_9jfrhr] Unlinking relationships
2019-08-08 14:37:55.110  CFY <aws> [routetable_9o9ipt.stop] Task succeeded 'cloudify_aws.ec2.resources.routetable.detach'
2019-08-08 14:37:55.217  CFY <aws> [internet_gateway_9jfrhr] Relationships unlinked
2019-08-08 14:37:55.347  CFY <aws> [routetable_9o9ipt] Stopped node instance
2019-08-08 14:37:55.465  CFY <aws> [internet_gateway_9jfrhr] Deleting node instance
2019-08-08 14:37:59.768  CFY <aws> [internet_gateway_9jfrhr.delete] Sending task 'cloudify_aws.ec2.resources.internet_gateway.delete'
2019-08-08 14:38:00.755  CFY <aws> [vm-database_ljmh7i.stop] Task rescheduled 'cloudify_aws.ec2.resources.instances.stop' -> EC2 Instances ID# "i-035ebd1d222b52d8c" is still in a pending state.
Traceback (most recent call last):
  File "/opt/mgmtworker/env/lib/python2.7/site-packages/cloudify/dispatch.py", line 813, in main
    payload = handler.handle()
  File "/opt/mgmtworker/env/lib/python2.7/site-packages/cloudify/dispatch.py", line 461, in handle
    result = self._run_operation_func(ctx, kwargs)
  File "/opt/mgmtworker/env/lib/python2.7/site-packages/cloudify/dispatch.py", line 519, in _run_operation_func
    return self.func(*self.args, **kwargs)
  File "/opt/mgmtworker/env/plugins/default_tenant/cloudify-aws-plugin-2.3.0/lib/python2.7/site-packages/cloudify_aws/common/decorators.py", line 303, in wrapper_inner
    result = function(**kwargs)
  File "/opt/mgmtworker/env/plugins/default_tenant/cloudify-aws-plugin-2.3.0/lib/python2.7/site-packages/cloudify_aws/common/decorators.py", line 330, in wrapper_inner
    fail_on_missing)
  File "/opt/mgmtworker/env/plugins/default_tenant/cloudify-aws-plugin-2.3.0/lib/python2.7/site-packages/cloudify_aws/common/decorators.py", line 76, in _wait_for_status
    % (resource_type, iface.resource_id))
OperationRetry: EC2 Instances ID# "i-035ebd1d222b52d8c" is still in a pending state.

2019-08-08 14:38:01.024  CFY <aws> [routetable_9o9ipt] Unlinking relationships
2019-08-08 14:38:01.667  CFY <aws> [routetable_9o9ipt] Relationships unlinked
2019-08-08 14:38:01.971  CFY <aws> [routetable_9o9ipt] Deleting node instance
2019-08-08 14:38:02.627  CFY <aws> [routetable_9o9ipt.delete] Sending task 'cloudify_aws.ec2.resources.routetable.delete'
2019-08-08 14:38:03.850  CFY <aws> [vm-app1_m9o3dy.stop] Task rescheduled 'cloudify_aws.ec2.resources.instances.stop' -> EC2 Instances ID# "i-0f353b4a57ab8136b" is still in a pending state.
Traceback (most recent call last):
  File "/opt/mgmtworker/env/lib/python2.7/site-packages/cloudify/dispatch.py", line 813, in main
    payload = handler.handle()
  File "/opt/mgmtworker/env/lib/python2.7/site-packages/cloudify/dispatch.py", line 461, in handle
    result = self._run_operation_func(ctx, kwargs)
  File "/opt/mgmtworker/env/lib/python2.7/site-packages/cloudify/dispatch.py", line 519, in _run_operation_func
    return self.func(*self.args, **kwargs)
  File "/opt/mgmtworker/env/plugins/default_tenant/cloudify-aws-plugin-2.3.0/lib/python2.7/site-packages/cloudify_aws/common/decorators.py", line 303, in wrapper_inner
    result = function(**kwargs)
  File "/opt/mgmtworker/env/plugins/default_tenant/cloudify-aws-plugin-2.3.0/lib/python2.7/site-packages/cloudify_aws/common/decorators.py", line 330, in wrapper_inner
    fail_on_missing)
  File "/opt/mgmtworker/env/plugins/default_tenant/cloudify-aws-plugin-2.3.0/lib/python2.7/site-packages/cloudify_aws/common/decorators.py", line 76, in _wait_for_status
    % (resource_type, iface.resource_id))
OperationRetry: EC2 Instances ID# "i-0f353b4a57ab8136b" is still in a pending state.

2019-08-08 14:38:04.398  CFY <aws> [vm-app2_90h2oq.stop] Task rescheduled 'cloudify_aws.ec2.resources.instances.stop' -> EC2 Instances ID# "i-0b58d258cf0334762" is still in a pending state.
Traceback (most recent call last):
  File "/opt/mgmtworker/env/lib/python2.7/site-packages/cloudify/dispatch.py", line 813, in main
    payload = handler.handle()
  File "/opt/mgmtworker/env/lib/python2.7/site-packages/cloudify/dispatch.py", line 461, in handle
    result = self._run_operation_func(ctx, kwargs)
  File "/opt/mgmtworker/env/lib/python2.7/site-packages/cloudify/dispatch.py", line 519, in _run_operation_func
    return self.func(*self.args, **kwargs)
  File "/opt/mgmtworker/env/plugins/default_tenant/cloudify-aws-plugin-2.3.0/lib/python2.7/site-packages/cloudify_aws/common/decorators.py", line 303, in wrapper_inner
    result = function(**kwargs)
  File "/opt/mgmtworker/env/plugins/default_tenant/cloudify-aws-plugin-2.3.0/lib/python2.7/site-packages/cloudify_aws/common/decorators.py", line 330, in wrapper_inner
    fail_on_missing)
  File "/opt/mgmtworker/env/plugins/default_tenant/cloudify-aws-plugin-2.3.0/lib/python2.7/site-packages/cloudify_aws/common/decorators.py", line 76, in _wait_for_status
    % (resource_type, iface.resource_id))
OperationRetry: EC2 Instances ID# "i-0b58d258cf0334762" is still in a pending state.

2019-08-08 14:38:06.479  CFY <aws> [internet_gateway_9jfrhr.delete] Task succeeded 'cloudify_aws.ec2.resources.internet_gateway.delete'
2019-08-08 14:38:06.504  CFY <aws> [internet_gateway_9jfrhr] Deleted node instance
2019-08-08 14:38:08.114  CFY <aws> [routetable_9o9ipt.delete] Task succeeded 'cloudify_aws.ec2.resources.routetable.delete'
2019-08-08 14:38:08.392  CFY <aws> [routetable_9o9ipt] Deleted node instance
2019-08-08 14:38:15.899  CFY <aws> [vm-database_ljmh7i.stop] Sending task 'cloudify_aws.ec2.resources.instances.stop' [retry 1/60]
2019-08-08 14:38:18.974  CFY <aws> [vm-app1_m9o3dy.stop] Sending task 'cloudify_aws.ec2.resources.instances.stop' [retry 1/60]
2019-08-08 14:38:19.353  CFY <aws> [vm-database_ljmh7i.stop] Task succeeded 'cloudify_aws.ec2.resources.instances.stop' [retry 1/60]
2019-08-08 14:38:20.062  CFY <aws> [vm-app2_90h2oq.stop] Sending task 'cloudify_aws.ec2.resources.instances.stop' [retry 1/60]
2019-08-08 14:38:20.934  CFY <aws> [vm-database_ljmh7i] Stopped node instance
2019-08-08 14:38:21.535  CFY <aws> [vm-database_ljmh7i] Unlinking relationships
2019-08-08 14:38:22.072  CFY <aws> [vm-database_ljmh7i] Relationships unlinked
2019-08-08 14:38:23.146  CFY <aws> [vm-database_ljmh7i] Deleting node instance
2019-08-08 14:38:23.485  CFY <aws> [vm-database_ljmh7i.delete] Sending task 'cloudify_aws.ec2.resources.instances.delete'
2019-08-08 14:38:25.358  CFY <aws> [vm-app1_m9o3dy.stop] Task succeeded 'cloudify_aws.ec2.resources.instances.stop' [retry 1/60]
2019-08-08 14:38:25.422  CFY <aws> [vm-app1_m9o3dy] Stopped node instance
2019-08-08 14:38:26.454  CFY <aws> [vm-app1_m9o3dy] Unlinking relationships
2019-08-08 14:38:26.582  CFY <aws> [vm-app2_90h2oq.stop] Task succeeded 'cloudify_aws.ec2.resources.instances.stop' [retry 1/60]
2019-08-08 14:38:26.658  CFY <aws> [vm-app2_90h2oq] Stopped node instance
2019-08-08 14:38:27.013  CFY <aws> [vm-app1_m9o3dy] Relationships unlinked
2019-08-08 14:38:27.532  CFY <aws> [vm-app1_m9o3dy] Deleting node instance
2019-08-08 14:38:28.105  CFY <aws> [vm-app2_90h2oq] Unlinking relationships
2019-08-08 14:38:28.270  CFY <aws> [vm-app1_m9o3dy.delete] Sending task 'cloudify_aws.ec2.resources.instances.delete'
2019-08-08 14:38:29.550  CFY <aws> [vm-app2_90h2oq] Relationships unlinked
2019-08-08 14:38:29.736  CFY <aws> [vm-app2_90h2oq] Deleting node instance
2019-08-08 14:38:30.338  CFY <aws> [vm-app2_90h2oq.delete] Sending task 'cloudify_aws.ec2.resources.instances.delete'
2019-08-08 14:38:31.376  CFY <aws> [vm-database_ljmh7i.delete] Task rescheduled 'cloudify_aws.ec2.resources.instances.delete' -> EC2 Instances ID# "i-035ebd1d222b52d8c" is still in a pending state.
Traceback (most recent call last):
  File "/opt/mgmtworker/env/lib/python2.7/site-packages/cloudify/dispatch.py", line 813, in main
    payload = handler.handle()
  File "/opt/mgmtworker/env/lib/python2.7/site-packages/cloudify/dispatch.py", line 461, in handle
    result = self._run_operation_func(ctx, kwargs)
  File "/opt/mgmtworker/env/lib/python2.7/site-packages/cloudify/dispatch.py", line 519, in _run_operation_func
    return self.func(*self.args, **kwargs)
  File "/opt/mgmtworker/env/plugins/default_tenant/cloudify-aws-plugin-2.3.0/lib/python2.7/site-packages/cloudify_aws/common/decorators.py", line 303, in wrapper_inner
    result = function(**kwargs)
  File "/opt/mgmtworker/env/plugins/default_tenant/cloudify-aws-plugin-2.3.0/lib/python2.7/site-packages/cloudify_aws/common/decorators.py", line 382, in wrapper_inner
    % (resource_type, iface.resource_id))
OperationRetry: EC2 Instances ID# "i-035ebd1d222b52d8c" is still in a pending state.

2019-08-08 14:38:34.552  CFY <aws> [vm-app1_m9o3dy.delete] Task rescheduled 'cloudify_aws.ec2.resources.instances.delete' -> EC2 Instances ID# "i-0f353b4a57ab8136b" is still in a pending state.
Traceback (most recent call last):
  File "/opt/mgmtworker/env/lib/python2.7/site-packages/cloudify/dispatch.py", line 813, in main
    payload = handler.handle()
  File "/opt/mgmtworker/env/lib/python2.7/site-packages/cloudify/dispatch.py", line 461, in handle
    result = self._run_operation_func(ctx, kwargs)
  File "/opt/mgmtworker/env/lib/python2.7/site-packages/cloudify/dispatch.py", line 519, in _run_operation_func
    return self.func(*self.args, **kwargs)
  File "/opt/mgmtworker/env/plugins/default_tenant/cloudify-aws-plugin-2.3.0/lib/python2.7/site-packages/cloudify_aws/common/decorators.py", line 303, in wrapper_inner
    result = function(**kwargs)
  File "/opt/mgmtworker/env/plugins/default_tenant/cloudify-aws-plugin-2.3.0/lib/python2.7/site-packages/cloudify_aws/common/decorators.py", line 382, in wrapper_inner
    % (resource_type, iface.resource_id))
OperationRetry: EC2 Instances ID# "i-0f353b4a57ab8136b" is still in a pending state.

2019-08-08 14:38:35.585  CFY <aws> [vm-app2_90h2oq.delete] Task rescheduled 'cloudify_aws.ec2.resources.instances.delete' -> EC2 Instances ID# "i-0b58d258cf0334762" is still in a pending state.
Traceback (most recent call last):
  File "/opt/mgmtworker/env/lib/python2.7/site-packages/cloudify/dispatch.py", line 813, in main
    payload = handler.handle()
  File "/opt/mgmtworker/env/lib/python2.7/site-packages/cloudify/dispatch.py", line 461, in handle
    result = self._run_operation_func(ctx, kwargs)
  File "/opt/mgmtworker/env/lib/python2.7/site-packages/cloudify/dispatch.py", line 519, in _run_operation_func
    return self.func(*self.args, **kwargs)
  File "/opt/mgmtworker/env/plugins/default_tenant/cloudify-aws-plugin-2.3.0/lib/python2.7/site-packages/cloudify_aws/common/decorators.py", line 303, in wrapper_inner
    result = function(**kwargs)
  File "/opt/mgmtworker/env/plugins/default_tenant/cloudify-aws-plugin-2.3.0/lib/python2.7/site-packages/cloudify_aws/common/decorators.py", line 382, in wrapper_inner
    % (resource_type, iface.resource_id))
OperationRetry: EC2 Instances ID# "i-0b58d258cf0334762" is still in a pending state.

2019-08-08 14:38:46.449  CFY <aws> [vm-database_ljmh7i.delete] Sending task 'cloudify_aws.ec2.resources.instances.delete' [retry 1/60]
2019-08-08 14:38:49.678  CFY <aws> [vm-app1_m9o3dy.delete] Sending task 'cloudify_aws.ec2.resources.instances.delete' [retry 1/60]
2019-08-08 14:38:50.131  CFY <aws> [vm-database_ljmh7i.delete] Task succeeded 'cloudify_aws.ec2.resources.instances.delete' [retry 1/60]
2019-08-08 14:38:50.674  CFY <aws> [vm-database_ljmh7i] Deleted node instance
2019-08-08 14:38:50.711  CFY <aws> [vm-app2_90h2oq.delete] Sending task 'cloudify_aws.ec2.resources.instances.delete' [retry 1/60]
2019-08-08 14:38:53.922  CFY <aws> [cloud_initdb_o4cxzl] Stopping node instance
2019-08-08 14:38:54.154  CFY <aws> [nicdb_9utpgk] Stopping node instance
2019-08-08 14:38:54.284  CFY <aws> [cloud_initdb_o4cxzl] Validating node instance after deletion: nothing to do
2019-08-08 14:38:54.406  CFY <aws> [nicdb_9utpgk] Validating node instance after deletion: nothing to do
2019-08-08 14:38:54.615  CFY <aws> [cloud_initdb_o4cxzl.stop] Sending task 'cloudify_cloudinit.tasks.update'
2019-08-08 14:38:55.728  CFY <aws> [nicdb_9utpgk.stop] Sending task 'cloudify_aws.ec2.resources.eni.detach'
2019-08-08 14:38:58.291  CFY <aws> [vm-app1_m9o3dy] Deleted node instance
2019-08-08 14:38:58.797  CFY <aws> [cloud_init_26t91h] Stopping node instance
2019-08-08 14:38:59.042  CFY <aws> [nic1_5m28yj] Stopping node instance
2019-08-08 14:38:59.068  CFY <aws> [vm-app2_90h2oq.delete] Task succeeded 'cloudify_aws.ec2.resources.instances.delete' [retry 1/60]
2019-08-08 14:38:59.892  CFY <aws> [cloud_initdb_o4cxzl.stop] Task succeeded 'cloudify_cloudinit.tasks.update'
2019-08-08 14:38:59.953  CFY <aws> [vm-app2_90h2oq] Deleted node instance
2019-08-08 14:39:00.725  CFY <aws> [nic1_5m28yj] Validating node instance after deletion: nothing to do
2019-08-08 14:39:01.337  CFY <aws> [cloud_initdb_o4cxzl] Stopped node instance
2019-08-08 14:39:01.598  CFY <aws> [cloud_init_26t91h] Validating node instance after deletion: nothing to do
2019-08-08 14:39:02.521  CFY <aws> [nic1_5m28yj.stop] Sending task 'cloudify_aws.ec2.resources.eni.detach'
2019-08-08 14:39:02.990  CFY <aws> [nic2_y9u47p] Stopping node instance
2019-08-08 14:39:03.323  CFY <aws> [ami_azgu7w] Stopping node instance
2019-08-08 14:39:03.573  CFY <aws> [nicdb_9utpgk.stop] Task succeeded 'cloudify_aws.ec2.resources.eni.detach'
2019-08-08 14:39:04.277  CFY <aws> [cloud_init_26t91h.stop] Sending task 'cloudify_cloudinit.tasks.update'
2019-08-08 14:39:04.498  CFY <aws> [cloud_init2_5vd7e6] Stopping node instance
2019-08-08 14:39:05.147  CFY <aws> [nic2_y9u47p] Validating node instance after deletion: nothing to do
2019-08-08 14:39:05.671  CFY <aws> [nic2_y9u47p.stop] Sending task 'cloudify_aws.ec2.resources.eni.detach'
2019-08-08 14:39:06.140  CFY <aws> [nicdb_9utpgk] Stopped node instance
2019-08-08 14:39:06.394  CFY <aws> [ami_azgu7w] Validating node instance after deletion: nothing to do
2019-08-08 14:39:06.601  CFY <aws> [cloud_init2_5vd7e6] Validating node instance after deletion: nothing to do
2019-08-08 14:39:07.327  CFY <aws> [cloud_init2_5vd7e6.stop] Sending task 'cloudify_cloudinit.tasks.update'
2019-08-08 14:39:08.123  CFY <aws> [ami_azgu7w] Stopped node instance: nothing to do
2019-08-08 14:39:08.389  CFY <aws> [cloud_initdb_o4cxzl] Unlinking relationships
2019-08-08 14:39:08.769  CFY <aws> [nicdb_9utpgk] Unlinking relationships
2019-08-08 14:39:10.633  CFY <aws> [cloud_initdb_o4cxzl] Relationships unlinked
2019-08-08 14:39:11.633  CFY <aws> [nicdb_9utpgk] Relationships unlinked
2019-08-08 14:39:12.176  CFY <aws> [nic1_5m28yj.stop] Task succeeded 'cloudify_aws.ec2.resources.eni.detach'
2019-08-08 14:39:12.412  CFY <aws> [ami_azgu7w] Unlinking relationships
2019-08-08 14:39:13.020  CFY <aws> [cloud_init_26t91h.stop] Task succeeded 'cloudify_cloudinit.tasks.update'
2019-08-08 14:39:14.022  CFY <aws> [cloud_initdb_o4cxzl] Deleting node instance
2019-08-08 14:39:14.291  CFY <aws> [nic1_5m28yj] Stopped node instance
2019-08-08 14:39:14.587  CFY <aws> [cloud_initdb_o4cxzl.delete] Sending task 'cloudify_cloudinit.tasks.update'
2019-08-08 14:39:15.659  CFY <aws> [nicdb_9utpgk] Deleting node instance
2019-08-08 14:39:15.801  CFY <aws> [cloud_init_26t91h] Stopped node instance
2019-08-08 14:39:15.976  CFY <aws> [ami_azgu7w] Relationships unlinked
2019-08-08 14:39:16.223  CFY <aws> [cloud_init2_5vd7e6.stop] Task succeeded 'cloudify_cloudinit.tasks.update'
2019-08-08 14:39:16.269  CFY <aws> [nicdb_9utpgk.delete] Sending task 'cloudify_aws.ec2.resources.eni.delete'
2019-08-08 14:39:16.875  CFY <aws> [nic2_y9u47p.stop] Task succeeded 'cloudify_aws.ec2.resources.eni.detach'
2019-08-08 14:39:17.696  CFY <aws> [cloud_init2_5vd7e6] Stopped node instance
2019-08-08 14:39:17.843  CFY <aws> [nic1_5m28yj] Unlinking relationships
2019-08-08 14:39:17.962  CFY <aws> [ami_azgu7w] Deleting node instance: nothing to do
2019-08-08 14:39:18.209  CFY <aws> [nic2_y9u47p] Stopped node instance
2019-08-08 14:39:18.389  CFY <aws> [cloud_init_26t91h] Unlinking relationships
2019-08-08 14:39:20.332  CFY <aws> [cloud_initdb_o4cxzl.delete] Task succeeded 'cloudify_cloudinit.tasks.update'
2019-08-08 14:39:20.442  CFY <aws> [nic1_5m28yj] Relationships unlinked
2019-08-08 14:39:20.521  CFY <aws> [ami_azgu7w] Deleted node instance
2019-08-08 14:39:20.964  CFY <aws> [cloud_init_26t91h] Relationships unlinked
2019-08-08 14:39:21.060  CFY <aws> [cloud_init2_5vd7e6] Unlinking relationships
2019-08-08 14:39:21.601  CFY <aws> [cloud_initdb_o4cxzl] Deleted node instance
2019-08-08 14:39:22.059  CFY <aws> [nic1_5m28yj] Deleting node instance
2019-08-08 14:39:22.155  CFY <aws> [nic2_y9u47p] Unlinking relationships
2019-08-08 14:39:22.358  CFY <aws> [nic1_5m28yj.delete] Sending task 'cloudify_aws.ec2.resources.eni.delete'
2019-08-08 14:39:22.765  CFY <aws> [cloud_init_26t91h] Deleting node instance
2019-08-08 14:39:22.906  CFY <aws> [cloud_init2_5vd7e6] Relationships unlinked
2019-08-08 14:39:23.404  CFY <aws> [cloud_init2_5vd7e6] Deleting node instance
2019-08-08 14:39:23.646  CFY <aws> [cloud_init_26t91h.delete] Sending task 'cloudify_cloudinit.tasks.update'
2019-08-08 14:39:24.526  CFY <aws> [nicdb_9utpgk.delete] Task succeeded 'cloudify_aws.ec2.resources.eni.delete'
2019-08-08 14:39:25.295  CFY <aws> [nicdb_9utpgk] Deleted node instance
2019-08-08 14:39:25.464  CFY <aws> [nic2_y9u47p] Relationships unlinked
2019-08-08 14:39:25.649  CFY <aws> [cloud_init2_5vd7e6.delete] Sending task 'cloudify_cloudinit.tasks.update'
2019-08-08 14:39:27.845  CFY <aws> [nic2_y9u47p] Deleting node instance
2019-08-08 14:39:28.256  CFY <aws> [nic2_y9u47p.delete] Sending task 'cloudify_aws.ec2.resources.eni.delete'
2019-08-08 14:39:30.560  CFY <aws> [cloud_init_26t91h.delete] Task succeeded 'cloudify_cloudinit.tasks.update'
2019-08-08 14:39:30.608  CFY <aws> [cloud_init_26t91h] Deleted node instance
2019-08-08 14:39:31.178  CFY <aws> [nic1_5m28yj.delete] Task succeeded 'cloudify_aws.ec2.resources.eni.delete'
2019-08-08 14:39:31.536  CFY <aws> [nic1_5m28yj] Deleted node instance
2019-08-08 14:39:32.213  CFY <aws> [cloud_init2_5vd7e6.delete] Task succeeded 'cloudify_cloudinit.tasks.update'
2019-08-08 14:39:32.337  CFY <aws> [cloud_init2_5vd7e6] Deleted node instance
2019-08-08 14:39:35.052  CFY <aws> [nic2_y9u47p.delete] Task succeeded 'cloudify_aws.ec2.resources.eni.delete'
2019-08-08 14:39:35.492  CFY <aws> [nic2_y9u47p] Deleted node instance
2019-08-08 14:39:36.115  CFY <aws> [subnet_g8r8co] Stopping node instance
2019-08-08 14:39:36.184  CFY <aws> [security_group_v4r8ck] Stopping node instance
2019-08-08 14:39:36.404  CFY <aws> [security_group_v4r8ck] Validating node instance after deletion: nothing to do
2019-08-08 14:39:36.458  CFY <aws> [subnet_g8r8co] Validating node instance after deletion: nothing to do
2019-08-08 14:39:36.577  CFY <aws> [security_group_v4r8ck] Stopped node instance: nothing to do
2019-08-08 14:39:36.654  CFY <aws> [subnet_g8r8co] Stopped node instance: nothing to do
2019-08-08 14:39:37.058  CFY <aws> [security_group_v4r8ck] Unlinking relationships
2019-08-08 14:39:37.144  CFY <aws> [subnet_g8r8co] Unlinking relationships
2019-08-08 14:39:37.614  CFY <aws> [security_group_v4r8ck] Relationships unlinked
2019-08-08 14:39:37.690  CFY <aws> [subnet_g8r8co] Relationships unlinked
2019-08-08 14:39:37.809  CFY <aws> [security_group_v4r8ck] Deleting node instance
2019-08-08 14:39:38.545  CFY <aws> [security_group_v4r8ck.delete] Sending task 'cloudify_aws.ec2.resources.securitygroup.delete'
2019-08-08 14:39:38.752  CFY <aws> [subnet_g8r8co] Deleting node instance
2019-08-08 14:39:39.577  CFY <aws> [subnet_g8r8co.delete] Sending task 'cloudify_aws.ec2.resources.subnet.delete'
2019-08-08 14:39:43.291  CFY <aws> [security_group_v4r8ck.delete] Task succeeded 'cloudify_aws.ec2.resources.securitygroup.delete'
2019-08-08 14:39:43.328  CFY <aws> [security_group_v4r8ck] Deleted node instance
2019-08-08 14:39:44.120  CFY <aws> [subnet_g8r8co.delete] Task succeeded 'cloudify_aws.ec2.resources.subnet.delete'
2019-08-08 14:39:44.483  CFY <aws> [subnet_g8r8co] Deleted node instance
2019-08-08 14:39:45.345  CFY <aws> [vpc_tq04z7] Stopping node instance
2019-08-08 14:39:45.617  CFY <aws> [vpc_tq04z7] Validating node instance after deletion: nothing to do
2019-08-08 14:39:45.855  CFY <aws> [vpc_tq04z7] Stopped node instance: nothing to do
2019-08-08 14:39:46.213  CFY <aws> [vpc_tq04z7] Unlinking relationships
2019-08-08 14:39:46.650  CFY <aws> [vpc_tq04z7] Relationships unlinked
2019-08-08 14:39:46.910  CFY <aws> [vpc_tq04z7] Deleting node instance
2019-08-08 14:39:47.095  CFY <aws> [vpc_tq04z7.delete] Sending task 'cloudify_aws.ec2.resources.vpc.delete'
2019-08-08 14:39:51.162  CFY <aws> [vpc_tq04z7.delete] Task succeeded 'cloudify_aws.ec2.resources.vpc.delete'
2019-08-08 14:39:51.247  CFY <aws> [vpc_tq04z7] Deleted node instance
Execution ended, waiting 3 seconds for additional log messages
2019-08-08 14:39:51.912  CFY <aws> 'uninstall' workflow execution succeeded
Finished executing workflow uninstall on deployment aws
* Run 'cfy events list 18c938e5-64b3-410f-8582-cbee2e942068' to retrieve the execution's events/logs
Trying to delete deployment aws...
Deployment deleted
Deleting blueprint cloudify-wordpress-blueprint-aws...
Blueprint deleted
