Executing workflow `uninstall` on deployment `gcp` [timeout=900 seconds]
2019-08-11 10:14:32.301  CFY <gcp> Starting 'uninstall' workflow execution
2019-08-11 10:14:33.395  CFY <gcp> [config-wordpress_f3s51v] Validating node instance after deletion: nothing to do
2019-08-11 10:14:33.481  CFY <gcp> [config-database_iqxd29] Validating node instance after deletion: nothing to do
2019-08-11 10:14:33.518  CFY <gcp> [config-database_iqxd29->vm-database_6ngstg|unlink] Sending task 'cloudify_ansible.tasks.ansible_remove_host'
2019-08-11 10:14:34.802  CFY <gcp> [config-wordpress_f3s51v->vm-app2_8ml6z8|unlink] Sending task 'cloudify_ansible.tasks.ansible_remove_host'
2019-08-11 10:14:35.709  CFY <gcp> [firewall_i946qd] Validating node instance after deletion: nothing to do
2019-08-11 10:14:36.294  CFY <gcp> [config-wordpress_f3s51v] Stop: instance already uninitialized
2019-08-11 10:14:36.450  CFY <gcp> [firewall_i946qd] Stop: instance already uninitialized
2019-08-11 10:14:36.593  CFY <gcp> [config-database_iqxd29] Stop: instance already uninitialized
2019-08-11 10:14:38.175  CFY <gcp> [config-database_iqxd29->vm-database_6ngstg|unlink] Task succeeded 'cloudify_ansible.tasks.ansible_remove_host'
2019-08-11 10:14:38.515  CFY <gcp> [config-wordpress_f3s51v] Delete: instance already uninitialized
2019-08-11 10:14:38.655  CFY <gcp> [firewall_i946qd] Delete: instance already uninitialized
2019-08-11 10:14:38.770  CFY <gcp> [config-database_iqxd29] Delete: instance already uninitialized
2019-08-11 10:14:38.886  CFY <gcp> [config-wordpress_f3s51v] Deleted node instance
2019-08-11 10:14:39.402  CFY <gcp> [firewall_i946qd] Deleted node instance
2019-08-11 10:14:39.798  CFY <gcp> [config-database_iqxd29] Deleted node instance
2019-08-11 10:14:40.216  CFY <gcp> [config-wordpress_f3s51v->vm-app2_8ml6z8|unlink] Task succeeded 'cloudify_ansible.tasks.ansible_remove_host'
2019-08-11 10:14:40.372  CFY <gcp> [config-wordpress_f3s51v->vm-app1_6o9efm|unlink] Sending task 'cloudify_ansible.tasks.ansible_remove_host'
2019-08-11 10:14:43.007  CFY <gcp> [config-wordpress_f3s51v->vm-app1_6o9efm|unlink] Task succeeded 'cloudify_ansible.tasks.ansible_remove_host'
2019-08-11 10:14:43.580  CFY <gcp> [vm-app1_6o9efm] Validating node instance after deletion: nothing to do
2019-08-11 10:14:43.693  CFY <gcp> [vm-app2_8ml6z8] Validating node instance after deletion: nothing to do
2019-08-11 10:14:43.784  CFY <gcp> [vm-app1_6o9efm] Stop: instance already uninitialized
2019-08-11 10:14:43.853  CFY <gcp> [vm-app2_8ml6z8] Stop: instance already uninitialized
2019-08-11 10:14:44.285  CFY <gcp> [vm-app1_6o9efm] Delete: instance already uninitialized
2019-08-11 10:14:44.339  CFY <gcp> [vm-app2_8ml6z8] Delete: instance already uninitialized
2019-08-11 10:14:44.392  CFY <gcp> [vm-app1_6o9efm] Deleted node instance
2019-08-11 10:14:44.453  CFY <gcp> [vm-app2_8ml6z8] Deleted node instance
2019-08-11 10:14:45.329  CFY <gcp> [vm-database_6ngstg] Validating node instance after deletion: nothing to do
2019-08-11 10:14:45.540  CFY <gcp> [vm-database_6ngstg] Stop: instance already uninitialized
2019-08-11 10:14:45.836  CFY <gcp> [vm-database_6ngstg] Delete: instance already uninitialized
2019-08-11 10:14:46.246  CFY <gcp> [vm-database_6ngstg] Deleted node instance
2019-08-11 10:14:46.708  CFY <gcp> [subnet_kicly3] Validating node instance after deletion: nothing to do
2019-08-11 10:14:47.040  CFY <gcp> [subnet_kicly3] Stop: instance already uninitialized
2019-08-11 10:14:47.325  CFY <gcp> [subnet_kicly3] Delete: instance already uninitialized
2019-08-11 10:14:47.593  CFY <gcp> [subnet_kicly3] Deleted node instance
2019-08-11 10:14:47.976  CFY <gcp> [network_7fwiwi] Stopping node instance
2019-08-11 10:14:48.064  CFY <gcp> [network_7fwiwi] Validating node instance after deletion: nothing to do
2019-08-11 10:14:48.168  CFY <gcp> [network_7fwiwi] Stopped node instance: nothing to do
2019-08-11 10:14:48.632  CFY <gcp> [network_7fwiwi] Unlinking relationships
2019-08-11 10:14:49.006  CFY <gcp> [network_7fwiwi] Relationships unlinked
2019-08-11 10:14:49.381  CFY <gcp> [network_7fwiwi] Deleting node instance
2019-08-11 10:14:49.537  CFY <gcp> [network_7fwiwi.delete] Sending task 'cloudify_gcp.compute.network.delete'
2019-08-11 10:14:51.499  LOG <gcp> [network_7fwiwi.delete] INFO: Delete network network-7fwiwi
2019-08-11 10:14:52.784  LOG <gcp> [network_7fwiwi.delete] ERROR: Error traceback Traceback (most recent call last):
  File "/opt/mgmtworker/env/plugins/default_tenant/cloudify-gcp-plugin-1.4.4/lib/python2.7/site-packages/cloudify_gcp/utils.py", line 262, in _decorator
    return func(*args, **kwargs)
  File "/opt/mgmtworker/env/plugins/default_tenant/cloudify-gcp-plugin-1.4.4/lib/python2.7/site-packages/cloudify_gcp/compute/network.py", line 215, in delete
    utils.delete_if_not_external(network)
  File "/opt/mgmtworker/env/plugins/default_tenant/cloudify-gcp-plugin-1.4.4/lib/python2.7/site-packages/cloudify_gcp/utils.py", line 175, in delete_if_not_external
    return resource.delete()
  File "/opt/mgmtworker/env/plugins/default_tenant/cloudify-gcp-plugin-1.4.4/lib/python2.7/site-packages/cloudify_gcp/utils.py", line 233, in wrapper
    response = func(self, *args, **kwargs)
  File "/opt/mgmtworker/env/plugins/default_tenant/cloudify-gcp-plugin-1.4.4/lib/python2.7/site-packages/cloudify_gcp/gcp.py", line 34, in _decorator
    response = func(self, *args, **kwargs)
  File "/opt/mgmtworker/env/plugins/default_tenant/cloudify-gcp-plugin-1.4.4/lib/python2.7/site-packages/cloudify_gcp/compute/network.py", line 80, in delete
    network=self.name).execute()
  File "/opt/mgmtworker/env/plugins/default_tenant/cloudify-gcp-plugin-1.4.4/lib/python2.7/site-packages/oauth2client/util.py", line 137, in positional_wrapper
    return wrapped(*args, **kwargs)
  File "/opt/mgmtworker/env/plugins/default_tenant/cloudify-gcp-plugin-1.4.4/lib/python2.7/site-packages/googleapiclient/http.py", line 832, in execute
    raise HttpError(resp, content, uri=self.uri)
HttpError: <HttpError 403 when requesting https://www.googleapis.com/compute/v1/projects/orquestrators-test/global/networks/network-7fwiwi?alt=json returned "Access Not Configured. Compute Engine API has not been used in project 261970287683 before or it is disabled. Enable it by visiting https://console.developers.google.com/apis/api/compute.googleapis.com/overview?project=261970287683 then retry. If you enabled this API recently, wait a few minutes for the action to propagate to our systems and retry.">
 with message <HttpError 403 when requesting https://www.googleapis.com/compute/v1/projects/orquestrators-test/global/networks/network-7fwiwi?alt=json returned "Access Not Configured. Compute Engine API has not been used in project 261970287683 before or it is disabled. Enable it by visiting https://console.developers.google.com/apis/api/compute.googleapis.com/overview?project=261970287683 then retry. If you enabled this API recently, wait a few minutes for the action to propagate to our systems and retry.">
2019-08-11 10:14:52.785  LOG <gcp> [network_7fwiwi.delete] ERROR: Error Message 
2019-08-11 10:14:53.359  CFY <gcp> [network_7fwiwi.delete] Task failed 'cloudify_gcp.compute.network.delete'
Traceback (most recent call last):
  File "/opt/mgmtworker/env/lib/python2.7/site-packages/cloudify/dispatch.py", line 813, in main
    payload = handler.handle()
  File "/opt/mgmtworker/env/lib/python2.7/site-packages/cloudify/dispatch.py", line 461, in handle
    result = self._run_operation_func(ctx, kwargs)
  File "/opt/mgmtworker/env/lib/python2.7/site-packages/cloudify/dispatch.py", line 519, in _run_operation_func
    return self.func(*self.args, **kwargs)
  File "/opt/mgmtworker/env/plugins/default_tenant/cloudify-gcp-plugin-1.4.4/lib/python2.7/site-packages/cloudify_gcp/utils.py", line 277, in _decorator
    raise NonRecoverableError(error.message)
NonRecoverableError

2019-08-11 10:14:53.384  CFY <gcp> [network_7fwiwi] Deleted node instance
2019-08-11 10:14:54.096  CFY <gcp> 'uninstall' workflow execution succeeded
Finished executing workflow uninstall on deployment gcp
* Run 'cfy events list ac4f3a92-d474-44b9-9a4c-95077482851c' to retrieve the execution's events/logs
Trying to delete deployment gcp...
Deployment deleted
Deleting blueprint cloudify-1565518366-wp-gcp...
Blueprint deleted
