Executing workflow `uninstall` on deployment `gcp` [timeout=900 seconds]
2019-08-11 10:12:18.878  CFY <gcp> Starting 'uninstall' workflow execution
2019-08-11 10:12:20.102  CFY <gcp> [config-database_4u7a4w->vm-database_68n972|unlink] Sending task 'cloudify_ansible.tasks.ansible_remove_host'
2019-08-11 10:12:21.002  CFY <gcp> [config-wordpress_1h4ov5] Validating node instance after deletion: nothing to do
2019-08-11 10:12:21.226  CFY <gcp> [firewall_xp3m9w] Validating node instance after deletion: nothing to do
2019-08-11 10:12:21.444  CFY <gcp> [config-database_4u7a4w] Validating node instance after deletion: nothing to do
2019-08-11 10:12:21.604  CFY <gcp> [config-wordpress_1h4ov5->vm-app2_qu2m5x|unlink] Sending task 'cloudify_ansible.tasks.ansible_remove_host'
2019-08-11 10:12:22.641  CFY <gcp> [config-database_4u7a4w] Stop: instance already uninitialized
2019-08-11 10:12:22.797  CFY <gcp> [config-wordpress_1h4ov5] Stop: instance already uninitialized
2019-08-11 10:12:22.926  CFY <gcp> [firewall_xp3m9w] Stop: instance already uninitialized
2019-08-11 10:12:23.749  CFY <gcp> [config-database_4u7a4w->vm-database_68n972|unlink] Task succeeded 'cloudify_ansible.tasks.ansible_remove_host'
2019-08-11 10:12:24.165  CFY <gcp> [config-database_4u7a4w] Delete: instance already uninitialized
2019-08-11 10:12:24.242  CFY <gcp> [config-wordpress_1h4ov5] Delete: instance already uninitialized
2019-08-11 10:12:24.346  CFY <gcp> [firewall_xp3m9w] Delete: instance already uninitialized
2019-08-11 10:12:24.472  CFY <gcp> [config-database_4u7a4w] Deleted node instance
2019-08-11 10:12:25.926  CFY <gcp> [config-wordpress_1h4ov5] Deleted node instance
2019-08-11 10:12:26.131  CFY <gcp> [firewall_xp3m9w] Deleted node instance
2019-08-11 10:12:26.816  CFY <gcp> [config-wordpress_1h4ov5->vm-app2_qu2m5x|unlink] Task succeeded 'cloudify_ansible.tasks.ansible_remove_host'
2019-08-11 10:12:26.919  CFY <gcp> [config-wordpress_1h4ov5->vm-app1_q3q4px|unlink] Sending task 'cloudify_ansible.tasks.ansible_remove_host'
2019-08-11 10:12:29.362  CFY <gcp> [config-wordpress_1h4ov5->vm-app1_q3q4px|unlink] Task succeeded 'cloudify_ansible.tasks.ansible_remove_host'
2019-08-11 10:12:29.912  CFY <gcp> [vm-app2_qu2m5x] Validating node instance after deletion: nothing to do
2019-08-11 10:12:30.019  CFY <gcp> [vm-app1_q3q4px] Validating node instance after deletion: nothing to do
2019-08-11 10:12:30.250  CFY <gcp> [vm-app2_qu2m5x] Stop: instance already uninitialized
2019-08-11 10:12:30.337  CFY <gcp> [vm-app1_q3q4px] Stop: instance already uninitialized
2019-08-11 10:12:30.725  CFY <gcp> [vm-app2_qu2m5x] Delete: instance already uninitialized
2019-08-11 10:12:30.793  CFY <gcp> [vm-app1_q3q4px] Delete: instance already uninitialized
2019-08-11 10:12:30.857  CFY <gcp> [vm-app1_q3q4px] Deleted node instance
2019-08-11 10:12:31.313  CFY <gcp> [vm-app2_qu2m5x] Deleted node instance
2019-08-11 10:12:31.693  CFY <gcp> [vm-database_68n972] Validating node instance after deletion: nothing to do
2019-08-11 10:12:31.915  CFY <gcp> [vm-database_68n972] Stop: instance already uninitialized
2019-08-11 10:12:32.351  CFY <gcp> [vm-database_68n972] Delete: instance already uninitialized
2019-08-11 10:12:32.566  CFY <gcp> [vm-database_68n972] Deleted node instance
2019-08-11 10:12:32.985  CFY <gcp> [subnet_syutda] Validating node instance after deletion: nothing to do
2019-08-11 10:12:33.273  CFY <gcp> [subnet_syutda] Stop: instance already uninitialized
2019-08-11 10:12:33.548  CFY <gcp> [subnet_syutda] Delete: instance already uninitialized
2019-08-11 10:12:33.675  CFY <gcp> [subnet_syutda] Deleted node instance
2019-08-11 10:12:34.437  CFY <gcp> [network_dsxnos] Stopping node instance
2019-08-11 10:12:34.734  CFY <gcp> [network_dsxnos] Validating node instance after deletion: nothing to do
2019-08-11 10:12:34.854  CFY <gcp> [network_dsxnos] Stopped node instance: nothing to do
2019-08-11 10:12:35.142  CFY <gcp> [network_dsxnos] Unlinking relationships
2019-08-11 10:12:35.415  CFY <gcp> [network_dsxnos] Relationships unlinked
2019-08-11 10:12:35.660  CFY <gcp> [network_dsxnos] Deleting node instance
2019-08-11 10:12:35.969  CFY <gcp> [network_dsxnos.delete] Sending task 'cloudify_gcp.compute.network.delete'
2019-08-11 10:12:37.859  LOG <gcp> [network_dsxnos.delete] INFO: Delete network network-dsxnos
2019-08-11 10:12:39.127  LOG <gcp> [network_dsxnos.delete] ERROR: Error traceback Traceback (most recent call last):
  File "/opt/mgmtworker/env/plugins/default_tenant/cloudify-gcp-plugin-1.4.4/lib/python2.7/site-packages/cloudify_gcp/utils.py", line 262, in _decorator
    return func(*args, **kwargs)
  File "/opt/mgmtworker/env/plugins/default_tenant/cloudify-gcp-plugin-1.4.4/lib/python2.7/site-packages/cloudify_gcp/compute/network.py", line 215, in delete
    utils.delete_if_not_external(network)
  File "/opt/mgmtworker/env/plugins/default_tenant/cloudify-gcp-plugin-1.4.4/lib/python2.7/site-packages/cloudify_gcp/utils.py", line 175, in delete_if_not_external
    return resource.delete()
  File "/opt/mgmtworker/env/plugins/default_tenant/cloudify-gcp-plugin-1.4.4/lib/python2.7/site-packages/cloudify_gcp/utils.py", line 233, in wrapper
    response = func(self, *args, **kwargs)
  File "/opt/mgmtworker/env/plugins/default_tenant/cloudify-gcp-plugin-1.4.4/lib/python2.7/site-packages/cloudify_gcp/gcp.py", line 34, in _decorator
    response = func(self, *args, **kwargs)
  File "/opt/mgmtworker/env/plugins/default_tenant/cloudify-gcp-plugin-1.4.4/lib/python2.7/site-packages/cloudify_gcp/compute/network.py", line 80, in delete
    network=self.name).execute()
  File "/opt/mgmtworker/env/plugins/default_tenant/cloudify-gcp-plugin-1.4.4/lib/python2.7/site-packages/oauth2client/util.py", line 137, in positional_wrapper
    return wrapped(*args, **kwargs)
  File "/opt/mgmtworker/env/plugins/default_tenant/cloudify-gcp-plugin-1.4.4/lib/python2.7/site-packages/googleapiclient/http.py", line 832, in execute
    raise HttpError(resp, content, uri=self.uri)
HttpError: <HttpError 403 when requesting https://www.googleapis.com/compute/v1/projects/orquestrators-test/global/networks/network-dsxnos?alt=json returned "Access Not Configured. Compute Engine API has not been used in project 261970287683 before or it is disabled. Enable it by visiting https://console.developers.google.com/apis/api/compute.googleapis.com/overview?project=261970287683 then retry. If you enabled this API recently, wait a few minutes for the action to propagate to our systems and retry.">
 with message <HttpError 403 when requesting https://www.googleapis.com/compute/v1/projects/orquestrators-test/global/networks/network-dsxnos?alt=json returned "Access Not Configured. Compute Engine API has not been used in project 261970287683 before or it is disabled. Enable it by visiting https://console.developers.google.com/apis/api/compute.googleapis.com/overview?project=261970287683 then retry. If you enabled this API recently, wait a few minutes for the action to propagate to our systems and retry.">
2019-08-11 10:12:39.127  LOG <gcp> [network_dsxnos.delete] ERROR: Error Message 
2019-08-11 10:12:39.587  CFY <gcp> [network_dsxnos.delete] Task failed 'cloudify_gcp.compute.network.delete'
Traceback (most recent call last):
  File "/opt/mgmtworker/env/lib/python2.7/site-packages/cloudify/dispatch.py", line 813, in main
    payload = handler.handle()
  File "/opt/mgmtworker/env/lib/python2.7/site-packages/cloudify/dispatch.py", line 461, in handle
    result = self._run_operation_func(ctx, kwargs)
  File "/opt/mgmtworker/env/lib/python2.7/site-packages/cloudify/dispatch.py", line 519, in _run_operation_func
    return self.func(*self.args, **kwargs)
  File "/opt/mgmtworker/env/plugins/default_tenant/cloudify-gcp-plugin-1.4.4/lib/python2.7/site-packages/cloudify_gcp/utils.py", line 277, in _decorator
    raise NonRecoverableError(error.message)
NonRecoverableError

2019-08-11 10:12:39.871  CFY <gcp> [network_dsxnos] Deleted node instance
2019-08-11 10:12:40.196  CFY <gcp> 'uninstall' workflow execution succeeded
Finished executing workflow uninstall on deployment gcp
* Run 'cfy events list 695a3b6f-5281-4701-802c-62adeba3dc13' to retrieve the execution's events/logs
Trying to delete deployment gcp...
Deployment deleted
Deleting blueprint cloudify-1565518225-wp-gcp...
Blueprint deleted
