[0m[1mdata.template_file.config_database: Refreshing state...[0m
[0m[1mrandom_id.bp_suffix: Refreshing state... [id=o0a6OQ][0m
[0m[1mazurerm_resource_group.main: Refreshing state... [id=/subscriptions/9cf8b4c4-cd80-43a7-bab0-9a6bf01d3b25/resourceGroups/wordpress-a346ba39][0m
[0m[1mazurerm_public_ip.static-ip2: Refreshing state... [id=/subscriptions/9cf8b4c4-cd80-43a7-bab0-9a6bf01d3b25/resourceGroups/wordpress-a346ba39/providers/Microsoft.Network/publicIPAddresses/wordpress-static-ip2-a346ba39][0m
[0m[1mazurerm_virtual_network.main: Refreshing state... [id=/subscriptions/9cf8b4c4-cd80-43a7-bab0-9a6bf01d3b25/resourceGroups/wordpress-a346ba39/providers/Microsoft.Network/virtualNetworks/wordpress-network-a346ba39][0m
[0m[1mazurerm_public_ip.static-ip1: Refreshing state... [id=/subscriptions/9cf8b4c4-cd80-43a7-bab0-9a6bf01d3b25/resourceGroups/wordpress-a346ba39/providers/Microsoft.Network/publicIPAddresses/wordpress-static-ip1-a346ba39][0m
[0m[1mazurerm_public_ip.static-ip-database: Refreshing state... [id=/subscriptions/9cf8b4c4-cd80-43a7-bab0-9a6bf01d3b25/resourceGroups/wordpress-a346ba39/providers/Microsoft.Network/publicIPAddresses/wordpress-static-ipdatabase-a346ba39][0m
[0m[1mazurerm_subnet.internal: Refreshing state... [id=/subscriptions/9cf8b4c4-cd80-43a7-bab0-9a6bf01d3b25/resourceGroups/wordpress-a346ba39/providers/Microsoft.Network/virtualNetworks/wordpress-network-a346ba39/subnets/wordpress-subnet-a346ba39][0m
[0m[1mdata.template_file.config: Refreshing state...[0m
[0m[1mazurerm_network_interface.database: Refreshing state... [id=/subscriptions/9cf8b4c4-cd80-43a7-bab0-9a6bf01d3b25/resourceGroups/wordpress-a346ba39/providers/Microsoft.Network/networkInterfaces/wordpress-database-nic-a346ba39][0m
[0m[1mazurerm_network_interface.app2: Refreshing state... [id=/subscriptions/9cf8b4c4-cd80-43a7-bab0-9a6bf01d3b25/resourceGroups/wordpress-a346ba39/providers/Microsoft.Network/networkInterfaces/wordpress-app2-nic-a346ba39][0m
[0m[1mazurerm_network_interface.app1: Refreshing state... [id=/subscriptions/9cf8b4c4-cd80-43a7-bab0-9a6bf01d3b25/resourceGroups/wordpress-a346ba39/providers/Microsoft.Network/networkInterfaces/wordpress-app1-nic-a346ba39][0m
[0m[1mazurerm_network_interface.database: Destroying... [id=/subscriptions/9cf8b4c4-cd80-43a7-bab0-9a6bf01d3b25/resourceGroups/wordpress-a346ba39/providers/Microsoft.Network/networkInterfaces/wordpress-database-nic-a346ba39][0m[0m
[0m[1mazurerm_network_interface.app1: Destroying... [id=/subscriptions/9cf8b4c4-cd80-43a7-bab0-9a6bf01d3b25/resourceGroups/wordpress-a346ba39/providers/Microsoft.Network/networkInterfaces/wordpress-app1-nic-a346ba39][0m[0m
[0m[1mazurerm_network_interface.app2: Destroying... [id=/subscriptions/9cf8b4c4-cd80-43a7-bab0-9a6bf01d3b25/resourceGroups/wordpress-a346ba39/providers/Microsoft.Network/networkInterfaces/wordpress-app2-nic-a346ba39][0m[0m
[0m[1mazurerm_network_interface.app2: Destruction complete after 0s[0m[0m
[0m[1mazurerm_public_ip.static-ip2: Destroying... [id=/subscriptions/9cf8b4c4-cd80-43a7-bab0-9a6bf01d3b25/resourceGroups/wordpress-a346ba39/providers/Microsoft.Network/publicIPAddresses/wordpress-static-ip2-a346ba39][0m[0m
[0m[1mazurerm_network_interface.database: Destruction complete after 0s[0m[0m
[0m[1mazurerm_public_ip.static-ip-database: Destroying... [id=/subscriptions/9cf8b4c4-cd80-43a7-bab0-9a6bf01d3b25/resourceGroups/wordpress-a346ba39/providers/Microsoft.Network/publicIPAddresses/wordpress-static-ipdatabase-a346ba39][0m[0m
[0m[1mazurerm_network_interface.app1: Destruction complete after 1s[0m[0m
[0m[1mazurerm_public_ip.static-ip1: Destroying... [id=/subscriptions/9cf8b4c4-cd80-43a7-bab0-9a6bf01d3b25/resourceGroups/wordpress-a346ba39/providers/Microsoft.Network/publicIPAddresses/wordpress-static-ip1-a346ba39][0m[0m
[0m[1mazurerm_subnet.internal: Destroying... [id=/subscriptions/9cf8b4c4-cd80-43a7-bab0-9a6bf01d3b25/resourceGroups/wordpress-a346ba39/providers/Microsoft.Network/virtualNetworks/wordpress-network-a346ba39/subnets/wordpress-subnet-a346ba39][0m[0m
[0m[1mazurerm_public_ip.static-ip2: Still destroying... [id=/subscriptions/9cf8b4c4-cd80-43a7-bab0-...ddresses/wordpress-static-ip2-a346ba39, 10s elapsed][0m[0m
[0m[1mazurerm_public_ip.static-ip-database: Still destroying... [id=/subscriptions/9cf8b4c4-cd80-43a7-bab0-...s/wordpress-static-ipdatabase-a346ba39, 10s elapsed][0m[0m
[0m[1mazurerm_public_ip.static-ip2: Destruction complete after 11s[0m[0m
[0m[1mazurerm_public_ip.static-ip1: Still destroying... [id=/subscriptions/9cf8b4c4-cd80-43a7-bab0-...ddresses/wordpress-static-ip1-a346ba39, 10s elapsed][0m[0m
[0m[1mazurerm_subnet.internal: Still destroying... [id=/subscriptions/9cf8b4c4-cd80-43a7-bab0-...ba39/subnets/wordpress-subnet-a346ba39, 10s elapsed][0m[0m
[0m[1mazurerm_public_ip.static-ip-database: Destruction complete after 11s[0m[0m
[0m[1mazurerm_public_ip.static-ip1: Destruction complete after 10s[0m[0m
[0m[1mazurerm_subnet.internal: Destruction complete after 10s[0m[0m
[0m[1mazurerm_virtual_network.main: Destroying... [id=/subscriptions/9cf8b4c4-cd80-43a7-bab0-9a6bf01d3b25/resourceGroups/wordpress-a346ba39/providers/Microsoft.Network/virtualNetworks/wordpress-network-a346ba39][0m[0m
[0m[1mazurerm_virtual_network.main: Still destroying... [id=/subscriptions/9cf8b4c4-cd80-43a7-bab0-...ualNetworks/wordpress-network-a346ba39, 10s elapsed][0m[0m
[0m[1mazurerm_virtual_network.main: Destruction complete after 11s[0m[0m
[0m[1mazurerm_resource_group.main: Destroying... [id=/subscriptions/9cf8b4c4-cd80-43a7-bab0-9a6bf01d3b25/resourceGroups/wordpress-a346ba39][0m[0m
[0m[1mazurerm_resource_group.main: Still destroying... [id=/subscriptions/9cf8b4c4-cd80-43a7-bab0-...3b25/resourceGroups/wordpress-a346ba39, 10s elapsed][0m[0m
[0m[1mazurerm_resource_group.main: Still destroying... [id=/subscriptions/9cf8b4c4-cd80-43a7-bab0-...3b25/resourceGroups/wordpress-a346ba39, 20s elapsed][0m[0m
[0m[1mazurerm_resource_group.main: Still destroying... [id=/subscriptions/9cf8b4c4-cd80-43a7-bab0-...3b25/resourceGroups/wordpress-a346ba39, 30s elapsed][0m[0m
[0m[1mazurerm_resource_group.main: Still destroying... [id=/subscriptions/9cf8b4c4-cd80-43a7-bab0-...3b25/resourceGroups/wordpress-a346ba39, 40s elapsed][0m[0m
[0m[1mazurerm_resource_group.main: Destruction complete after 47s[0m[0m
[0m[1mrandom_id.bp_suffix: Destroying... [id=o0a6OQ][0m[0m
[0m[1mrandom_id.bp_suffix: Destruction complete after 0s[0m[0m
[0m[1m[32m
Destroy complete! Resources: 10 destroyed.[0m
