Executing workflow `uninstall` on deployment `gcp` [timeout=900 seconds]
2019-08-11 00:42:21.935  CFY <gcp> Starting 'uninstall' workflow execution
2019-08-11 00:42:22.885  CFY <gcp> [config-database_oac92d] Validating node instance after deletion: nothing to do
2019-08-11 00:42:23.192  CFY <gcp> [config-database_oac92d->vm-database_3ylweu|unlink] Sending task 'cloudify_ansible.tasks.ansible_remove_host'
2019-08-11 00:42:23.992  CFY <gcp> [config-wordpress_nhfltd] Validating node instance after deletion: nothing to do
2019-08-11 00:42:24.173  CFY <gcp> [config-wordpress_nhfltd->vm-app2_7xujpg|unlink] Sending task 'cloudify_ansible.tasks.ansible_remove_host'
2019-08-11 00:42:25.340  CFY <gcp> [firewall_jh2rf5] Stopping node instance
2019-08-11 00:42:25.506  CFY <gcp> [config-wordpress_nhfltd] Stop: instance already uninitialized
2019-08-11 00:42:25.600  CFY <gcp> [config-database_oac92d] Stop: instance already uninitialized
2019-08-11 00:42:25.725  CFY <gcp> [firewall_jh2rf5] Validating node instance after deletion: nothing to do
2019-08-11 00:42:26.537  CFY <gcp> [firewall_jh2rf5] Stopped node instance: nothing to do
2019-08-11 00:42:26.706  CFY <gcp> [config-wordpress_nhfltd] Delete: instance already uninitialized
2019-08-11 00:42:26.828  CFY <gcp> [config-database_oac92d] Delete: instance already uninitialized
2019-08-11 00:42:27.458  CFY <gcp> [config-wordpress_nhfltd] Deleted node instance
2019-08-11 00:42:27.505  CFY <gcp> [config-database_oac92d] Deleted node instance
2019-08-11 00:42:27.837  CFY <gcp> [config-database_oac92d->vm-database_3ylweu|unlink] Task succeeded 'cloudify_ansible.tasks.ansible_remove_host'
2019-08-11 00:42:27.958  CFY <gcp> [firewall_jh2rf5] Unlinking relationships
2019-08-11 00:42:28.663  CFY <gcp> [firewall_jh2rf5] Relationships unlinked
2019-08-11 00:42:29.158  CFY <gcp> [firewall_jh2rf5] Deleting node instance
2019-08-11 00:42:29.328  CFY <gcp> [firewall_jh2rf5.delete] Sending task 'cloudify_gcp.compute.firewall.delete'
2019-08-11 00:42:29.682  CFY <gcp> [config-wordpress_nhfltd->vm-app2_7xujpg|unlink] Task succeeded 'cloudify_ansible.tasks.ansible_remove_host'
2019-08-11 00:42:30.347  CFY <gcp> [config-wordpress_nhfltd->vm-app1_kxoqkx|unlink] Sending task 'cloudify_ansible.tasks.ansible_remove_host'
2019-08-11 00:42:31.396  LOG <gcp> [firewall_jh2rf5.delete] INFO: Delete firewall rule firewall-jh2rf5 from network https://www.googleapis.com/compute/v1/projects/node2faas-248113/global/networks/network-iq1gmy
2019-08-11 00:42:33.472  CFY <gcp> [config-wordpress_nhfltd->vm-app1_kxoqkx|unlink] Task succeeded 'cloudify_ansible.tasks.ansible_remove_host'
2019-08-11 00:42:34.082  CFY <gcp> [vm-app2_7xujpg] Validating node instance after deletion: nothing to do
2019-08-11 00:42:34.131  CFY <gcp> [vm-app1_kxoqkx] Validating node instance after deletion: nothing to do
2019-08-11 00:42:34.181  CFY <gcp> [vm-app2_7xujpg] Stop: instance already uninitialized
2019-08-11 00:42:34.456  CFY <gcp> [vm-app1_kxoqkx] Stop: instance already uninitialized
2019-08-11 00:42:34.501  CFY <gcp> [firewall_jh2rf5.delete] Task succeeded 'cloudify_gcp.compute.firewall.delete'
2019-08-11 00:42:34.524  CFY <gcp> [vm-app2_7xujpg] Delete: instance already uninitialized
2019-08-11 00:42:34.866  CFY <gcp> [vm-app2_7xujpg] Deleted node instance
2019-08-11 00:42:34.914  CFY <gcp> [firewall_jh2rf5] Deleted node instance
2019-08-11 00:42:35.195  CFY <gcp> [vm-app1_kxoqkx] Delete: instance already uninitialized
2019-08-11 00:42:35.604  CFY <gcp> [vm-app1_kxoqkx] Deleted node instance
2019-08-11 00:42:36.120  CFY <gcp> [vm-database_3ylweu] Stopping node instance
2019-08-11 00:42:36.196  CFY <gcp> [vm-database_3ylweu] Validating node instance after deletion: nothing to do
2019-08-11 00:42:36.596  CFY <gcp> [vm-database_3ylweu] Stopped node instance: nothing to do
2019-08-11 00:42:36.911  CFY <gcp> [vm-database_3ylweu] Unlinking relationships
2019-08-11 00:42:37.195  CFY <gcp> [vm-database_3ylweu] Relationships unlinked
2019-08-11 00:42:37.426  CFY <gcp> [vm-database_3ylweu] Deleting node instance
2019-08-11 00:42:37.512  CFY <gcp> [vm-database_3ylweu.delete] Sending task 'cloudify_gcp.compute.instance.delete'
2019-08-11 00:42:39.765  LOG <gcp> [vm-database_3ylweu.delete] INFO: Delete instance wordpressdatabase
2019-08-11 00:42:41.350  LOG <gcp> [vm-database_3ylweu.delete] ERROR: Error traceback Traceback (most recent call last):
  File "/opt/mgmtworker/env/plugins/default_tenant/cloudify-gcp-plugin-1.4.4/lib/python2.7/site-packages/cloudify_gcp/utils.py", line 262, in _decorator
    return func(*args, **kwargs)
  File "/opt/mgmtworker/env/plugins/default_tenant/cloudify-gcp-plugin-1.4.4/lib/python2.7/site-packages/cloudify_gcp/compute/instance.py", line 457, in delete
    utils.delete_if_not_external(instance)
  File "/opt/mgmtworker/env/plugins/default_tenant/cloudify-gcp-plugin-1.4.4/lib/python2.7/site-packages/cloudify_gcp/utils.py", line 175, in delete_if_not_external
    return resource.delete()
  File "/opt/mgmtworker/env/plugins/default_tenant/cloudify-gcp-plugin-1.4.4/lib/python2.7/site-packages/cloudify_gcp/utils.py", line 233, in wrapper
    response = func(self, *args, **kwargs)
  File "/opt/mgmtworker/env/plugins/default_tenant/cloudify-gcp-plugin-1.4.4/lib/python2.7/site-packages/cloudify_gcp/gcp.py", line 34, in _decorator
    response = func(self, *args, **kwargs)
  File "/opt/mgmtworker/env/plugins/default_tenant/cloudify-gcp-plugin-1.4.4/lib/python2.7/site-packages/cloudify_gcp/compute/instance.py", line 133, in delete
    instance=self.name).execute()
  File "/opt/mgmtworker/env/plugins/default_tenant/cloudify-gcp-plugin-1.4.4/lib/python2.7/site-packages/oauth2client/util.py", line 137, in positional_wrapper
    return wrapped(*args, **kwargs)
  File "/opt/mgmtworker/env/plugins/default_tenant/cloudify-gcp-plugin-1.4.4/lib/python2.7/site-packages/googleapiclient/http.py", line 832, in execute
    raise HttpError(resp, content, uri=self.uri)
HttpError: <HttpError 404 when requesting https://www.googleapis.com/compute/v1/projects/node2faas-248113/zones/europe-west2-c/instances/wordpressdatabase?alt=json returned "The resource 'projects/node2faas-248113/zones/europe-west2-c/instances/wordpressdatabase' was not found">
 with message <HttpError 404 when requesting https://www.googleapis.com/compute/v1/projects/node2faas-248113/zones/europe-west2-c/instances/wordpressdatabase?alt=json returned "The resource 'projects/node2faas-248113/zones/europe-west2-c/instances/wordpressdatabase' was not found">
2019-08-11 00:42:41.350  LOG <gcp> [vm-database_3ylweu.delete] ERROR: Error Message 
2019-08-11 00:42:42.140  CFY <gcp> [vm-database_3ylweu.delete] Task failed 'cloudify_gcp.compute.instance.delete'
Traceback (most recent call last):
  File "/opt/mgmtworker/env/lib/python2.7/site-packages/cloudify/dispatch.py", line 813, in main
    payload = handler.handle()
  File "/opt/mgmtworker/env/lib/python2.7/site-packages/cloudify/dispatch.py", line 461, in handle
    result = self._run_operation_func(ctx, kwargs)
  File "/opt/mgmtworker/env/lib/python2.7/site-packages/cloudify/dispatch.py", line 519, in _run_operation_func
    return self.func(*self.args, **kwargs)
  File "/opt/mgmtworker/env/plugins/default_tenant/cloudify-gcp-plugin-1.4.4/lib/python2.7/site-packages/cloudify_gcp/utils.py", line 277, in _decorator
    raise NonRecoverableError(error.message)
NonRecoverableError

2019-08-11 00:42:42.167  CFY <gcp> [vm-database_3ylweu] Deleted node instance
2019-08-11 00:42:42.797  CFY <gcp> [subnet_73a8u4] Stopping node instance
2019-08-11 00:42:42.909  CFY <gcp> [subnet_73a8u4] Validating node instance after deletion: nothing to do
2019-08-11 00:42:42.991  CFY <gcp> [subnet_73a8u4] Stopped node instance: nothing to do
2019-08-11 00:42:43.315  CFY <gcp> [subnet_73a8u4] Unlinking relationships
2019-08-11 00:42:43.613  CFY <gcp> [subnet_73a8u4] Relationships unlinked
2019-08-11 00:42:43.841  CFY <gcp> [subnet_73a8u4] Deleting node instance
2019-08-11 00:42:44.182  CFY <gcp> [subnet_73a8u4.delete] Sending task 'cloudify_gcp.compute.subnetwork.delete'
2019-08-11 00:42:46.210  LOG <gcp> [subnet_73a8u4.delete] INFO: Delete subnetwork subnet-73a8u4
2019-08-11 00:42:48.878  CFY <gcp> [subnet_73a8u4.delete] Task rescheduled 'cloudify_gcp.compute.subnetwork.delete' -> Operation started
Traceback (most recent call last):
  File "/opt/mgmtworker/env/lib/python2.7/site-packages/cloudify/dispatch.py", line 813, in main
    payload = handler.handle()
  File "/opt/mgmtworker/env/lib/python2.7/site-packages/cloudify/dispatch.py", line 464, in handle
    raise ctx.operation._operation_retry
OperationRetry: Operation started

2019-08-11 00:43:04.003  CFY <gcp> [subnet_73a8u4.delete] Sending task 'cloudify_gcp.compute.subnetwork.delete' [retry 1/60]
2019-08-11 00:43:07.663  CFY <gcp> [subnet_73a8u4.delete] Task succeeded 'cloudify_gcp.compute.subnetwork.delete' [retry 1/60]
2019-08-11 00:43:07.782  CFY <gcp> [subnet_73a8u4] Deleted node instance
2019-08-11 00:43:08.616  CFY <gcp> [network_iq1gmy] Stopping node instance
2019-08-11 00:43:08.878  CFY <gcp> [network_iq1gmy] Validating node instance after deletion: nothing to do
2019-08-11 00:43:08.934  CFY <gcp> [network_iq1gmy] Stopped node instance: nothing to do
2019-08-11 00:43:09.252  CFY <gcp> [network_iq1gmy] Unlinking relationships
2019-08-11 00:43:09.539  CFY <gcp> [network_iq1gmy] Relationships unlinked
2019-08-11 00:43:09.782  CFY <gcp> [network_iq1gmy] Deleting node instance
2019-08-11 00:43:09.934  CFY <gcp> [network_iq1gmy.delete] Sending task 'cloudify_gcp.compute.network.delete'
2019-08-11 00:43:12.034  LOG <gcp> [network_iq1gmy.delete] INFO: Delete network network-iq1gmy
2019-08-11 00:43:14.452  CFY <gcp> [network_iq1gmy.delete] Task rescheduled 'cloudify_gcp.compute.network.delete' -> Operation started
Traceback (most recent call last):
  File "/opt/mgmtworker/env/lib/python2.7/site-packages/cloudify/dispatch.py", line 813, in main
    payload = handler.handle()
  File "/opt/mgmtworker/env/lib/python2.7/site-packages/cloudify/dispatch.py", line 464, in handle
    raise ctx.operation._operation_retry
OperationRetry: Operation started

2019-08-11 00:43:29.590  CFY <gcp> [network_iq1gmy.delete] Sending task 'cloudify_gcp.compute.network.delete' [retry 1/60]
2019-08-11 00:43:33.473  CFY <gcp> [network_iq1gmy.delete] Task rescheduled 'cloudify_gcp.compute.network.delete' -> Operation not completed yet: RUNNING [retry_after=30] [retry 1/60]
Traceback (most recent call last):
  File "/opt/mgmtworker/env/lib/python2.7/site-packages/cloudify/dispatch.py", line 813, in main
    payload = handler.handle()
  File "/opt/mgmtworker/env/lib/python2.7/site-packages/cloudify/dispatch.py", line 464, in handle
    raise ctx.operation._operation_retry
OperationRetry: Operation not completed yet: RUNNING [retry_after=30]

2019-08-11 00:44:03.541  CFY <gcp> [network_iq1gmy.delete] Sending task 'cloudify_gcp.compute.network.delete' [retry 2/60]
2019-08-11 00:44:07.447  CFY <gcp> [network_iq1gmy.delete] Task succeeded 'cloudify_gcp.compute.network.delete' [retry 2/60]
2019-08-11 00:44:07.656  CFY <gcp> [network_iq1gmy] Deleted node instance
2019-08-11 00:44:08.065  CFY <gcp> 'uninstall' workflow execution succeeded
Finished executing workflow uninstall on deployment gcp
* Run 'cfy events list a0974d19-d259-4677-ae02-a6badfb68dde' to retrieve the execution's events/logs
Trying to delete deployment gcp...
Deployment deleted
Deleting blueprint cloudify-wordpress-blueprint-gcp...
Blueprint deleted
