Uploading blueprint cloudify/gcp.yaml...
 gcp.yaml |############################################################| 100.0%
Blueprint uploaded. The blueprint's id is cloudify-wordpress-blueprint-gcp
Creating new deployment from blueprint cloudify-wordpress-blueprint-gcp...
Deployment created. The deployment's id is gcp
Executing workflow `install` on deployment `gcp` [timeout=900 seconds]
Deployment environment creation is pending...
2019-08-08 12:41:45.802  CFY <gcp> Starting 'create_deployment_environment' workflow execution
2019-08-08 12:41:45.806  CFY <gcp> Installing deployment and workflow plugins
2019-08-08 12:41:45.907  CFY <gcp> Sending task 'cloudify_agent.operations.install_plugins'
2019-08-08 12:41:45.924  CFY <gcp> Task started 'cloudify_agent.operations.install_plugins'
2019-08-08 12:41:46.313  LOG <gcp> INFO: Installing plugin: gcp_plugin
2019-08-08 12:41:47.419  LOG <gcp> INFO: Using existing installation of managed plugin: e0a99ba4-54d6-4741-a773-4ec378dc8634 [package_name: cloudify-gcp-plugin, package_version: 1.4.4, supported_platform: linux_x86_64, distribution: centos, distribution_release: core]
2019-08-08 12:41:47.419  LOG <gcp> INFO: Installing plugin: ansible
2019-08-08 12:41:48.550  LOG <gcp> INFO: Using existing installation of managed plugin: 7142c593-6e52-429a-8a71-55266c022e02 [package_name: cloudify-ansible-plugin, package_version: 2.4.0, supported_platform: linux_x86_64, distribution: centos, distribution_release: core]
2019-08-08 12:41:48.550  LOG <gcp> INFO: Installing plugin: suspend
2019-08-08 12:41:49.553  LOG <gcp> INFO: Using existing installation of managed plugin: 62c3cd35-5a18-49fd-a670-48f9ad207b05 [package_name: cloudify-utilities-plugin, package_version: 1.14.0, supported_platform: linux_x86_64, distribution: centos, distribution_release: core]
2019-08-08 12:41:49.554  LOG <gcp> INFO: Installing plugin: configuration
2019-08-08 12:41:50.361  LOG <gcp> INFO: Using existing installation of managed plugin: 62c3cd35-5a18-49fd-a670-48f9ad207b05 [package_name: cloudify-utilities-plugin, package_version: 1.14.0, supported_platform: linux_x86_64, distribution: centos, distribution_release: core]
2019-08-08 12:41:50.362  LOG <gcp> INFO: Installing plugin: scalelist
2019-08-08 12:41:51.621  CFY <gcp> Task succeeded 'cloudify_agent.operations.install_plugins'
2019-08-08 12:41:51.621  LOG <gcp> INFO: Using existing installation of managed plugin: 62c3cd35-5a18-49fd-a670-48f9ad207b05 [package_name: cloudify-utilities-plugin, package_version: 1.14.0, supported_platform: linux_x86_64, distribution: centos, distribution_release: core]
2019-08-08 12:41:51.647  CFY <gcp> Creating deployment work directory
2019-08-08 12:41:51.950  CFY <gcp> 'create_deployment_environment' workflow execution succeeded
2019-08-08 12:41:56.866  CFY <gcp> Starting 'install' workflow execution
2019-08-08 12:41:58.497  CFY <gcp> [network_1gi1ke] Validating node instance before creation: nothing to do
2019-08-08 12:41:58.564  CFY <gcp> [network_1gi1ke] Precreating node instance: nothing to do
2019-08-08 12:41:58.807  CFY <gcp> [network_1gi1ke] Creating node instance
2019-08-08 12:41:59.538  CFY <gcp> [network_1gi1ke.create] Sending task 'cloudify_gcp.compute.network.create'
2019-08-08 12:42:03.224  LOG <gcp> [network_1gi1ke.create] INFO: Create network network-1gi1ke
2019-08-08 12:42:06.483  CFY <gcp> [network_1gi1ke.create] Task rescheduled 'cloudify_gcp.compute.network.create' -> Operation started
Traceback (most recent call last):
  File "/opt/mgmtworker/env/lib/python2.7/site-packages/cloudify/dispatch.py", line 813, in main
    payload = handler.handle()
  File "/opt/mgmtworker/env/lib/python2.7/site-packages/cloudify/dispatch.py", line 464, in handle
    raise ctx.operation._operation_retry
OperationRetry: Operation started

2019-08-08 12:42:21.573  CFY <gcp> [network_1gi1ke.create] Sending task 'cloudify_gcp.compute.network.create' [retry 1/60]
2019-08-08 12:42:25.044  LOG <gcp> [network_1gi1ke.create] INFO: Get network network-1gi1ke details
2019-08-08 12:42:26.820  CFY <gcp> [network_1gi1ke.create] Task succeeded 'cloudify_gcp.compute.network.create' [retry 1/60]
2019-08-08 12:42:27.071  CFY <gcp> [network_1gi1ke] Node instance created
2019-08-08 12:42:27.179  CFY <gcp> [network_1gi1ke] Configuring node instance: nothing to do
2019-08-08 12:42:27.284  CFY <gcp> [network_1gi1ke] Starting node instance: nothing to do
2019-08-08 12:42:27.508  CFY <gcp> [network_1gi1ke] Poststarting node instance: nothing to do
2019-08-08 12:42:27.596  CFY <gcp> [network_1gi1ke] Node instance started
2019-08-08 12:42:28.638  CFY <gcp> [subnet_y3tu3f] Validating node instance before creation
2019-08-08 12:42:28.789  CFY <gcp> [subnet_y3tu3f.create] Sending task 'cloudify_gcp.compute.subnetwork.creation_validation'
2019-08-08 12:42:29.636  CFY <gcp> [firewall_0g3dg4] Validating node instance before creation: nothing to do
2019-08-08 12:42:29.837  CFY <gcp> [firewall_0g3dg4] Precreating node instance: nothing to do
2019-08-08 12:42:30.270  CFY <gcp> [firewall_0g3dg4] Creating node instance
2019-08-08 12:42:30.496  CFY <gcp> [firewall_0g3dg4.create] Sending task 'cloudify_gcp.compute.firewall.create'
2019-08-08 12:42:32.222  CFY <gcp> [subnet_y3tu3f.create] Task succeeded 'cloudify_gcp.compute.subnetwork.creation_validation'
2019-08-08 12:42:32.277  CFY <gcp> [subnet_y3tu3f] Node instance validated before creation
2019-08-08 12:42:32.591  CFY <gcp> [subnet_y3tu3f] Precreating node instance: nothing to do
2019-08-08 12:42:32.791  CFY <gcp> [subnet_y3tu3f] Creating node instance
2019-08-08 12:42:33.680  CFY <gcp> [subnet_y3tu3f.create] Sending task 'cloudify_gcp.compute.subnetwork.create'
2019-08-08 12:42:34.091  LOG <gcp> [firewall_0g3dg4.create] INFO: Create firewall rule firewall-0g3dg4 in network https://www.googleapis.com/compute/v1/projects/node2faas-248113/global/networks/network-1gi1ke
2019-08-08 12:42:35.902  LOG <gcp> [subnet_y3tu3f.create] INFO: Create subnetwork subnet-y3tu3f
2019-08-08 12:42:36.520  CFY <gcp> [firewall_0g3dg4.create] Task succeeded 'cloudify_gcp.compute.firewall.create'
2019-08-08 12:42:36.626  CFY <gcp> [firewall_0g3dg4] Node instance created
2019-08-08 12:42:37.137  CFY <gcp> [firewall_0g3dg4] Configuring node instance: nothing to do
2019-08-08 12:42:37.321  CFY <gcp> [firewall_0g3dg4] Starting node instance: nothing to do
2019-08-08 12:42:37.403  CFY <gcp> [firewall_0g3dg4] Poststarting node instance: nothing to do
2019-08-08 12:42:37.519  CFY <gcp> [firewall_0g3dg4] Node instance started
2019-08-08 12:42:38.600  CFY <gcp> [subnet_y3tu3f.create] Task rescheduled 'cloudify_gcp.compute.subnetwork.create' -> Operation started
Traceback (most recent call last):
  File "/opt/mgmtworker/env/lib/python2.7/site-packages/cloudify/dispatch.py", line 813, in main
    payload = handler.handle()
  File "/opt/mgmtworker/env/lib/python2.7/site-packages/cloudify/dispatch.py", line 464, in handle
    raise ctx.operation._operation_retry
OperationRetry: Operation started

2019-08-08 12:42:53.731  CFY <gcp> [subnet_y3tu3f.create] Sending task 'cloudify_gcp.compute.subnetwork.create' [retry 1/60]
2019-08-08 12:42:56.881  LOG <gcp> [subnet_y3tu3f.create] INFO: Get subnetwork subnet-y3tu3f details
2019-08-08 12:42:58.447  CFY <gcp> [subnet_y3tu3f.create] Task succeeded 'cloudify_gcp.compute.subnetwork.create' [retry 1/60]
2019-08-08 12:42:58.495  CFY <gcp> [subnet_y3tu3f] Node instance created
2019-08-08 12:42:58.771  CFY <gcp> [subnet_y3tu3f] Configuring node instance: nothing to do
2019-08-08 12:42:58.863  CFY <gcp> [subnet_y3tu3f] Starting node instance: nothing to do
2019-08-08 12:42:58.981  CFY <gcp> [subnet_y3tu3f] Poststarting node instance: nothing to do
2019-08-08 12:42:59.069  CFY <gcp> [subnet_y3tu3f] Node instance started
2019-08-08 12:42:59.907  CFY <gcp> [vm-database_ngzjzf] Validating node instance before creation: nothing to do
2019-08-08 12:43:00.146  CFY <gcp> [vm-database_ngzjzf] Precreating node instance: nothing to do
2019-08-08 12:43:00.358  CFY <gcp> [vm-database_ngzjzf] Creating node instance
2019-08-08 12:43:00.695  CFY <gcp> [vm-database_ngzjzf.create] Sending task 'script_runner.tasks.run'
2019-08-08 12:43:02.567  LOG <gcp> [vm-database_ngzjzf.create] INFO: Downloaded scripts/gcp/key.py to /tmp/1CMXA/key.py
2019-08-08 12:43:02.932  CFY <gcp> [vm-database_ngzjzf.create] Task succeeded 'script_runner.tasks.run'
2019-08-08 12:43:03.310  CFY <gcp> [vm-database_ngzjzf] Node instance created
2019-08-08 12:43:03.501  CFY <gcp> [vm-database_ngzjzf] Configuring node instance
2019-08-08 12:43:03.851  CFY <gcp> [vm-database_ngzjzf.configure] Sending task 'cloudify_gcp.compute.instance.create'
2019-08-08 12:43:05.717  LOG <gcp> [vm-database_ngzjzf.configure] INFO: The script is 
2019-08-08 12:43:05.973  LOG <gcp> [vm-database_ngzjzf.configure] INFO: Adding bucket to metadata
2019-08-08 12:43:05.973  LOG <gcp> [vm-database_ngzjzf.configure] INFO: Adding sshKeys to metadata
2019-08-08 12:43:08.611  CFY <gcp> [vm-database_ngzjzf.configure] Task rescheduled 'cloudify_gcp.compute.instance.create' -> Operation started
Traceback (most recent call last):
  File "/opt/mgmtworker/env/lib/python2.7/site-packages/cloudify/dispatch.py", line 813, in main
    payload = handler.handle()
  File "/opt/mgmtworker/env/lib/python2.7/site-packages/cloudify/dispatch.py", line 464, in handle
    raise ctx.operation._operation_retry
OperationRetry: Operation started

2019-08-08 12:43:23.750  CFY <gcp> [vm-database_ngzjzf.configure] Sending task 'cloudify_gcp.compute.instance.create' [retry 1/60]
2019-08-08 12:43:25.613  LOG <gcp> [vm-database_ngzjzf.configure] INFO: The script is 
2019-08-08 12:43:26.946  LOG <gcp> [vm-database_ngzjzf.configure] ERROR: Response with error {u'errors': [{u'message': u"The resource '482761649285-compute@developer.gserviceaccount.com' of type 'serviceAccount' was not found.", u'code': u'EXTERNAL_RESOURCE_NOT_FOUND'}]}
2019-08-08 12:43:26.947  LOG <gcp> [vm-database_ngzjzf.configure] ERROR: Error Message {u'errors': [{u'message': u"The resource '482761649285-compute@developer.gserviceaccount.com' of type 'serviceAccount' was not found.", u'code': u'EXTERNAL_RESOURCE_NOT_FOUND'}]}
2019-08-08 12:43:27.550  CFY <gcp> [vm-database_ngzjzf.configure] Task failed 'cloudify_gcp.compute.instance.create' -> {u'errors': [{u'message': u"The resource '482761649285-compute@developer.gserviceaccount.com' of type 'serviceAccount' was not found.", u'code': u'EXTERNAL_RESOURCE_NOT_FOUND'}]} [retry 1/60]
Traceback (most recent call last):
  File "/opt/mgmtworker/env/lib/python2.7/site-packages/cloudify/dispatch.py", line 813, in main
    payload = handler.handle()
  File "/opt/mgmtworker/env/lib/python2.7/site-packages/cloudify/dispatch.py", line 461, in handle
    result = self._run_operation_func(ctx, kwargs)
  File "/opt/mgmtworker/env/lib/python2.7/site-packages/cloudify/dispatch.py", line 519, in _run_operation_func
    return self.func(*self.args, **kwargs)
  File "/opt/mgmtworker/env/plugins/default_tenant/cloudify-gcp-plugin-1.4.4/lib/python2.7/site-packages/cloudify_gcp/utils.py", line 267, in _decorator
    raise NonRecoverableError(e.message)
NonRecoverableError: {u'errors': [{u'message': u"The resource '482761649285-compute@developer.gserviceaccount.com' of type 'serviceAccount' was not found.", u'code': u'EXTERNAL_RESOURCE_NOT_FOUND'}]}

2019-08-08 12:43:27.970  CFY <gcp> 'install' workflow execution failed: RuntimeError: Workflow failed: Task failed 'cloudify_gcp.compute.instance.create' -> {u'errors': [{u'message': u"The resource '482761649285-compute@developer.gserviceaccount.com' of type 'serviceAccount' was not found.", u'code': u'EXTERNAL_RESOURCE_NOT_FOUND'}]}
Execution of workflow install for deployment gcp failed. [error=Traceback (most recent call last):
  File "/opt/mgmtworker/env/lib/python2.7/site-packages/cloudify/dispatch.py", line 664, in _remote_workflow_child_thread
    workflow_result = self._execute_workflow_function()
  File "/opt/mgmtworker/env/lib/python2.7/site-packages/cloudify/dispatch.py", line 693, in _execute_workflow_function
    result = self.func(*self.args, **self.kwargs)
  File "/opt/mgmtworker/env/lib/python2.7/site-packages/cloudify/plugins/workflows.py", line 31, in install
    node_instances=set(ctx.node_instances))
  File "/opt/mgmtworker/env/lib/python2.7/site-packages/cloudify/plugins/lifecycle.py", line 29, in install_node_instances
    processor.install()
  File "/opt/mgmtworker/env/lib/python2.7/site-packages/cloudify/plugins/lifecycle.py", line 102, in install
    graph.execute()
  File "/opt/mgmtworker/env/lib/python2.7/site-packages/cloudify/workflows/tasks_graph.py", line 237, in execute
    raise self._error
RuntimeError: Workflow failed: Task failed 'cloudify_gcp.compute.instance.create' -> {u'errors': [{u'message': u"The resource '482761649285-compute@developer.gserviceaccount.com' of type 'serviceAccount' was not found.", u'code': u'EXTERNAL_RESOURCE_NOT_FOUND'}]}
]
* Run 'cfy events list ab0cdbb5-6886-4b60-81d9-902edd1529b9' to retrieve the execution's events/logs
