Uploading blueprint cloudify/gcp.yaml...
 gcp.yaml |############################################################| 100.0%
Blueprint uploaded. The blueprint's id is cloudify-wordpress-blueprint-gcp
Creating new deployment from blueprint cloudify-wordpress-blueprint-gcp...
Deployment created. The deployment's id is gcp
Executing workflow `install` on deployment `gcp` [timeout=900 seconds]
Deployment environment creation is pending...
2019-08-10 16:50:14.180  CFY <gcp> Starting 'create_deployment_environment' workflow execution
2019-08-10 16:50:14.192  CFY <gcp> Installing deployment and workflow plugins
2019-08-10 16:50:14.292  CFY <gcp> Sending task 'cloudify_agent.operations.install_plugins'
2019-08-10 16:50:14.311  CFY <gcp> Task started 'cloudify_agent.operations.install_plugins'
2019-08-10 16:50:14.635  LOG <gcp> INFO: Installing plugin: gcp_plugin
2019-08-10 16:50:15.860  LOG <gcp> INFO: Using existing installation of managed plugin: e0a99ba4-54d6-4741-a773-4ec378dc8634 [package_name: cloudify-gcp-plugin, package_version: 1.4.4, supported_platform: linux_x86_64, distribution: centos, distribution_release: core]
2019-08-10 16:50:15.860  LOG <gcp> INFO: Installing plugin: ansible
2019-08-10 16:50:16.738  LOG <gcp> INFO: Using existing installation of managed plugin: 7142c593-6e52-429a-8a71-55266c022e02 [package_name: cloudify-ansible-plugin, package_version: 2.4.0, supported_platform: linux_x86_64, distribution: centos, distribution_release: core]
2019-08-10 16:50:16.738  LOG <gcp> INFO: Installing plugin: suspend
2019-08-10 16:50:17.763  LOG <gcp> INFO: Using existing installation of managed plugin: 62c3cd35-5a18-49fd-a670-48f9ad207b05 [package_name: cloudify-utilities-plugin, package_version: 1.14.0, supported_platform: linux_x86_64, distribution: centos, distribution_release: core]
2019-08-10 16:50:17.764  LOG <gcp> INFO: Installing plugin: scalelist
2019-08-10 16:50:18.558  LOG <gcp> INFO: Using existing installation of managed plugin: 62c3cd35-5a18-49fd-a670-48f9ad207b05 [package_name: cloudify-utilities-plugin, package_version: 1.14.0, supported_platform: linux_x86_64, distribution: centos, distribution_release: core]
2019-08-10 16:50:18.558  LOG <gcp> INFO: Installing plugin: configuration
2019-08-10 16:50:19.395  CFY <gcp> Task succeeded 'cloudify_agent.operations.install_plugins'
2019-08-10 16:50:19.395  LOG <gcp> INFO: Using existing installation of managed plugin: 62c3cd35-5a18-49fd-a670-48f9ad207b05 [package_name: cloudify-utilities-plugin, package_version: 1.14.0, supported_platform: linux_x86_64, distribution: centos, distribution_release: core]
2019-08-10 16:50:19.461  CFY <gcp> Creating deployment work directory
2019-08-10 16:50:19.886  CFY <gcp> 'create_deployment_environment' workflow execution succeeded
2019-08-10 16:50:25.658  CFY <gcp> Starting 'install' workflow execution
2019-08-10 16:50:27.375  CFY <gcp> [network_uuhj0b] Validating node instance before creation: nothing to do
2019-08-10 16:50:27.494  CFY <gcp> [network_uuhj0b] Precreating node instance: nothing to do
2019-08-10 16:50:27.875  CFY <gcp> [network_uuhj0b] Creating node instance
2019-08-10 16:50:28.082  CFY <gcp> [network_uuhj0b.create] Sending task 'cloudify_gcp.compute.network.create'
2019-08-10 16:50:29.931  LOG <gcp> [network_uuhj0b.create] INFO: Create network network-uuhj0b
2019-08-10 16:50:33.167  CFY <gcp> [network_uuhj0b.create] Task rescheduled 'cloudify_gcp.compute.network.create' -> Operation started
Traceback (most recent call last):
  File "/opt/mgmtworker/env/lib/python2.7/site-packages/cloudify/dispatch.py", line 813, in main
    payload = handler.handle()
  File "/opt/mgmtworker/env/lib/python2.7/site-packages/cloudify/dispatch.py", line 464, in handle
    raise ctx.operation._operation_retry
OperationRetry: Operation started

2019-08-10 16:50:48.266  CFY <gcp> [network_uuhj0b.create] Sending task 'cloudify_gcp.compute.network.create' [retry 1/60]
2019-08-10 16:50:51.244  LOG <gcp> [network_uuhj0b.create] INFO: Get network network-uuhj0b details
2019-08-10 16:50:53.099  CFY <gcp> [network_uuhj0b.create] Task succeeded 'cloudify_gcp.compute.network.create' [retry 1/60]
2019-08-10 16:50:53.376  CFY <gcp> [network_uuhj0b] Node instance created
2019-08-10 16:50:53.495  CFY <gcp> [network_uuhj0b] Configuring node instance: nothing to do
2019-08-10 16:50:53.734  CFY <gcp> [network_uuhj0b] Starting node instance: nothing to do
2019-08-10 16:50:53.922  CFY <gcp> [network_uuhj0b] Poststarting node instance: nothing to do
2019-08-10 16:50:54.135  CFY <gcp> [network_uuhj0b] Node instance started
2019-08-10 16:50:54.878  CFY <gcp> [firewall_f2rhv1] Validating node instance before creation: nothing to do
2019-08-10 16:50:54.935  CFY <gcp> [subnet_2xf3qu] Validating node instance before creation
2019-08-10 16:50:54.983  CFY <gcp> [firewall_f2rhv1] Precreating node instance: nothing to do
2019-08-10 16:50:55.094  CFY <gcp> [subnet_2xf3qu.create] Sending task 'cloudify_gcp.compute.subnetwork.creation_validation'
2019-08-10 16:50:56.042  CFY <gcp> [firewall_f2rhv1] Creating node instance
2019-08-10 16:50:56.815  CFY <gcp> [firewall_f2rhv1.create] Sending task 'cloudify_gcp.compute.firewall.create'
2019-08-10 16:50:58.527  CFY <gcp> [subnet_2xf3qu.create] Task succeeded 'cloudify_gcp.compute.subnetwork.creation_validation'
2019-08-10 16:50:58.630  CFY <gcp> [subnet_2xf3qu] Node instance validated before creation
2019-08-10 16:50:58.835  CFY <gcp> [subnet_2xf3qu] Precreating node instance: nothing to do
2019-08-10 16:50:59.063  CFY <gcp> [subnet_2xf3qu] Creating node instance
2019-08-10 16:50:59.562  CFY <gcp> [subnet_2xf3qu.create] Sending task 'cloudify_gcp.compute.subnetwork.create'
2019-08-10 16:50:59.721  LOG <gcp> [firewall_f2rhv1.create] INFO: Create firewall rule firewall-f2rhv1 in network https://www.googleapis.com/compute/v1/projects/node2faas-248113/global/networks/network-uuhj0b
2019-08-10 16:51:02.167  LOG <gcp> [subnet_2xf3qu.create] INFO: Create subnetwork subnet-2xf3qu
2019-08-10 16:51:02.856  CFY <gcp> [firewall_f2rhv1.create] Task succeeded 'cloudify_gcp.compute.firewall.create'
2019-08-10 16:51:03.115  CFY <gcp> [firewall_f2rhv1] Node instance created
2019-08-10 16:51:03.254  CFY <gcp> [firewall_f2rhv1] Configuring node instance: nothing to do
2019-08-10 16:51:03.384  CFY <gcp> [firewall_f2rhv1] Starting node instance: nothing to do
2019-08-10 16:51:03.463  CFY <gcp> [firewall_f2rhv1] Poststarting node instance: nothing to do
2019-08-10 16:51:03.587  CFY <gcp> [firewall_f2rhv1] Node instance started
2019-08-10 16:51:04.912  CFY <gcp> [subnet_2xf3qu.create] Task rescheduled 'cloudify_gcp.compute.subnetwork.create' -> Operation started
Traceback (most recent call last):
  File "/opt/mgmtworker/env/lib/python2.7/site-packages/cloudify/dispatch.py", line 813, in main
    payload = handler.handle()
  File "/opt/mgmtworker/env/lib/python2.7/site-packages/cloudify/dispatch.py", line 464, in handle
    raise ctx.operation._operation_retry
OperationRetry: Operation started

2019-08-10 16:51:20.006  CFY <gcp> [subnet_2xf3qu.create] Sending task 'cloudify_gcp.compute.subnetwork.create' [retry 1/60]
2019-08-10 16:51:23.714  LOG <gcp> [subnet_2xf3qu.create] INFO: Get subnetwork subnet-2xf3qu details
2019-08-10 16:51:25.922  CFY <gcp> [subnet_2xf3qu.create] Task succeeded 'cloudify_gcp.compute.subnetwork.create' [retry 1/60]
2019-08-10 16:51:26.126  CFY <gcp> [subnet_2xf3qu] Node instance created
2019-08-10 16:51:26.272  CFY <gcp> [subnet_2xf3qu] Configuring node instance: nothing to do
2019-08-10 16:51:26.379  CFY <gcp> [subnet_2xf3qu] Starting node instance: nothing to do
2019-08-10 16:51:26.499  CFY <gcp> [subnet_2xf3qu] Poststarting node instance: nothing to do
2019-08-10 16:51:27.158  CFY <gcp> [subnet_2xf3qu] Node instance started
2019-08-10 16:51:27.673  CFY <gcp> [vm-database_2696hf] Validating node instance before creation: nothing to do
2019-08-10 16:51:27.756  CFY <gcp> [vm-database_2696hf] Precreating node instance: nothing to do
2019-08-10 16:51:28.019  CFY <gcp> [vm-database_2696hf] Creating node instance
2019-08-10 16:51:28.221  CFY <gcp> [vm-database_2696hf.create] Sending task 'script_runner.tasks.run'
2019-08-10 16:51:29.912  LOG <gcp> [vm-database_2696hf.create] INFO: Downloaded scripts/gcp/key.py to /tmp/5QE7W/key.py
2019-08-10 16:51:30.456  CFY <gcp> [vm-database_2696hf.create] Task succeeded 'script_runner.tasks.run'
2019-08-10 16:51:30.823  CFY <gcp> [vm-database_2696hf] Node instance created
2019-08-10 16:51:30.936  CFY <gcp> [vm-database_2696hf] Configuring node instance
2019-08-10 16:51:31.541  CFY <gcp> [vm-database_2696hf.configure] Sending task 'cloudify_gcp.compute.instance.create'
2019-08-10 16:51:34.328  LOG <gcp> [vm-database_2696hf.configure] INFO: The script is 
2019-08-10 16:51:34.716  LOG <gcp> [vm-database_2696hf.configure] INFO: Adding bucket to metadata
2019-08-10 16:51:34.717  LOG <gcp> [vm-database_2696hf.configure] INFO: Adding sshKeys to metadata
2019-08-10 16:51:37.943  CFY <gcp> [vm-database_2696hf.configure] Task rescheduled 'cloudify_gcp.compute.instance.create' -> Operation started
Traceback (most recent call last):
  File "/opt/mgmtworker/env/lib/python2.7/site-packages/cloudify/dispatch.py", line 813, in main
    payload = handler.handle()
  File "/opt/mgmtworker/env/lib/python2.7/site-packages/cloudify/dispatch.py", line 464, in handle
    raise ctx.operation._operation_retry
OperationRetry: Operation started

2019-08-10 16:51:53.071  CFY <gcp> [vm-database_2696hf.configure] Sending task 'cloudify_gcp.compute.instance.create' [retry 1/60]
2019-08-10 16:51:55.478  LOG <gcp> [vm-database_2696hf.configure] INFO: The script is 
2019-08-10 16:51:56.898  LOG <gcp> [vm-database_2696hf.configure] ERROR: Response with error {u'errors': [{u'message': u"The resource '482761649285-compute@developer.gserviceaccount.com' of type 'serviceAccount' was not found.", u'code': u'EXTERNAL_RESOURCE_NOT_FOUND'}]}
2019-08-10 16:51:56.898  LOG <gcp> [vm-database_2696hf.configure] ERROR: Error Message {u'errors': [{u'message': u"The resource '482761649285-compute@developer.gserviceaccount.com' of type 'serviceAccount' was not found.", u'code': u'EXTERNAL_RESOURCE_NOT_FOUND'}]}
2019-08-10 16:51:57.931  CFY <gcp> [vm-database_2696hf.configure] Task failed 'cloudify_gcp.compute.instance.create' -> {u'errors': [{u'message': u"The resource '482761649285-compute@developer.gserviceaccount.com' of type 'serviceAccount' was not found.", u'code': u'EXTERNAL_RESOURCE_NOT_FOUND'}]} [retry 1/60]
Traceback (most recent call last):
  File "/opt/mgmtworker/env/lib/python2.7/site-packages/cloudify/dispatch.py", line 813, in main
    payload = handler.handle()
  File "/opt/mgmtworker/env/lib/python2.7/site-packages/cloudify/dispatch.py", line 461, in handle
    result = self._run_operation_func(ctx, kwargs)
  File "/opt/mgmtworker/env/lib/python2.7/site-packages/cloudify/dispatch.py", line 519, in _run_operation_func
    return self.func(*self.args, **kwargs)
  File "/opt/mgmtworker/env/plugins/default_tenant/cloudify-gcp-plugin-1.4.4/lib/python2.7/site-packages/cloudify_gcp/utils.py", line 267, in _decorator
    raise NonRecoverableError(e.message)
NonRecoverableError: {u'errors': [{u'message': u"The resource '482761649285-compute@developer.gserviceaccount.com' of type 'serviceAccount' was not found.", u'code': u'EXTERNAL_RESOURCE_NOT_FOUND'}]}

2019-08-10 16:51:58.523  CFY <gcp> 'install' workflow execution failed: RuntimeError: Workflow failed: Task failed 'cloudify_gcp.compute.instance.create' -> {u'errors': [{u'message': u"The resource '482761649285-compute@developer.gserviceaccount.com' of type 'serviceAccount' was not found.", u'code': u'EXTERNAL_RESOURCE_NOT_FOUND'}]}
Execution of workflow install for deployment gcp failed. [error=Traceback (most recent call last):
  File "/opt/mgmtworker/env/lib/python2.7/site-packages/cloudify/dispatch.py", line 664, in _remote_workflow_child_thread
    workflow_result = self._execute_workflow_function()
  File "/opt/mgmtworker/env/lib/python2.7/site-packages/cloudify/dispatch.py", line 693, in _execute_workflow_function
    result = self.func(*self.args, **self.kwargs)
  File "/opt/mgmtworker/env/lib/python2.7/site-packages/cloudify/plugins/workflows.py", line 31, in install
    node_instances=set(ctx.node_instances))
  File "/opt/mgmtworker/env/lib/python2.7/site-packages/cloudify/plugins/lifecycle.py", line 29, in install_node_instances
    processor.install()
  File "/opt/mgmtworker/env/lib/python2.7/site-packages/cloudify/plugins/lifecycle.py", line 102, in install
    graph.execute()
  File "/opt/mgmtworker/env/lib/python2.7/site-packages/cloudify/workflows/tasks_graph.py", line 237, in execute
    raise self._error
RuntimeError: Workflow failed: Task failed 'cloudify_gcp.compute.instance.create' -> {u'errors': [{u'message': u"The resource '482761649285-compute@developer.gserviceaccount.com' of type 'serviceAccount' was not found.", u'code': u'EXTERNAL_RESOURCE_NOT_FOUND'}]}
]
* Run 'cfy events list 6f3c474c-3505-480d-809e-b0dcc6347b3e' to retrieve the execution's events/logs
