[0m[1mrandom_id.bp_suffix: Refreshing state... [id=suM8bQ][0m
[0m[1mgoogle_compute_network.wordpress-network: Refreshing state... [id=wordpress-network][0m
[0m[1mdata.template_file.config_database: Refreshing state...[0m
[0m[1mgoogle_compute_subnetwork.wordpress-subnetwork: Refreshing state... [id=us-east4/wordpress-subnetwork][0m
[0m[1mgoogle_compute_firewall.default-in: Refreshing state... [id=wordpress-app-in][0m
[0m[1mgoogle_compute_firewall.default-out: Refreshing state... [id=wordpress-app-out][0m
[0m[1mgoogle_compute_instance.wordpress-database: Refreshing state... [id=wordpress-database-b2e33c6d][0m
[0m[1mdata.template_file.config: Refreshing state...[0m
[0m[1mgoogle_compute_instance.wordpress-app2: Refreshing state... [id=wordpress-app2-b2e33c6d][0m
[0m[1mgoogle_compute_instance.wordpress-app1: Refreshing state... [id=wordpress-app1-b2e33c6d][0m
[0m[1mgoogle_compute_firewall.default-out: Destroying... [id=wordpress-app-out][0m[0m
[0m[1mgoogle_compute_firewall.default-in: Destroying... [id=wordpress-app-in][0m[0m
[0m[1mgoogle_compute_instance.wordpress-app2: Destroying... [id=wordpress-app2-b2e33c6d][0m[0m
[0m[1mgoogle_compute_instance.wordpress-app1: Destroying... [id=wordpress-app1-b2e33c6d][0m[0m
[0m[1mgoogle_compute_instance.wordpress-app2: Still destroying... [id=wordpress-app2-b2e33c6d, 10s elapsed][0m[0m
[0m[1mgoogle_compute_firewall.default-out: Still destroying... [id=wordpress-app-out, 10s elapsed][0m[0m
[0m[1mgoogle_compute_firewall.default-in: Still destroying... [id=wordpress-app-in, 10s elapsed][0m[0m
[0m[1mgoogle_compute_instance.wordpress-app1: Still destroying... [id=wordpress-app1-b2e33c6d, 10s elapsed][0m[0m
[0m[1mgoogle_compute_firewall.default-in: Destruction complete after 18s[0m[0m
[0m[1mgoogle_compute_firewall.default-out: Destruction complete after 18s[0m[0m
[0m[1mgoogle_compute_instance.wordpress-app2: Still destroying... [id=wordpress-app2-b2e33c6d, 20s elapsed][0m[0m
[0m[1mgoogle_compute_instance.wordpress-app1: Still destroying... [id=wordpress-app1-b2e33c6d, 20s elapsed][0m[0m
[0m[1mgoogle_compute_instance.wordpress-app2: Destruction complete after 28s[0m[0m
[0m[1mgoogle_compute_instance.wordpress-app1: Destruction complete after 29s[0m[0m
[0m[1mgoogle_compute_instance.wordpress-database: Destroying... [id=wordpress-database-b2e33c6d][0m[0m
[0m[1mgoogle_compute_instance.wordpress-database: Still destroying... [id=wordpress-database-b2e33c6d, 10s elapsed][0m[0m
[0m[1mgoogle_compute_instance.wordpress-database: Still destroying... [id=wordpress-database-b2e33c6d, 20s elapsed][0m[0m
[0m[1mgoogle_compute_instance.wordpress-database: Destruction complete after 27s[0m[0m
[0m[1mrandom_id.bp_suffix: Destroying... [id=suM8bQ][0m[0m
[0m[1mgoogle_compute_subnetwork.wordpress-subnetwork: Destroying... [id=us-east4/wordpress-subnetwork][0m[0m
[0m[1mrandom_id.bp_suffix: Destruction complete after 0s[0m[0m
[0m[1mgoogle_compute_subnetwork.wordpress-subnetwork: Still destroying... [id=us-east4/wordpress-subnetwork, 10s elapsed][0m[0m
[0m[1mgoogle_compute_subnetwork.wordpress-subnetwork: Still destroying... [id=us-east4/wordpress-subnetwork, 20s elapsed][0m[0m
[0m[1mgoogle_compute_subnetwork.wordpress-subnetwork: Destruction complete after 28s[0m[0m
[0m[1mgoogle_compute_network.wordpress-network: Destroying... [id=wordpress-network][0m[0m
[0m[1mgoogle_compute_network.wordpress-network: Still destroying... [id=wordpress-network, 10s elapsed][0m[0m
[0m[1mgoogle_compute_network.wordpress-network: Still destroying... [id=wordpress-network, 20s elapsed][0m[0m
[0m[1mgoogle_compute_network.wordpress-network: Destruction complete after 27s[0m[0m
[0m[1m[32m
Destroy complete! Resources: 8 destroyed.[0m
