Uploading blueprint cloudify/gcp.yaml...
 gcp.yaml |############################################################| 100.0%
Blueprint uploaded. The blueprint's id is cloudify-wordpress-blueprint-gcp
Creating new deployment from blueprint cloudify-wordpress-blueprint-gcp...
Deployment created. The deployment's id is gcp
Executing workflow `install` on deployment `gcp` [timeout=900 seconds]
Deployment environment creation is pending...
2019-08-10 15:59:57.467  CFY <gcp> Starting 'create_deployment_environment' workflow execution
2019-08-10 15:59:57.471  CFY <gcp> Installing deployment and workflow plugins
2019-08-10 15:59:57.572  CFY <gcp> Sending task 'cloudify_agent.operations.install_plugins'
2019-08-10 15:59:57.588  CFY <gcp> Task started 'cloudify_agent.operations.install_plugins'
2019-08-10 15:59:57.957  LOG <gcp> INFO: Installing plugin: gcp_plugin
2019-08-10 15:59:59.133  LOG <gcp> INFO: Using existing installation of managed plugin: e0a99ba4-54d6-4741-a773-4ec378dc8634 [package_name: cloudify-gcp-plugin, package_version: 1.4.4, supported_platform: linux_x86_64, distribution: centos, distribution_release: core]
2019-08-10 15:59:59.134  LOG <gcp> INFO: Installing plugin: ansible
2019-08-10 16:00:00.260  LOG <gcp> INFO: Using existing installation of managed plugin: 7142c593-6e52-429a-8a71-55266c022e02 [package_name: cloudify-ansible-plugin, package_version: 2.4.0, supported_platform: linux_x86_64, distribution: centos, distribution_release: core]
2019-08-10 16:00:00.260  LOG <gcp> INFO: Installing plugin: suspend
2019-08-10 16:00:01.232  LOG <gcp> INFO: Using existing installation of managed plugin: 62c3cd35-5a18-49fd-a670-48f9ad207b05 [package_name: cloudify-utilities-plugin, package_version: 1.14.0, supported_platform: linux_x86_64, distribution: centos, distribution_release: core]
2019-08-10 16:00:01.232  LOG <gcp> INFO: Installing plugin: configuration
2019-08-10 16:00:02.913  LOG <gcp> INFO: Using existing installation of managed plugin: 62c3cd35-5a18-49fd-a670-48f9ad207b05 [package_name: cloudify-utilities-plugin, package_version: 1.14.0, supported_platform: linux_x86_64, distribution: centos, distribution_release: core]
2019-08-10 16:00:02.913  LOG <gcp> INFO: Installing plugin: scalelist
2019-08-10 16:00:05.310  LOG <gcp> INFO: Using existing installation of managed plugin: 62c3cd35-5a18-49fd-a670-48f9ad207b05 [package_name: cloudify-utilities-plugin, package_version: 1.14.0, supported_platform: linux_x86_64, distribution: centos, distribution_release: core]
2019-08-10 16:00:05.311  CFY <gcp> Task succeeded 'cloudify_agent.operations.install_plugins'
2019-08-10 16:00:05.427  CFY <gcp> Creating deployment work directory
2019-08-10 16:00:05.797  CFY <gcp> 'create_deployment_environment' workflow execution succeeded
2019-08-10 16:00:09.847  CFY <gcp> Starting 'install' workflow execution
2019-08-10 16:00:12.087  CFY <gcp> [network_9qcm7e] Validating node instance before creation: nothing to do
2019-08-10 16:00:12.257  CFY <gcp> [network_9qcm7e] Precreating node instance: nothing to do
2019-08-10 16:00:12.372  CFY <gcp> [network_9qcm7e] Creating node instance
2019-08-10 16:00:12.735  CFY <gcp> [network_9qcm7e.create] Sending task 'cloudify_gcp.compute.network.create'
2019-08-10 16:00:14.603  LOG <gcp> [network_9qcm7e.create] INFO: Create network network-9qcm7e
2019-08-10 16:00:17.207  CFY <gcp> [network_9qcm7e.create] Task rescheduled 'cloudify_gcp.compute.network.create' -> Operation started
Traceback (most recent call last):
  File "/opt/mgmtworker/env/lib/python2.7/site-packages/cloudify/dispatch.py", line 813, in main
    payload = handler.handle()
  File "/opt/mgmtworker/env/lib/python2.7/site-packages/cloudify/dispatch.py", line 464, in handle
    raise ctx.operation._operation_retry
OperationRetry: Operation started

2019-08-10 16:00:32.266  CFY <gcp> [network_9qcm7e.create] Sending task 'cloudify_gcp.compute.network.create' [retry 1/60]
2019-08-10 16:00:35.652  LOG <gcp> [network_9qcm7e.create] INFO: Get network network-9qcm7e details
2019-08-10 16:00:37.327  CFY <gcp> [network_9qcm7e.create] Task succeeded 'cloudify_gcp.compute.network.create' [retry 1/60]
2019-08-10 16:00:37.392  CFY <gcp> [network_9qcm7e] Node instance created
2019-08-10 16:00:37.699  CFY <gcp> [network_9qcm7e] Configuring node instance: nothing to do
2019-08-10 16:00:37.927  CFY <gcp> [network_9qcm7e] Starting node instance: nothing to do
2019-08-10 16:00:38.150  CFY <gcp> [network_9qcm7e] Poststarting node instance: nothing to do
2019-08-10 16:00:38.353  CFY <gcp> [network_9qcm7e] Node instance started
2019-08-10 16:00:39.026  CFY <gcp> [firewall_lfrop9] Validating node instance before creation: nothing to do
2019-08-10 16:00:39.146  CFY <gcp> [subnet_dmsdy0] Validating node instance before creation
2019-08-10 16:00:39.197  CFY <gcp> [firewall_lfrop9] Precreating node instance: nothing to do
2019-08-10 16:00:39.310  CFY <gcp> [subnet_dmsdy0.create] Sending task 'cloudify_gcp.compute.subnetwork.creation_validation'
2019-08-10 16:00:40.302  CFY <gcp> [firewall_lfrop9] Creating node instance
2019-08-10 16:00:40.875  CFY <gcp> [firewall_lfrop9.create] Sending task 'cloudify_gcp.compute.firewall.create'
2019-08-10 16:00:42.627  CFY <gcp> [subnet_dmsdy0.create] Task succeeded 'cloudify_gcp.compute.subnetwork.creation_validation'
2019-08-10 16:00:42.676  CFY <gcp> [subnet_dmsdy0] Node instance validated before creation
2019-08-10 16:00:42.933  CFY <gcp> [subnet_dmsdy0] Precreating node instance: nothing to do
2019-08-10 16:00:43.102  CFY <gcp> [subnet_dmsdy0] Creating node instance
2019-08-10 16:00:43.598  CFY <gcp> [subnet_dmsdy0.create] Sending task 'cloudify_gcp.compute.subnetwork.create'
2019-08-10 16:00:43.908  LOG <gcp> [firewall_lfrop9.create] INFO: Create firewall rule firewall-lfrop9 in network https://www.googleapis.com/compute/v1/projects/node2faas-248113/global/networks/network-9qcm7e
2019-08-10 16:00:46.169  LOG <gcp> [subnet_dmsdy0.create] INFO: Create subnetwork subnet-dmsdy0
2019-08-10 16:00:46.514  CFY <gcp> [firewall_lfrop9.create] Task succeeded 'cloudify_gcp.compute.firewall.create'
2019-08-10 16:00:46.788  CFY <gcp> [firewall_lfrop9] Node instance created
2019-08-10 16:00:46.909  CFY <gcp> [firewall_lfrop9] Configuring node instance: nothing to do
2019-08-10 16:00:46.990  CFY <gcp> [firewall_lfrop9] Starting node instance: nothing to do
2019-08-10 16:00:47.108  CFY <gcp> [firewall_lfrop9] Poststarting node instance: nothing to do
2019-08-10 16:00:47.200  CFY <gcp> [firewall_lfrop9] Node instance started
2019-08-10 16:00:48.796  CFY <gcp> [subnet_dmsdy0.create] Task rescheduled 'cloudify_gcp.compute.subnetwork.create' -> Operation started
Traceback (most recent call last):
  File "/opt/mgmtworker/env/lib/python2.7/site-packages/cloudify/dispatch.py", line 813, in main
    payload = handler.handle()
  File "/opt/mgmtworker/env/lib/python2.7/site-packages/cloudify/dispatch.py", line 464, in handle
    raise ctx.operation._operation_retry
OperationRetry: Operation started

2019-08-10 16:01:03.894  CFY <gcp> [subnet_dmsdy0.create] Sending task 'cloudify_gcp.compute.subnetwork.create' [retry 1/60]
2019-08-10 16:01:07.193  LOG <gcp> [subnet_dmsdy0.create] INFO: Get subnetwork subnet-dmsdy0 details
2019-08-10 16:01:08.987  CFY <gcp> [subnet_dmsdy0.create] Task succeeded 'cloudify_gcp.compute.subnetwork.create' [retry 1/60]
2019-08-10 16:01:09.240  CFY <gcp> [subnet_dmsdy0] Node instance created
2019-08-10 16:01:09.443  CFY <gcp> [subnet_dmsdy0] Configuring node instance: nothing to do
2019-08-10 16:01:09.622  CFY <gcp> [subnet_dmsdy0] Starting node instance: nothing to do
2019-08-10 16:01:09.857  CFY <gcp> [subnet_dmsdy0] Poststarting node instance: nothing to do
2019-08-10 16:01:09.916  CFY <gcp> [subnet_dmsdy0] Node instance started
2019-08-10 16:01:10.550  CFY <gcp> [vm-database_b64o3p] Validating node instance before creation: nothing to do
2019-08-10 16:01:10.754  CFY <gcp> [vm-database_b64o3p] Precreating node instance: nothing to do
2019-08-10 16:01:10.870  CFY <gcp> [vm-database_b64o3p] Creating node instance
2019-08-10 16:01:11.324  CFY <gcp> [vm-database_b64o3p.create] Sending task 'script_runner.tasks.run'
2019-08-10 16:01:13.099  LOG <gcp> [vm-database_b64o3p.create] INFO: Downloaded scripts/gcp/key.py to /tmp/EF2TH/key.py
2019-08-10 16:01:13.564  CFY <gcp> [vm-database_b64o3p.create] Task succeeded 'script_runner.tasks.run'
2019-08-10 16:01:13.824  CFY <gcp> [vm-database_b64o3p] Node instance created
2019-08-10 16:01:13.935  CFY <gcp> [vm-database_b64o3p] Configuring node instance
2019-08-10 16:01:14.451  CFY <gcp> [vm-database_b64o3p.configure] Sending task 'cloudify_gcp.compute.instance.create'
2019-08-10 16:01:16.321  LOG <gcp> [vm-database_b64o3p.configure] INFO: The script is 
2019-08-10 16:01:16.854  LOG <gcp> [vm-database_b64o3p.configure] INFO: Adding bucket to metadata
2019-08-10 16:01:16.883  LOG <gcp> [vm-database_b64o3p.configure] INFO: Adding sshKeys to metadata
2019-08-10 16:01:19.736  CFY <gcp> [vm-database_b64o3p.configure] Task rescheduled 'cloudify_gcp.compute.instance.create' -> Operation started
Traceback (most recent call last):
  File "/opt/mgmtworker/env/lib/python2.7/site-packages/cloudify/dispatch.py", line 813, in main
    payload = handler.handle()
  File "/opt/mgmtworker/env/lib/python2.7/site-packages/cloudify/dispatch.py", line 464, in handle
    raise ctx.operation._operation_retry
OperationRetry: Operation started

2019-08-10 16:01:34.904  CFY <gcp> [vm-database_b64o3p.configure] Sending task 'cloudify_gcp.compute.instance.create' [retry 1/60]
2019-08-10 16:01:37.445  LOG <gcp> [vm-database_b64o3p.configure] INFO: The script is 
2019-08-10 16:01:39.146  LOG <gcp> [vm-database_b64o3p.configure] ERROR: Response with error {u'errors': [{u'message': u"The resource '482761649285-compute@developer.gserviceaccount.com' of type 'serviceAccount' was not found.", u'code': u'EXTERNAL_RESOURCE_NOT_FOUND'}]}
2019-08-10 16:01:39.146  LOG <gcp> [vm-database_b64o3p.configure] ERROR: Error Message {u'errors': [{u'message': u"The resource '482761649285-compute@developer.gserviceaccount.com' of type 'serviceAccount' was not found.", u'code': u'EXTERNAL_RESOURCE_NOT_FOUND'}]}
2019-08-10 16:01:39.665  CFY <gcp> [vm-database_b64o3p.configure] Task failed 'cloudify_gcp.compute.instance.create' -> {u'errors': [{u'message': u"The resource '482761649285-compute@developer.gserviceaccount.com' of type 'serviceAccount' was not found.", u'code': u'EXTERNAL_RESOURCE_NOT_FOUND'}]} [retry 1/60]
Traceback (most recent call last):
  File "/opt/mgmtworker/env/lib/python2.7/site-packages/cloudify/dispatch.py", line 813, in main
    payload = handler.handle()
  File "/opt/mgmtworker/env/lib/python2.7/site-packages/cloudify/dispatch.py", line 461, in handle
    result = self._run_operation_func(ctx, kwargs)
  File "/opt/mgmtworker/env/lib/python2.7/site-packages/cloudify/dispatch.py", line 519, in _run_operation_func
    return self.func(*self.args, **kwargs)
  File "/opt/mgmtworker/env/plugins/default_tenant/cloudify-gcp-plugin-1.4.4/lib/python2.7/site-packages/cloudify_gcp/utils.py", line 267, in _decorator
    raise NonRecoverableError(e.message)
NonRecoverableError: {u'errors': [{u'message': u"The resource '482761649285-compute@developer.gserviceaccount.com' of type 'serviceAccount' was not found.", u'code': u'EXTERNAL_RESOURCE_NOT_FOUND'}]}

2019-08-10 16:01:40.092  CFY <gcp> 'install' workflow execution failed: RuntimeError: Workflow failed: Task failed 'cloudify_gcp.compute.instance.create' -> {u'errors': [{u'message': u"The resource '482761649285-compute@developer.gserviceaccount.com' of type 'serviceAccount' was not found.", u'code': u'EXTERNAL_RESOURCE_NOT_FOUND'}]}
Execution of workflow install for deployment gcp failed. [error=Traceback (most recent call last):
  File "/opt/mgmtworker/env/lib/python2.7/site-packages/cloudify/dispatch.py", line 664, in _remote_workflow_child_thread
    workflow_result = self._execute_workflow_function()
  File "/opt/mgmtworker/env/lib/python2.7/site-packages/cloudify/dispatch.py", line 693, in _execute_workflow_function
    result = self.func(*self.args, **self.kwargs)
  File "/opt/mgmtworker/env/lib/python2.7/site-packages/cloudify/plugins/workflows.py", line 31, in install
    node_instances=set(ctx.node_instances))
  File "/opt/mgmtworker/env/lib/python2.7/site-packages/cloudify/plugins/lifecycle.py", line 29, in install_node_instances
    processor.install()
  File "/opt/mgmtworker/env/lib/python2.7/site-packages/cloudify/plugins/lifecycle.py", line 102, in install
    graph.execute()
  File "/opt/mgmtworker/env/lib/python2.7/site-packages/cloudify/workflows/tasks_graph.py", line 237, in execute
    raise self._error
RuntimeError: Workflow failed: Task failed 'cloudify_gcp.compute.instance.create' -> {u'errors': [{u'message': u"The resource '482761649285-compute@developer.gserviceaccount.com' of type 'serviceAccount' was not found.", u'code': u'EXTERNAL_RESOURCE_NOT_FOUND'}]}
]
* Run 'cfy events list b397e957-a4a1-455a-95ff-ecafe4752296' to retrieve the execution's events/logs
