Executing workflow `uninstall` on deployment `gcp` [timeout=900 seconds]
2019-08-10 16:02:15.004  CFY <gcp> Starting 'uninstall' workflow execution
2019-08-10 16:02:16.084  CFY <gcp> [firewall_lfrop9] Stopping node instance
2019-08-10 16:02:16.224  CFY <gcp> [config-database_rotse4] Validating node instance after deletion: nothing to do
2019-08-10 16:02:16.336  CFY <gcp> [config-database_rotse4->vm-database_b64o3p|unlink] Sending task 'cloudify_ansible.tasks.ansible_remove_host'
2019-08-10 16:02:17.212  CFY <gcp> [config-wordpress_vc789j] Validating node instance after deletion: nothing to do
2019-08-10 16:02:17.265  CFY <gcp> [config-wordpress_vc789j->vm-app2_gydv5k|unlink] Sending task 'cloudify_ansible.tasks.ansible_remove_host'
2019-08-10 16:02:18.493  CFY <gcp> [firewall_lfrop9] Validating node instance after deletion: nothing to do
2019-08-10 16:02:18.698  CFY <gcp> [config-wordpress_vc789j] Stop: instance already uninitialized
2019-08-10 16:02:18.977  CFY <gcp> [config-database_rotse4] Stop: instance already uninitialized
2019-08-10 16:02:19.195  CFY <gcp> [firewall_lfrop9] Stopped node instance: nothing to do
2019-08-10 16:02:21.600  CFY <gcp> [config-wordpress_vc789j] Delete: instance already uninitialized
2019-08-10 16:02:22.015  CFY <gcp> [config-database_rotse4] Delete: instance already uninitialized
2019-08-10 16:02:22.388  CFY <gcp> [firewall_lfrop9] Unlinking relationships
2019-08-10 16:02:23.036  CFY <gcp> [config-database_rotse4->vm-database_b64o3p|unlink] Task succeeded 'cloudify_ansible.tasks.ansible_remove_host'
2019-08-10 16:02:23.705  CFY <gcp> [config-wordpress_vc789j] Deleted node instance
2019-08-10 16:02:24.343  CFY <gcp> [config-database_rotse4] Deleted node instance
2019-08-10 16:02:24.403  CFY <gcp> [firewall_lfrop9] Relationships unlinked
2019-08-10 16:02:24.667  CFY <gcp> [config-wordpress_vc789j->vm-app2_gydv5k|unlink] Task succeeded 'cloudify_ansible.tasks.ansible_remove_host'
2019-08-10 16:02:24.791  CFY <gcp> [firewall_lfrop9] Deleting node instance
2019-08-10 16:02:24.954  CFY <gcp> [config-wordpress_vc789j->vm-app1_06x7zs|unlink] Sending task 'cloudify_ansible.tasks.ansible_remove_host'
2019-08-10 16:02:26.503  CFY <gcp> [firewall_lfrop9.delete] Sending task 'cloudify_gcp.compute.firewall.delete'
2019-08-10 16:02:27.589  CFY <gcp> [config-wordpress_vc789j->vm-app1_06x7zs|unlink] Task succeeded 'cloudify_ansible.tasks.ansible_remove_host'
2019-08-10 16:02:28.314  CFY <gcp> [vm-app2_gydv5k] Validating node instance after deletion: nothing to do
2019-08-10 16:02:28.474  CFY <gcp> [vm-app1_06x7zs] Validating node instance after deletion: nothing to do
2019-08-10 16:02:28.575  CFY <gcp> [vm-app2_gydv5k] Stop: instance already uninitialized
2019-08-10 16:02:29.199  CFY <gcp> [vm-app1_06x7zs] Stop: instance already uninitialized
2019-08-10 16:02:29.398  CFY <gcp> [vm-app2_gydv5k] Delete: instance already uninitialized
2019-08-10 16:02:30.087  CFY <gcp> [vm-app2_gydv5k] Deleted node instance
2019-08-10 16:02:30.087  CFY <gcp> [vm-app2_gydv5k] Deleted node instance
2019-08-10 16:02:30.722  CFY <gcp> [vm-app1_06x7zs] Delete: instance already uninitialized
2019-08-10 16:02:31.408  CFY <gcp> [vm-app1_06x7zs] Deleted node instance
2019-08-10 16:02:31.690  CFY <gcp> [vm-database_b64o3p] Stopping node instance
2019-08-10 16:02:32.010  CFY <gcp> [vm-database_b64o3p] Validating node instance after deletion: nothing to do
2019-08-10 16:02:32.326  CFY <gcp> [vm-database_b64o3p] Stopped node instance: nothing to do
2019-08-10 16:02:32.615  CFY <gcp> [vm-database_b64o3p] Unlinking relationships
2019-08-10 16:02:33.071  CFY <gcp> [vm-database_b64o3p] Relationships unlinked
2019-08-10 16:02:33.266  CFY <gcp> [vm-database_b64o3p] Deleting node instance
2019-08-10 16:02:33.289  CFY <gcp> [firewall_lfrop9.delete] Task succeeded 'cloudify_gcp.compute.firewall.delete'
2019-08-10 16:02:33.488  CFY <gcp> [firewall_lfrop9] Deleted node instance
2019-08-10 16:02:33.811  CFY <gcp> [vm-database_b64o3p.delete] Sending task 'cloudify_gcp.compute.instance.delete'
2019-08-10 16:02:35.722  LOG <gcp> [vm-database_b64o3p.delete] INFO: Delete instance wordpressdatabase
2019-08-10 16:02:37.215  LOG <gcp> [vm-database_b64o3p.delete] ERROR: Error traceback Traceback (most recent call last):
  File "/opt/mgmtworker/env/plugins/default_tenant/cloudify-gcp-plugin-1.4.4/lib/python2.7/site-packages/cloudify_gcp/utils.py", line 262, in _decorator
    return func(*args, **kwargs)
  File "/opt/mgmtworker/env/plugins/default_tenant/cloudify-gcp-plugin-1.4.4/lib/python2.7/site-packages/cloudify_gcp/compute/instance.py", line 457, in delete
    utils.delete_if_not_external(instance)
  File "/opt/mgmtworker/env/plugins/default_tenant/cloudify-gcp-plugin-1.4.4/lib/python2.7/site-packages/cloudify_gcp/utils.py", line 175, in delete_if_not_external
    return resource.delete()
  File "/opt/mgmtworker/env/plugins/default_tenant/cloudify-gcp-plugin-1.4.4/lib/python2.7/site-packages/cloudify_gcp/utils.py", line 233, in wrapper
    response = func(self, *args, **kwargs)
  File "/opt/mgmtworker/env/plugins/default_tenant/cloudify-gcp-plugin-1.4.4/lib/python2.7/site-packages/cloudify_gcp/gcp.py", line 34, in _decorator
    response = func(self, *args, **kwargs)
  File "/opt/mgmtworker/env/plugins/default_tenant/cloudify-gcp-plugin-1.4.4/lib/python2.7/site-packages/cloudify_gcp/compute/instance.py", line 133, in delete
    instance=self.name).execute()
  File "/opt/mgmtworker/env/plugins/default_tenant/cloudify-gcp-plugin-1.4.4/lib/python2.7/site-packages/oauth2client/util.py", line 137, in positional_wrapper
    return wrapped(*args, **kwargs)
  File "/opt/mgmtworker/env/plugins/default_tenant/cloudify-gcp-plugin-1.4.4/lib/python2.7/site-packages/googleapiclient/http.py", line 832, in execute
    raise HttpError(resp, content, uri=self.uri)
HttpError: <HttpError 404 when requesting https://www.googleapis.com/compute/v1/projects/node2faas-248113/zones/us-east4-c/instances/wordpressdatabase?alt=json returned "The resource 'projects/node2faas-248113/zones/us-east4-c/instances/wordpressdatabase' was not found">
 with message <HttpError 404 when requesting https://www.googleapis.com/compute/v1/projects/node2faas-248113/zones/us-east4-c/instances/wordpressdatabase?alt=json returned "The resource 'projects/node2faas-248113/zones/us-east4-c/instances/wordpressdatabase' was not found">
2019-08-10 16:02:37.215  LOG <gcp> [vm-database_b64o3p.delete] ERROR: Error Message 
2019-08-10 16:02:37.896  CFY <gcp> [vm-database_b64o3p.delete] Task failed 'cloudify_gcp.compute.instance.delete'
Traceback (most recent call last):
  File "/opt/mgmtworker/env/lib/python2.7/site-packages/cloudify/dispatch.py", line 813, in main
    payload = handler.handle()
  File "/opt/mgmtworker/env/lib/python2.7/site-packages/cloudify/dispatch.py", line 461, in handle
    result = self._run_operation_func(ctx, kwargs)
  File "/opt/mgmtworker/env/lib/python2.7/site-packages/cloudify/dispatch.py", line 519, in _run_operation_func
    return self.func(*self.args, **kwargs)
  File "/opt/mgmtworker/env/plugins/default_tenant/cloudify-gcp-plugin-1.4.4/lib/python2.7/site-packages/cloudify_gcp/utils.py", line 277, in _decorator
    raise NonRecoverableError(error.message)
NonRecoverableError

2019-08-10 16:02:37.938  CFY <gcp> [vm-database_b64o3p] Deleted node instance
2019-08-10 16:02:38.451  CFY <gcp> [subnet_dmsdy0] Stopping node instance
2019-08-10 16:02:38.568  CFY <gcp> [subnet_dmsdy0] Validating node instance after deletion: nothing to do
2019-08-10 16:02:38.692  CFY <gcp> [subnet_dmsdy0] Stopped node instance: nothing to do
2019-08-10 16:02:39.194  CFY <gcp> [subnet_dmsdy0] Unlinking relationships
2019-08-10 16:02:39.477  CFY <gcp> [subnet_dmsdy0] Relationships unlinked
2019-08-10 16:02:39.675  CFY <gcp> [subnet_dmsdy0] Deleting node instance
2019-08-10 16:02:40.027  CFY <gcp> [subnet_dmsdy0.delete] Sending task 'cloudify_gcp.compute.subnetwork.delete'
2019-08-10 16:02:41.927  LOG <gcp> [subnet_dmsdy0.delete] INFO: Delete subnetwork subnet-dmsdy0
2019-08-10 16:02:44.392  CFY <gcp> [subnet_dmsdy0.delete] Task rescheduled 'cloudify_gcp.compute.subnetwork.delete' -> Operation started
Traceback (most recent call last):
  File "/opt/mgmtworker/env/lib/python2.7/site-packages/cloudify/dispatch.py", line 813, in main
    payload = handler.handle()
  File "/opt/mgmtworker/env/lib/python2.7/site-packages/cloudify/dispatch.py", line 464, in handle
    raise ctx.operation._operation_retry
OperationRetry: Operation started

2019-08-10 16:02:59.497  CFY <gcp> [subnet_dmsdy0.delete] Sending task 'cloudify_gcp.compute.subnetwork.delete' [retry 1/60]
2019-08-10 16:03:03.748  CFY <gcp> [subnet_dmsdy0.delete] Task succeeded 'cloudify_gcp.compute.subnetwork.delete' [retry 1/60]
2019-08-10 16:03:04.009  CFY <gcp> [subnet_dmsdy0] Deleted node instance
2019-08-10 16:03:04.394  CFY <gcp> [network_9qcm7e] Stopping node instance
2019-08-10 16:03:04.668  CFY <gcp> [network_9qcm7e] Validating node instance after deletion: nothing to do
2019-08-10 16:03:04.795  CFY <gcp> [network_9qcm7e] Stopped node instance: nothing to do
2019-08-10 16:03:05.103  CFY <gcp> [network_9qcm7e] Unlinking relationships
2019-08-10 16:03:05.356  CFY <gcp> [network_9qcm7e] Relationships unlinked
2019-08-10 16:03:05.541  CFY <gcp> [network_9qcm7e] Deleting node instance
2019-08-10 16:03:05.901  CFY <gcp> [network_9qcm7e.delete] Sending task 'cloudify_gcp.compute.network.delete'
2019-08-10 16:03:07.691  LOG <gcp> [network_9qcm7e.delete] INFO: Delete network network-9qcm7e
2019-08-10 16:03:10.228  CFY <gcp> [network_9qcm7e.delete] Task rescheduled 'cloudify_gcp.compute.network.delete' -> Operation started
Traceback (most recent call last):
  File "/opt/mgmtworker/env/lib/python2.7/site-packages/cloudify/dispatch.py", line 813, in main
    payload = handler.handle()
  File "/opt/mgmtworker/env/lib/python2.7/site-packages/cloudify/dispatch.py", line 464, in handle
    raise ctx.operation._operation_retry
OperationRetry: Operation started

2019-08-10 16:03:25.348  CFY <gcp> [network_9qcm7e.delete] Sending task 'cloudify_gcp.compute.network.delete' [retry 1/60]
2019-08-10 16:03:29.079  CFY <gcp> [network_9qcm7e.delete] Task rescheduled 'cloudify_gcp.compute.network.delete' -> Operation not completed yet: RUNNING [retry_after=30] [retry 1/60]
Traceback (most recent call last):
  File "/opt/mgmtworker/env/lib/python2.7/site-packages/cloudify/dispatch.py", line 813, in main
    payload = handler.handle()
  File "/opt/mgmtworker/env/lib/python2.7/site-packages/cloudify/dispatch.py", line 464, in handle
    raise ctx.operation._operation_retry
OperationRetry: Operation not completed yet: RUNNING [retry_after=30]

2019-08-10 16:03:59.192  CFY <gcp> [network_9qcm7e.delete] Sending task 'cloudify_gcp.compute.network.delete' [retry 2/60]
2019-08-10 16:04:02.857  CFY <gcp> [network_9qcm7e.delete] Task succeeded 'cloudify_gcp.compute.network.delete' [retry 2/60]
2019-08-10 16:04:03.102  CFY <gcp> [network_9qcm7e] Deleted node instance
2019-08-10 16:04:03.476  CFY <gcp> 'uninstall' workflow execution succeeded
Finished executing workflow uninstall on deployment gcp
* Run 'cfy events list e2b2309a-0bd7-409c-9e4b-cfd2fb8b270a' to retrieve the execution's events/logs
Trying to delete deployment gcp...
Deployment deleted
Deleting blueprint cloudify-wordpress-blueprint-gcp...
Blueprint deleted
