Executing workflow `uninstall` on deployment `gcp` [timeout=900 seconds]
2019-08-08 13:58:03.746  CFY <gcp> Starting 'uninstall' workflow execution
2019-08-08 13:58:04.655  CFY <gcp> [config-wordpress_9po3co->vm-app2_aaj3ql|unlink] Sending task 'cloudify_ansible.tasks.ansible_remove_host'
2019-08-08 13:58:05.647  CFY <gcp> [config-wordpress_9po3co] Validating node instance after deletion: nothing to do
2019-08-08 13:58:05.840  CFY <gcp> [config-database_o36mdf] Validating node instance after deletion: nothing to do
2019-08-08 13:58:05.898  CFY <gcp> [config-database_o36mdf->vm-database_na3da3|unlink] Sending task 'cloudify_ansible.tasks.ansible_remove_host'
2019-08-08 13:58:08.328  CFY <gcp> [firewall_59yh63] Stopping node instance
2019-08-08 13:58:08.591  CFY <gcp> [config-database_o36mdf] Stop: instance already uninitialized
2019-08-08 13:58:08.868  CFY <gcp> [config-wordpress_9po3co] Stop: instance already uninitialized
2019-08-08 13:58:09.257  CFY <gcp> [firewall_59yh63] Validating node instance after deletion: nothing to do
2019-08-08 13:58:11.689  CFY <gcp> [firewall_59yh63] Stopped node instance: nothing to do
2019-08-08 13:58:11.772  CFY <gcp> Task failed '_SetNodeInstanceStateTask' -> 409: Node instance update conflict [current version=2, update version=1]
Traceback (most recent call last):
  File "/opt/mgmtworker/env/lib/python2.7/site-packages/cloudify/workflows/tasks.py", line 709, in local_task_wrapper
    result = self.local_task(**self.kwargs)
  File "/opt/mgmtworker/env/lib/python2.7/site-packages/cloudify/workflows/tasks.py", line 1019, in __call__
    return self.remote()
  File "/opt/mgmtworker/env/lib/python2.7/site-packages/cloudify/workflows/tasks.py", line 1055, in remote
    update_node_instance(node_instance)
  File "/opt/mgmtworker/env/lib/python2.7/site-packages/cloudify/manager.py", line 389, in update_node_instance
    version=node_instance.version)
  File "/opt/mgmtworker/env/lib/python2.7/site-packages/cloudify_rest_client/node_instances.py", line 141, in update
    response = self.api.patch(uri, data=data)
  File "/opt/mgmtworker/env/lib/python2.7/site-packages/cloudify_rest_client/client.py", line 311, in patch
    timeout=timeout)
  File "/opt/mgmtworker/env/lib/python2.7/site-packages/cloudify/cluster.py", line 57, in do_request
    **kwargs)
  File "/opt/mgmtworker/env/lib/python2.7/site-packages/cloudify_rest_client/client.py", line 257, in do_request
    verify=self.get_request_verify(), timeout=timeout)
  File "/opt/mgmtworker/env/lib/python2.7/site-packages/cloudify_rest_client/client.py", line 191, in _do_request
    self._raise_client_error(response, request_url)
  File "/opt/mgmtworker/env/lib/python2.7/site-packages/cloudify_rest_client/client.py", line 144, in _raise_client_error
    response=response)
  File "/opt/mgmtworker/env/lib/python2.7/site-packages/cloudify_rest_client/client.py", line 156, in _prepare_and_raise_exception
    status_code, error_code=error_code, response=response)
CloudifyClientError: 409: Node instance update conflict [current version=2, update version=1]

2019-08-08 13:58:11.904  CFY <gcp> [config-wordpress_9po3co->vm-app2_aaj3ql|unlink] Task succeeded 'cloudify_ansible.tasks.ansible_remove_host'
2019-08-08 13:58:11.966  CFY <gcp> [config-database_o36mdf] Delete: instance already uninitialized
2019-08-08 13:58:12.159  CFY <gcp> [config-wordpress_9po3co] Delete: instance already uninitialized
2019-08-08 13:58:12.196  CFY <gcp> [config-wordpress_9po3co->vm-app1_h4l4df|unlink] Sending task 'cloudify_ansible.tasks.ansible_remove_host'
2019-08-08 13:58:13.706  CFY <gcp> [config-database_o36mdf->vm-database_na3da3|unlink] Task succeeded 'cloudify_ansible.tasks.ansible_remove_host'
2019-08-08 13:58:15.042  CFY <gcp> [config-database_o36mdf] Deleted node instance
2019-08-08 13:58:15.160  CFY <gcp> [config-wordpress_9po3co] Deleted node instance
2019-08-08 13:58:15.338  CFY <gcp> [firewall_59yh63] Unlinking relationships
2019-08-08 13:58:15.828  CFY <gcp> [firewall_59yh63] Relationships unlinked
2019-08-08 13:58:16.331  CFY <gcp> [firewall_59yh63] Deleting node instance
2019-08-08 13:58:16.704  CFY <gcp> [firewall_59yh63.delete] Sending task 'cloudify_gcp.compute.firewall.delete'
2019-08-08 13:58:17.562  CFY <gcp> [config-wordpress_9po3co->vm-app1_h4l4df|unlink] Task succeeded 'cloudify_ansible.tasks.ansible_remove_host'
2019-08-08 13:58:18.604  CFY <gcp> [vm-app2_aaj3ql] Validating node instance after deletion: nothing to do
2019-08-08 13:58:19.676  CFY <gcp> [vm-app1_h4l4df] Validating node instance after deletion: nothing to do
2019-08-08 13:58:20.019  CFY <gcp> [vm-app1_h4l4df] Stop: instance already uninitialized
2019-08-08 13:58:20.128  CFY <gcp> [vm-app2_aaj3ql] Stop: instance already uninitialized
2019-08-08 13:58:21.053  CFY <gcp> [vm-app1_h4l4df] Delete: instance already uninitialized
2019-08-08 13:58:21.165  CFY <gcp> [vm-app1_h4l4df] Deleted node instance
2019-08-08 13:58:21.636  CFY <gcp> [vm-app2_aaj3ql] Delete: instance already uninitialized
2019-08-08 13:58:21.850  CFY <gcp> [vm-app2_aaj3ql] Deleted node instance
2019-08-08 13:58:21.850  CFY <gcp> [vm-app2_aaj3ql] Deleted node instance
2019-08-08 13:58:22.899  CFY <gcp> [vm-database_na3da3] Stopping node instance
2019-08-08 13:58:23.021  CFY <gcp> [vm-database_na3da3] Validating node instance after deletion: nothing to do
2019-08-08 13:58:23.345  CFY <gcp> [vm-database_na3da3] Stopped node instance: nothing to do
2019-08-08 13:58:23.637  CFY <gcp> [vm-database_na3da3] Unlinking relationships
2019-08-08 13:58:23.915  CFY <gcp> [vm-database_na3da3] Relationships unlinked
2019-08-08 13:58:24.134  CFY <gcp> [vm-database_na3da3] Deleting node instance
2019-08-08 13:58:24.345  CFY <gcp> [vm-database_na3da3.delete] Sending task 'cloudify_gcp.compute.instance.delete'
2019-08-08 13:58:24.871  CFY <gcp> [firewall_59yh63.delete] Task succeeded 'cloudify_gcp.compute.firewall.delete'
2019-08-08 13:58:25.658  CFY <gcp> [firewall_59yh63] Deleted node instance
2019-08-08 13:58:27.241  LOG <gcp> [vm-database_na3da3.delete] INFO: Delete instance wordpressdatabase
2019-08-08 13:58:29.034  LOG <gcp> [vm-database_na3da3.delete] ERROR: Error traceback Traceback (most recent call last):
  File "/opt/mgmtworker/env/plugins/default_tenant/cloudify-gcp-plugin-1.4.4/lib/python2.7/site-packages/cloudify_gcp/utils.py", line 262, in _decorator
    return func(*args, **kwargs)
  File "/opt/mgmtworker/env/plugins/default_tenant/cloudify-gcp-plugin-1.4.4/lib/python2.7/site-packages/cloudify_gcp/compute/instance.py", line 457, in delete
    utils.delete_if_not_external(instance)
  File "/opt/mgmtworker/env/plugins/default_tenant/cloudify-gcp-plugin-1.4.4/lib/python2.7/site-packages/cloudify_gcp/utils.py", line 175, in delete_if_not_external
    return resource.delete()
  File "/opt/mgmtworker/env/plugins/default_tenant/cloudify-gcp-plugin-1.4.4/lib/python2.7/site-packages/cloudify_gcp/utils.py", line 233, in wrapper
    response = func(self, *args, **kwargs)
  File "/opt/mgmtworker/env/plugins/default_tenant/cloudify-gcp-plugin-1.4.4/lib/python2.7/site-packages/cloudify_gcp/gcp.py", line 34, in _decorator
    response = func(self, *args, **kwargs)
  File "/opt/mgmtworker/env/plugins/default_tenant/cloudify-gcp-plugin-1.4.4/lib/python2.7/site-packages/cloudify_gcp/compute/instance.py", line 133, in delete
    instance=self.name).execute()
  File "/opt/mgmtworker/env/plugins/default_tenant/cloudify-gcp-plugin-1.4.4/lib/python2.7/site-packages/oauth2client/util.py", line 137, in positional_wrapper
    return wrapped(*args, **kwargs)
  File "/opt/mgmtworker/env/plugins/default_tenant/cloudify-gcp-plugin-1.4.4/lib/python2.7/site-packages/googleapiclient/http.py", line 832, in execute
    raise HttpError(resp, content, uri=self.uri)
HttpError: <HttpError 404 when requesting https://www.googleapis.com/compute/v1/projects/node2faas-248113/zones/us-east4-a/instances/wordpressdatabase?alt=json returned "The resource 'projects/node2faas-248113/zones/us-east4-a/instances/wordpressdatabase' was not found">
 with message <HttpError 404 when requesting https://www.googleapis.com/compute/v1/projects/node2faas-248113/zones/us-east4-a/instances/wordpressdatabase?alt=json returned "The resource 'projects/node2faas-248113/zones/us-east4-a/instances/wordpressdatabase' was not found">
2019-08-08 13:58:29.035  LOG <gcp> [vm-database_na3da3.delete] ERROR: Error Message 
2019-08-08 13:58:29.782  CFY <gcp> [vm-database_na3da3.delete] Task failed 'cloudify_gcp.compute.instance.delete'
Traceback (most recent call last):
  File "/opt/mgmtworker/env/lib/python2.7/site-packages/cloudify/dispatch.py", line 813, in main
    payload = handler.handle()
  File "/opt/mgmtworker/env/lib/python2.7/site-packages/cloudify/dispatch.py", line 461, in handle
    result = self._run_operation_func(ctx, kwargs)
  File "/opt/mgmtworker/env/lib/python2.7/site-packages/cloudify/dispatch.py", line 519, in _run_operation_func
    return self.func(*self.args, **kwargs)
  File "/opt/mgmtworker/env/plugins/default_tenant/cloudify-gcp-plugin-1.4.4/lib/python2.7/site-packages/cloudify_gcp/utils.py", line 277, in _decorator
    raise NonRecoverableError(error.message)
NonRecoverableError

2019-08-08 13:58:29.828  CFY <gcp> [vm-database_na3da3] Deleted node instance
2019-08-08 13:58:30.502  CFY <gcp> [subnet_lflue4] Stopping node instance
2019-08-08 13:58:30.590  CFY <gcp> [subnet_lflue4] Validating node instance after deletion: nothing to do
2019-08-08 13:58:30.696  CFY <gcp> [subnet_lflue4] Stopped node instance: nothing to do
2019-08-08 13:58:30.987  CFY <gcp> [subnet_lflue4] Unlinking relationships
2019-08-08 13:58:31.286  CFY <gcp> [subnet_lflue4] Relationships unlinked
2019-08-08 13:58:31.351  CFY <gcp> [subnet_lflue4] Deleting node instance
2019-08-08 13:58:31.715  CFY <gcp> [subnet_lflue4.delete] Sending task 'cloudify_gcp.compute.subnetwork.delete'
2019-08-08 13:58:34.095  LOG <gcp> [subnet_lflue4.delete] INFO: Delete subnetwork subnet-lflue4
2019-08-08 13:58:36.495  CFY <gcp> [subnet_lflue4.delete] Task rescheduled 'cloudify_gcp.compute.subnetwork.delete' -> Operation started
Traceback (most recent call last):
  File "/opt/mgmtworker/env/lib/python2.7/site-packages/cloudify/dispatch.py", line 813, in main
    payload = handler.handle()
  File "/opt/mgmtworker/env/lib/python2.7/site-packages/cloudify/dispatch.py", line 464, in handle
    raise ctx.operation._operation_retry
OperationRetry: Operation started

2019-08-08 13:58:51.558  CFY <gcp> [subnet_lflue4.delete] Sending task 'cloudify_gcp.compute.subnetwork.delete' [retry 1/60]
2019-08-08 13:58:56.844  CFY <gcp> [subnet_lflue4.delete] Task succeeded 'cloudify_gcp.compute.subnetwork.delete' [retry 1/60]
2019-08-08 13:58:57.278  CFY <gcp> [subnet_lflue4] Deleted node instance
2019-08-08 13:58:58.140  CFY <gcp> [network_9f3z8m] Stopping node instance
2019-08-08 13:58:58.388  CFY <gcp> [network_9f3z8m] Validating node instance after deletion: nothing to do
2019-08-08 13:58:58.565  CFY <gcp> [network_9f3z8m] Stopped node instance: nothing to do
2019-08-08 13:58:59.201  CFY <gcp> [network_9f3z8m] Unlinking relationships
2019-08-08 13:58:59.628  CFY <gcp> [network_9f3z8m] Relationships unlinked
2019-08-08 13:59:00.578  CFY <gcp> [network_9f3z8m] Deleting node instance
2019-08-08 13:59:00.897  CFY <gcp> [network_9f3z8m.delete] Sending task 'cloudify_gcp.compute.network.delete'
2019-08-08 13:59:03.663  LOG <gcp> [network_9f3z8m.delete] INFO: Delete network network-9f3z8m
2019-08-08 13:59:06.440  CFY <gcp> [network_9f3z8m.delete] Task rescheduled 'cloudify_gcp.compute.network.delete' -> Operation started
Traceback (most recent call last):
  File "/opt/mgmtworker/env/lib/python2.7/site-packages/cloudify/dispatch.py", line 813, in main
    payload = handler.handle()
  File "/opt/mgmtworker/env/lib/python2.7/site-packages/cloudify/dispatch.py", line 464, in handle
    raise ctx.operation._operation_retry
OperationRetry: Operation started

2019-08-08 13:59:21.513  CFY <gcp> [network_9f3z8m.delete] Sending task 'cloudify_gcp.compute.network.delete' [retry 1/60]
2019-08-08 13:59:26.078  CFY <gcp> [network_9f3z8m.delete] Task rescheduled 'cloudify_gcp.compute.network.delete' -> Operation not completed yet: RUNNING [retry_after=30] [retry 1/60]
Traceback (most recent call last):
  File "/opt/mgmtworker/env/lib/python2.7/site-packages/cloudify/dispatch.py", line 813, in main
    payload = handler.handle()
  File "/opt/mgmtworker/env/lib/python2.7/site-packages/cloudify/dispatch.py", line 464, in handle
    raise ctx.operation._operation_retry
OperationRetry: Operation not completed yet: RUNNING [retry_after=30]

2019-08-08 13:59:56.318  CFY <gcp> [network_9f3z8m.delete] Sending task 'cloudify_gcp.compute.network.delete' [retry 2/60]
2019-08-08 14:00:00.612  CFY <gcp> [network_9f3z8m.delete] Task succeeded 'cloudify_gcp.compute.network.delete' [retry 2/60]
2019-08-08 14:00:00.823  CFY <gcp> [network_9f3z8m] Deleted node instance
2019-08-08 14:00:01.223  CFY <gcp> 'uninstall' workflow execution succeeded
Finished executing workflow uninstall on deployment gcp
* Run 'cfy events list fee4bc15-a294-466e-b631-7d47125b68bf' to retrieve the execution's events/logs
Trying to delete deployment gcp...
Deployment deleted
Deleting blueprint cloudify-wordpress-blueprint-gcp...
Blueprint deleted
