Executing workflow `uninstall` on deployment `gcp` [timeout=900 seconds]
2019-08-10 16:23:16.759  CFY <gcp> Starting 'uninstall' workflow execution
2019-08-10 16:23:18.005  CFY <gcp> [config-wordpress_6f7o5e->vm-app2_1sjhg9|unlink] Sending task 'cloudify_ansible.tasks.ansible_remove_host'
2019-08-10 16:23:19.247  CFY <gcp> [config-database_pqpp9n->vm-database_g0zbrf|unlink] Sending task 'cloudify_ansible.tasks.ansible_remove_host'
2019-08-10 16:23:20.359  CFY <gcp> [firewall_wbampi] Stopping node instance
2019-08-10 16:23:20.604  CFY <gcp> [config-database_pqpp9n] Validating node instance after deletion: nothing to do
2019-08-10 16:23:20.902  CFY <gcp> [config-wordpress_6f7o5e] Validating node instance after deletion: nothing to do
2019-08-10 16:23:21.316  CFY <gcp> [config-database_pqpp9n] Stop: instance already uninitialized
2019-08-10 16:23:21.567  CFY <gcp> [config-wordpress_6f7o5e] Stop: instance already uninitialized
2019-08-10 16:23:21.791  CFY <gcp> [firewall_wbampi] Validating node instance after deletion: nothing to do
2019-08-10 16:23:23.927  CFY <gcp> [firewall_wbampi] Stopped node instance: nothing to do
2019-08-10 16:23:23.995  CFY <gcp> Task failed '_SetNodeInstanceStateTask' -> 409: Node instance update conflict [current version=2, update version=1]
Traceback (most recent call last):
  File "/opt/mgmtworker/env/lib/python2.7/site-packages/cloudify/workflows/tasks.py", line 709, in local_task_wrapper
    result = self.local_task(**self.kwargs)
  File "/opt/mgmtworker/env/lib/python2.7/site-packages/cloudify/workflows/tasks.py", line 1019, in __call__
    return self.remote()
  File "/opt/mgmtworker/env/lib/python2.7/site-packages/cloudify/workflows/tasks.py", line 1055, in remote
    update_node_instance(node_instance)
  File "/opt/mgmtworker/env/lib/python2.7/site-packages/cloudify/manager.py", line 389, in update_node_instance
    version=node_instance.version)
  File "/opt/mgmtworker/env/lib/python2.7/site-packages/cloudify_rest_client/node_instances.py", line 141, in update
    response = self.api.patch(uri, data=data)
  File "/opt/mgmtworker/env/lib/python2.7/site-packages/cloudify_rest_client/client.py", line 311, in patch
    timeout=timeout)
  File "/opt/mgmtworker/env/lib/python2.7/site-packages/cloudify/cluster.py", line 57, in do_request
    **kwargs)
  File "/opt/mgmtworker/env/lib/python2.7/site-packages/cloudify_rest_client/client.py", line 257, in do_request
    verify=self.get_request_verify(), timeout=timeout)
  File "/opt/mgmtworker/env/lib/python2.7/site-packages/cloudify_rest_client/client.py", line 191, in _do_request
    self._raise_client_error(response, request_url)
  File "/opt/mgmtworker/env/lib/python2.7/site-packages/cloudify_rest_client/client.py", line 144, in _raise_client_error
    response=response)
  File "/opt/mgmtworker/env/lib/python2.7/site-packages/cloudify_rest_client/client.py", line 156, in _prepare_and_raise_exception
    status_code, error_code=error_code, response=response)
CloudifyClientError: 409: Node instance update conflict [current version=2, update version=1]

2019-08-10 16:23:24.070  CFY <gcp> [config-database_pqpp9n] Delete: instance already uninitialized
2019-08-10 16:23:24.196  CFY <gcp> [config-wordpress_6f7o5e] Delete: instance already uninitialized
2019-08-10 16:23:24.805  CFY <gcp> [config-wordpress_6f7o5e->vm-app2_1sjhg9|unlink] Task succeeded 'cloudify_ansible.tasks.ansible_remove_host'
2019-08-10 16:23:25.019  CFY <gcp> [config-database_pqpp9n] Deleted node instance
2019-08-10 16:23:25.026  CFY <gcp> [config-wordpress_6f7o5e->vm-app1_2iz213|unlink] Sending task 'cloudify_ansible.tasks.ansible_remove_host'
2019-08-10 16:23:26.111  CFY <gcp> [config-wordpress_6f7o5e] Deleted node instance
2019-08-10 16:23:27.303  CFY <gcp> [config-database_pqpp9n->vm-database_g0zbrf|unlink] Task succeeded 'cloudify_ansible.tasks.ansible_remove_host'
2019-08-10 16:23:27.407  CFY <gcp> [firewall_wbampi] Unlinking relationships
2019-08-10 16:23:28.076  CFY <gcp> [firewall_wbampi] Relationships unlinked
2019-08-10 16:23:28.321  CFY <gcp> [firewall_wbampi] Deleting node instance
2019-08-10 16:23:28.872  CFY <gcp> [firewall_wbampi.delete] Sending task 'cloudify_gcp.compute.firewall.delete'
2019-08-10 16:23:29.694  CFY <gcp> [config-wordpress_6f7o5e->vm-app1_2iz213|unlink] Task succeeded 'cloudify_ansible.tasks.ansible_remove_host'
2019-08-10 16:23:30.492  CFY <gcp> [vm-app1_2iz213] Validating node instance after deletion: nothing to do
2019-08-10 16:23:31.124  CFY <gcp> [vm-app2_1sjhg9] Validating node instance after deletion: nothing to do
2019-08-10 16:23:31.280  CFY <gcp> [vm-app1_2iz213] Stop: instance already uninitialized
2019-08-10 16:23:31.434  CFY <gcp> [vm-app2_1sjhg9] Stop: instance already uninitialized
2019-08-10 16:23:32.411  CFY <gcp> [vm-app1_2iz213] Delete: instance already uninitialized
2019-08-10 16:23:32.575  CFY <gcp> [vm-app2_1sjhg9] Delete: instance already uninitialized
2019-08-10 16:23:33.289  CFY <gcp> [vm-app1_2iz213] Deleted node instance
2019-08-10 16:23:33.467  CFY <gcp> [vm-app2_1sjhg9] Deleted node instance
2019-08-10 16:23:34.397  CFY <gcp> [vm-database_g0zbrf] Stopping node instance
2019-08-10 16:23:34.397  CFY <gcp> [vm-database_g0zbrf] Stopping node instance
2019-08-10 16:23:35.099  CFY <gcp> [vm-database_g0zbrf] Validating node instance after deletion: nothing to do
2019-08-10 16:23:35.432  CFY <gcp> [vm-database_g0zbrf] Stopped node instance: nothing to do
2019-08-10 16:23:35.932  CFY <gcp> [vm-database_g0zbrf] Unlinking relationships
2019-08-10 16:23:36.189  CFY <gcp> [vm-database_g0zbrf] Relationships unlinked
2019-08-10 16:23:36.366  CFY <gcp> [vm-database_g0zbrf] Deleting node instance
2019-08-10 16:23:36.861  CFY <gcp> [firewall_wbampi.delete] Task succeeded 'cloudify_gcp.compute.firewall.delete'
2019-08-10 16:23:36.943  CFY <gcp> [vm-database_g0zbrf.delete] Sending task 'cloudify_gcp.compute.instance.delete'
2019-08-10 16:23:38.084  CFY <gcp> [firewall_wbampi] Deleted node instance
2019-08-10 16:23:40.072  LOG <gcp> [vm-database_g0zbrf.delete] INFO: Delete instance wordpressdatabase
2019-08-10 16:23:42.517  LOG <gcp> [vm-database_g0zbrf.delete] ERROR: Error traceback Traceback (most recent call last):
  File "/opt/mgmtworker/env/plugins/default_tenant/cloudify-gcp-plugin-1.4.4/lib/python2.7/site-packages/cloudify_gcp/utils.py", line 262, in _decorator
    return func(*args, **kwargs)
  File "/opt/mgmtworker/env/plugins/default_tenant/cloudify-gcp-plugin-1.4.4/lib/python2.7/site-packages/cloudify_gcp/compute/instance.py", line 457, in delete
    utils.delete_if_not_external(instance)
  File "/opt/mgmtworker/env/plugins/default_tenant/cloudify-gcp-plugin-1.4.4/lib/python2.7/site-packages/cloudify_gcp/utils.py", line 175, in delete_if_not_external
    return resource.delete()
  File "/opt/mgmtworker/env/plugins/default_tenant/cloudify-gcp-plugin-1.4.4/lib/python2.7/site-packages/cloudify_gcp/utils.py", line 233, in wrapper
    response = func(self, *args, **kwargs)
  File "/opt/mgmtworker/env/plugins/default_tenant/cloudify-gcp-plugin-1.4.4/lib/python2.7/site-packages/cloudify_gcp/gcp.py", line 34, in _decorator
    response = func(self, *args, **kwargs)
  File "/opt/mgmtworker/env/plugins/default_tenant/cloudify-gcp-plugin-1.4.4/lib/python2.7/site-packages/cloudify_gcp/compute/instance.py", line 133, in delete
    instance=self.name).execute()
  File "/opt/mgmtworker/env/plugins/default_tenant/cloudify-gcp-plugin-1.4.4/lib/python2.7/site-packages/oauth2client/util.py", line 137, in positional_wrapper
    return wrapped(*args, **kwargs)
  File "/opt/mgmtworker/env/plugins/default_tenant/cloudify-gcp-plugin-1.4.4/lib/python2.7/site-packages/googleapiclient/http.py", line 832, in execute
    raise HttpError(resp, content, uri=self.uri)
HttpError: <HttpError 404 when requesting https://www.googleapis.com/compute/v1/projects/node2faas-248113/zones/europe-west2-c/instances/wordpressdatabase?alt=json returned "The resource 'projects/node2faas-248113/zones/europe-west2-c/instances/wordpressdatabase' was not found">
 with message <HttpError 404 when requesting https://www.googleapis.com/compute/v1/projects/node2faas-248113/zones/europe-west2-c/instances/wordpressdatabase?alt=json returned "The resource 'projects/node2faas-248113/zones/europe-west2-c/instances/wordpressdatabase' was not found">
2019-08-10 16:23:42.517  LOG <gcp> [vm-database_g0zbrf.delete] ERROR: Error Message 
2019-08-10 16:23:43.208  CFY <gcp> [vm-database_g0zbrf.delete] Task failed 'cloudify_gcp.compute.instance.delete'
Traceback (most recent call last):
  File "/opt/mgmtworker/env/lib/python2.7/site-packages/cloudify/dispatch.py", line 813, in main
    payload = handler.handle()
  File "/opt/mgmtworker/env/lib/python2.7/site-packages/cloudify/dispatch.py", line 461, in handle
    result = self._run_operation_func(ctx, kwargs)
  File "/opt/mgmtworker/env/lib/python2.7/site-packages/cloudify/dispatch.py", line 519, in _run_operation_func
    return self.func(*self.args, **kwargs)
  File "/opt/mgmtworker/env/plugins/default_tenant/cloudify-gcp-plugin-1.4.4/lib/python2.7/site-packages/cloudify_gcp/utils.py", line 277, in _decorator
    raise NonRecoverableError(error.message)
NonRecoverableError

2019-08-10 16:23:43.246  CFY <gcp> [vm-database_g0zbrf] Deleted node instance
2019-08-10 16:23:43.981  CFY <gcp> [subnet_zi6qnx] Stopping node instance
2019-08-10 16:23:44.074  CFY <gcp> [subnet_zi6qnx] Validating node instance after deletion: nothing to do
2019-08-10 16:23:44.164  CFY <gcp> [subnet_zi6qnx] Stopped node instance: nothing to do
2019-08-10 16:23:44.467  CFY <gcp> [subnet_zi6qnx] Unlinking relationships
2019-08-10 16:23:44.756  CFY <gcp> [subnet_zi6qnx] Relationships unlinked
2019-08-10 16:23:45.041  CFY <gcp> [subnet_zi6qnx] Deleting node instance
2019-08-10 16:23:45.243  CFY <gcp> [subnet_zi6qnx.delete] Sending task 'cloudify_gcp.compute.subnetwork.delete'
2019-08-10 16:23:47.641  LOG <gcp> [subnet_zi6qnx.delete] INFO: Delete subnetwork subnet-zi6qnx
2019-08-10 16:23:50.225  CFY <gcp> [subnet_zi6qnx.delete] Task rescheduled 'cloudify_gcp.compute.subnetwork.delete' -> Operation started
Traceback (most recent call last):
  File "/opt/mgmtworker/env/lib/python2.7/site-packages/cloudify/dispatch.py", line 813, in main
    payload = handler.handle()
  File "/opt/mgmtworker/env/lib/python2.7/site-packages/cloudify/dispatch.py", line 464, in handle
    raise ctx.operation._operation_retry
OperationRetry: Operation started

2019-08-10 16:24:05.310  CFY <gcp> [subnet_zi6qnx.delete] Sending task 'cloudify_gcp.compute.subnetwork.delete' [retry 1/60]
2019-08-10 16:24:09.599  CFY <gcp> [subnet_zi6qnx.delete] Task succeeded 'cloudify_gcp.compute.subnetwork.delete' [retry 1/60]
2019-08-10 16:24:09.661  CFY <gcp> [subnet_zi6qnx] Deleted node instance
2019-08-10 16:24:10.410  CFY <gcp> [network_2xywku] Stopping node instance
2019-08-10 16:24:10.578  CFY <gcp> [network_2xywku] Validating node instance after deletion: nothing to do
2019-08-10 16:24:10.667  CFY <gcp> [network_2xywku] Stopped node instance: nothing to do
2019-08-10 16:24:11.500  CFY <gcp> [network_2xywku] Unlinking relationships
2019-08-10 16:24:11.993  CFY <gcp> [network_2xywku] Relationships unlinked
2019-08-10 16:24:12.089  CFY <gcp> [network_2xywku] Deleting node instance
2019-08-10 16:24:12.451  CFY <gcp> [network_2xywku.delete] Sending task 'cloudify_gcp.compute.network.delete'
2019-08-10 16:24:14.555  LOG <gcp> [network_2xywku.delete] INFO: Delete network network-2xywku
2019-08-10 16:24:17.003  CFY <gcp> [network_2xywku.delete] Task rescheduled 'cloudify_gcp.compute.network.delete' -> Operation started
Traceback (most recent call last):
  File "/opt/mgmtworker/env/lib/python2.7/site-packages/cloudify/dispatch.py", line 813, in main
    payload = handler.handle()
  File "/opt/mgmtworker/env/lib/python2.7/site-packages/cloudify/dispatch.py", line 464, in handle
    raise ctx.operation._operation_retry
OperationRetry: Operation started

2019-08-10 16:24:32.073  CFY <gcp> [network_2xywku.delete] Sending task 'cloudify_gcp.compute.network.delete' [retry 1/60]
2019-08-10 16:24:36.382  CFY <gcp> [network_2xywku.delete] Task rescheduled 'cloudify_gcp.compute.network.delete' -> Operation not completed yet: RUNNING [retry_after=30] [retry 1/60]
Traceback (most recent call last):
  File "/opt/mgmtworker/env/lib/python2.7/site-packages/cloudify/dispatch.py", line 813, in main
    payload = handler.handle()
  File "/opt/mgmtworker/env/lib/python2.7/site-packages/cloudify/dispatch.py", line 464, in handle
    raise ctx.operation._operation_retry
OperationRetry: Operation not completed yet: RUNNING [retry_after=30]

2019-08-10 16:25:06.447  CFY <gcp> [network_2xywku.delete] Sending task 'cloudify_gcp.compute.network.delete' [retry 2/60]
2019-08-10 16:25:10.888  CFY <gcp> [network_2xywku.delete] Task succeeded 'cloudify_gcp.compute.network.delete' [retry 2/60]
2019-08-10 16:25:10.984  CFY <gcp> [network_2xywku] Deleted node instance
2019-08-10 16:25:11.774  CFY <gcp> 'uninstall' workflow execution succeeded
Finished executing workflow uninstall on deployment gcp
* Run 'cfy events list 188158fb-30b0-4954-8f2b-36880eacf4f8' to retrieve the execution's events/logs
Trying to delete deployment gcp...
Deployment deleted
Deleting blueprint cloudify-wordpress-blueprint-gcp...
Blueprint deleted
