Executing workflow `uninstall` on deployment `gcp` [timeout=900 seconds]
2019-08-08 15:15:04.653  CFY <gcp> Starting 'uninstall' workflow execution
2019-08-08 15:15:05.631  CFY <gcp> [config-wordpress_u868km] Validating node instance after deletion: nothing to do
2019-08-08 15:15:05.709  CFY <gcp> [firewall_bppfil] Validating node instance after deletion: nothing to do
2019-08-08 15:15:05.712  CFY <gcp> [config-wordpress_u868km->vm-app2_f7ypga|unlink] Sending task 'cloudify_ansible.tasks.ansible_remove_host'
2019-08-08 15:15:06.764  CFY <gcp> [config-database_4y2irc->vm-database_exfcks|unlink] Sending task 'cloudify_ansible.tasks.ansible_remove_host'
2019-08-08 15:15:07.831  CFY <gcp> [config-database_4y2irc] Validating node instance after deletion: nothing to do
2019-08-08 15:15:08.313  CFY <gcp> [config-database_4y2irc] Stop: instance already uninitialized
2019-08-08 15:15:08.434  CFY <gcp> [firewall_bppfil] Stop: instance already uninitialized
2019-08-08 15:15:08.575  CFY <gcp> [config-wordpress_u868km] Stop: instance already uninitialized
2019-08-08 15:15:09.506  CFY <gcp> [config-wordpress_u868km->vm-app2_f7ypga|unlink] Task succeeded 'cloudify_ansible.tasks.ansible_remove_host'
2019-08-08 15:15:09.805  CFY <gcp> [config-wordpress_u868km->vm-app1_vnujco|unlink] Sending task 'cloudify_ansible.tasks.ansible_remove_host'
2019-08-08 15:15:10.102  CFY <gcp> [config-database_4y2irc] Delete: instance already uninitialized
2019-08-08 15:15:10.911  CFY <gcp> [config-wordpress_u868km] Delete: instance already uninitialized
2019-08-08 15:15:11.122  CFY <gcp> [firewall_bppfil] Delete: instance already uninitialized
2019-08-08 15:15:11.285  CFY <gcp> [config-database_4y2irc] Deleted node instance
2019-08-08 15:15:12.242  CFY <gcp> [config-wordpress_u868km] Deleted node instance
2019-08-08 15:15:12.320  CFY <gcp> [firewall_bppfil] Deleted node instance
2019-08-08 15:15:12.595  CFY <gcp> [config-database_4y2irc->vm-database_exfcks|unlink] Task succeeded 'cloudify_ansible.tasks.ansible_remove_host'
2019-08-08 15:15:14.023  CFY <gcp> [config-wordpress_u868km->vm-app1_vnujco|unlink] Task succeeded 'cloudify_ansible.tasks.ansible_remove_host'
2019-08-08 15:15:14.349  CFY <gcp> [vm-app1_vnujco] Validating node instance after deletion: nothing to do
2019-08-08 15:15:14.533  CFY <gcp> [vm-app2_f7ypga] Validating node instance after deletion: nothing to do
2019-08-08 15:15:15.146  CFY <gcp> [vm-app2_f7ypga] Stop: instance already uninitialized
2019-08-08 15:15:15.196  CFY <gcp> [vm-app1_vnujco] Stop: instance already uninitialized
2019-08-08 15:15:15.558  CFY <gcp> [vm-app2_f7ypga] Delete: instance already uninitialized
2019-08-08 15:15:15.799  CFY <gcp> [vm-app1_vnujco] Delete: instance already uninitialized
2019-08-08 15:15:15.862  CFY <gcp> [vm-app2_f7ypga] Deleted node instance
2019-08-08 15:15:16.036  CFY <gcp> [vm-app1_vnujco] Deleted node instance
2019-08-08 15:15:16.586  CFY <gcp> [vm-database_exfcks] Validating node instance after deletion: nothing to do
2019-08-08 15:15:16.674  CFY <gcp> [vm-database_exfcks] Stop: instance already uninitialized
2019-08-08 15:15:17.088  CFY <gcp> [vm-database_exfcks] Delete: instance already uninitialized
2019-08-08 15:15:17.177  CFY <gcp> [vm-database_exfcks] Deleted node instance
2019-08-08 15:15:17.757  CFY <gcp> [subnet_2tx8wl] Validating node instance after deletion: nothing to do
2019-08-08 15:15:17.870  CFY <gcp> [subnet_2tx8wl] Stop: instance already uninitialized
2019-08-08 15:15:18.370  CFY <gcp> [subnet_2tx8wl] Delete: instance already uninitialized
2019-08-08 15:15:18.467  CFY <gcp> [subnet_2tx8wl] Deleted node instance
2019-08-08 15:15:19.262  CFY <gcp> [network_45rfnl] Stopping node instance
2019-08-08 15:15:19.350  CFY <gcp> [network_45rfnl] Validating node instance after deletion: nothing to do
2019-08-08 15:15:19.466  CFY <gcp> [network_45rfnl] Stopped node instance: nothing to do
2019-08-08 15:15:19.771  CFY <gcp> [network_45rfnl] Unlinking relationships
2019-08-08 15:15:20.069  CFY <gcp> [network_45rfnl] Relationships unlinked
2019-08-08 15:15:20.609  CFY <gcp> [network_45rfnl] Deleting node instance
2019-08-08 15:15:20.888  CFY <gcp> [network_45rfnl.delete] Sending task 'cloudify_gcp.compute.network.delete'
2019-08-08 15:15:23.900  LOG <gcp> [network_45rfnl.delete] INFO: Delete network network-45rfnl
2019-08-08 15:15:25.823  LOG <gcp> [network_45rfnl.delete] ERROR: Error traceback Traceback (most recent call last):
  File "/opt/mgmtworker/env/plugins/default_tenant/cloudify-gcp-plugin-1.4.4/lib/python2.7/site-packages/cloudify_gcp/utils.py", line 262, in _decorator
    return func(*args, **kwargs)
  File "/opt/mgmtworker/env/plugins/default_tenant/cloudify-gcp-plugin-1.4.4/lib/python2.7/site-packages/cloudify_gcp/compute/network.py", line 215, in delete
    utils.delete_if_not_external(network)
  File "/opt/mgmtworker/env/plugins/default_tenant/cloudify-gcp-plugin-1.4.4/lib/python2.7/site-packages/cloudify_gcp/utils.py", line 175, in delete_if_not_external
    return resource.delete()
  File "/opt/mgmtworker/env/plugins/default_tenant/cloudify-gcp-plugin-1.4.4/lib/python2.7/site-packages/cloudify_gcp/utils.py", line 233, in wrapper
    response = func(self, *args, **kwargs)
  File "/opt/mgmtworker/env/plugins/default_tenant/cloudify-gcp-plugin-1.4.4/lib/python2.7/site-packages/cloudify_gcp/gcp.py", line 34, in _decorator
    response = func(self, *args, **kwargs)
  File "/opt/mgmtworker/env/plugins/default_tenant/cloudify-gcp-plugin-1.4.4/lib/python2.7/site-packages/cloudify_gcp/compute/network.py", line 80, in delete
    network=self.name).execute()
  File "/opt/mgmtworker/env/plugins/default_tenant/cloudify-gcp-plugin-1.4.4/lib/python2.7/site-packages/oauth2client/util.py", line 137, in positional_wrapper
    return wrapped(*args, **kwargs)
  File "/opt/mgmtworker/env/plugins/default_tenant/cloudify-gcp-plugin-1.4.4/lib/python2.7/site-packages/googleapiclient/http.py", line 827, in execute
    method=str(self.method), body=self.body, headers=self.headers)
  File "/opt/mgmtworker/env/plugins/default_tenant/cloudify-gcp-plugin-1.4.4/lib/python2.7/site-packages/googleapiclient/http.py", line 154, in _retry_request
    resp, content = http.request(uri, method, *args, **kwargs)
  File "/opt/mgmtworker/env/plugins/default_tenant/cloudify-gcp-plugin-1.4.4/lib/python2.7/site-packages/oauth2client/transport.py", line 153, in new_request
    credentials._refresh(orig_request_method)
  File "/opt/mgmtworker/env/plugins/default_tenant/cloudify-gcp-plugin-1.4.4/lib/python2.7/site-packages/oauth2client/client.py", line 765, in _refresh
    self._do_refresh_request(http_request)
  File "/opt/mgmtworker/env/plugins/default_tenant/cloudify-gcp-plugin-1.4.4/lib/python2.7/site-packages/oauth2client/client.py", line 834, in _do_refresh_request
    raise HttpAccessTokenRefreshError(error_msg, status=resp.status)
HttpAccessTokenRefreshError: invalid_grant: Invalid JWT: Token must be a short-lived token (60 minutes) and in a reasonable timeframe. Check your iat and exp values and use a clock with skew to account for clock differences between systems.
 with message invalid_grant: Invalid JWT: Token must be a short-lived token (60 minutes) and in a reasonable timeframe. Check your iat and exp values and use a clock with skew to account for clock differences between systems.
2019-08-08 15:15:25.823  LOG <gcp> [network_45rfnl.delete] ERROR: Error Message invalid_grant: Invalid JWT: Token must be a short-lived token (60 minutes) and in a reasonable timeframe. Check your iat and exp values and use a clock with skew to account for clock differences between systems.
2019-08-08 15:15:26.591  CFY <gcp> [network_45rfnl.delete] Task failed 'cloudify_gcp.compute.network.delete' -> invalid_grant: Invalid JWT: Token must be a short-lived token (60 minutes) and in a reasonable timeframe. Check your iat and exp values and use a clock with skew to account for clock differences between systems.
Traceback (most recent call last):
  File "/opt/mgmtworker/env/lib/python2.7/site-packages/cloudify/dispatch.py", line 813, in main
    payload = handler.handle()
  File "/opt/mgmtworker/env/lib/python2.7/site-packages/cloudify/dispatch.py", line 461, in handle
    result = self._run_operation_func(ctx, kwargs)
  File "/opt/mgmtworker/env/lib/python2.7/site-packages/cloudify/dispatch.py", line 519, in _run_operation_func
    return self.func(*self.args, **kwargs)
  File "/opt/mgmtworker/env/plugins/default_tenant/cloudify-gcp-plugin-1.4.4/lib/python2.7/site-packages/cloudify_gcp/utils.py", line 277, in _decorator
    raise NonRecoverableError(error.message)
NonRecoverableError: invalid_grant: Invalid JWT: Token must be a short-lived token (60 minutes) and in a reasonable timeframe. Check your iat and exp values and use a clock with skew to account for clock differences between systems.

2019-08-08 15:15:26.592  CFY <gcp> [network_45rfnl] Deleted node instance
2019-08-08 15:15:27.150  CFY <gcp> 'uninstall' workflow execution succeeded
Finished executing workflow uninstall on deployment gcp
* Run 'cfy events list fd778454-aa29-43c5-b6b5-306f4bb89c06' to retrieve the execution's events/logs
Trying to delete deployment gcp...
Deployment deleted
Deleting blueprint cloudify-wordpress-blueprint-gcp...
Blueprint deleted
