Executing workflow `uninstall` on deployment `gcp` [timeout=900 seconds]
2019-08-09 04:35:07.902  CFY <gcp> Starting 'uninstall' workflow execution
2019-08-09 04:35:08.792  CFY <gcp> [config-database_ttvscl->vm-database_nhkmxc|unlink] Sending task 'cloudify_ansible.tasks.ansible_remove_host'
2019-08-09 04:35:09.627  CFY <gcp> [config-wordpress_471kg1] Validating node instance after deletion: nothing to do
2019-08-09 04:35:09.895  CFY <gcp> [firewall_pchnna] Validating node instance after deletion: nothing to do
2019-08-09 04:35:10.114  CFY <gcp> [config-wordpress_471kg1->vm-app2_l47dgu|unlink] Sending task 'cloudify_ansible.tasks.ansible_remove_host'
2019-08-09 04:35:11.157  CFY <gcp> [config-database_ttvscl] Validating node instance after deletion: nothing to do
2019-08-09 04:35:11.679  CFY <gcp> [firewall_pchnna] Stop: instance already uninitialized
2019-08-09 04:35:11.868  CFY <gcp> [config-database_ttvscl] Stop: instance already uninitialized
2019-08-09 04:35:11.958  CFY <gcp> [config-wordpress_471kg1] Stop: instance already uninitialized
2019-08-09 04:35:13.098  CFY <gcp> Task failed '_SetNodeInstanceStateTask' -> 409: Node instance update conflict [current version=2, update version=1]
Traceback (most recent call last):
  File "/opt/mgmtworker/env/lib/python2.7/site-packages/cloudify/workflows/tasks.py", line 709, in local_task_wrapper
    result = self.local_task(**self.kwargs)
  File "/opt/mgmtworker/env/lib/python2.7/site-packages/cloudify/workflows/tasks.py", line 1019, in __call__
    return self.remote()
  File "/opt/mgmtworker/env/lib/python2.7/site-packages/cloudify/workflows/tasks.py", line 1055, in remote
    update_node_instance(node_instance)
  File "/opt/mgmtworker/env/lib/python2.7/site-packages/cloudify/manager.py", line 389, in update_node_instance
    version=node_instance.version)
  File "/opt/mgmtworker/env/lib/python2.7/site-packages/cloudify_rest_client/node_instances.py", line 141, in update
    response = self.api.patch(uri, data=data)
  File "/opt/mgmtworker/env/lib/python2.7/site-packages/cloudify_rest_client/client.py", line 311, in patch
    timeout=timeout)
  File "/opt/mgmtworker/env/lib/python2.7/site-packages/cloudify/cluster.py", line 57, in do_request
    **kwargs)
  File "/opt/mgmtworker/env/lib/python2.7/site-packages/cloudify_rest_client/client.py", line 257, in do_request
    verify=self.get_request_verify(), timeout=timeout)
  File "/opt/mgmtworker/env/lib/python2.7/site-packages/cloudify_rest_client/client.py", line 191, in _do_request
    self._raise_client_error(response, request_url)
  File "/opt/mgmtworker/env/lib/python2.7/site-packages/cloudify_rest_client/client.py", line 144, in _raise_client_error
    response=response)
  File "/opt/mgmtworker/env/lib/python2.7/site-packages/cloudify_rest_client/client.py", line 156, in _prepare_and_raise_exception
    status_code, error_code=error_code, response=response)
CloudifyClientError: 409: Node instance update conflict [current version=2, update version=1]

2019-08-09 04:35:13.296  CFY <gcp> [firewall_pchnna] Delete: instance already uninitialized
2019-08-09 04:35:13.369  CFY <gcp> [config-database_ttvscl] Delete: instance already uninitialized
2019-08-09 04:35:13.515  CFY <gcp> [config-wordpress_471kg1] Delete: instance already uninitialized
2019-08-09 04:35:13.686  CFY <gcp> [config-database_ttvscl->vm-database_nhkmxc|unlink] Task succeeded 'cloudify_ansible.tasks.ansible_remove_host'
2019-08-09 04:35:14.576  CFY <gcp> [firewall_pchnna] Deleted node instance
2019-08-09 04:35:15.479  CFY <gcp> [config-database_ttvscl] Deleted node instance
2019-08-09 04:35:15.547  CFY <gcp> [config-wordpress_471kg1] Deleted node instance
2019-08-09 04:35:16.129  CFY <gcp> [config-wordpress_471kg1->vm-app2_l47dgu|unlink] Task succeeded 'cloudify_ansible.tasks.ansible_remove_host'
2019-08-09 04:35:16.273  CFY <gcp> [config-wordpress_471kg1->vm-app1_g2662w|unlink] Sending task 'cloudify_ansible.tasks.ansible_remove_host'
2019-08-09 04:35:18.711  CFY <gcp> [config-wordpress_471kg1->vm-app1_g2662w|unlink] Task succeeded 'cloudify_ansible.tasks.ansible_remove_host'
2019-08-09 04:35:19.031  CFY <gcp> [vm-app2_l47dgu] Validating node instance after deletion: nothing to do
2019-08-09 04:35:19.271  CFY <gcp> [vm-app1_g2662w] Validating node instance after deletion: nothing to do
2019-08-09 04:35:19.347  CFY <gcp> [vm-app2_l47dgu] Stop: instance already uninitialized
2019-08-09 04:35:19.437  CFY <gcp> [vm-app1_g2662w] Stop: instance already uninitialized
2019-08-09 04:35:19.904  CFY <gcp> [vm-app1_g2662w] Delete: instance already uninitialized
2019-08-09 04:35:19.967  CFY <gcp> [vm-app2_l47dgu] Delete: instance already uninitialized
2019-08-09 04:35:20.248  CFY <gcp> [vm-app2_l47dgu] Deleted node instance
2019-08-09 04:35:20.477  CFY <gcp> [vm-app1_g2662w] Deleted node instance
2019-08-09 04:35:20.900  CFY <gcp> [vm-database_nhkmxc] Validating node instance after deletion: nothing to do
2019-08-09 04:35:20.971  CFY <gcp> [vm-database_nhkmxc] Stop: instance already uninitialized
2019-08-09 04:35:21.300  CFY <gcp> [vm-database_nhkmxc] Delete: instance already uninitialized
2019-08-09 04:35:21.730  CFY <gcp> [vm-database_nhkmxc] Deleted node instance
2019-08-09 04:35:22.012  CFY <gcp> [subnet_y1na23] Validating node instance after deletion: nothing to do
2019-08-09 04:35:22.220  CFY <gcp> [subnet_y1na23] Stop: instance already uninitialized
2019-08-09 04:35:22.529  CFY <gcp> [subnet_y1na23] Delete: instance already uninitialized
2019-08-09 04:35:22.812  CFY <gcp> [subnet_y1na23] Deleted node instance
2019-08-09 04:35:23.323  CFY <gcp> [network_fo6ebe] Stopping node instance
2019-08-09 04:35:23.500  CFY <gcp> [network_fo6ebe] Validating node instance after deletion: nothing to do
2019-08-09 04:35:23.694  CFY <gcp> [network_fo6ebe] Stopped node instance: nothing to do
2019-08-09 04:35:24.298  CFY <gcp> [network_fo6ebe] Unlinking relationships
2019-08-09 04:35:24.575  CFY <gcp> [network_fo6ebe] Relationships unlinked
2019-08-09 04:35:24.775  CFY <gcp> [network_fo6ebe] Deleting node instance
2019-08-09 04:35:25.223  CFY <gcp> [network_fo6ebe.delete] Sending task 'cloudify_gcp.compute.network.delete'
2019-08-09 04:35:27.094  LOG <gcp> [network_fo6ebe.delete] INFO: Delete network network-fo6ebe
2019-08-09 04:35:28.922  LOG <gcp> [network_fo6ebe.delete] ERROR: Error traceback Traceback (most recent call last):
  File "/opt/mgmtworker/env/plugins/default_tenant/cloudify-gcp-plugin-1.4.4/lib/python2.7/site-packages/cloudify_gcp/utils.py", line 262, in _decorator
    return func(*args, **kwargs)
  File "/opt/mgmtworker/env/plugins/default_tenant/cloudify-gcp-plugin-1.4.4/lib/python2.7/site-packages/cloudify_gcp/compute/network.py", line 215, in delete
    utils.delete_if_not_external(network)
  File "/opt/mgmtworker/env/plugins/default_tenant/cloudify-gcp-plugin-1.4.4/lib/python2.7/site-packages/cloudify_gcp/utils.py", line 175, in delete_if_not_external
    return resource.delete()
  File "/opt/mgmtworker/env/plugins/default_tenant/cloudify-gcp-plugin-1.4.4/lib/python2.7/site-packages/cloudify_gcp/utils.py", line 233, in wrapper
    response = func(self, *args, **kwargs)
  File "/opt/mgmtworker/env/plugins/default_tenant/cloudify-gcp-plugin-1.4.4/lib/python2.7/site-packages/cloudify_gcp/gcp.py", line 34, in _decorator
    response = func(self, *args, **kwargs)
  File "/opt/mgmtworker/env/plugins/default_tenant/cloudify-gcp-plugin-1.4.4/lib/python2.7/site-packages/cloudify_gcp/compute/network.py", line 80, in delete
    network=self.name).execute()
  File "/opt/mgmtworker/env/plugins/default_tenant/cloudify-gcp-plugin-1.4.4/lib/python2.7/site-packages/oauth2client/util.py", line 137, in positional_wrapper
    return wrapped(*args, **kwargs)
  File "/opt/mgmtworker/env/plugins/default_tenant/cloudify-gcp-plugin-1.4.4/lib/python2.7/site-packages/googleapiclient/http.py", line 832, in execute
    raise HttpError(resp, content, uri=self.uri)
HttpError: <HttpError 404 when requesting https://www.googleapis.com/compute/v1/projects/node2faas-248113/global/networks/network-fo6ebe?alt=json returned "The resource 'projects/node2faas-248113/global/networks/network-fo6ebe' was not found">
 with message <HttpError 404 when requesting https://www.googleapis.com/compute/v1/projects/node2faas-248113/global/networks/network-fo6ebe?alt=json returned "The resource 'projects/node2faas-248113/global/networks/network-fo6ebe' was not found">
2019-08-09 04:35:28.922  LOG <gcp> [network_fo6ebe.delete] ERROR: Error Message 
2019-08-09 04:35:29.453  CFY <gcp> [network_fo6ebe.delete] Task failed 'cloudify_gcp.compute.network.delete'
Traceback (most recent call last):
  File "/opt/mgmtworker/env/lib/python2.7/site-packages/cloudify/dispatch.py", line 813, in main
    payload = handler.handle()
  File "/opt/mgmtworker/env/lib/python2.7/site-packages/cloudify/dispatch.py", line 461, in handle
    result = self._run_operation_func(ctx, kwargs)
  File "/opt/mgmtworker/env/lib/python2.7/site-packages/cloudify/dispatch.py", line 519, in _run_operation_func
    return self.func(*self.args, **kwargs)
  File "/opt/mgmtworker/env/plugins/default_tenant/cloudify-gcp-plugin-1.4.4/lib/python2.7/site-packages/cloudify_gcp/utils.py", line 277, in _decorator
    raise NonRecoverableError(error.message)
NonRecoverableError

2019-08-09 04:35:29.457  CFY <gcp> [network_fo6ebe] Deleted node instance
2019-08-09 04:35:30.141  CFY <gcp> 'uninstall' workflow execution succeeded
Finished executing workflow uninstall on deployment gcp
* Run 'cfy events list 52311a8f-ecbd-4c55-b359-7ebd542f0f8a' to retrieve the execution's events/logs
Trying to delete deployment gcp...
Deployment deleted
Deleting blueprint cloudify-wordpress-blueprint-gcp...
Blueprint deleted
