[0m[1mdata.template_file.config_database: Refreshing state...[0m
[0m[1mdata.aws_ami.ubuntu: Refreshing state...[0m
[0m[1maws_key_pair.wordpress: Creating...[0m[0m
[0m[1maws_vpc.default: Creating...[0m[0m
[0m[1maws_vpc.default: Still creating... [10s elapsed][0m[0m
[0m[1maws_vpc.default: Creation complete after 11s [id=vpc-05194ae9f1b1ae513][0m[0m
[0m[1maws_subnet.default: Creating...[0m[0m
[0m[1maws_internet_gateway.internet_gateway: Creating...[0m[0m
[0m[1maws_security_group.wordpress-security-group: Creating...[0m[0m
[0m[1maws_subnet.default: Creation complete after 4s [id=subnet-063a782fbfbca6f76][0m[0m
[0m[1maws_internet_gateway.internet_gateway: Creation complete after 6s [id=igw-0366830d712698c8e][0m[0m
[0m[1maws_route_table.internet_route: Creating...[0m[0m
[0m[1maws_security_group.wordpress-security-group: Creation complete after 7s [id=sg-002de3bcc0b12ff41][0m[0m
[0m[1maws_network_interface.wordpress-database-network_interface: Creating...[0m[0m
[0m[1maws_network_interface.wordpress-1-network_interface: Creating...[0m[0m
[0m[1maws_network_interface.wordpress-2-network_interface: Creating...[0m[0m
[0m[1maws_route_table.internet_route: Creation complete after 4s [id=rtb-02315c82a7efd7df9][0m[0m
[0m[1maws_network_interface.wordpress-database-network_interface: Creation complete after 5s [id=eni-0403f432b8f31b054][0m[0m
[0m[1maws_network_interface.wordpress-2-network_interface: Creation complete after 5s [id=eni-08e774194e0796003][0m[0m
[0m[1maws_eip.public-ip-database: Creating...[0m[0m
[0m[1maws_eip.public-ip-app2: Creating...[0m[0m
[0m[1maws_network_interface.wordpress-1-network_interface: Creation complete after 5s [id=eni-01a1c0e10deead1d7][0m[0m
[0m[1maws_eip.public-ip-app1: Creating...[0m[0m
[0m[1maws_eip.public-ip-database: Creation complete after 5s [id=eipalloc-0932b4973e24b1232][0m[0m
[0m[1mdata.template_file.config: Refreshing state...[0m
[0m[1maws_instance.wordpress-database: Creating...[0m[0m
[0m[1maws_eip.public-ip-app2: Creation complete after 5s [id=eipalloc-0658988e210a7d25a][0m[0m
[0m[1maws_instance.wordpress-app2: Creating...[0m[0m
[0m[1maws_instance.wordpress-database: Still creating... [10s elapsed][0m[0m
[0m[1maws_instance.wordpress-app2: Still creating... [10s elapsed][0m[0m
[0m[1maws_instance.wordpress-database: Still creating... [20s elapsed][0m[0m
[0m[1maws_instance.wordpress-app2: Still creating... [20s elapsed][0m[0m
[0m[1maws_instance.wordpress-database: Still creating... [30s elapsed][0m[0m
[0m[1maws_instance.wordpress-app2: Still creating... [30s elapsed][0m[0m
[0m[1maws_instance.wordpress-database: Still creating... [40s elapsed][0m[0m
[0m[1maws_instance.wordpress-app2: Still creating... [40s elapsed][0m[0m
[0m[1maws_instance.wordpress-app2: Provisioning with 'file'...[0m[0m
[0m[1maws_instance.wordpress-database: Provisioning with 'file'...[0m[0m
[0m[1maws_instance.wordpress-database: Still creating... [50s elapsed][0m[0m
[0m[1maws_instance.wordpress-app2: Still creating... [50s elapsed][0m[0m
Interrupt received.
Please wait for Terraform to exit or data loss may occur.
Gracefully shutting down...
Stopping operation...
[0m[0m
[0m[0m
