[0m[1mdata.template_file.config_database: Refreshing state...[0m
[0m[1mdata.aws_ami.ubuntu: Refreshing state...[0m
[0m[1maws_vpc.default: Creating...[0m[0m
[0m[1maws_key_pair.wordpress: Creating...[0m[0m
[0m[1maws_key_pair.wordpress: Creation complete after 0s [id=wordpress][0m[0m
[0m[1maws_vpc.default: Creation complete after 3s [id=vpc-0879166b43da8e6c5][0m[0m
[0m[1maws_subnet.default: Creating...[0m[0m
[0m[1maws_security_group.wordpress-security-group: Creating...[0m[0m
[0m[1maws_internet_gateway.internet_gateway: Creating...[0m[0m
[0m[1maws_internet_gateway.internet_gateway: Creation complete after 2s [id=igw-0f1b4cea81f1ea777][0m[0m
[0m[1maws_route_table.internet_route: Creating...[0m[0m
[0m[1maws_security_group.wordpress-security-group: Creation complete after 3s [id=sg-0ec3d381bfb531842][0m[0m
[0m[1maws_route_table.internet_route: Creation complete after 2s [id=rtb-0a07453c2608aad6b][0m[0m
[0m[1maws_main_route_table_association.a: Creating...[0m[0m
[0m[1maws_main_route_table_association.a: Creation complete after 1s [id=rtbassoc-035c3838740fc69e9][0m[0m
[31m
[1m[31mError: [0m[0m[1mError creating subnet: InvalidParameterValue: Value (sa-east-1b) for parameter availabilityZone is invalid. Subnets can currently only be created in the following availability zones: sa-east-1a, sa-east-1c.
	status code: 400, request id: c4d80ef5-019e-4a4d-9d63-556d71c3b86d[0m

[0m  on wordpress.tf line 92, in resource "aws_subnet" "default":
  92: resource "aws_subnet" "default" [4m{[0m
[0m
[0m[0m
