[0m[1mrandom_id.bp_suffix: Refreshing state... [id=hehfvA][0m
[0m[1mdata.template_file.config_database: Refreshing state...[0m
[0m[1mazurerm_resource_group.main: Refreshing state... [id=/subscriptions/9cf8b4c4-cd80-43a7-bab0-9a6bf01d3b25/resourceGroups/wordpress-85e85fbc][0m
[0m[1mazurerm_public_ip.static-ip-database: Refreshing state... [id=/subscriptions/9cf8b4c4-cd80-43a7-bab0-9a6bf01d3b25/resourceGroups/wordpress-85e85fbc/providers/Microsoft.Network/publicIPAddresses/wordpress-static-ipdatabase-85e85fbc][0m
[0m[1mazurerm_virtual_network.main: Refreshing state... [id=/subscriptions/9cf8b4c4-cd80-43a7-bab0-9a6bf01d3b25/resourceGroups/wordpress-85e85fbc/providers/Microsoft.Network/virtualNetworks/wordpress-network-85e85fbc][0m
[0m[1mazurerm_public_ip.static-ip1: Refreshing state... [id=/subscriptions/9cf8b4c4-cd80-43a7-bab0-9a6bf01d3b25/resourceGroups/wordpress-85e85fbc/providers/Microsoft.Network/publicIPAddresses/wordpress-static-ip1-85e85fbc][0m
[0m[1mazurerm_public_ip.static-ip2: Refreshing state... [id=/subscriptions/9cf8b4c4-cd80-43a7-bab0-9a6bf01d3b25/resourceGroups/wordpress-85e85fbc/providers/Microsoft.Network/publicIPAddresses/wordpress-static-ip2-85e85fbc][0m
[0m[1mazurerm_availability_set.wordpress-availability: Refreshing state... [id=/subscriptions/9cf8b4c4-cd80-43a7-bab0-9a6bf01d3b25/resourceGroups/wordpress-85e85fbc/providers/Microsoft.Compute/availabilitySets/wordpress-availability-85e85fbc][0m
[0m[1mazurerm_subnet.internal: Refreshing state... [id=/subscriptions/9cf8b4c4-cd80-43a7-bab0-9a6bf01d3b25/resourceGroups/wordpress-85e85fbc/providers/Microsoft.Network/virtualNetworks/wordpress-network-85e85fbc/subnets/wordpress-subnet-85e85fbc][0m
[0m[1mdata.template_file.config: Refreshing state...[0m
[0m[1mazurerm_network_interface.app2: Refreshing state... [id=/subscriptions/9cf8b4c4-cd80-43a7-bab0-9a6bf01d3b25/resourceGroups/wordpress-85e85fbc/providers/Microsoft.Network/networkInterfaces/wordpress-app2-nic-85e85fbc][0m
[0m[1mazurerm_network_interface.app1: Refreshing state... [id=/subscriptions/9cf8b4c4-cd80-43a7-bab0-9a6bf01d3b25/resourceGroups/wordpress-85e85fbc/providers/Microsoft.Network/networkInterfaces/wordpress-app1-nic-85e85fbc][0m
[0m[1mazurerm_network_interface.database: Refreshing state... [id=/subscriptions/9cf8b4c4-cd80-43a7-bab0-9a6bf01d3b25/resourceGroups/wordpress-85e85fbc/providers/Microsoft.Network/networkInterfaces/wordpress-database-nic-85e85fbc][0m
[0m[1mazurerm_virtual_machine.wordpress-app1: Refreshing state... [id=/subscriptions/9cf8b4c4-cd80-43a7-bab0-9a6bf01d3b25/resourceGroups/wordpress-85e85fbc/providers/Microsoft.Compute/virtualMachines/wordpress-app1-85e85fbc][0m
[0m[1mazurerm_virtual_machine.wordpress-app2: Refreshing state... [id=/subscriptions/9cf8b4c4-cd80-43a7-bab0-9a6bf01d3b25/resourceGroups/wordpress-85e85fbc/providers/Microsoft.Compute/virtualMachines/wordpress-app2-85e85fbc][0m
[0m[1mazurerm_virtual_machine.wordpress-database: Refreshing state... [id=/subscriptions/9cf8b4c4-cd80-43a7-bab0-9a6bf01d3b25/resourceGroups/wordpress-85e85fbc/providers/Microsoft.Compute/virtualMachines/wordpress-database-85e85fbc][0m
[0m[1mazurerm_virtual_machine_extension.config-app1: Refreshing state... [id=/subscriptions/9cf8b4c4-cd80-43a7-bab0-9a6bf01d3b25/resourceGroups/wordpress-85e85fbc/providers/Microsoft.Compute/virtualMachines/wordpress-app1-85e85fbc/extensions/wordpress-app1-config-85e85fbc][0m
[0m[1mazurerm_virtual_machine_extension.config-app2: Refreshing state... [id=/subscriptions/9cf8b4c4-cd80-43a7-bab0-9a6bf01d3b25/resourceGroups/wordpress-85e85fbc/providers/Microsoft.Compute/virtualMachines/wordpress-app2-85e85fbc/extensions/wordpress-app2-config-85e85fbc][0m
[0m[1mazurerm_virtual_machine_extension.config-database: Refreshing state... [id=/subscriptions/9cf8b4c4-cd80-43a7-bab0-9a6bf01d3b25/resourceGroups/wordpress-85e85fbc/providers/Microsoft.Compute/virtualMachines/wordpress-database-85e85fbc/extensions/wordpress-database-config-85e85fbc][0m
[0m[1mazurerm_virtual_machine_extension.config-database: Destroying... [id=/subscriptions/9cf8b4c4-cd80-43a7-bab0-9a6bf01d3b25/resourceGroups/wordpress-85e85fbc/providers/Microsoft.Compute/virtualMachines/wordpress-database-85e85fbc/extensions/wordpress-database-config-85e85fbc][0m[0m
[0m[1mazurerm_virtual_machine_extension.config-app2: Destroying... [id=/subscriptions/9cf8b4c4-cd80-43a7-bab0-9a6bf01d3b25/resourceGroups/wordpress-85e85fbc/providers/Microsoft.Compute/virtualMachines/wordpress-app2-85e85fbc/extensions/wordpress-app2-config-85e85fbc][0m[0m
[0m[1mazurerm_virtual_machine_extension.config-app1: Destroying... [id=/subscriptions/9cf8b4c4-cd80-43a7-bab0-9a6bf01d3b25/resourceGroups/wordpress-85e85fbc/providers/Microsoft.Compute/virtualMachines/wordpress-app1-85e85fbc/extensions/wordpress-app1-config-85e85fbc][0m[0m
[0m[1mazurerm_virtual_machine_extension.config-app2: Still destroying... [id=/subscriptions/9cf8b4c4-cd80-43a7-bab0-...ensions/wordpress-app2-config-85e85fbc, 10s elapsed][0m[0m
[0m[1mazurerm_virtual_machine_extension.config-database: Still destroying... [id=/subscriptions/9cf8b4c4-cd80-43a7-bab0-...ons/wordpress-database-config-85e85fbc, 10s elapsed][0m[0m
[0m[1mazurerm_virtual_machine_extension.config-app1: Still destroying... [id=/subscriptions/9cf8b4c4-cd80-43a7-bab0-...ensions/wordpress-app1-config-85e85fbc, 10s elapsed][0m[0m
[0m[1mazurerm_virtual_machine_extension.config-app1: Still destroying... [id=/subscriptions/9cf8b4c4-cd80-43a7-bab0-...ensions/wordpress-app1-config-85e85fbc, 20s elapsed][0m[0m
[0m[1mazurerm_virtual_machine_extension.config-app2: Still destroying... [id=/subscriptions/9cf8b4c4-cd80-43a7-bab0-...ensions/wordpress-app2-config-85e85fbc, 20s elapsed][0m[0m
[0m[1mazurerm_virtual_machine_extension.config-database: Still destroying... [id=/subscriptions/9cf8b4c4-cd80-43a7-bab0-...ons/wordpress-database-config-85e85fbc, 20s elapsed][0m[0m
[0m[1mazurerm_virtual_machine_extension.config-database: Still destroying... [id=/subscriptions/9cf8b4c4-cd80-43a7-bab0-...ons/wordpress-database-config-85e85fbc, 30s elapsed][0m[0m
[0m[1mazurerm_virtual_machine_extension.config-app1: Still destroying... [id=/subscriptions/9cf8b4c4-cd80-43a7-bab0-...ensions/wordpress-app1-config-85e85fbc, 30s elapsed][0m[0m
[0m[1mazurerm_virtual_machine_extension.config-app2: Still destroying... [id=/subscriptions/9cf8b4c4-cd80-43a7-bab0-...ensions/wordpress-app2-config-85e85fbc, 30s elapsed][0m[0m
[0m[1mazurerm_virtual_machine_extension.config-app2: Still destroying... [id=/subscriptions/9cf8b4c4-cd80-43a7-bab0-...ensions/wordpress-app2-config-85e85fbc, 40s elapsed][0m[0m
[0m[1mazurerm_virtual_machine_extension.config-database: Still destroying... [id=/subscriptions/9cf8b4c4-cd80-43a7-bab0-...ons/wordpress-database-config-85e85fbc, 40s elapsed][0m[0m
[0m[1mazurerm_virtual_machine_extension.config-app1: Still destroying... [id=/subscriptions/9cf8b4c4-cd80-43a7-bab0-...ensions/wordpress-app1-config-85e85fbc, 40s elapsed][0m[0m
[0m[1mazurerm_virtual_machine_extension.config-app1: Still destroying... [id=/subscriptions/9cf8b4c4-cd80-43a7-bab0-...ensions/wordpress-app1-config-85e85fbc, 50s elapsed][0m[0m
[0m[1mazurerm_virtual_machine_extension.config-app2: Still destroying... [id=/subscriptions/9cf8b4c4-cd80-43a7-bab0-...ensions/wordpress-app2-config-85e85fbc, 50s elapsed][0m[0m
[0m[1mazurerm_virtual_machine_extension.config-database: Still destroying... [id=/subscriptions/9cf8b4c4-cd80-43a7-bab0-...ons/wordpress-database-config-85e85fbc, 50s elapsed][0m[0m
[0m[1mazurerm_virtual_machine_extension.config-database: Still destroying... [id=/subscriptions/9cf8b4c4-cd80-43a7-bab0-...ons/wordpress-database-config-85e85fbc, 1m0s elapsed][0m[0m
[0m[1mazurerm_virtual_machine_extension.config-app1: Still destroying... [id=/subscriptions/9cf8b4c4-cd80-43a7-bab0-...ensions/wordpress-app1-config-85e85fbc, 1m0s elapsed][0m[0m
[0m[1mazurerm_virtual_machine_extension.config-app2: Still destroying... [id=/subscriptions/9cf8b4c4-cd80-43a7-bab0-...ensions/wordpress-app2-config-85e85fbc, 1m0s elapsed][0m[0m
[0m[1mazurerm_virtual_machine_extension.config-database: Destruction complete after 1m3s[0m[0m
[0m[1mazurerm_virtual_machine.wordpress-database: Destroying... [id=/subscriptions/9cf8b4c4-cd80-43a7-bab0-9a6bf01d3b25/resourceGroups/wordpress-85e85fbc/providers/Microsoft.Compute/virtualMachines/wordpress-database-85e85fbc][0m[0m
[0m[1mazurerm_virtual_machine_extension.config-app2: Destruction complete after 1m3s[0m[0m
[0m[1mazurerm_virtual_machine.wordpress-app2: Destroying... [id=/subscriptions/9cf8b4c4-cd80-43a7-bab0-9a6bf01d3b25/resourceGroups/wordpress-85e85fbc/providers/Microsoft.Compute/virtualMachines/wordpress-app2-85e85fbc][0m[0m
[0m[1mazurerm_virtual_machine_extension.config-app1: Destruction complete after 1m4s[0m[0m
[0m[1mazurerm_virtual_machine.wordpress-app1: Destroying... [id=/subscriptions/9cf8b4c4-cd80-43a7-bab0-9a6bf01d3b25/resourceGroups/wordpress-85e85fbc/providers/Microsoft.Compute/virtualMachines/wordpress-app1-85e85fbc][0m[0m
[0m[1mazurerm_virtual_machine.wordpress-database: Still destroying... [id=/subscriptions/9cf8b4c4-cd80-43a7-bab0-...alMachines/wordpress-database-85e85fbc, 10s elapsed][0m[0m
[0m[1mazurerm_virtual_machine.wordpress-app2: Still destroying... [id=/subscriptions/9cf8b4c4-cd80-43a7-bab0-...irtualMachines/wordpress-app2-85e85fbc, 10s elapsed][0m[0m
[0m[1mazurerm_virtual_machine.wordpress-app1: Still destroying... [id=/subscriptions/9cf8b4c4-cd80-43a7-bab0-...irtualMachines/wordpress-app1-85e85fbc, 10s elapsed][0m[0m
[0m[1mazurerm_virtual_machine.wordpress-database: Still destroying... [id=/subscriptions/9cf8b4c4-cd80-43a7-bab0-...alMachines/wordpress-database-85e85fbc, 20s elapsed][0m[0m
[0m[1mazurerm_virtual_machine.wordpress-app2: Still destroying... [id=/subscriptions/9cf8b4c4-cd80-43a7-bab0-...irtualMachines/wordpress-app2-85e85fbc, 20s elapsed][0m[0m
[0m[1mazurerm_virtual_machine.wordpress-app1: Still destroying... [id=/subscriptions/9cf8b4c4-cd80-43a7-bab0-...irtualMachines/wordpress-app1-85e85fbc, 20s elapsed][0m[0m
[0m[1mazurerm_virtual_machine.wordpress-database: Still destroying... [id=/subscriptions/9cf8b4c4-cd80-43a7-bab0-...alMachines/wordpress-database-85e85fbc, 30s elapsed][0m[0m
[0m[1mazurerm_virtual_machine.wordpress-app2: Still destroying... [id=/subscriptions/9cf8b4c4-cd80-43a7-bab0-...irtualMachines/wordpress-app2-85e85fbc, 30s elapsed][0m[0m
[0m[1mazurerm_virtual_machine.wordpress-app1: Still destroying... [id=/subscriptions/9cf8b4c4-cd80-43a7-bab0-...irtualMachines/wordpress-app1-85e85fbc, 30s elapsed][0m[0m
[0m[1mazurerm_virtual_machine.wordpress-database: Still destroying... [id=/subscriptions/9cf8b4c4-cd80-43a7-bab0-...alMachines/wordpress-database-85e85fbc, 40s elapsed][0m[0m
[0m[1mazurerm_virtual_machine.wordpress-app2: Still destroying... [id=/subscriptions/9cf8b4c4-cd80-43a7-bab0-...irtualMachines/wordpress-app2-85e85fbc, 40s elapsed][0m[0m
[0m[1mazurerm_virtual_machine.wordpress-app1: Still destroying... [id=/subscriptions/9cf8b4c4-cd80-43a7-bab0-...irtualMachines/wordpress-app1-85e85fbc, 40s elapsed][0m[0m
[0m[1mazurerm_virtual_machine.wordpress-database: Still destroying... [id=/subscriptions/9cf8b4c4-cd80-43a7-bab0-...alMachines/wordpress-database-85e85fbc, 50s elapsed][0m[0m
[0m[1mazurerm_virtual_machine.wordpress-app2: Still destroying... [id=/subscriptions/9cf8b4c4-cd80-43a7-bab0-...irtualMachines/wordpress-app2-85e85fbc, 50s elapsed][0m[0m
[0m[1mazurerm_virtual_machine.wordpress-app1: Still destroying... [id=/subscriptions/9cf8b4c4-cd80-43a7-bab0-...irtualMachines/wordpress-app1-85e85fbc, 50s elapsed][0m[0m
[0m[1mazurerm_virtual_machine.wordpress-database: Still destroying... [id=/subscriptions/9cf8b4c4-cd80-43a7-bab0-...alMachines/wordpress-database-85e85fbc, 1m0s elapsed][0m[0m
[0m[1mazurerm_virtual_machine.wordpress-app2: Still destroying... [id=/subscriptions/9cf8b4c4-cd80-43a7-bab0-...irtualMachines/wordpress-app2-85e85fbc, 1m0s elapsed][0m[0m
[0m[1mazurerm_virtual_machine.wordpress-app1: Still destroying... [id=/subscriptions/9cf8b4c4-cd80-43a7-bab0-...irtualMachines/wordpress-app1-85e85fbc, 1m0s elapsed][0m[0m
[0m[1mazurerm_virtual_machine.wordpress-database: Still destroying... [id=/subscriptions/9cf8b4c4-cd80-43a7-bab0-...alMachines/wordpress-database-85e85fbc, 1m10s elapsed][0m[0m
[0m[1mazurerm_virtual_machine.wordpress-app2: Still destroying... [id=/subscriptions/9cf8b4c4-cd80-43a7-bab0-...irtualMachines/wordpress-app2-85e85fbc, 1m10s elapsed][0m[0m
[0m[1mazurerm_virtual_machine.wordpress-app1: Still destroying... [id=/subscriptions/9cf8b4c4-cd80-43a7-bab0-...irtualMachines/wordpress-app1-85e85fbc, 1m10s elapsed][0m[0m
[0m[1mazurerm_virtual_machine.wordpress-database: Still destroying... [id=/subscriptions/9cf8b4c4-cd80-43a7-bab0-...alMachines/wordpress-database-85e85fbc, 1m20s elapsed][0m[0m
[0m[1mazurerm_virtual_machine.wordpress-app2: Still destroying... [id=/subscriptions/9cf8b4c4-cd80-43a7-bab0-...irtualMachines/wordpress-app2-85e85fbc, 1m20s elapsed][0m[0m
[0m[1mazurerm_virtual_machine.wordpress-app1: Still destroying... [id=/subscriptions/9cf8b4c4-cd80-43a7-bab0-...irtualMachines/wordpress-app1-85e85fbc, 1m20s elapsed][0m[0m
[0m[1mazurerm_virtual_machine.wordpress-database: Still destroying... [id=/subscriptions/9cf8b4c4-cd80-43a7-bab0-...alMachines/wordpress-database-85e85fbc, 1m30s elapsed][0m[0m
[0m[1mazurerm_virtual_machine.wordpress-app2: Still destroying... [id=/subscriptions/9cf8b4c4-cd80-43a7-bab0-...irtualMachines/wordpress-app2-85e85fbc, 1m30s elapsed][0m[0m
[0m[1mazurerm_virtual_machine.wordpress-app1: Still destroying... [id=/subscriptions/9cf8b4c4-cd80-43a7-bab0-...irtualMachines/wordpress-app1-85e85fbc, 1m30s elapsed][0m[0m
[0m[1mazurerm_virtual_machine.wordpress-database: Still destroying... [id=/subscriptions/9cf8b4c4-cd80-43a7-bab0-...alMachines/wordpress-database-85e85fbc, 1m40s elapsed][0m[0m
[0m[1mazurerm_virtual_machine.wordpress-app2: Still destroying... [id=/subscriptions/9cf8b4c4-cd80-43a7-bab0-...irtualMachines/wordpress-app2-85e85fbc, 1m40s elapsed][0m[0m
[0m[1mazurerm_virtual_machine.wordpress-app1: Still destroying... [id=/subscriptions/9cf8b4c4-cd80-43a7-bab0-...irtualMachines/wordpress-app1-85e85fbc, 1m40s elapsed][0m[0m
[0m[1mazurerm_virtual_machine.wordpress-database: Still destroying... [id=/subscriptions/9cf8b4c4-cd80-43a7-bab0-...alMachines/wordpress-database-85e85fbc, 1m50s elapsed][0m[0m
[0m[1mazurerm_virtual_machine.wordpress-app2: Still destroying... [id=/subscriptions/9cf8b4c4-cd80-43a7-bab0-...irtualMachines/wordpress-app2-85e85fbc, 1m50s elapsed][0m[0m
[0m[1mazurerm_virtual_machine.wordpress-app1: Still destroying... [id=/subscriptions/9cf8b4c4-cd80-43a7-bab0-...irtualMachines/wordpress-app1-85e85fbc, 1m50s elapsed][0m[0m
[0m[1mazurerm_virtual_machine.wordpress-database: Still destroying... [id=/subscriptions/9cf8b4c4-cd80-43a7-bab0-...alMachines/wordpress-database-85e85fbc, 2m0s elapsed][0m[0m
[0m[1mazurerm_virtual_machine.wordpress-app2: Still destroying... [id=/subscriptions/9cf8b4c4-cd80-43a7-bab0-...irtualMachines/wordpress-app2-85e85fbc, 2m0s elapsed][0m[0m
[0m[1mazurerm_virtual_machine.wordpress-app1: Still destroying... [id=/subscriptions/9cf8b4c4-cd80-43a7-bab0-...irtualMachines/wordpress-app1-85e85fbc, 2m0s elapsed][0m[0m
[0m[1mazurerm_virtual_machine.wordpress-database: Still destroying... [id=/subscriptions/9cf8b4c4-cd80-43a7-bab0-...alMachines/wordpress-database-85e85fbc, 2m10s elapsed][0m[0m
[0m[1mazurerm_virtual_machine.wordpress-app2: Still destroying... [id=/subscriptions/9cf8b4c4-cd80-43a7-bab0-...irtualMachines/wordpress-app2-85e85fbc, 2m10s elapsed][0m[0m
[0m[1mazurerm_virtual_machine.wordpress-app1: Still destroying... [id=/subscriptions/9cf8b4c4-cd80-43a7-bab0-...irtualMachines/wordpress-app1-85e85fbc, 2m10s elapsed][0m[0m
[0m[1mazurerm_virtual_machine.wordpress-database: Still destroying... [id=/subscriptions/9cf8b4c4-cd80-43a7-bab0-...alMachines/wordpress-database-85e85fbc, 2m20s elapsed][0m[0m
[0m[1mazurerm_virtual_machine.wordpress-app2: Still destroying... [id=/subscriptions/9cf8b4c4-cd80-43a7-bab0-...irtualMachines/wordpress-app2-85e85fbc, 2m20s elapsed][0m[0m
[0m[1mazurerm_virtual_machine.wordpress-app1: Still destroying... [id=/subscriptions/9cf8b4c4-cd80-43a7-bab0-...irtualMachines/wordpress-app1-85e85fbc, 2m20s elapsed][0m[0m
[0m[1mazurerm_virtual_machine.wordpress-database: Still destroying... [id=/subscriptions/9cf8b4c4-cd80-43a7-bab0-...alMachines/wordpress-database-85e85fbc, 2m30s elapsed][0m[0m
[0m[1mazurerm_virtual_machine.wordpress-app2: Still destroying... [id=/subscriptions/9cf8b4c4-cd80-43a7-bab0-...irtualMachines/wordpress-app2-85e85fbc, 2m30s elapsed][0m[0m
[0m[1mazurerm_virtual_machine.wordpress-app1: Still destroying... [id=/subscriptions/9cf8b4c4-cd80-43a7-bab0-...irtualMachines/wordpress-app1-85e85fbc, 2m30s elapsed][0m[0m
[0m[1mazurerm_virtual_machine.wordpress-database: Still destroying... [id=/subscriptions/9cf8b4c4-cd80-43a7-bab0-...alMachines/wordpress-database-85e85fbc, 2m40s elapsed][0m[0m
[0m[1mazurerm_virtual_machine.wordpress-app2: Still destroying... [id=/subscriptions/9cf8b4c4-cd80-43a7-bab0-...irtualMachines/wordpress-app2-85e85fbc, 2m40s elapsed][0m[0m
[0m[1mazurerm_virtual_machine.wordpress-app1: Still destroying... [id=/subscriptions/9cf8b4c4-cd80-43a7-bab0-...irtualMachines/wordpress-app1-85e85fbc, 2m40s elapsed][0m[0m
[0m[1mazurerm_virtual_machine.wordpress-database: Still destroying... [id=/subscriptions/9cf8b4c4-cd80-43a7-bab0-...alMachines/wordpress-database-85e85fbc, 2m50s elapsed][0m[0m
[0m[1mazurerm_virtual_machine.wordpress-app2: Still destroying... [id=/subscriptions/9cf8b4c4-cd80-43a7-bab0-...irtualMachines/wordpress-app2-85e85fbc, 2m50s elapsed][0m[0m
[0m[1mazurerm_virtual_machine.wordpress-app1: Still destroying... [id=/subscriptions/9cf8b4c4-cd80-43a7-bab0-...irtualMachines/wordpress-app1-85e85fbc, 2m50s elapsed][0m[0m
[0m[1mazurerm_virtual_machine.wordpress-database: Still destroying... [id=/subscriptions/9cf8b4c4-cd80-43a7-bab0-...alMachines/wordpress-database-85e85fbc, 3m0s elapsed][0m[0m
[0m[1mazurerm_virtual_machine.wordpress-app2: Still destroying... [id=/subscriptions/9cf8b4c4-cd80-43a7-bab0-...irtualMachines/wordpress-app2-85e85fbc, 3m0s elapsed][0m[0m
[0m[1mazurerm_virtual_machine.wordpress-app1: Still destroying... [id=/subscriptions/9cf8b4c4-cd80-43a7-bab0-...irtualMachines/wordpress-app1-85e85fbc, 3m0s elapsed][0m[0m
[0m[1mazurerm_virtual_machine.wordpress-database: Still destroying... [id=/subscriptions/9cf8b4c4-cd80-43a7-bab0-...alMachines/wordpress-database-85e85fbc, 3m10s elapsed][0m[0m
[0m[1mazurerm_virtual_machine.wordpress-app2: Still destroying... [id=/subscriptions/9cf8b4c4-cd80-43a7-bab0-...irtualMachines/wordpress-app2-85e85fbc, 3m10s elapsed][0m[0m
[0m[1mazurerm_virtual_machine.wordpress-app1: Still destroying... [id=/subscriptions/9cf8b4c4-cd80-43a7-bab0-...irtualMachines/wordpress-app1-85e85fbc, 3m10s elapsed][0m[0m
[0m[1mazurerm_virtual_machine.wordpress-database: Still destroying... [id=/subscriptions/9cf8b4c4-cd80-43a7-bab0-...alMachines/wordpress-database-85e85fbc, 3m20s elapsed][0m[0m
[0m[1mazurerm_virtual_machine.wordpress-app2: Still destroying... [id=/subscriptions/9cf8b4c4-cd80-43a7-bab0-...irtualMachines/wordpress-app2-85e85fbc, 3m20s elapsed][0m[0m
[0m[1mazurerm_virtual_machine.wordpress-app1: Still destroying... [id=/subscriptions/9cf8b4c4-cd80-43a7-bab0-...irtualMachines/wordpress-app1-85e85fbc, 3m20s elapsed][0m[0m
[0m[1mazurerm_virtual_machine.wordpress-database: Still destroying... [id=/subscriptions/9cf8b4c4-cd80-43a7-bab0-...alMachines/wordpress-database-85e85fbc, 3m30s elapsed][0m[0m
[0m[1mazurerm_virtual_machine.wordpress-app2: Still destroying... [id=/subscriptions/9cf8b4c4-cd80-43a7-bab0-...irtualMachines/wordpress-app2-85e85fbc, 3m30s elapsed][0m[0m
[0m[1mazurerm_virtual_machine.wordpress-app1: Still destroying... [id=/subscriptions/9cf8b4c4-cd80-43a7-bab0-...irtualMachines/wordpress-app1-85e85fbc, 3m30s elapsed][0m[0m
[0m[1mazurerm_virtual_machine.wordpress-database: Still destroying... [id=/subscriptions/9cf8b4c4-cd80-43a7-bab0-...alMachines/wordpress-database-85e85fbc, 3m40s elapsed][0m[0m
[0m[1mazurerm_virtual_machine.wordpress-app2: Still destroying... [id=/subscriptions/9cf8b4c4-cd80-43a7-bab0-...irtualMachines/wordpress-app2-85e85fbc, 3m40s elapsed][0m[0m
[0m[1mazurerm_virtual_machine.wordpress-app1: Still destroying... [id=/subscriptions/9cf8b4c4-cd80-43a7-bab0-...irtualMachines/wordpress-app1-85e85fbc, 3m40s elapsed][0m[0m
[0m[1mazurerm_virtual_machine.wordpress-database: Still destroying... [id=/subscriptions/9cf8b4c4-cd80-43a7-bab0-...alMachines/wordpress-database-85e85fbc, 3m50s elapsed][0m[0m
[0m[1mazurerm_virtual_machine.wordpress-app2: Still destroying... [id=/subscriptions/9cf8b4c4-cd80-43a7-bab0-...irtualMachines/wordpress-app2-85e85fbc, 3m50s elapsed][0m[0m
[0m[1mazurerm_virtual_machine.wordpress-app1: Still destroying... [id=/subscriptions/9cf8b4c4-cd80-43a7-bab0-...irtualMachines/wordpress-app1-85e85fbc, 3m50s elapsed][0m[0m
[0m[1mazurerm_virtual_machine.wordpress-database: Still destroying... [id=/subscriptions/9cf8b4c4-cd80-43a7-bab0-...alMachines/wordpress-database-85e85fbc, 4m0s elapsed][0m[0m
[0m[1mazurerm_virtual_machine.wordpress-app2: Still destroying... [id=/subscriptions/9cf8b4c4-cd80-43a7-bab0-...irtualMachines/wordpress-app2-85e85fbc, 4m0s elapsed][0m[0m
[0m[1mazurerm_virtual_machine.wordpress-app1: Still destroying... [id=/subscriptions/9cf8b4c4-cd80-43a7-bab0-...irtualMachines/wordpress-app1-85e85fbc, 4m0s elapsed][0m[0m
[0m[1mazurerm_virtual_machine.wordpress-database: Still destroying... [id=/subscriptions/9cf8b4c4-cd80-43a7-bab0-...alMachines/wordpress-database-85e85fbc, 4m10s elapsed][0m[0m
[0m[1mazurerm_virtual_machine.wordpress-app2: Still destroying... [id=/subscriptions/9cf8b4c4-cd80-43a7-bab0-...irtualMachines/wordpress-app2-85e85fbc, 4m10s elapsed][0m[0m
[0m[1mazurerm_virtual_machine.wordpress-app1: Still destroying... [id=/subscriptions/9cf8b4c4-cd80-43a7-bab0-...irtualMachines/wordpress-app1-85e85fbc, 4m10s elapsed][0m[0m
[0m[1mazurerm_virtual_machine.wordpress-database: Still destroying... [id=/subscriptions/9cf8b4c4-cd80-43a7-bab0-...alMachines/wordpress-database-85e85fbc, 4m20s elapsed][0m[0m
[0m[1mazurerm_virtual_machine.wordpress-app2: Still destroying... [id=/subscriptions/9cf8b4c4-cd80-43a7-bab0-...irtualMachines/wordpress-app2-85e85fbc, 4m20s elapsed][0m[0m
[0m[1mazurerm_virtual_machine.wordpress-app1: Still destroying... [id=/subscriptions/9cf8b4c4-cd80-43a7-bab0-...irtualMachines/wordpress-app1-85e85fbc, 4m20s elapsed][0m[0m
[0m[1mazurerm_virtual_machine.wordpress-database: Still destroying... [id=/subscriptions/9cf8b4c4-cd80-43a7-bab0-...alMachines/wordpress-database-85e85fbc, 4m30s elapsed][0m[0m
[0m[1mazurerm_virtual_machine.wordpress-app2: Still destroying... [id=/subscriptions/9cf8b4c4-cd80-43a7-bab0-...irtualMachines/wordpress-app2-85e85fbc, 4m30s elapsed][0m[0m
[0m[1mazurerm_virtual_machine.wordpress-app1: Still destroying... [id=/subscriptions/9cf8b4c4-cd80-43a7-bab0-...irtualMachines/wordpress-app1-85e85fbc, 4m30s elapsed][0m[0m
[0m[1mazurerm_virtual_machine.wordpress-app1: Destruction complete after 4m37s[0m[0m
[0m[1mazurerm_network_interface.app1: Destroying... [id=/subscriptions/9cf8b4c4-cd80-43a7-bab0-9a6bf01d3b25/resourceGroups/wordpress-85e85fbc/providers/Microsoft.Network/networkInterfaces/wordpress-app1-nic-85e85fbc][0m[0m
[0m[1mazurerm_virtual_machine.wordpress-database: Still destroying... [id=/subscriptions/9cf8b4c4-cd80-43a7-bab0-...alMachines/wordpress-database-85e85fbc, 4m40s elapsed][0m[0m
[0m[1mazurerm_virtual_machine.wordpress-app2: Still destroying... [id=/subscriptions/9cf8b4c4-cd80-43a7-bab0-...irtualMachines/wordpress-app2-85e85fbc, 4m40s elapsed][0m[0m
[0m[1mazurerm_network_interface.app1: Destruction complete after 2s[0m[0m
[0m[1mazurerm_public_ip.static-ip1: Destroying... [id=/subscriptions/9cf8b4c4-cd80-43a7-bab0-9a6bf01d3b25/resourceGroups/wordpress-85e85fbc/providers/Microsoft.Network/publicIPAddresses/wordpress-static-ip1-85e85fbc][0m[0m
[0m[1mazurerm_virtual_machine.wordpress-database: Still destroying... [id=/subscriptions/9cf8b4c4-cd80-43a7-bab0-...alMachines/wordpress-database-85e85fbc, 4m50s elapsed][0m[0m
[0m[1mazurerm_virtual_machine.wordpress-app2: Still destroying... [id=/subscriptions/9cf8b4c4-cd80-43a7-bab0-...irtualMachines/wordpress-app2-85e85fbc, 4m50s elapsed][0m[0m
[0m[1mazurerm_public_ip.static-ip1: Still destroying... [id=/subscriptions/9cf8b4c4-cd80-43a7-bab0-...ddresses/wordpress-static-ip1-85e85fbc, 10s elapsed][0m[0m
[0m[1mazurerm_public_ip.static-ip1: Destruction complete after 12s[0m[0m
[0m[1mazurerm_virtual_machine.wordpress-database: Still destroying... [id=/subscriptions/9cf8b4c4-cd80-43a7-bab0-...alMachines/wordpress-database-85e85fbc, 5m0s elapsed][0m[0m
[0m[1mazurerm_virtual_machine.wordpress-app2: Still destroying... [id=/subscriptions/9cf8b4c4-cd80-43a7-bab0-...irtualMachines/wordpress-app2-85e85fbc, 5m0s elapsed][0m[0m
[0m[1mazurerm_virtual_machine.wordpress-database: Still destroying... [id=/subscriptions/9cf8b4c4-cd80-43a7-bab0-...alMachines/wordpress-database-85e85fbc, 5m10s elapsed][0m[0m
[0m[1mazurerm_virtual_machine.wordpress-app2: Still destroying... [id=/subscriptions/9cf8b4c4-cd80-43a7-bab0-...irtualMachines/wordpress-app2-85e85fbc, 5m10s elapsed][0m[0m
[0m[1mazurerm_virtual_machine.wordpress-database: Still destroying... [id=/subscriptions/9cf8b4c4-cd80-43a7-bab0-...alMachines/wordpress-database-85e85fbc, 5m20s elapsed][0m[0m
[0m[1mazurerm_virtual_machine.wordpress-app2: Still destroying... [id=/subscriptions/9cf8b4c4-cd80-43a7-bab0-...irtualMachines/wordpress-app2-85e85fbc, 5m20s elapsed][0m[0m
[0m[1mazurerm_virtual_machine.wordpress-database: Still destroying... [id=/subscriptions/9cf8b4c4-cd80-43a7-bab0-...alMachines/wordpress-database-85e85fbc, 5m30s elapsed][0m[0m
[0m[1mazurerm_virtual_machine.wordpress-app2: Still destroying... [id=/subscriptions/9cf8b4c4-cd80-43a7-bab0-...irtualMachines/wordpress-app2-85e85fbc, 5m30s elapsed][0m[0m
[0m[1mazurerm_virtual_machine.wordpress-database: Still destroying... [id=/subscriptions/9cf8b4c4-cd80-43a7-bab0-...alMachines/wordpress-database-85e85fbc, 5m40s elapsed][0m[0m
[0m[1mazurerm_virtual_machine.wordpress-app2: Still destroying... [id=/subscriptions/9cf8b4c4-cd80-43a7-bab0-...irtualMachines/wordpress-app2-85e85fbc, 5m40s elapsed][0m[0m
[0m[1mazurerm_virtual_machine.wordpress-database: Still destroying... [id=/subscriptions/9cf8b4c4-cd80-43a7-bab0-...alMachines/wordpress-database-85e85fbc, 5m50s elapsed][0m[0m
[0m[1mazurerm_virtual_machine.wordpress-app2: Still destroying... [id=/subscriptions/9cf8b4c4-cd80-43a7-bab0-...irtualMachines/wordpress-app2-85e85fbc, 5m50s elapsed][0m[0m
[0m[1mazurerm_virtual_machine.wordpress-database: Still destroying... [id=/subscriptions/9cf8b4c4-cd80-43a7-bab0-...alMachines/wordpress-database-85e85fbc, 6m0s elapsed][0m[0m
[0m[1mazurerm_virtual_machine.wordpress-app2: Still destroying... [id=/subscriptions/9cf8b4c4-cd80-43a7-bab0-...irtualMachines/wordpress-app2-85e85fbc, 6m0s elapsed][0m[0m
[0m[1mazurerm_virtual_machine.wordpress-database: Still destroying... [id=/subscriptions/9cf8b4c4-cd80-43a7-bab0-...alMachines/wordpress-database-85e85fbc, 6m10s elapsed][0m[0m
[0m[1mazurerm_virtual_machine.wordpress-app2: Still destroying... [id=/subscriptions/9cf8b4c4-cd80-43a7-bab0-...irtualMachines/wordpress-app2-85e85fbc, 6m10s elapsed][0m[0m
[0m[1mazurerm_virtual_machine.wordpress-database: Still destroying... [id=/subscriptions/9cf8b4c4-cd80-43a7-bab0-...alMachines/wordpress-database-85e85fbc, 6m20s elapsed][0m[0m
[0m[1mazurerm_virtual_machine.wordpress-app2: Still destroying... [id=/subscriptions/9cf8b4c4-cd80-43a7-bab0-...irtualMachines/wordpress-app2-85e85fbc, 6m20s elapsed][0m[0m
[0m[1mazurerm_virtual_machine.wordpress-database: Still destroying... [id=/subscriptions/9cf8b4c4-cd80-43a7-bab0-...alMachines/wordpress-database-85e85fbc, 6m30s elapsed][0m[0m
[0m[1mazurerm_virtual_machine.wordpress-app2: Still destroying... [id=/subscriptions/9cf8b4c4-cd80-43a7-bab0-...irtualMachines/wordpress-app2-85e85fbc, 6m30s elapsed][0m[0m
[0m[1mazurerm_virtual_machine.wordpress-database: Destruction complete after 6m36s[0m[0m
[0m[1mazurerm_network_interface.database: Destroying... [id=/subscriptions/9cf8b4c4-cd80-43a7-bab0-9a6bf01d3b25/resourceGroups/wordpress-85e85fbc/providers/Microsoft.Network/networkInterfaces/wordpress-database-nic-85e85fbc][0m[0m
[0m[1mazurerm_virtual_machine.wordpress-app2: Still destroying... [id=/subscriptions/9cf8b4c4-cd80-43a7-bab0-...irtualMachines/wordpress-app2-85e85fbc, 6m40s elapsed][0m[0m
[0m[1mazurerm_network_interface.database: Still destroying... [id=/subscriptions/9cf8b4c4-cd80-43a7-bab0-...rfaces/wordpress-database-nic-85e85fbc, 10s elapsed][0m[0m
[0m[1mazurerm_network_interface.database: Destruction complete after 12s[0m[0m
[0m[1mazurerm_public_ip.static-ip-database: Destroying... [id=/subscriptions/9cf8b4c4-cd80-43a7-bab0-9a6bf01d3b25/resourceGroups/wordpress-85e85fbc/providers/Microsoft.Network/publicIPAddresses/wordpress-static-ipdatabase-85e85fbc][0m[0m
[0m[1mazurerm_virtual_machine.wordpress-app2: Still destroying... [id=/subscriptions/9cf8b4c4-cd80-43a7-bab0-...irtualMachines/wordpress-app2-85e85fbc, 6m50s elapsed][0m[0m
[0m[1mazurerm_public_ip.static-ip-database: Still destroying... [id=/subscriptions/9cf8b4c4-cd80-43a7-bab0-...s/wordpress-static-ipdatabase-85e85fbc, 10s elapsed][0m[0m
[0m[1mazurerm_virtual_machine.wordpress-app2: Still destroying... [id=/subscriptions/9cf8b4c4-cd80-43a7-bab0-...irtualMachines/wordpress-app2-85e85fbc, 7m0s elapsed][0m[0m
[0m[1mazurerm_public_ip.static-ip-database: Destruction complete after 13s[0m[0m
[0m[1mazurerm_virtual_machine.wordpress-app2: Still destroying... [id=/subscriptions/9cf8b4c4-cd80-43a7-bab0-...irtualMachines/wordpress-app2-85e85fbc, 7m10s elapsed][0m[0m
[0m[1mazurerm_virtual_machine.wordpress-app2: Still destroying... [id=/subscriptions/9cf8b4c4-cd80-43a7-bab0-...irtualMachines/wordpress-app2-85e85fbc, 7m20s elapsed][0m[0m
[0m[1mazurerm_virtual_machine.wordpress-app2: Still destroying... [id=/subscriptions/9cf8b4c4-cd80-43a7-bab0-...irtualMachines/wordpress-app2-85e85fbc, 7m30s elapsed][0m[0m
[0m[1mazurerm_virtual_machine.wordpress-app2: Destruction complete after 7m37s[0m[0m
[0m[1mazurerm_network_interface.app2: Destroying... [id=/subscriptions/9cf8b4c4-cd80-43a7-bab0-9a6bf01d3b25/resourceGroups/wordpress-85e85fbc/providers/Microsoft.Network/networkInterfaces/wordpress-app2-nic-85e85fbc][0m[0m
[0m[1mazurerm_availability_set.wordpress-availability: Destroying... [id=/subscriptions/9cf8b4c4-cd80-43a7-bab0-9a6bf01d3b25/resourceGroups/wordpress-85e85fbc/providers/Microsoft.Compute/availabilitySets/wordpress-availability-85e85fbc][0m[0m
[0m[1mazurerm_network_interface.app2: Destruction complete after 2s[0m[0m
[0m[1mazurerm_subnet.internal: Destroying... [id=/subscriptions/9cf8b4c4-cd80-43a7-bab0-9a6bf01d3b25/resourceGroups/wordpress-85e85fbc/providers/Microsoft.Network/virtualNetworks/wordpress-network-85e85fbc/subnets/wordpress-subnet-85e85fbc][0m[0m
[0m[1mazurerm_public_ip.static-ip2: Destroying... [id=/subscriptions/9cf8b4c4-cd80-43a7-bab0-9a6bf01d3b25/resourceGroups/wordpress-85e85fbc/providers/Microsoft.Network/publicIPAddresses/wordpress-static-ip2-85e85fbc][0m[0m
[0m[1mazurerm_availability_set.wordpress-availability: Destruction complete after 3s[0m[0m
[0m[1mazurerm_subnet.internal: Destruction complete after 1s[0m[0m
[0m[1mazurerm_virtual_network.main: Destroying... [id=/subscriptions/9cf8b4c4-cd80-43a7-bab0-9a6bf01d3b25/resourceGroups/wordpress-85e85fbc/providers/Microsoft.Network/virtualNetworks/wordpress-network-85e85fbc][0m[0m
[0m[1mazurerm_virtual_network.main: Destruction complete after 2s[0m[0m
[0m[1mazurerm_public_ip.static-ip2: Still destroying... [id=/subscriptions/9cf8b4c4-cd80-43a7-bab0-...ddresses/wordpress-static-ip2-85e85fbc, 10s elapsed][0m[0m
[0m[1mazurerm_public_ip.static-ip2: Destruction complete after 12s[0m[0m
[0m[1mazurerm_resource_group.main: Destroying... [id=/subscriptions/9cf8b4c4-cd80-43a7-bab0-9a6bf01d3b25/resourceGroups/wordpress-85e85fbc][0m[0m
[0m[1mazurerm_resource_group.main: Still destroying... [id=/subscriptions/9cf8b4c4-cd80-43a7-bab0-...3b25/resourceGroups/wordpress-85e85fbc, 10s elapsed][0m[0m
[0m[1mazurerm_resource_group.main: Still destroying... [id=/subscriptions/9cf8b4c4-cd80-43a7-bab0-...3b25/resourceGroups/wordpress-85e85fbc, 20s elapsed][0m[0m
[0m[1mazurerm_resource_group.main: Still destroying... [id=/subscriptions/9cf8b4c4-cd80-43a7-bab0-...3b25/resourceGroups/wordpress-85e85fbc, 30s elapsed][0m[0m
[0m[1mazurerm_resource_group.main: Still destroying... [id=/subscriptions/9cf8b4c4-cd80-43a7-bab0-...3b25/resourceGroups/wordpress-85e85fbc, 40s elapsed][0m[0m
[0m[1mazurerm_resource_group.main: Still destroying... [id=/subscriptions/9cf8b4c4-cd80-43a7-bab0-...3b25/resourceGroups/wordpress-85e85fbc, 50s elapsed][0m[0m
[0m[1mazurerm_resource_group.main: Destruction complete after 52s[0m[0m
[0m[1mrandom_id.bp_suffix: Destroying... [id=hehfvA][0m[0m
[0m[1mrandom_id.bp_suffix: Destruction complete after 0s[0m[0m
[0m[1m[32m
Destroy complete! Resources: 17 destroyed.[0m
