Executing workflow `uninstall` on deployment `gcp` [timeout=900 seconds]
2019-08-10 17:16:39.253  CFY <gcp> Starting 'uninstall' workflow execution
2019-08-10 17:16:40.383  CFY <gcp> [firewall_k952nt] Stopping node instance
2019-08-10 17:16:40.493  CFY <gcp> [config-database_eygeqy] Validating node instance after deletion: nothing to do
2019-08-10 17:16:40.817  CFY <gcp> [config-wordpress_26qkzl->vm-app2_lq4kpf|unlink] Sending task 'cloudify_ansible.tasks.ansible_remove_host'
2019-08-10 17:16:41.754  CFY <gcp> [config-database_eygeqy->vm-database_cm7oh5|unlink] Sending task 'cloudify_ansible.tasks.ansible_remove_host'
2019-08-10 17:16:42.886  CFY <gcp> [config-wordpress_26qkzl] Validating node instance after deletion: nothing to do
2019-08-10 17:16:43.065  CFY <gcp> [firewall_k952nt] Validating node instance after deletion: nothing to do
2019-08-10 17:16:43.353  CFY <gcp> [config-database_eygeqy] Stop: instance already uninitialized
2019-08-10 17:16:43.528  CFY <gcp> [config-wordpress_26qkzl] Stop: instance already uninitialized
2019-08-10 17:16:43.705  CFY <gcp> [firewall_k952nt] Stopped node instance: nothing to do
2019-08-10 17:16:45.140  CFY <gcp> Task failed '_SetNodeInstanceStateTask' -> 409: Node instance update conflict [current version=2, update version=1]
Traceback (most recent call last):
  File "/opt/mgmtworker/env/lib/python2.7/site-packages/cloudify/workflows/tasks.py", line 709, in local_task_wrapper
    result = self.local_task(**self.kwargs)
  File "/opt/mgmtworker/env/lib/python2.7/site-packages/cloudify/workflows/tasks.py", line 1019, in __call__
    return self.remote()
  File "/opt/mgmtworker/env/lib/python2.7/site-packages/cloudify/workflows/tasks.py", line 1055, in remote
    update_node_instance(node_instance)
  File "/opt/mgmtworker/env/lib/python2.7/site-packages/cloudify/manager.py", line 389, in update_node_instance
    version=node_instance.version)
  File "/opt/mgmtworker/env/lib/python2.7/site-packages/cloudify_rest_client/node_instances.py", line 141, in update
    response = self.api.patch(uri, data=data)
  File "/opt/mgmtworker/env/lib/python2.7/site-packages/cloudify_rest_client/client.py", line 311, in patch
    timeout=timeout)
  File "/opt/mgmtworker/env/lib/python2.7/site-packages/cloudify/cluster.py", line 57, in do_request
    **kwargs)
  File "/opt/mgmtworker/env/lib/python2.7/site-packages/cloudify_rest_client/client.py", line 257, in do_request
    verify=self.get_request_verify(), timeout=timeout)
  File "/opt/mgmtworker/env/lib/python2.7/site-packages/cloudify_rest_client/client.py", line 191, in _do_request
    self._raise_client_error(response, request_url)
  File "/opt/mgmtworker/env/lib/python2.7/site-packages/cloudify_rest_client/client.py", line 144, in _raise_client_error
    response=response)
  File "/opt/mgmtworker/env/lib/python2.7/site-packages/cloudify_rest_client/client.py", line 156, in _prepare_and_raise_exception
    status_code, error_code=error_code, response=response)
CloudifyClientError: 409: Node instance update conflict [current version=2, update version=1]

2019-08-10 17:16:45.733  CFY <gcp> [config-wordpress_26qkzl->vm-app2_lq4kpf|unlink] Task succeeded 'cloudify_ansible.tasks.ansible_remove_host'
2019-08-10 17:16:45.976  CFY <gcp> [config-database_eygeqy] Delete: instance already uninitialized
2019-08-10 17:16:46.155  CFY <gcp> [config-wordpress_26qkzl] Delete: instance already uninitialized
2019-08-10 17:16:46.212  CFY <gcp> [config-wordpress_26qkzl->vm-app1_0g73da|unlink] Sending task 'cloudify_ansible.tasks.ansible_remove_host'
2019-08-10 17:16:47.409  CFY <gcp> [config-database_eygeqy] Deleted node instance
2019-08-10 17:16:48.109  CFY <gcp> [config-database_eygeqy->vm-database_cm7oh5|unlink] Task succeeded 'cloudify_ansible.tasks.ansible_remove_host'
2019-08-10 17:16:48.326  CFY <gcp> [config-wordpress_26qkzl] Deleted node instance
2019-08-10 17:16:48.483  CFY <gcp> [firewall_k952nt] Unlinking relationships
2019-08-10 17:16:49.196  CFY <gcp> [firewall_k952nt] Relationships unlinked
2019-08-10 17:16:49.522  CFY <gcp> [firewall_k952nt] Deleting node instance
2019-08-10 17:16:50.407  CFY <gcp> [firewall_k952nt.delete] Sending task 'cloudify_gcp.compute.firewall.delete'
2019-08-10 17:16:51.395  CFY <gcp> [config-wordpress_26qkzl->vm-app1_0g73da|unlink] Task succeeded 'cloudify_ansible.tasks.ansible_remove_host'
2019-08-10 17:16:51.952  CFY <gcp> [vm-app2_lq4kpf] Validating node instance after deletion: nothing to do
2019-08-10 17:16:52.160  CFY <gcp> [vm-app1_0g73da] Validating node instance after deletion: nothing to do
2019-08-10 17:16:52.908  CFY <gcp> [vm-app1_0g73da] Stop: instance already uninitialized
2019-08-10 17:16:53.117  CFY <gcp> [vm-app2_lq4kpf] Stop: instance already uninitialized
2019-08-10 17:16:54.387  CFY <gcp> [vm-app1_0g73da] Delete: instance already uninitialized
2019-08-10 17:16:54.496  CFY <gcp> [vm-app2_lq4kpf] Delete: instance already uninitialized
2019-08-10 17:16:55.097  CFY <gcp> [vm-app1_0g73da] Deleted node instance
2019-08-10 17:16:55.356  CFY <gcp> [vm-app2_lq4kpf] Deleted node instance
2019-08-10 17:16:55.641  LOG <gcp> [firewall_k952nt.delete] INFO: Delete firewall rule firewall-k952nt from network https://www.googleapis.com/compute/v1/projects/node2faas-248113/global/networks/network-boc0pa
2019-08-10 17:16:57.063  CFY <gcp> [vm-database_cm7oh5] Stopping node instance
2019-08-10 17:16:57.262  CFY <gcp> [vm-database_cm7oh5] Validating node instance after deletion: nothing to do
2019-08-10 17:16:57.566  CFY <gcp> [vm-database_cm7oh5] Stopped node instance: nothing to do
2019-08-10 17:16:57.865  CFY <gcp> [vm-database_cm7oh5] Unlinking relationships
2019-08-10 17:16:58.161  CFY <gcp> [vm-database_cm7oh5] Relationships unlinked
2019-08-10 17:16:58.568  CFY <gcp> [vm-database_cm7oh5] Deleting node instance
2019-08-10 17:16:58.735  CFY <gcp> [firewall_k952nt.delete] Task succeeded 'cloudify_gcp.compute.firewall.delete'
2019-08-10 17:16:58.870  CFY <gcp> [vm-database_cm7oh5.delete] Sending task 'cloudify_gcp.compute.instance.delete'
2019-08-10 17:16:59.096  CFY <gcp> [firewall_k952nt] Deleted node instance
2019-08-10 17:17:01.369  LOG <gcp> [vm-database_cm7oh5.delete] INFO: Delete instance wordpressdatabase
2019-08-10 17:17:03.454  LOG <gcp> [vm-database_cm7oh5.delete] ERROR: Error traceback Traceback (most recent call last):
  File "/opt/mgmtworker/env/plugins/default_tenant/cloudify-gcp-plugin-1.4.4/lib/python2.7/site-packages/cloudify_gcp/utils.py", line 262, in _decorator
    return func(*args, **kwargs)
  File "/opt/mgmtworker/env/plugins/default_tenant/cloudify-gcp-plugin-1.4.4/lib/python2.7/site-packages/cloudify_gcp/compute/instance.py", line 457, in delete
    utils.delete_if_not_external(instance)
  File "/opt/mgmtworker/env/plugins/default_tenant/cloudify-gcp-plugin-1.4.4/lib/python2.7/site-packages/cloudify_gcp/utils.py", line 175, in delete_if_not_external
    return resource.delete()
  File "/opt/mgmtworker/env/plugins/default_tenant/cloudify-gcp-plugin-1.4.4/lib/python2.7/site-packages/cloudify_gcp/utils.py", line 233, in wrapper
    response = func(self, *args, **kwargs)
  File "/opt/mgmtworker/env/plugins/default_tenant/cloudify-gcp-plugin-1.4.4/lib/python2.7/site-packages/cloudify_gcp/gcp.py", line 34, in _decorator
    response = func(self, *args, **kwargs)
  File "/opt/mgmtworker/env/plugins/default_tenant/cloudify-gcp-plugin-1.4.4/lib/python2.7/site-packages/cloudify_gcp/compute/instance.py", line 133, in delete
    instance=self.name).execute()
  File "/opt/mgmtworker/env/plugins/default_tenant/cloudify-gcp-plugin-1.4.4/lib/python2.7/site-packages/oauth2client/util.py", line 137, in positional_wrapper
    return wrapped(*args, **kwargs)
  File "/opt/mgmtworker/env/plugins/default_tenant/cloudify-gcp-plugin-1.4.4/lib/python2.7/site-packages/googleapiclient/http.py", line 832, in execute
    raise HttpError(resp, content, uri=self.uri)
HttpError: <HttpError 404 when requesting https://www.googleapis.com/compute/v1/projects/node2faas-248113/zones/southamerica-east1-c/instances/wordpressdatabase?alt=json returned "The resource 'projects/node2faas-248113/zones/southamerica-east1-c/instances/wordpressdatabase' was not found">
 with message <HttpError 404 when requesting https://www.googleapis.com/compute/v1/projects/node2faas-248113/zones/southamerica-east1-c/instances/wordpressdatabase?alt=json returned "The resource 'projects/node2faas-248113/zones/southamerica-east1-c/instances/wordpressdatabase' was not found">
2019-08-10 17:17:03.454  LOG <gcp> [vm-database_cm7oh5.delete] ERROR: Error Message 
2019-08-10 17:17:04.572  CFY <gcp> [vm-database_cm7oh5.delete] Task failed 'cloudify_gcp.compute.instance.delete'
Traceback (most recent call last):
  File "/opt/mgmtworker/env/lib/python2.7/site-packages/cloudify/dispatch.py", line 813, in main
    payload = handler.handle()
  File "/opt/mgmtworker/env/lib/python2.7/site-packages/cloudify/dispatch.py", line 461, in handle
    result = self._run_operation_func(ctx, kwargs)
  File "/opt/mgmtworker/env/lib/python2.7/site-packages/cloudify/dispatch.py", line 519, in _run_operation_func
    return self.func(*self.args, **kwargs)
  File "/opt/mgmtworker/env/plugins/default_tenant/cloudify-gcp-plugin-1.4.4/lib/python2.7/site-packages/cloudify_gcp/utils.py", line 277, in _decorator
    raise NonRecoverableError(error.message)
NonRecoverableError

2019-08-10 17:17:04.602  CFY <gcp> [vm-database_cm7oh5] Deleted node instance
2019-08-10 17:17:05.346  CFY <gcp> [subnet_xnj6mf] Stopping node instance
2019-08-10 17:17:05.476  CFY <gcp> [subnet_xnj6mf] Validating node instance after deletion: nothing to do
2019-08-10 17:17:05.584  CFY <gcp> [subnet_xnj6mf] Stopped node instance: nothing to do
2019-08-10 17:17:06.010  CFY <gcp> [subnet_xnj6mf] Unlinking relationships
2019-08-10 17:17:06.253  CFY <gcp> [subnet_xnj6mf] Relationships unlinked
2019-08-10 17:17:06.559  CFY <gcp> [subnet_xnj6mf] Deleting node instance
2019-08-10 17:17:06.730  CFY <gcp> [subnet_xnj6mf.delete] Sending task 'cloudify_gcp.compute.subnetwork.delete'
2019-08-10 17:17:08.936  LOG <gcp> [subnet_xnj6mf.delete] INFO: Delete subnetwork subnet-xnj6mf
2019-08-10 17:17:12.078  CFY <gcp> [subnet_xnj6mf.delete] Task rescheduled 'cloudify_gcp.compute.subnetwork.delete' -> Operation started
Traceback (most recent call last):
  File "/opt/mgmtworker/env/lib/python2.7/site-packages/cloudify/dispatch.py", line 813, in main
    payload = handler.handle()
  File "/opt/mgmtworker/env/lib/python2.7/site-packages/cloudify/dispatch.py", line 464, in handle
    raise ctx.operation._operation_retry
OperationRetry: Operation started

2019-08-10 17:17:27.144  CFY <gcp> [subnet_xnj6mf.delete] Sending task 'cloudify_gcp.compute.subnetwork.delete' [retry 1/60]
2019-08-10 17:17:31.683  CFY <gcp> [subnet_xnj6mf.delete] Task succeeded 'cloudify_gcp.compute.subnetwork.delete' [retry 1/60]
2019-08-10 17:17:31.985  CFY <gcp> [subnet_xnj6mf] Deleted node instance
2019-08-10 17:17:32.277  CFY <gcp> [network_boc0pa] Stopping node instance
2019-08-10 17:17:32.692  CFY <gcp> [network_boc0pa] Validating node instance after deletion: nothing to do
2019-08-10 17:17:32.761  CFY <gcp> [network_boc0pa] Stopped node instance: nothing to do
2019-08-10 17:17:33.202  CFY <gcp> [network_boc0pa] Unlinking relationships
2019-08-10 17:17:33.451  CFY <gcp> [network_boc0pa] Relationships unlinked
2019-08-10 17:17:33.537  CFY <gcp> [network_boc0pa] Deleting node instance
2019-08-10 17:17:33.887  CFY <gcp> [network_boc0pa.delete] Sending task 'cloudify_gcp.compute.network.delete'
2019-08-10 17:17:36.248  LOG <gcp> [network_boc0pa.delete] INFO: Delete network network-boc0pa
2019-08-10 17:17:38.788  CFY <gcp> [network_boc0pa.delete] Task rescheduled 'cloudify_gcp.compute.network.delete' -> Operation started
Traceback (most recent call last):
  File "/opt/mgmtworker/env/lib/python2.7/site-packages/cloudify/dispatch.py", line 813, in main
    payload = handler.handle()
  File "/opt/mgmtworker/env/lib/python2.7/site-packages/cloudify/dispatch.py", line 464, in handle
    raise ctx.operation._operation_retry
OperationRetry: Operation started

2019-08-10 17:17:53.890  CFY <gcp> [network_boc0pa.delete] Sending task 'cloudify_gcp.compute.network.delete' [retry 1/60]
2019-08-10 17:17:59.057  CFY <gcp> [network_boc0pa.delete] Task rescheduled 'cloudify_gcp.compute.network.delete' -> Operation not completed yet: RUNNING [retry_after=30] [retry 1/60]
Traceback (most recent call last):
  File "/opt/mgmtworker/env/lib/python2.7/site-packages/cloudify/dispatch.py", line 813, in main
    payload = handler.handle()
  File "/opt/mgmtworker/env/lib/python2.7/site-packages/cloudify/dispatch.py", line 464, in handle
    raise ctx.operation._operation_retry
OperationRetry: Operation not completed yet: RUNNING [retry_after=30]

2019-08-10 17:18:29.205  CFY <gcp> [network_boc0pa.delete] Sending task 'cloudify_gcp.compute.network.delete' [retry 2/60]
2019-08-10 17:18:34.296  CFY <gcp> [network_boc0pa.delete] Task succeeded 'cloudify_gcp.compute.network.delete' [retry 2/60]
2019-08-10 17:18:34.619  CFY <gcp> [network_boc0pa] Deleted node instance
2019-08-10 17:18:35.052  CFY <gcp> 'uninstall' workflow execution succeeded
Finished executing workflow uninstall on deployment gcp
* Run 'cfy events list 26640ee6-17f5-4209-9e1b-5806d9a326f7' to retrieve the execution's events/logs
Trying to delete deployment gcp...
Deployment deleted
Deleting blueprint cloudify-wordpress-blueprint-gcp...
Blueprint deleted
